2026-07-22 07:48:18: Experiment log path in: /data/OuXiaoyu/STEVE_CODE/STEVE/experiments/NYCTaxi_TDS/steve_env_value_inv_only_seed2024
2026-07-22 07:48:18: Experiment configs are: Namespace(seed=2024, device='cuda:0', mode='train', best_path='/home/zhangwt/remote/StableST/experiments/NYCTaxi/20240510-014845/best_model.pth', debug=False, data_dir='/data/OuXiaoyu/STEVE_CODE/STEVE/data', dataset='NYCTaxi_TDS', input_length=35, batch_size=64, test_batch_size=64, graph_file='/data/OuXiaoyu/STEVE_CODE/STEVE/data/NYCTaxi_TDS/adj_mx.npz', num_nodes=200, len_closeness=8, len_period=27, len_trend=0, d_input=2, d_output=2, d_model=64, dropout=0.1, percent=0.1, shm_temp=0.5, nmb_prototype=4, yita=0.5, layers=3, K=64, bank_gamma=0.2, kw=1, mi_w=2, epochs=3, lr_init=0.001, early_stop=True, early_stop_patience=50, grad_norm=True, max_grad_norm=5, use_dwa=True, temp=2, MMI=False, lr_patience=20, lr_mode='only', use_RevIN=True, ablation='all', log_dir='/data/OuXiaoyu/STEVE_CODE/STEVE/experiments/NYCTaxi_TDS/steve_env_value_inv_only_seed2024', resume=True, model_impl='steve_original', steve_prediction_mode='inv_only', save_samplewise=True)
2026-07-22 07:48:18: Resume requested, but no checkpoint found in /data/OuXiaoyu/STEVE_CODE/STEVE/experiments/NYCTaxi_TDS/steve_env_value_inv_only_seed2024
2026-07-22 07:48:18: loss weights: [1. 1. 1.]
2026-07-22 07:48:30: *******Train Epoch 1: averaged Loss : 98.383093
2026-07-22 07:48:30: *******Train Epoch 1: averaged lm : 0.000001
2026-07-22 07:48:30: *******Val Epoch 1: averaged Loss : 60.599127 sep loss : [60.59912682  3.50168043  3.41532367]
2026-07-22 07:48:30: **************Current 1 model saved to /data/OuXiaoyu/STEVE_CODE/STEVE/experiments/NYCTaxi_TDS/steve_env_value_inv_only_seed2024/epoch1.pth
2026-07-22 07:48:30: **************Current best model saved to /data/OuXiaoyu/STEVE_CODE/STEVE/experiments/NYCTaxi_TDS/steve_env_value_inv_only_seed2024/best_model.pth
2026-07-22 07:48:30: loss weights: [1. 1. 1.]
2026-07-22 07:48:41: *******Train Epoch 2: averaged Loss : 60.678499
2026-07-22 07:48:41: *******Train Epoch 2: averaged lm : 0.000280
2026-07-22 07:48:41: *******Val Epoch 2: averaged Loss : 43.546027 sep loss : [43.54602718  3.4772464   3.09967166]
2026-07-22 07:48:41: **************Current best model saved to /data/OuXiaoyu/STEVE_CODE/STEVE/experiments/NYCTaxi_TDS/steve_env_value_inv_only_seed2024/best_model.pth
2026-07-22 07:48:41: loss weights: [0.8902425 1.0827699 1.0269876]
2026-07-22 07:48:51: *******Train Epoch 3: averaged Loss : 48.208133
2026-07-22 07:48:51: *******Train Epoch 3: averaged lm : 0.003934
2026-07-22 07:48:51: *******Val Epoch 3: averaged Loss : 41.248408 sep loss : [41.24840832  3.16337401  2.53096718]
2026-07-22 07:48:51: **************Current best model saved to /data/OuXiaoyu/STEVE_CODE/STEVE/experiments/NYCTaxi_TDS/steve_env_value_inv_only_seed2024/best_model.pth
2026-07-22 07:48:52: == Training finished.
Total training time: 0.55 min	best loss: 41.2484	best epoch: 3	
2026-07-22 07:48:52: load best model from /data/OuXiaoyu/STEVE_CODE/STEVE/experiments/NYCTaxi_TDS/steve_env_value_inv_only_seed2024/best_model.pth
2026-07-22 07:48:52: == Test results.
2026-07-22 07:48:52: 0.4466400146484375
2026-07-22 07:48:52: FLOW, MAE: 40.38, MAPE: 64.7269%
2026-07-22 07:48:52: abulation is all
2026-07-22 07:48:52: bank gradient!
2026-07-22 07:48:52: gamma 0.2
2026-07-22 07:48:52: kw 1
