{
  "args": {
    "seed": 2024,
    "device": "cuda:0",
    "mode": "train",
    "best_path": "/home/zhangwt/remote/StableST/experiments/NYCTaxi/20240510-014845/best_model.pth",
    "debug": false,
    "data_dir": "/data/OuXiaoyu/STEVE_CODE/STEVE/data",
    "dataset": "NYCTaxi_TDS",
    "input_length": 35,
    "batch_size": 16,
    "test_batch_size": 16,
    "graph_file": "/data/OuXiaoyu/STEVE_CODE/STEVE/data/NYCTaxi_TDS/adj_mx.npz",
    "num_nodes": 200,
    "len_closeness": 8,
    "len_period": 27,
    "len_trend": 0,
    "d_input": 2,
    "d_output": 2,
    "d_model": 64,
    "dropout": 0.1,
    "percent": 0.1,
    "shm_temp": 0.5,
    "nmb_prototype": 4,
    "yita": 0.5,
    "layers": 3,
    "K": 64,
    "bank_gamma": 0.2,
    "kw": 1,
    "mi_w": 2,
    "epochs": 100,
    "lr_init": 0.001,
    "early_stop": true,
    "early_stop_patience": 30,
    "grad_norm": true,
    "max_grad_norm": 5,
    "use_dwa": true,
    "temp": 2,
    "MMI": false,
    "lr_patience": 20,
    "lr_mode": "only",
    "use_RevIN": true,
    "ablation": "hyper_proto_sinkhorn_future",
    "config_filename": "/data/OuXiaoyu/STEVE_CODE/STEVE/configs/NYCTaxi.yaml",
    "model": "steve",
    "early_stop_test_avg_mae_epoch": 40,
    "early_stop_test_avg_mae_threshold": 12.0,
    "train_work_per_holiday": 2.5,
    "exp_name": "fpem_agcrn_aligned_pretrained_inv_hyper_proto_hyper_proto_sinkhorn_future_seed2024",
    "run_name": "fpem_agcrn_aligned_pretrained_inv_hyper_proto_hyper_proto_sinkhorn_future_seed2024",
    "result_root": "/data/OuXiaoyu/STEVE_CODE/STEVE/experiments/NYCTaxi_TDS",
    "resume": true,
    "resume_reset_patience": true,
    "max_train_batches": null,
    "max_eval_batches": null,
    "agcrn_lr": 0.003,
    "agcrn_embed_dim": 10,
    "agcrn_rnn_units": 64,
    "agcrn_num_layers": 2,
    "agcrn_cheb_k": 2,
    "fpem_use_pretrained_inv_agcrn": true,
    "fpem_pretrained_inv_agcrn_path": "/data/OuXiaoyu/STEVE_CODE/STEVE/experiments/NYCTaxi_TDS/pure_agcrn_seed2024/best_val_model.pth",
    "fpem_use_env_supervision": false,
    "fpem_lambda_env_day_cls": 0.0,
    "fpem_lambda_env_hour_cls": 0.0,
    "fpem_lambda_env_rush_cls": 0.0,
    "fpem_env_use_exogenous": true,
    "fpem_env_exogenous_hour_dim": 8,
    "fpem_env_exogenous_day_dim": 4,
    "fpem_env_exogenous_rush_dim": 4,
    "fpem_env_exogenous_load_dim": 8,
    "fpem_env_exogenous_load_num_embeddings": 6,
    "fpem_env_exogenous_scale": 0.1,
    "fpem_use_env_supcon": false,
    "fpem_lambda_env_supcon": 0.0,
    "fpem_env_supcon_temperature": 0.1,
    "fpem_use_inv_projector": false,
    "fpem_use_inv_env_adversarial": false,
    "fpem_lambda_inv_env_adv": 0.0,
    "fpem_grl_alpha": 1.0,
    "fpem_env_route_head_mode": "hyper_inv_film_proto",
    "fpem_use_env_prototype_router": true,
    "fpem_env_route_target_mode": "env_prototype",
    "fpem_env_prototype_temperature": 1.0,
    "fpem_env_route_hybrid_alpha": 1.0,
    "fpem_env_route_hybrid_alpha_start": 1.0,
    "fpem_env_route_hybrid_alpha_end": 0.5,
    "fpem_env_route_hybrid_alpha_decay_epochs": 30,
    "fpem_use_sinkhorn_route": true,
    "fpem_sinkhorn_iters": 3,
    "fpem_sinkhorn_epsilon": 0.05,
    "fpem_expert_uniform_warmup_epochs": 5,
    "fpem_env_route_balance_warmup_epochs": 10,
    "fpem_env_route_initial_temperature": 1.0,
    "fpem_env_route_final_temperature": 0.3,
    "fpem_use_cross_cov_sep": false,
    "fpem_lambda_cross_cov_sep": 0.0,
    "fpem_backbone": "agcrn",
    "fpem_use_confounder_extractor": false,
    "fpem_use_env_mask": false,
    "fpem_confounder_use_mask": false,
    "fpem_lambda_mask_sparse": 0.0,
    "fpem_lambda_mask_entropy": 0.0,
    "fpem_lambda_inv_pred": 0.0,
    "fpem_use_env_route": true,
    "fpem_env_route_k": 3,
    "fpem_env_route_warmup_epochs": 0,
    "fpem_env_route_tau": 1.0,
    "fpem_env_route_oracle_tau": 0.3,
    "fpem_env_route_train_mode": "soft_oracle",
    "fpem_env_route_hidden_dim": 64,
    "fpem_env_route_lambda_final": 1.0,
    "fpem_env_route_lambda_global": 0.0,
    "fpem_env_route_lambda_route_soft": 0.5,
    "fpem_env_route_lambda_expert": 0.2,
    "fpem_env_route_lambda_router_oracle": 1.0,
    "fpem_env_route_lambda_balance": 0.1,
    "fpem_env_route_lambda_diverse": 0.02,
    "fpem_env_route_lambda_proto_align": 0.01,
    "fpem_env_route_lambda_entropy": 0.0,
    "fpem_hyper_alpha_mode": "sample_gate",
    "fpem_lambda_hyper_delta_norm": 0.0001,
    "fpem_use_club_mi": false,
    "fpem_lambda_club_mi": 0.0,
    "fpem_use_env_fusion": false,
    "fpem_env_route_use_inv_fallback_expert": false,
    "fpem_use_future_mi": true,
    "fpem_lambda_future_mi": 0.02,
    "fpem_future_mi_target_mode": "env_encoder",
    "fpem_future_mi_warmup_epochs": 5,
    "fpem_future_mi_hidden_dim": 64,
    "fpem_future_mi_detach_target": true,
    "fpem_use_swap": false,
    "fpem_lambda_swap": 0.0,
    "fpem_swap_warmup_epochs": 30,
    "fpem_swap_margin": 0.01,
    "fpem_swap_gain_eta": 0.0,
    "fpem_swap_gain_tau": 0.05,
    "fpem_lambda_swap_diff": 1.0,
    "fpem_lambda_swap_same": 0.05,
    "fpem_swap_only_diff_route": true,
    "fpem_swap_detach_inv": true,
    "fpem_swap_detach_env": false,
    "fpem_use_swap_fallback_router_loss": false,
    "fpem_lambda_swap_fallback_router": 0.0,
    "fpem_use_grad_consensus": false,
    "fpem_gc_pred_loss_only": true,
    "git_commit": "1b38ed8",
    "log_dir": "/data/OuXiaoyu/STEVE_CODE/STEVE/experiments/NYCTaxi_TDS/fpem_agcrn_aligned_pretrained_inv_hyper_proto_hyper_proto_sinkhorn_future_seed2024"
  },
  "counts": {
    "train_total": 1680,
    "train_workday": 1200,
    "train_holiday": 480,
    "train_workday_holiday_ratio": 2.5,
    "val_total": 274,
    "val_workday": 178,
    "val_holiday": 96,
    "test_total": 546,
    "test_workday": 354,
    "test_holiday": 192
  },
  "trainable_params": 890020,
  "frozen_params": 819565,
  "optimizer_params": 890020,
  "resume_start_epoch": 1
}
EPOCH {"epoch": 1, "train_loss": 169.7992226736886, "val": {"loss": 37.950547748141815, "mae": 37.390682220458984, "mape": 0.8215838074684143}, "test_mixed": {"loss": 41.039766148158485, "mae": 39.91650390625, "mape": 0.8054075837135315}, "test_workday": {"loss": 42.03738021850586, "mae": 40.52090835571289, "mape": 0.8123558759689331}, "test_holiday": {"loss": 39.15690390268961, "mae": 38.868385314941406, "mape": 0.793358325958252}, "test_avg_mae": 39.69464683532715, "lr": 0.001, "fpem_logs": {"fpem/fpem_env_use_exogenous": 1.0, "fpem/env_exogenous_available": 1.0, "fpem/env_exogenous_time_available": 1.0, "fpem/env_exogenous_load_available": 1.0, "fpem/env_exogenous_feature_dim": 32.0, "fpem/env_exogenous_embedding_norm": 2.109311056137085, "fpem/env_exogenous_load_embedding_norm": 1.4994102250962031, "fpem/mask_loss": 0.0, "fpem/mask_sparse_loss": 0.0, "fpem/mask_entropy_loss": 0.0, "fpem/mask_mean": 1.0, "fpem/mask_entropy": 0.0, "fpem/mask_active_ratio": 1.0, "fpem/fusion_alpha_mean": 0.0, "fpem/fusion_alpha_std": 0.0, "fpem/fusion_alpha_min": 0.0, "fpem/fusion_alpha_max": 0.0, "fpem/env_route_loss": 107.3244145711263, "fpem/env_route_L_final": 62.47477747599284, "fpem/env_route_L_global": 73.74056679861886, "fpem/env_route_L_route_soft": 62.47477747599284, "fpem/env_route_L_expert": 67.97907413301014, "fpem/env_route_L_router_oracle": 0.0, "fpem/env_route_L_balance": 0.0, "fpem/env_route_L_diverse": 0.9847816416195461, "fpem/env_route_L_proto_align": -0.326184722978533, "fpem/env_route_entropy": 1.0986123085021973, "fpem/env_route_q_max_mean": 0.3333333432674408, "fpem/env_route_train_mode_gradient_compat": 0.0, "fpem/env_route_gradient_compat_aux": 0.0, "fpem/hyper_alpha_mean": 0.49469754376581737, "fpem/hyper_delta_norm": 0.3035743960708656, "fpem/hyper_route_proto_mode_uniform_warmup": 1.0, "fpem/hyper_route_proto_mode_sinkhorn": 0.0, "fpem/hyper_route_proto_mode_softmax": 0.0, "fpem/fallback_q_mean": 0.0, "fpem/fallback_q_max": 0.0, "fpem/env_q_sum_mean": 0.0, "fpem/oracle_fallback_rate": 0.0, "fpem/route_count_fallback": 0.0, "fpem/env_route_head_mode": 1.0, "fpem/route_entropy_mean": 1.0986123085021973, "fpem/route_mean_distribution_entropy": 1.0986123085021973, "fpem/effective_expert_number": 3.0, "fpem/max_expert_usage_ratio": 1.0, "fpem/min_expert_usage_ratio": 0.0, "fpem/prototype_pairwise_cosine": 0.23615809026218595, "fpem/expert_prediction_pairwise_cosine": 0.9847816416195461, "fpem/expert_collapse_warning": 0.9809523809523809, "fpem/env_route_target_mode_env_prototype": 1.0, "fpem/env_route_target_mode_hybrid": 0.0, "fpem/env_route_hybrid_alpha": 1.0, "fpem/env_route_count_head_0": 16.0, "fpem/env_route_oracle_count_head_0": 16.0, "fpem/route_count_env_head_0": 16.0, "fpem/route_soft_mean_expert_0": 0.3333333432674408, "fpem/route_hard_count_expert_0": 16.0, "fpem/hyper_alpha_head_0": 0.29471381037008193, "fpem/hyper_gamma_norm_head_0": 4.791141963367062, "fpem/hyper_beta_norm_head_0": 0.6954835502159161, "fpem/env_route_count_head_1": 0.0, "fpem/env_route_oracle_count_head_1": 0.0, "fpem/route_count_env_head_1": 0.0, "fpem/route_soft_mean_expert_1": 0.3333333432674408, "fpem/route_hard_count_expert_1": 0.0, "fpem/hyper_alpha_head_1": 0.6209014637129647, "fpem/hyper_gamma_norm_head_1": 3.3288222735963893, "fpem/hyper_beta_norm_head_1": 0.48158406300381534, "fpem/env_route_count_head_2": 0.0, "fpem/env_route_oracle_count_head_2": 0.0, "fpem/route_count_env_head_2": 0.0, "fpem/route_soft_mean_expert_2": 0.3333333432674408, "fpem/route_hard_count_expert_2": 0.0, "fpem/hyper_alpha_head_2": 0.5684773105241003, "fpem/hyper_gamma_norm_head_2": 3.8680109886480274, "fpem/hyper_beta_norm_head_2": 0.6046153926601012, "fpem/future_mi_loss": 0.0, "fpem/future_mi_valid": 0.0, "fpem/future_mi_logvar_mean": 0.0, "fpem/future_mi_target_mode_env_encoder": 0.0, "fpem/swap_loss": 0.0, "fpem/swap_diff_loss": 0.0, "fpem/swap_same_loss": 0.0, "fpem/swap_gain_mean": 0.0, "fpem/swap_s_gain_mean": 0.0, "fpem/swap_fallback_router_loss": 0.0, "fpem/swap_fallback_q_mean": 0.0, "fpem/swap_prediction_delta": 0.0, "fpem/swap_route_delta": 0.0, "fpem/swap_hyper_alpha_delta": 0.0, "fpem/swap_hyper_delta_norm": 0.0, "fpem/loss_env_day": 0.0, "fpem/loss_env_hour": 0.0, "fpem/loss_env_rush": 0.0, "fpem/env_day_acc": 0.0, "fpem/env_hour_acc": 0.0, "fpem/env_rush_acc": 0.0, "fpem/loss_env_supcon": 0.0, "fpem/env_supcon_valid_pairs": 0.0, "fpem/loss_inv_env_adv": 0.0, "fpem/inv_day_acc": 0.0, "fpem/inv_hour_acc": 0.0, "fpem/inv_rush_acc": 0.0, "fpem/loss_cross_cov_sep": 0.0, "fpem/primary_loss": 62.47477747599284, "fpem/inv_pred_loss": 73.74056679861886, "fpem/primary_uses_route": 1.0, "fpem/primary_uses_env_fusion": 0.0, "fpem/backbone_agcrn": 1.0, "fpem/gc_pred_loss_only": 1.0, "fpem/env_route_head_mode_hyper_proto": 1.0, "fpem/lambda_club_mi": 0.0}}
EPOCH {"epoch": 2, "train_loss": 93.94180072602772, "val": {"loss": 26.852759573194717, "mae": 26.221935272216797, "mape": 0.4899356961250305}, "test_mixed": {"loss": 28.98606382097517, "mae": 28.113000869750977, "mape": 0.5058781504631042}, "test_workday": {"loss": 28.785829544067383, "mae": 27.706085205078125, "mape": 0.4855214059352875}, "test_holiday": {"loss": 29.369188626607258, "mae": 28.818639755249023, "mape": 0.5411790609359741}, "test_avg_mae": 28.262362480163574, "lr": 0.001, "fpem_logs": {"fpem/fpem_env_use_exogenous": 1.0, "fpem/env_exogenous_available": 1.0, "fpem/env_exogenous_time_available": 1.0, "fpem/env_exogenous_load_available": 1.0, "fpem/env_exogenous_feature_dim": 32.0, "fpem/env_exogenous_embedding_norm": 2.170944157100859, "fpem/env_exogenous_load_embedding_norm": 1.5426726239068167, "fpem/mask_loss": 0.0, "fpem/mask_sparse_loss": 0.0, "fpem/mask_entropy_loss": 0.0, "fpem/mask_mean": 1.0, "fpem/mask_entropy": 0.0, "fpem/mask_active_ratio": 1.0, "fpem/fusion_alpha_mean": 0.0, "fpem/fusion_alpha_std": 0.0, "fpem/fusion_alpha_min": 0.0, "fpem/fusion_alpha_max": 0.0, "fpem/env_route_loss": 59.48287982032413, "fpem/env_route_L_final": 34.45883413042341, "fpem/env_route_L_global": 61.549178350539435, "fpem/env_route_L_route_soft": 34.45883413042341, "fpem/env_route_L_expert": 38.89935179210845, "fpem/env_route_L_router_oracle": 0.0, "fpem/env_route_L_balance": 0.0, "fpem/env_route_L_diverse": 0.9910496927443004, "fpem/env_route_L_proto_align": -0.5062922057651338, "fpem/env_route_entropy": 1.0986123085021973, "fpem/env_route_q_max_mean": 0.3333333432674408, "fpem/env_route_train_mode_gradient_compat": 0.0, "fpem/env_route_gradient_compat_aux": 0.0, "fpem/hyper_alpha_mean": 0.808023654846918, "fpem/hyper_delta_norm": 0.8709528781118847, "fpem/hyper_route_proto_mode_uniform_warmup": 1.0, "fpem/hyper_route_proto_mode_sinkhorn": 0.0, "fpem/hyper_route_proto_mode_softmax": 0.0, "fpem/fallback_q_mean": 0.0, "fpem/fallback_q_max": 0.0, "fpem/env_q_sum_mean": 0.0, "fpem/oracle_fallback_rate": 0.0, "fpem/route_count_fallback": 0.0, "fpem/env_route_head_mode": 1.0, "fpem/route_entropy_mean": 1.0986123085021973, "fpem/route_mean_distribution_entropy": 1.0986123085021973, "fpem/effective_expert_number": 3.0, "fpem/max_expert_usage_ratio": 1.0, "fpem/min_expert_usage_ratio": 0.0, "fpem/prototype_pairwise_cosine": 0.5882826634815761, "fpem/expert_prediction_pairwise_cosine": 0.9910496927443004, "fpem/expert_collapse_warning": 1.0, "fpem/env_route_target_mode_env_prototype": 1.0, "fpem/env_route_target_mode_hybrid": 0.0, "fpem/env_route_hybrid_alpha": 1.0, "fpem/env_route_count_head_0": 16.0, "fpem/env_route_oracle_count_head_0": 16.0, "fpem/route_count_env_head_0": 16.0, "fpem/route_soft_mean_expert_0": 0.3333333432674408, "fpem/route_hard_count_expert_0": 16.0, "fpem/hyper_alpha_head_0": 0.6141289171718416, "fpem/hyper_gamma_norm_head_0": 8.331136317480178, "fpem/hyper_beta_norm_head_0": 0.5869423795314063, "fpem/env_route_count_head_1": 0.0, "fpem/env_route_oracle_count_head_1": 0.0, "fpem/route_count_env_head_1": 0.0, "fpem/route_soft_mean_expert_1": 0.3333333432674408, "fpem/route_hard_count_expert_1": 0.0, "fpem/hyper_alpha_head_1": 0.9087222377459209, "fpem/hyper_gamma_norm_head_1": 6.812552447546096, "fpem/hyper_beta_norm_head_1": 0.5051312375636328, "fpem/env_route_count_head_2": 0.0, "fpem/env_route_oracle_count_head_2": 0.0, "fpem/route_count_env_head_2": 0.0, "fpem/route_soft_mean_expert_2": 0.3333333432674408, "fpem/route_hard_count_expert_2": 0.0, "fpem/hyper_alpha_head_2": 0.9012197539919898, "fpem/hyper_gamma_norm_head_2": 6.688612293061756, "fpem/hyper_beta_norm_head_2": 0.48990813805943445, "fpem/future_mi_loss": 0.0, "fpem/future_mi_valid": 0.0, "fpem/future_mi_logvar_mean": 0.0, "fpem/future_mi_target_mode_env_encoder": 0.0, "fpem/swap_loss": 0.0, "fpem/swap_diff_loss": 0.0, "fpem/swap_same_loss": 0.0, "fpem/swap_gain_mean": 0.0, "fpem/swap_s_gain_mean": 0.0, "fpem/swap_fallback_router_loss": 0.0, "fpem/swap_fallback_q_mean": 0.0, "fpem/swap_prediction_delta": 0.0, "fpem/swap_route_delta": 0.0, "fpem/swap_hyper_alpha_delta": 0.0, "fpem/swap_hyper_delta_norm": 0.0, "fpem/loss_env_day": 0.0, "fpem/loss_env_hour": 0.0, "fpem/loss_env_rush": 0.0, "fpem/env_day_acc": 0.0, "fpem/env_hour_acc": 0.0, "fpem/env_rush_acc": 0.0, "fpem/loss_env_supcon": 0.0, "fpem/env_supcon_valid_pairs": 0.0, "fpem/loss_inv_env_adv": 0.0, "fpem/inv_day_acc": 0.0, "fpem/inv_hour_acc": 0.0, "fpem/inv_rush_acc": 0.0, "fpem/loss_cross_cov_sep": 0.0, "fpem/primary_loss": 34.45883413042341, "fpem/inv_pred_loss": 61.549178350539435, "fpem/primary_uses_route": 1.0, "fpem/primary_uses_env_fusion": 0.0, "fpem/backbone_agcrn": 1.0, "fpem/gc_pred_loss_only": 1.0, "fpem/env_route_head_mode_hyper_proto": 1.0, "fpem/lambda_club_mi": 0.0}}
EPOCH {"epoch": 3, "train_loss": 75.9830786568778, "val": {"loss": 26.639458656311035, "mae": 25.53413200378418, "mape": 0.5594844222068787}, "test_mixed": {"loss": 26.559244755336216, "mae": 25.877092361450195, "mape": 0.5537422299385071}, "test_workday": {"loss": 26.599543447079867, "mae": 25.96014404296875, "mape": 0.5488172769546509}, "test_holiday": {"loss": 26.464983622233074, "mae": 25.733070373535156, "mape": 0.5622826814651489}, "test_avg_mae": 25.846607208251953, "lr": 0.001, "fpem_logs": {"fpem/fpem_env_use_exogenous": 1.0, "fpem/env_exogenous_available": 1.0, "fpem/env_exogenous_time_available": 1.0, "fpem/env_exogenous_load_available": 1.0, "fpem/env_exogenous_feature_dim": 32.0, "fpem/env_exogenous_embedding_norm": 2.229614291872297, "fpem/env_exogenous_load_embedding_norm": 1.6094675132206508, "fpem/mask_loss": 0.0, "fpem/mask_sparse_loss": 0.0, "fpem/mask_entropy_loss": 0.0, "fpem/mask_mean": 1.0, "fpem/mask_entropy": 0.0, "fpem/mask_active_ratio": 1.0, "fpem/fusion_alpha_mean": 0.0, "fpem/fusion_alpha_std": 0.0, "fpem/fusion_alpha_min": 0.0, "fpem/fusion_alpha_max": 0.0, "fpem/env_route_loss": 49.473962002708795, "fpem/env_route_L_final": 28.741771788824174, "fpem/env_route_L_global": 60.77903787522089, "fpem/env_route_L_route_soft": 28.741771788824174, "fpem/env_route_L_expert": 31.733074551536923, "fpem/env_route_L_router_oracle": 0.0, "fpem/env_route_L_balance": 0.0, "fpem/env_route_L_diverse": 0.9944534960247221, "fpem/env_route_L_proto_align": -0.5199988606430236, "fpem/env_route_entropy": 1.0986123085021973, "fpem/env_route_q_max_mean": 0.3333333432674408, "fpem/env_route_train_mode_gradient_compat": 0.0, "fpem/env_route_gradient_compat_aux": 0.0, "fpem/hyper_alpha_mean": 0.8826297135580153, "fpem/hyper_delta_norm": 1.0982206753322057, "fpem/hyper_route_proto_mode_uniform_warmup": 1.0, "fpem/hyper_route_proto_mode_sinkhorn": 0.0, "fpem/hyper_route_proto_mode_softmax": 0.0, "fpem/fallback_q_mean": 0.0, "fpem/fallback_q_max": 0.0, "fpem/env_q_sum_mean": 0.0, "fpem/oracle_fallback_rate": 0.0, "fpem/route_count_fallback": 0.0, "fpem/env_route_head_mode": 1.0, "fpem/route_entropy_mean": 1.0986123085021973, "fpem/route_mean_distribution_entropy": 1.0986123085021973, "fpem/effective_expert_number": 3.0, "fpem/max_expert_usage_ratio": 1.0, "fpem/min_expert_usage_ratio": 0.0, "fpem/prototype_pairwise_cosine": 0.7582057918821062, "fpem/expert_prediction_pairwise_cosine": 0.9944534960247221, "fpem/expert_collapse_warning": 1.0, "fpem/env_route_target_mode_env_prototype": 1.0, "fpem/env_route_target_mode_hybrid": 0.0, "fpem/env_route_hybrid_alpha": 1.0, "fpem/env_route_count_head_0": 16.0, "fpem/env_route_oracle_count_head_0": 16.0, "fpem/route_count_env_head_0": 16.0, "fpem/route_soft_mean_expert_0": 0.3333333432674408, "fpem/route_hard_count_expert_0": 16.0, "fpem/hyper_alpha_head_0": 0.7601243688946678, "fpem/hyper_gamma_norm_head_0": 8.236721020653134, "fpem/hyper_beta_norm_head_0": 0.5192427586941492, "fpem/env_route_count_head_1": 0.0, "fpem/env_route_oracle_count_head_1": 0.0, "fpem/route_count_env_head_1": 0.0, "fpem/route_soft_mean_expert_1": 0.3333333432674408, "fpem/route_hard_count_expert_1": 0.0, "fpem/hyper_alpha_head_1": 0.9593697354907081, "fpem/hyper_gamma_norm_head_1": 8.350351501646497, "fpem/hyper_beta_norm_head_1": 0.558837559393474, "fpem/env_route_count_head_2": 0.0, "fpem/env_route_oracle_count_head_2": 0.0, "fpem/route_count_env_head_2": 0.0, "fpem/route_soft_mean_expert_2": 0.3333333432674408, "fpem/route_hard_count_expert_2": 0.0, "fpem/hyper_alpha_head_2": 0.9283949624924432, "fpem/hyper_gamma_norm_head_2": 8.124294848669143, "fpem/hyper_beta_norm_head_2": 0.4769319071656182, "fpem/future_mi_loss": 0.0, "fpem/future_mi_valid": 0.0, "fpem/future_mi_logvar_mean": 0.0, "fpem/future_mi_target_mode_env_encoder": 0.0, "fpem/swap_loss": 0.0, "fpem/swap_diff_loss": 0.0, "fpem/swap_same_loss": 0.0, "fpem/swap_gain_mean": 0.0, "fpem/swap_s_gain_mean": 0.0, "fpem/swap_fallback_router_loss": 0.0, "fpem/swap_fallback_q_mean": 0.0, "fpem/swap_prediction_delta": 0.0, "fpem/swap_route_delta": 0.0, "fpem/swap_hyper_alpha_delta": 0.0, "fpem/swap_hyper_delta_norm": 0.0, "fpem/loss_env_day": 0.0, "fpem/loss_env_hour": 0.0, "fpem/loss_env_rush": 0.0, "fpem/env_day_acc": 0.0, "fpem/env_hour_acc": 0.0, "fpem/env_rush_acc": 0.0, "fpem/loss_env_supcon": 0.0, "fpem/env_supcon_valid_pairs": 0.0, "fpem/loss_inv_env_adv": 0.0, "fpem/inv_day_acc": 0.0, "fpem/inv_hour_acc": 0.0, "fpem/inv_rush_acc": 0.0, "fpem/loss_cross_cov_sep": 0.0, "fpem/primary_loss": 28.741771788824174, "fpem/inv_pred_loss": 60.77903787522089, "fpem/primary_uses_route": 1.0, "fpem/primary_uses_env_fusion": 0.0, "fpem/backbone_agcrn": 1.0, "fpem/gc_pred_loss_only": 1.0, "fpem/env_route_head_mode_hyper_proto": 1.0, "fpem/lambda_club_mi": 0.0}}
EPOCH {"epoch": 4, "train_loss": 66.06091210501535, "val": {"loss": 21.917159663306343, "mae": 21.546611785888672, "mape": 0.4547577500343323}, "test_mixed": {"loss": 22.4184992653983, "mae": 22.002912521362305, "mape": 0.45972588658332825}, "test_workday": {"loss": 21.902635906053625, "mae": 21.4936580657959, "mape": 0.4425249695777893}, "test_holiday": {"loss": 23.373022715250652, "mae": 22.886014938354492, "mape": 0.489554226398468}, "test_avg_mae": 22.189836502075195, "lr": 0.001, "fpem_logs": {"fpem/fpem_env_use_exogenous": 1.0, "fpem/env_exogenous_available": 1.0, "fpem/env_exogenous_time_available": 1.0, "fpem/env_exogenous_load_available": 1.0, "fpem/env_exogenous_feature_dim": 32.0, "fpem/env_exogenous_embedding_norm": 2.2615625563121977, "fpem/env_exogenous_load_embedding_norm": 1.654477467991057, "fpem/mask_loss": 0.0, "fpem/mask_sparse_loss": 0.0, "fpem/mask_entropy_loss": 0.0, "fpem/mask_mean": 1.0, "fpem/mask_entropy": 0.0, "fpem/mask_active_ratio": 1.0, "fpem/fusion_alpha_mean": 0.0, "fpem/fusion_alpha_std": 0.0, "fpem/fusion_alpha_min": 0.0, "fpem/fusion_alpha_max": 0.0, "fpem/env_route_loss": 42.19344293503534, "fpem/env_route_L_final": 24.546107373918804, "fpem/env_route_L_global": 59.7581301734561, "fpem/env_route_L_route_soft": 24.546107373918804, "fpem/env_route_L_expert": 26.801230494181315, "fpem/env_route_L_router_oracle": 0.0, "fpem/env_route_L_balance": 0.0, "fpem/env_route_L_diverse": 0.9961279732840401, "fpem/env_route_L_proto_align": -0.5886947365034194, "fpem/env_route_entropy": 1.0986123085021973, "fpem/env_route_q_max_mean": 0.3333333432674408, "fpem/env_route_train_mode_gradient_compat": 0.0, "fpem/env_route_gradient_compat_aux": 0.0, "fpem/hyper_alpha_mean": 0.8989761148180281, "fpem/hyper_delta_norm": 1.1562052261261713, "fpem/hyper_route_proto_mode_uniform_warmup": 1.0, "fpem/hyper_route_proto_mode_sinkhorn": 0.0, "fpem/hyper_route_proto_mode_softmax": 0.0, "fpem/fallback_q_mean": 0.0, "fpem/fallback_q_max": 0.0, "fpem/env_q_sum_mean": 0.0, "fpem/oracle_fallback_rate": 0.0, "fpem/route_count_fallback": 0.0, "fpem/env_route_head_mode": 1.0, "fpem/route_entropy_mean": 1.0986123085021973, "fpem/route_mean_distribution_entropy": 1.0986123085021973, "fpem/effective_expert_number": 3.0, "fpem/max_expert_usage_ratio": 1.0, "fpem/min_expert_usage_ratio": 0.0, "fpem/prototype_pairwise_cosine": 0.875592315196991, "fpem/expert_prediction_pairwise_cosine": 0.9961279732840401, "fpem/expert_collapse_warning": 1.0, "fpem/env_route_target_mode_env_prototype": 1.0, "fpem/env_route_target_mode_hybrid": 0.0, "fpem/env_route_hybrid_alpha": 1.0, "fpem/env_route_count_head_0": 16.0, "fpem/env_route_oracle_count_head_0": 16.0, "fpem/route_count_env_head_0": 16.0, "fpem/route_soft_mean_expert_0": 0.3333333432674408, "fpem/route_hard_count_expert_0": 16.0, "fpem/hyper_alpha_head_0": 0.7929869305519831, "fpem/hyper_gamma_norm_head_0": 8.201906186058407, "fpem/hyper_beta_norm_head_0": 0.48855024320738655, "fpem/env_route_count_head_1": 0.0, "fpem/env_route_oracle_count_head_1": 0.0, "fpem/route_count_env_head_1": 0.0, "fpem/route_soft_mean_expert_1": 0.3333333432674408, "fpem/route_hard_count_expert_1": 0.0, "fpem/hyper_alpha_head_1": 0.9601461717060634, "fpem/hyper_gamma_norm_head_1": 8.727419494447254, "fpem/hyper_beta_norm_head_1": 0.5629451967421032, "fpem/env_route_count_head_2": 0.0, "fpem/env_route_oracle_count_head_2": 0.0, "fpem/route_count_env_head_2": 0.0, "fpem/route_soft_mean_expert_2": 0.3333333432674408, "fpem/route_hard_count_expert_2": 0.0, "fpem/hyper_alpha_head_2": 0.9437951933769952, "fpem/hyper_gamma_norm_head_2": 8.468826048714774, "fpem/hyper_beta_norm_head_2": 0.47164443419093177, "fpem/future_mi_loss": 0.0, "fpem/future_mi_valid": 0.0, "fpem/future_mi_logvar_mean": 0.0, "fpem/future_mi_target_mode_env_encoder": 0.0, "fpem/swap_loss": 0.0, "fpem/swap_diff_loss": 0.0, "fpem/swap_same_loss": 0.0, "fpem/swap_gain_mean": 0.0, "fpem/swap_s_gain_mean": 0.0, "fpem/swap_fallback_router_loss": 0.0, "fpem/swap_fallback_q_mean": 0.0, "fpem/swap_prediction_delta": 0.0, "fpem/swap_route_delta": 0.0, "fpem/swap_hyper_alpha_delta": 0.0, "fpem/swap_hyper_delta_norm": 0.0, "fpem/loss_env_day": 0.0, "fpem/loss_env_hour": 0.0, "fpem/loss_env_rush": 0.0, "fpem/env_day_acc": 0.0, "fpem/env_hour_acc": 0.0, "fpem/env_rush_acc": 0.0, "fpem/loss_env_supcon": 0.0, "fpem/env_supcon_valid_pairs": 0.0, "fpem/loss_inv_env_adv": 0.0, "fpem/inv_day_acc": 0.0, "fpem/inv_hour_acc": 0.0, "fpem/inv_rush_acc": 0.0, "fpem/loss_cross_cov_sep": 0.0, "fpem/primary_loss": 24.546107373918804, "fpem/inv_pred_loss": 59.7581301734561, "fpem/primary_uses_route": 1.0, "fpem/primary_uses_env_fusion": 0.0, "fpem/backbone_agcrn": 1.0, "fpem/gc_pred_loss_only": 1.0, "fpem/env_route_head_mode_hyper_proto": 1.0, "fpem/lambda_club_mi": 0.0}}
EPOCH {"epoch": 5, "train_loss": 57.37771479288737, "val": {"loss": 24.261978679233128, "mae": 24.523494720458984, "mape": 0.7386602759361267}, "test_mixed": {"loss": 24.607434136526926, "mae": 24.96465492248535, "mape": 0.7404666543006897}, "test_workday": {"loss": 24.055188469264817, "mae": 24.45025062561035, "mape": 0.7220182418823242}, "test_holiday": {"loss": 25.625972747802734, "mae": 25.856689453125, "mape": 0.7724581956863403}, "test_avg_mae": 25.153470039367676, "lr": 0.001, "fpem_logs": {"fpem/fpem_env_use_exogenous": 1.0, "fpem/env_exogenous_available": 1.0, "fpem/env_exogenous_time_available": 1.0, "fpem/env_exogenous_load_available": 1.0, "fpem/env_exogenous_feature_dim": 32.0, "fpem/env_exogenous_embedding_norm": 2.2790032523018975, "fpem/env_exogenous_load_embedding_norm": 1.6827740351359048, "fpem/mask_loss": 0.0, "fpem/mask_sparse_loss": 0.0, "fpem/mask_entropy_loss": 0.0, "fpem/mask_mean": 1.0, "fpem/mask_entropy": 0.0, "fpem/mask_active_ratio": 1.0, "fpem/fusion_alpha_mean": 0.0, "fpem/fusion_alpha_std": 0.0, "fpem/fusion_alpha_min": 0.0, "fpem/fusion_alpha_max": 0.0, "fpem/env_route_loss": 36.619397517613, "fpem/env_route_L_final": 21.271392004830496, "fpem/env_route_L_global": 57.91340502784366, "fpem/env_route_L_route_soft": 21.271392004830496, "fpem/env_route_L_expert": 23.495025598435173, "fpem/env_route_L_router_oracle": 0.0, "fpem/env_route_L_balance": 0.0, "fpem/env_route_L_diverse": 0.9960203125363305, "fpem/env_route_L_proto_align": -0.6616192936897278, "fpem/env_route_entropy": 1.0986123085021973, "fpem/env_route_q_max_mean": 0.3333333432674408, "fpem/env_route_train_mode_gradient_compat": 0.0, "fpem/env_route_gradient_compat_aux": 0.0, "fpem/hyper_alpha_mean": 0.9423013658750625, "fpem/hyper_delta_norm": 1.298317732129778, "fpem/hyper_route_proto_mode_uniform_warmup": 1.0, "fpem/hyper_route_proto_mode_sinkhorn": 0.0, "fpem/hyper_route_proto_mode_softmax": 0.0, "fpem/fallback_q_mean": 0.0, "fpem/fallback_q_max": 0.0, "fpem/env_q_sum_mean": 0.0, "fpem/oracle_fallback_rate": 0.0, "fpem/route_count_fallback": 0.0, "fpem/env_route_head_mode": 1.0, "fpem/route_entropy_mean": 1.0986123085021973, "fpem/route_mean_distribution_entropy": 1.0986123085021973, "fpem/effective_expert_number": 3.0, "fpem/max_expert_usage_ratio": 1.0, "fpem/min_expert_usage_ratio": 0.0, "fpem/prototype_pairwise_cosine": 0.9627255400021871, "fpem/expert_prediction_pairwise_cosine": 0.9960203125363305, "fpem/expert_collapse_warning": 1.0, "fpem/env_route_target_mode_env_prototype": 1.0, "fpem/env_route_target_mode_hybrid": 0.0, "fpem/env_route_hybrid_alpha": 1.0, "fpem/env_route_count_head_0": 16.0, "fpem/env_route_oracle_count_head_0": 16.0, "fpem/route_count_env_head_0": 16.0, "fpem/route_soft_mean_expert_0": 0.3333333432674408, "fpem/route_hard_count_expert_0": 16.0, "fpem/hyper_alpha_head_0": 0.8641420216787429, "fpem/hyper_gamma_norm_head_0": 8.425091589064825, "fpem/hyper_beta_norm_head_0": 0.4961164619241442, "fpem/env_route_count_head_1": 0.0, "fpem/env_route_oracle_count_head_1": 0.0, "fpem/route_count_env_head_1": 0.0, "fpem/route_soft_mean_expert_1": 0.3333333432674408, "fpem/route_hard_count_expert_1": 0.0, "fpem/hyper_alpha_head_1": 0.9808476181257338, "fpem/hyper_gamma_norm_head_1": 9.539933731442407, "fpem/hyper_beta_norm_head_1": 0.6010743754250663, "fpem/env_route_count_head_2": 0.0, "fpem/env_route_oracle_count_head_2": 0.0, "fpem/route_count_env_head_2": 0.0, "fpem/route_soft_mean_expert_2": 0.3333333432674408, "fpem/route_hard_count_expert_2": 0.0, "fpem/hyper_alpha_head_2": 0.9819143874304636, "fpem/hyper_gamma_norm_head_2": 9.02706460498628, "fpem/hyper_beta_norm_head_2": 0.4886481358891442, "fpem/future_mi_loss": 0.3238298082635516, "fpem/future_mi_valid": 1.0, "fpem/future_mi_logvar_mean": 0.23179720171860285, "fpem/future_mi_target_mode_env_encoder": 1.0, "fpem/swap_loss": 0.0, "fpem/swap_diff_loss": 0.0, "fpem/swap_same_loss": 0.0, "fpem/swap_gain_mean": 0.0, "fpem/swap_s_gain_mean": 0.0, "fpem/swap_fallback_router_loss": 0.0, "fpem/swap_fallback_q_mean": 0.0, "fpem/swap_prediction_delta": 0.0, "fpem/swap_route_delta": 0.0, "fpem/swap_hyper_alpha_delta": 0.0, "fpem/swap_hyper_delta_norm": 0.0, "fpem/loss_env_day": 0.0, "fpem/loss_env_hour": 0.0, "fpem/loss_env_rush": 0.0, "fpem/env_day_acc": 0.0, "fpem/env_hour_acc": 0.0, "fpem/env_rush_acc": 0.0, "fpem/loss_env_supcon": 0.0, "fpem/env_supcon_valid_pairs": 0.0, "fpem/loss_inv_env_adv": 0.0, "fpem/inv_day_acc": 0.0, "fpem/inv_hour_acc": 0.0, "fpem/inv_rush_acc": 0.0, "fpem/loss_cross_cov_sep": 0.0, "fpem/primary_loss": 21.271392004830496, "fpem/inv_pred_loss": 57.91340502784366, "fpem/primary_uses_route": 1.0, "fpem/primary_uses_env_fusion": 0.0, "fpem/backbone_agcrn": 1.0, "fpem/gc_pred_loss_only": 1.0, "fpem/env_route_head_mode_hyper_proto": 1.0, "fpem/lambda_club_mi": 0.0}}
EPOCH {"epoch": 6, "train_loss": 56.90938713437035, "val": {"loss": 18.90302636888292, "mae": 18.714214324951172, "mape": 0.34744617342948914}, "test_mixed": {"loss": 19.198191860743933, "mae": 19.031179428100586, "mape": 0.347328782081604}, "test_workday": {"loss": 18.73596062867538, "mae": 18.612600326538086, "mape": 0.3389315605163574}, "test_holiday": {"loss": 20.041424592336018, "mae": 19.75704574584961, "mape": 0.3618904650211334}, "test_avg_mae": 19.184823036193848, "lr": 0.001, "fpem_logs": {"fpem/fpem_env_use_exogenous": 1.0, "fpem/env_exogenous_available": 1.0, "fpem/env_exogenous_time_available": 1.0, "fpem/env_exogenous_load_available": 1.0, "fpem/env_exogenous_feature_dim": 32.0, "fpem/env_exogenous_embedding_norm": 2.2761294841766357, "fpem/env_exogenous_load_embedding_norm": 1.6797340835843768, "fpem/mask_loss": 0.0, "fpem/mask_sparse_loss": 0.0, "fpem/mask_entropy_loss": 0.0, "fpem/mask_mean": 1.0, "fpem/mask_entropy": 0.0, "fpem/mask_active_ratio": 1.0, "fpem/fusion_alpha_mean": 0.0, "fpem/fusion_alpha_std": 0.0, "fpem/fusion_alpha_min": 0.0, "fpem/fusion_alpha_max": 0.0, "fpem/env_route_loss": 34.922690327962236, "fpem/env_route_L_final": 20.250154113769533, "fpem/env_route_L_global": 55.25491431100028, "fpem/env_route_L_route_soft": 20.250154113769533, "fpem/env_route_L_expert": 22.674806885492234, "fpem/env_route_L_router_oracle": -2.7880105927617175e-09, "fpem/env_route_L_balance": 6.650185172033946e-06, "fpem/env_route_L_diverse": 0.9937694010280428, "fpem/env_route_L_proto_align": -0.7378250354812259, "fpem/env_route_entropy": 0.9777666318984258, "fpem/env_route_q_max_mean": 0.49732342277254377, "fpem/env_route_train_mode_gradient_compat": 0.0, "fpem/env_route_gradient_compat_aux": 0.0, "fpem/hyper_alpha_mean": 0.9535781752495539, "fpem/hyper_delta_norm": 1.1682046055793762, "fpem/hyper_route_proto_mode_uniform_warmup": 0.0, "fpem/hyper_route_proto_mode_sinkhorn": 1.0, "fpem/hyper_route_proto_mode_softmax": 0.0, "fpem/fallback_q_mean": 0.0, "fpem/fallback_q_max": 0.0, "fpem/env_q_sum_mean": 0.0, "fpem/oracle_fallback_rate": 0.0, "fpem/route_count_fallback": 0.0, "fpem/env_route_head_mode": 1.0, "fpem/route_entropy_mean": 0.9777666318984258, "fpem/route_mean_distribution_entropy": 1.0985825493222192, "fpem/effective_expert_number": 2.999910781497047, "fpem/max_expert_usage_ratio": 0.46845238095238095, "fpem/min_expert_usage_ratio": 0.16547619047619047, "fpem/prototype_pairwise_cosine": 0.9817925260180519, "fpem/expert_prediction_pairwise_cosine": 0.9937694010280428, "fpem/expert_collapse_warning": 0.0, "fpem/env_route_target_mode_env_prototype": 1.0, "fpem/env_route_target_mode_hybrid": 0.0, "fpem/env_route_hybrid_alpha": 1.0, "fpem/env_route_count_head_0": 6.3619047619047615, "fpem/env_route_oracle_count_head_0": 6.3619047619047615, "fpem/route_count_env_head_0": 6.3619047619047615, "fpem/route_soft_mean_expert_0": 0.33368105945133025, "fpem/route_hard_count_expert_0": 6.3619047619047615, "fpem/hyper_alpha_head_0": 0.8951832021985735, "fpem/hyper_gamma_norm_head_0": 8.169140148162843, "fpem/hyper_beta_norm_head_0": 0.45968609225182305, "fpem/env_route_count_head_1": 4.876190476190477, "fpem/env_route_oracle_count_head_1": 4.876190476190477, "fpem/route_count_env_head_1": 4.876190476190477, "fpem/route_soft_mean_expert_1": 0.3331867850962139, "fpem/route_hard_count_expert_1": 4.876190476190477, "fpem/hyper_alpha_head_1": 0.9791458141236078, "fpem/hyper_gamma_norm_head_1": 8.7761018934704, "fpem/hyper_beta_norm_head_1": 0.5455376202151889, "fpem/env_route_count_head_2": 4.761904761904762, "fpem/env_route_oracle_count_head_2": 4.761904761904762, "fpem/route_count_env_head_2": 4.761904761904762, "fpem/route_soft_mean_expert_2": 0.33313216254824685, "fpem/route_hard_count_expert_2": 4.761904761904762, "fpem/hyper_alpha_head_2": 0.9864054327919369, "fpem/hyper_gamma_norm_head_2": 8.700588875725156, "fpem/hyper_beta_norm_head_2": 0.47912674801690236, "fpem/future_mi_loss": -0.03622326632473795, "fpem/future_mi_valid": 1.0, "fpem/future_mi_logvar_mean": -0.23845853951449195, "fpem/future_mi_target_mode_env_encoder": 1.0, "fpem/swap_loss": 0.0, "fpem/swap_diff_loss": 0.0, "fpem/swap_same_loss": 0.0, "fpem/swap_gain_mean": 0.0, "fpem/swap_s_gain_mean": 0.0, "fpem/swap_fallback_router_loss": 0.0, "fpem/swap_fallback_q_mean": 0.0, "fpem/swap_prediction_delta": 0.0, "fpem/swap_route_delta": 0.0, "fpem/swap_hyper_alpha_delta": 0.0, "fpem/swap_hyper_delta_norm": 0.0, "fpem/loss_env_day": 0.0, "fpem/loss_env_hour": 0.0, "fpem/loss_env_rush": 0.0, "fpem/env_day_acc": 0.0, "fpem/env_hour_acc": 0.0, "fpem/env_rush_acc": 0.0, "fpem/loss_env_supcon": 0.0, "fpem/env_supcon_valid_pairs": 0.0, "fpem/loss_inv_env_adv": 0.0, "fpem/inv_day_acc": 0.0, "fpem/inv_hour_acc": 0.0, "fpem/inv_rush_acc": 0.0, "fpem/loss_cross_cov_sep": 0.0, "fpem/primary_loss": 20.250154113769533, "fpem/inv_pred_loss": 55.25491431100028, "fpem/primary_uses_route": 1.0, "fpem/primary_uses_env_fusion": 0.0, "fpem/backbone_agcrn": 1.0, "fpem/gc_pred_loss_only": 1.0, "fpem/env_route_head_mode_hyper_proto": 1.0, "fpem/lambda_club_mi": 0.0}}
EPOCH {"epoch": 7, "train_loss": 47.21810491652716, "val": {"loss": 18.681829982333714, "mae": 18.373762130737305, "mape": 0.33599618077278137}, "test_mixed": {"loss": 19.0706122807094, "mae": 18.851219177246094, "mape": 0.3343048691749573}, "test_workday": {"loss": 18.8362280804178, "mae": 18.661911010742188, "mape": 0.33526697754859924}, "test_holiday": {"loss": 19.470275084177654, "mae": 19.179500579833984, "mape": 0.3326364755630493}, "test_avg_mae": 18.920705795288086, "lr": 0.001, "fpem_logs": {"fpem/fpem_env_use_exogenous": 1.0, "fpem/env_exogenous_available": 1.0, "fpem/env_exogenous_time_available": 1.0, "fpem/env_exogenous_load_available": 1.0, "fpem/env_exogenous_feature_dim": 32.0, "fpem/env_exogenous_embedding_norm": 2.271453033174787, "fpem/env_exogenous_load_embedding_norm": 1.6828541823795864, "fpem/mask_loss": 0.0, "fpem/mask_sparse_loss": 0.0, "fpem/mask_entropy_loss": 0.0, "fpem/mask_mean": 1.0, "fpem/mask_entropy": 0.0, "fpem/mask_active_ratio": 1.0, "fpem/fusion_alpha_mean": 0.0, "fpem/fusion_alpha_std": 0.0, "fpem/fusion_alpha_min": 0.0, "fpem/fusion_alpha_max": 0.0, "fpem/env_route_loss": 31.979236784435454, "fpem/env_route_L_final": 18.51442906515939, "fpem/env_route_L_global": 53.3877810160319, "fpem/env_route_L_route_soft": 18.51442906515939, "fpem/env_route_L_expert": 20.97687623160226, "fpem/env_route_L_router_oracle": -1.7965547441246513e-09, "fpem/env_route_L_balance": 1.39454779506895e-06, "fpem/env_route_L_diverse": 0.9946870832216173, "fpem/env_route_L_proto_align": -0.7675808531897409, "fpem/env_route_entropy": 1.0117198677290054, "fpem/env_route_q_max_mean": 0.4743395853610266, "fpem/env_route_train_mode_gradient_compat": 0.0, "fpem/env_route_gradient_compat_aux": 0.0, "fpem/hyper_alpha_mean": 0.9679850317182995, "fpem/hyper_delta_norm": 1.237187351499285, "fpem/hyper_route_proto_mode_uniform_warmup": 0.0, "fpem/hyper_route_proto_mode_sinkhorn": 1.0, "fpem/hyper_route_proto_mode_softmax": 0.0, "fpem/fallback_q_mean": 0.0, "fpem/fallback_q_max": 0.0, "fpem/env_q_sum_mean": 0.0, "fpem/oracle_fallback_rate": 0.0, "fpem/route_count_fallback": 0.0, "fpem/env_route_head_mode": 1.0, "fpem/route_entropy_mean": 1.0117198677290054, "fpem/route_mean_distribution_entropy": 1.098606022198995, "fpem/effective_expert_number": 2.9999811581202915, "fpem/max_expert_usage_ratio": 0.4636904761904762, "fpem/min_expert_usage_ratio": 0.1886904761904762, "fpem/prototype_pairwise_cosine": 0.9839020922070458, "fpem/expert_prediction_pairwise_cosine": 0.9946870832216173, "fpem/expert_collapse_warning": 0.0, "fpem/env_route_target_mode_env_prototype": 1.0, "fpem/env_route_target_mode_hybrid": 0.0, "fpem/env_route_hybrid_alpha": 1.0, "fpem/env_route_count_head_0": 7.057142857142857, "fpem/env_route_oracle_count_head_0": 7.057142857142857, "fpem/route_count_env_head_0": 7.057142857142857, "fpem/route_soft_mean_expert_0": 0.33407897239639645, "fpem/route_hard_count_expert_0": 7.057142857142857, "fpem/hyper_alpha_head_0": 0.9309233512197223, "fpem/hyper_gamma_norm_head_0": 8.55179257165818, "fpem/hyper_beta_norm_head_0": 0.48524542223839534, "fpem/env_route_count_head_1": 3.7714285714285714, "fpem/env_route_oracle_count_head_1": 3.7714285714285714, "fpem/route_count_env_head_1": 3.7714285714285714, "fpem/route_soft_mean_expert_1": 0.3334142869427091, "fpem/route_hard_count_expert_1": 3.7714285714285714, "fpem/hyper_alpha_head_1": 0.9833146572113037, "fpem/hyper_gamma_norm_head_1": 8.936402030218215, "fpem/hyper_beta_norm_head_1": 0.5436096815835862, "fpem/env_route_count_head_2": 5.171428571428572, "fpem/env_route_oracle_count_head_2": 5.171428571428572, "fpem/route_count_env_head_2": 5.171428571428572, "fpem/route_soft_mean_expert_2": 0.33250674293154764, "fpem/route_hard_count_expert_2": 5.171428571428572, "fpem/hyper_alpha_head_2": 0.9897170282545544, "fpem/hyper_gamma_norm_head_2": 8.936759535471598, "fpem/hyper_beta_norm_head_2": 0.4851179029260363, "fpem/future_mi_loss": -0.36078279727981205, "fpem/future_mi_valid": 1.0, "fpem/future_mi_logvar_mean": -0.9587848901748657, "fpem/future_mi_target_mode_env_encoder": 1.0, "fpem/swap_loss": 0.0, "fpem/swap_diff_loss": 0.0, "fpem/swap_same_loss": 0.0, "fpem/swap_gain_mean": 0.0, "fpem/swap_s_gain_mean": 0.0, "fpem/swap_fallback_router_loss": 0.0, "fpem/swap_fallback_q_mean": 0.0, "fpem/swap_prediction_delta": 0.0, "fpem/swap_route_delta": 0.0, "fpem/swap_hyper_alpha_delta": 0.0, "fpem/swap_hyper_delta_norm": 0.0, "fpem/loss_env_day": 0.0, "fpem/loss_env_hour": 0.0, "fpem/loss_env_rush": 0.0, "fpem/env_day_acc": 0.0, "fpem/env_hour_acc": 0.0, "fpem/env_rush_acc": 0.0, "fpem/loss_env_supcon": 0.0, "fpem/env_supcon_valid_pairs": 0.0, "fpem/loss_inv_env_adv": 0.0, "fpem/inv_day_acc": 0.0, "fpem/inv_hour_acc": 0.0, "fpem/inv_rush_acc": 0.0, "fpem/loss_cross_cov_sep": 0.0, "fpem/primary_loss": 18.51442906515939, "fpem/inv_pred_loss": 53.3877810160319, "fpem/primary_uses_route": 1.0, "fpem/primary_uses_env_fusion": 0.0, "fpem/backbone_agcrn": 1.0, "fpem/gc_pred_loss_only": 1.0, "fpem/env_route_head_mode_hyper_proto": 1.0, "fpem/lambda_club_mi": 0.0}}
EPOCH {"epoch": 8, "train_loss": 45.841631644112724, "val": {"loss": 18.625511169433594, "mae": 18.52018165588379, "mape": 0.3709567189216614}, "test_mixed": {"loss": 18.815399278913226, "mae": 18.760997772216797, "mape": 0.3709188401699066}, "test_workday": {"loss": 18.379136831864066, "mae": 18.392696380615234, "mape": 0.36394214630126953}, "test_holiday": {"loss": 19.61280091603597, "mae": 19.39967155456543, "mape": 0.38301730155944824}, "test_avg_mae": 18.896183967590332, "lr": 0.001, "fpem_logs": {"fpem/fpem_env_use_exogenous": 1.0, "fpem/env_exogenous_available": 1.0, "fpem/env_exogenous_time_available": 1.0, "fpem/env_exogenous_load_available": 1.0, "fpem/env_exogenous_feature_dim": 32.0, "fpem/env_exogenous_embedding_norm": 2.2694392295110792, "fpem/env_exogenous_load_embedding_norm": 1.6820740370523362, "fpem/mask_loss": 0.0, "fpem/mask_sparse_loss": 0.0, "fpem/mask_entropy_loss": 0.0, "fpem/mask_mean": 1.0, "fpem/mask_entropy": 0.0, "fpem/mask_active_ratio": 1.0, "fpem/fusion_alpha_mean": 0.0, "fpem/fusion_alpha_std": 0.0, "fpem/fusion_alpha_min": 0.0, "fpem/fusion_alpha_max": 0.0, "fpem/env_route_loss": 30.32547836303711, "fpem/env_route_L_final": 17.605380267188664, "fpem/env_route_L_global": 51.21472389584496, "fpem/env_route_L_route_soft": 17.605380267188664, "fpem/env_route_L_expert": 19.526512836274648, "fpem/env_route_L_router_oracle": -3.0431077721207853e-09, "fpem/env_route_L_balance": 3.3308150583538338e-06, "fpem/env_route_L_diverse": 0.9959601635024661, "fpem/env_route_L_proto_align": -0.7814045849300566, "fpem/env_route_entropy": 1.0103665033976237, "fpem/env_route_q_max_mean": 0.47547066353616263, "fpem/env_route_train_mode_gradient_compat": 0.0, "fpem/env_route_gradient_compat_aux": 0.0, "fpem/hyper_alpha_mean": 0.9749859037853422, "fpem/hyper_delta_norm": 1.2095133758726575, "fpem/hyper_route_proto_mode_uniform_warmup": 0.0, "fpem/hyper_route_proto_mode_sinkhorn": 1.0, "fpem/hyper_route_proto_mode_softmax": 0.0, "fpem/fallback_q_mean": 0.0, "fpem/fallback_q_max": 0.0, "fpem/env_q_sum_mean": 0.0, "fpem/oracle_fallback_rate": 0.0, "fpem/route_count_fallback": 0.0, "fpem/env_route_head_mode": 1.0, "fpem/route_entropy_mean": 1.0103665033976237, "fpem/route_mean_distribution_entropy": 1.098597298349653, "fpem/effective_expert_number": 2.9999549956548783, "fpem/max_expert_usage_ratio": 0.5119047619047619, "fpem/min_expert_usage_ratio": 0.14047619047619048, "fpem/prototype_pairwise_cosine": 0.9855694441568283, "fpem/expert_prediction_pairwise_cosine": 0.9959601635024661, "fpem/expert_collapse_warning": 0.0, "fpem/env_route_target_mode_env_prototype": 1.0, "fpem/env_route_target_mode_hybrid": 0.0, "fpem/env_route_hybrid_alpha": 1.0, "fpem/env_route_count_head_0": 8.019047619047619, "fpem/env_route_oracle_count_head_0": 8.019047619047619, "fpem/route_count_env_head_0": 8.019047619047619, "fpem/route_soft_mean_expert_0": 0.33462108487174624, "fpem/route_hard_count_expert_0": 8.019047619047619, "fpem/hyper_alpha_head_0": 0.9464085658391317, "fpem/hyper_gamma_norm_head_0": 8.652097007206509, "fpem/hyper_beta_norm_head_0": 0.49490792212032136, "fpem/env_route_count_head_1": 2.8285714285714287, "fpem/env_route_oracle_count_head_1": 2.8285714285714287, "fpem/route_count_env_head_1": 2.8285714285714287, "fpem/route_soft_mean_expert_1": 0.3332949116116478, "fpem/route_hard_count_expert_1": 2.8285714285714287, "fpem/hyper_alpha_head_1": 0.9871911798204694, "fpem/hyper_gamma_norm_head_1": 8.742301255180722, "fpem/hyper_beta_norm_head_1": 0.5345059729757763, "fpem/env_route_count_head_2": 5.152380952380953, "fpem/env_route_oracle_count_head_2": 5.152380952380953, "fpem/route_count_env_head_2": 5.152380952380953, "fpem/route_soft_mean_expert_2": 0.33208401089622863, "fpem/route_hard_count_expert_2": 5.152380952380953, "fpem/hyper_alpha_head_2": 0.9913579021181379, "fpem/hyper_gamma_norm_head_2": 8.781256993611654, "fpem/hyper_beta_norm_head_2": 0.4988652760074252, "fpem/future_mi_loss": -0.5659737354233152, "fpem/future_mi_valid": 1.0, "fpem/future_mi_logvar_mean": -1.4554019042423794, "fpem/future_mi_target_mode_env_encoder": 1.0, "fpem/swap_loss": 0.0, "fpem/swap_diff_loss": 0.0, "fpem/swap_same_loss": 0.0, "fpem/swap_gain_mean": 0.0, "fpem/swap_s_gain_mean": 0.0, "fpem/swap_fallback_router_loss": 0.0, "fpem/swap_fallback_q_mean": 0.0, "fpem/swap_prediction_delta": 0.0, "fpem/swap_route_delta": 0.0, "fpem/swap_hyper_alpha_delta": 0.0, "fpem/swap_hyper_delta_norm": 0.0, "fpem/loss_env_day": 0.0, "fpem/loss_env_hour": 0.0, "fpem/loss_env_rush": 0.0, "fpem/env_day_acc": 0.0, "fpem/env_hour_acc": 0.0, "fpem/env_rush_acc": 0.0, "fpem/loss_env_supcon": 0.0, "fpem/env_supcon_valid_pairs": 0.0, "fpem/loss_inv_env_adv": 0.0, "fpem/inv_day_acc": 0.0, "fpem/inv_hour_acc": 0.0, "fpem/inv_rush_acc": 0.0, "fpem/loss_cross_cov_sep": 0.0, "fpem/primary_loss": 17.605380267188664, "fpem/inv_pred_loss": 51.21472389584496, "fpem/primary_uses_route": 1.0, "fpem/primary_uses_env_fusion": 0.0, "fpem/backbone_agcrn": 1.0, "fpem/gc_pred_loss_only": 1.0, "fpem/env_route_head_mode_hyper_proto": 1.0, "fpem/lambda_club_mi": 0.0}}
EPOCH {"epoch": 9, "train_loss": 47.75656255086263, "val": {"loss": 16.770921389261883, "mae": 16.575471878051758, "mape": 0.29304489493370056}, "test_mixed": {"loss": 16.934851782662527, "mae": 16.789325714111328, "mape": 0.28973206877708435}, "test_workday": {"loss": 16.654260303663172, "mae": 16.545135498046875, "mape": 0.286811500787735}, "test_holiday": {"loss": 17.43234157562256, "mae": 17.21277618408203, "mape": 0.2947966754436493}, "test_avg_mae": 16.878955841064453, "lr": 0.001, "fpem_logs": {"fpem/fpem_env_use_exogenous": 1.0, "fpem/env_exogenous_available": 1.0, "fpem/env_exogenous_time_available": 1.0, "fpem/env_exogenous_load_available": 1.0, "fpem/env_exogenous_feature_dim": 32.0, "fpem/env_exogenous_embedding_norm": 2.264430552437192, "fpem/env_exogenous_load_embedding_norm": 1.6786613555181593, "fpem/mask_loss": 0.0, "fpem/mask_sparse_loss": 0.0, "fpem/mask_entropy_loss": 0.0, "fpem/mask_mean": 1.0, "fpem/mask_entropy": 0.0, "fpem/mask_active_ratio": 1.0, "fpem/fusion_alpha_mean": 0.0, "fpem/fusion_alpha_std": 0.0, "fpem/fusion_alpha_min": 0.0, "fpem/fusion_alpha_max": 0.0, "fpem/env_route_loss": 30.30893776303246, "fpem/env_route_L_final": 17.597894904727028, "fpem/env_route_L_global": 49.31651357014974, "fpem/env_route_L_route_soft": 17.597894904727028, "fpem/env_route_L_expert": 19.499391528538297, "fpem/env_route_L_router_oracle": -3.152227033895304e-09, "fpem/env_route_L_balance": 8.788860249992097e-06, "fpem/env_route_L_diverse": 0.9954507912908281, "fpem/env_route_L_proto_align": -0.7692674324626014, "fpem/env_route_entropy": 0.9936434984207153, "fpem/env_route_q_max_mean": 0.48356559503646124, "fpem/env_route_train_mode_gradient_compat": 0.0, "fpem/env_route_gradient_compat_aux": 0.0, "fpem/hyper_alpha_mean": 0.9753715833028157, "fpem/hyper_delta_norm": 1.1611836558296567, "fpem/hyper_route_proto_mode_uniform_warmup": 0.0, "fpem/hyper_route_proto_mode_sinkhorn": 1.0, "fpem/hyper_route_proto_mode_softmax": 0.0, "fpem/fallback_q_mean": 0.0, "fpem/fallback_q_max": 0.0, "fpem/env_q_sum_mean": 0.0, "fpem/oracle_fallback_rate": 0.0, "fpem/route_count_fallback": 0.0, "fpem/env_route_head_mode": 1.0, "fpem/route_entropy_mean": 0.9936434984207153, "fpem/route_mean_distribution_entropy": 1.0985727446419853, "fpem/effective_expert_number": 2.999881367456345, "fpem/max_expert_usage_ratio": 0.4630952380952381, "fpem/min_expert_usage_ratio": 0.18511904761904763, "fpem/prototype_pairwise_cosine": 0.987284411135174, "fpem/expert_prediction_pairwise_cosine": 0.9954507912908281, "fpem/expert_collapse_warning": 0.0, "fpem/env_route_target_mode_env_prototype": 1.0, "fpem/env_route_target_mode_hybrid": 0.0, "fpem/env_route_hybrid_alpha": 1.0, "fpem/env_route_count_head_0": 6.9904761904761905, "fpem/env_route_oracle_count_head_0": 6.9904761904761905, "fpem/route_count_env_head_0": 6.9904761904761905, "fpem/route_soft_mean_expert_0": 0.33378856636229015, "fpem/route_hard_count_expert_0": 6.9904761904761905, "fpem/hyper_alpha_head_0": 0.9464425904410226, "fpem/hyper_gamma_norm_head_0": 8.568926974705287, "fpem/hyper_beta_norm_head_0": 0.5178490170410701, "fpem/env_route_count_head_1": 5.152380952380953, "fpem/env_route_oracle_count_head_1": 5.152380952380953, "fpem/route_count_env_head_1": 5.152380952380953, "fpem/route_soft_mean_expert_1": 0.33323028428213936, "fpem/route_hard_count_expert_1": 5.152380952380953, "fpem/hyper_alpha_head_1": 0.9888183326948257, "fpem/hyper_gamma_norm_head_1": 8.543346282414028, "fpem/hyper_beta_norm_head_1": 0.5516451636950175, "fpem/env_route_count_head_2": 3.857142857142857, "fpem/env_route_oracle_count_head_2": 3.857142857142857, "fpem/route_count_env_head_2": 3.857142857142857, "fpem/route_soft_mean_expert_2": 0.33298115872201467, "fpem/route_hard_count_expert_2": 3.857142857142857, "fpem/hyper_alpha_head_2": 0.9908537438937596, "fpem/hyper_gamma_norm_head_2": 8.53206622714088, "fpem/hyper_beta_norm_head_2": 0.5126979422001612, "fpem/future_mi_loss": -0.6666635655221484, "fpem/future_mi_valid": 1.0, "fpem/future_mi_logvar_mean": -1.694099361555917, "fpem/future_mi_target_mode_env_encoder": 1.0, "fpem/swap_loss": 0.0, "fpem/swap_diff_loss": 0.0, "fpem/swap_same_loss": 0.0, "fpem/swap_gain_mean": 0.0, "fpem/swap_s_gain_mean": 0.0, "fpem/swap_fallback_router_loss": 0.0, "fpem/swap_fallback_q_mean": 0.0, "fpem/swap_prediction_delta": 0.0, "fpem/swap_route_delta": 0.0, "fpem/swap_hyper_alpha_delta": 0.0, "fpem/swap_hyper_delta_norm": 0.0, "fpem/loss_env_day": 0.0, "fpem/loss_env_hour": 0.0, "fpem/loss_env_rush": 0.0, "fpem/env_day_acc": 0.0, "fpem/env_hour_acc": 0.0, "fpem/env_rush_acc": 0.0, "fpem/loss_env_supcon": 0.0, "fpem/env_supcon_valid_pairs": 0.0, "fpem/loss_inv_env_adv": 0.0, "fpem/inv_day_acc": 0.0, "fpem/inv_hour_acc": 0.0, "fpem/inv_rush_acc": 0.0, "fpem/loss_cross_cov_sep": 0.0, "fpem/primary_loss": 17.597894904727028, "fpem/inv_pred_loss": 49.31651357014974, "fpem/primary_uses_route": 1.0, "fpem/primary_uses_env_fusion": 0.0, "fpem/backbone_agcrn": 1.0, "fpem/gc_pred_loss_only": 1.0, "fpem/env_route_head_mode_hyper_proto": 1.0, "fpem/lambda_club_mi": 0.0}}
EPOCH {"epoch": 10, "train_loss": 46.53209504627046, "val": {"loss": 16.988420804341633, "mae": 16.651952743530273, "mape": 0.3195371627807617}, "test_mixed": {"loss": 17.17288420540946, "mae": 16.90430450439453, "mape": 0.3123534321784973}, "test_workday": {"loss": 16.997842083806578, "mae": 16.7462215423584, "mape": 0.31573501229286194}, "test_holiday": {"loss": 17.468226273854572, "mae": 17.178438186645508, "mape": 0.30648937821388245}, "test_avg_mae": 16.962329864501953, "lr": 0.001, "fpem_logs": {"fpem/fpem_env_use_exogenous": 1.0, "fpem/env_exogenous_available": 1.0, "fpem/env_exogenous_time_available": 1.0, "fpem/env_exogenous_load_available": 1.0, "fpem/env_exogenous_feature_dim": 32.0, "fpem/env_exogenous_embedding_norm": 2.2812444482530867, "fpem/env_exogenous_load_embedding_norm": 1.7018202634084791, "fpem/mask_loss": 0.0, "fpem/mask_sparse_loss": 0.0, "fpem/mask_entropy_loss": 0.0, "fpem/mask_mean": 1.0, "fpem/mask_entropy": 0.0, "fpem/mask_active_ratio": 1.0, "fpem/fusion_alpha_mean": 0.0, "fpem/fusion_alpha_std": 0.0, "fpem/fusion_alpha_min": 0.0, "fpem/fusion_alpha_max": 0.0, "fpem/env_route_loss": 29.467034603300547, "fpem/env_route_L_final": 17.08180339449928, "fpem/env_route_L_global": 47.97542862665085, "fpem/env_route_L_route_soft": 17.08180339449928, "fpem/env_route_L_expert": 19.16106944311233, "fpem/env_route_L_router_oracle": -7.704076805075439e-10, "fpem/env_route_L_balance": 5.432968245485938e-05, "fpem/env_route_L_diverse": 0.9951254492714292, "fpem/env_route_L_proto_align": -0.7792210068021502, "fpem/env_route_entropy": 0.9426927157810756, "fpem/env_route_q_max_mean": 0.49513407122521175, "fpem/env_route_train_mode_gradient_compat": 0.0, "fpem/env_route_gradient_compat_aux": 0.0, "fpem/hyper_alpha_mean": 0.9781242960975284, "fpem/hyper_delta_norm": 1.1637491180783226, "fpem/hyper_route_proto_mode_uniform_warmup": 0.0, "fpem/hyper_route_proto_mode_sinkhorn": 1.0, "fpem/hyper_route_proto_mode_softmax": 0.0, "fpem/fallback_q_mean": 0.0, "fpem/fallback_q_max": 0.0, "fpem/env_q_sum_mean": 0.0, "fpem/oracle_fallback_rate": 0.0, "fpem/route_count_fallback": 0.0, "fpem/env_route_head_mode": 1.0, "fpem/route_entropy_mean": 0.9426927157810756, "fpem/route_mean_distribution_entropy": 1.0983710130055746, "fpem/effective_expert_number": 2.9992771194094705, "fpem/max_expert_usage_ratio": 0.6952380952380952, "fpem/min_expert_usage_ratio": 0.08452380952380953, "fpem/prototype_pairwise_cosine": 0.9862107339359465, "fpem/expert_prediction_pairwise_cosine": 0.9951254492714292, "fpem/expert_collapse_warning": 0.0380952380952381, "fpem/env_route_target_mode_env_prototype": 1.0, "fpem/env_route_target_mode_hybrid": 0.0, "fpem/env_route_hybrid_alpha": 1.0, "fpem/env_route_count_head_0": 5.733333333333333, "fpem/env_route_oracle_count_head_0": 5.733333333333333, "fpem/route_count_env_head_0": 5.733333333333333, "fpem/route_soft_mean_expert_0": 0.3314309557278951, "fpem/route_hard_count_expert_0": 5.733333333333333, "fpem/hyper_alpha_head_0": 0.9546888760157994, "fpem/hyper_gamma_norm_head_0": 8.539934308188302, "fpem/hyper_beta_norm_head_0": 0.5506789233003344, "fpem/env_route_count_head_1": 2.9523809523809526, "fpem/env_route_oracle_count_head_1": 2.9523809523809526, "fpem/route_count_env_head_1": 2.9523809523809526, "fpem/route_soft_mean_expert_1": 0.3376065086750757, "fpem/route_hard_count_expert_1": 2.9523809523809526, "fpem/hyper_alpha_head_1": 0.988652643703279, "fpem/hyper_gamma_norm_head_1": 8.699414344060989, "fpem/hyper_beta_norm_head_1": 0.577793182077862, "fpem/env_route_count_head_2": 7.314285714285714, "fpem/env_route_oracle_count_head_2": 7.314285714285714, "fpem/route_count_env_head_2": 7.314285714285714, "fpem/route_soft_mean_expert_2": 0.33096254638263156, "fpem/route_hard_count_expert_2": 7.314285714285714, "fpem/hyper_alpha_head_2": 0.9910313123748415, "fpem/hyper_gamma_norm_head_2": 8.43155176980155, "fpem/hyper_beta_norm_head_2": 0.527347884575526, "fpem/future_mi_loss": -0.7995766265051706, "fpem/future_mi_valid": 1.0, "fpem/future_mi_logvar_mean": -2.064840322449094, "fpem/future_mi_target_mode_env_encoder": 1.0, "fpem/swap_loss": 0.0, "fpem/swap_diff_loss": 0.0, "fpem/swap_same_loss": 0.0, "fpem/swap_gain_mean": 0.0, "fpem/swap_s_gain_mean": 0.0, "fpem/swap_fallback_router_loss": 0.0, "fpem/swap_fallback_q_mean": 0.0, "fpem/swap_prediction_delta": 0.0, "fpem/swap_route_delta": 0.0, "fpem/swap_hyper_alpha_delta": 0.0, "fpem/swap_hyper_delta_norm": 0.0, "fpem/loss_env_day": 0.0, "fpem/loss_env_hour": 0.0, "fpem/loss_env_rush": 0.0, "fpem/env_day_acc": 0.0, "fpem/env_hour_acc": 0.0, "fpem/env_rush_acc": 0.0, "fpem/loss_env_supcon": 0.0, "fpem/env_supcon_valid_pairs": 0.0, "fpem/loss_inv_env_adv": 0.0, "fpem/inv_day_acc": 0.0, "fpem/inv_hour_acc": 0.0, "fpem/inv_rush_acc": 0.0, "fpem/loss_cross_cov_sep": 0.0, "fpem/primary_loss": 17.08180339449928, "fpem/inv_pred_loss": 47.97542862665085, "fpem/primary_uses_route": 1.0, "fpem/primary_uses_env_fusion": 0.0, "fpem/backbone_agcrn": 1.0, "fpem/gc_pred_loss_only": 1.0, "fpem/env_route_head_mode_hyper_proto": 1.0, "fpem/lambda_club_mi": 0.0}}
EPOCH {"epoch": 11, "train_loss": 43.81919166928246, "val": {"loss": 16.410294744703506, "mae": 16.158092498779297, "mape": 0.2850128412246704}, "test_mixed": {"loss": 16.377437428065708, "mae": 16.288654327392578, "mape": 0.2781887948513031}, "test_workday": {"loss": 16.07688348189644, "mae": 16.04889678955078, "mape": 0.279371440410614}, "test_holiday": {"loss": 16.90847086906433, "mae": 16.70442008972168, "mape": 0.27613794803619385}, "test_avg_mae": 16.37665843963623, "lr": 0.001, "fpem_logs": {"fpem/fpem_env_use_exogenous": 1.0, "fpem/env_exogenous_available": 1.0, "fpem/env_exogenous_time_available": 1.0, "fpem/env_exogenous_load_available": 1.0, "fpem/env_exogenous_feature_dim": 32.0, "fpem/env_exogenous_embedding_norm": 2.2787518932705835, "fpem/env_exogenous_load_embedding_norm": 1.702837313924517, "fpem/mask_loss": 0.0, "fpem/mask_sparse_loss": 0.0, "fpem/mask_entropy_loss": 0.0, "fpem/mask_mean": 1.0, "fpem/mask_entropy": 0.0, "fpem/mask_active_ratio": 1.0, "fpem/fusion_alpha_mean": 0.0, "fpem/fusion_alpha_std": 0.0, "fpem/fusion_alpha_min": 0.0, "fpem/fusion_alpha_max": 0.0, "fpem/env_route_loss": 27.80221183413551, "fpem/env_route_L_final": 16.11835461571103, "fpem/env_route_L_global": 47.19794794718425, "fpem/env_route_L_route_soft": 16.11835461571103, "fpem/env_route_L_expert": 18.067596163068497, "fpem/env_route_L_router_oracle": -6.107481191685608e-09, "fpem/env_route_L_balance": 8.473675028843865e-07, "fpem/env_route_L_diverse": 0.9957583586374918, "fpem/env_route_L_proto_align": -0.8754586128961472, "fpem/env_route_entropy": 1.0220971323194958, "fpem/env_route_q_max_mean": 0.41503025662331355, "fpem/env_route_train_mode_gradient_compat": 0.0, "fpem/env_route_gradient_compat_aux": 0.0, "fpem/hyper_alpha_mean": 0.9816944173404148, "fpem/hyper_delta_norm": 1.1715164377575829, "fpem/hyper_route_proto_mode_uniform_warmup": 0.0, "fpem/hyper_route_proto_mode_sinkhorn": 1.0, "fpem/hyper_route_proto_mode_softmax": 0.0, "fpem/fallback_q_mean": 0.0, "fpem/fallback_q_max": 0.0, "fpem/env_q_sum_mean": 0.0, "fpem/oracle_fallback_rate": 0.0, "fpem/route_count_fallback": 0.0, "fpem/env_route_head_mode": 1.0, "fpem/route_entropy_mean": 1.0220971323194958, "fpem/route_mean_distribution_entropy": 1.098608500616891, "fpem/effective_expert_number": 2.999988585426694, "fpem/max_expert_usage_ratio": 0.8726190476190476, "fpem/min_expert_usage_ratio": 0.02619047619047619, "fpem/prototype_pairwise_cosine": 0.9831266641616822, "fpem/expert_prediction_pairwise_cosine": 0.9957583586374918, "fpem/expert_collapse_warning": 0.3619047619047619, "fpem/env_route_target_mode_env_prototype": 1.0, "fpem/env_route_target_mode_hybrid": 0.0, "fpem/env_route_hybrid_alpha": 1.0, "fpem/env_route_count_head_0": 10.771428571428572, "fpem/env_route_oracle_count_head_0": 10.771428571428572, "fpem/route_count_env_head_0": 10.771428571428572, "fpem/route_soft_mean_expert_0": 0.333163674388613, "fpem/route_hard_count_expert_0": 10.771428571428572, "fpem/hyper_alpha_head_0": 0.9617580720356532, "fpem/hyper_gamma_norm_head_0": 8.480211480458577, "fpem/hyper_beta_norm_head_0": 0.5742058873176574, "fpem/env_route_count_head_1": 1.6, "fpem/env_route_oracle_count_head_1": 1.6, "fpem/route_count_env_head_1": 1.6, "fpem/route_soft_mean_expert_1": 0.33353790158317204, "fpem/route_hard_count_expert_1": 1.6, "fpem/hyper_alpha_head_1": 0.9924190379324414, "fpem/hyper_gamma_norm_head_1": 8.711692587534587, "fpem/hyper_beta_norm_head_1": 0.607128800096966, "fpem/env_route_count_head_2": 3.6285714285714286, "fpem/env_route_oracle_count_head_2": 3.6285714285714286, "fpem/route_count_env_head_2": 3.6285714285714286, "fpem/route_soft_mean_expert_2": 0.33329843282699584, "fpem/route_hard_count_expert_2": 3.6285714285714286, "fpem/hyper_alpha_head_2": 0.9909060892604646, "fpem/hyper_gamma_norm_head_2": 8.582614153907413, "fpem/hyper_beta_norm_head_2": 0.5693550070126852, "fpem/future_mi_loss": -0.919741419951121, "fpem/future_mi_valid": 1.0, "fpem/future_mi_logvar_mean": -2.426085308619908, "fpem/future_mi_target_mode_env_encoder": 1.0, "fpem/swap_loss": 0.0, "fpem/swap_diff_loss": 0.0, "fpem/swap_same_loss": 0.0, "fpem/swap_gain_mean": 0.0, "fpem/swap_s_gain_mean": 0.0, "fpem/swap_fallback_router_loss": 0.0, "fpem/swap_fallback_q_mean": 0.0, "fpem/swap_prediction_delta": 0.0, "fpem/swap_route_delta": 0.0, "fpem/swap_hyper_alpha_delta": 0.0, "fpem/swap_hyper_delta_norm": 0.0, "fpem/loss_env_day": 0.0, "fpem/loss_env_hour": 0.0, "fpem/loss_env_rush": 0.0, "fpem/env_day_acc": 0.0, "fpem/env_hour_acc": 0.0, "fpem/env_rush_acc": 0.0, "fpem/loss_env_supcon": 0.0, "fpem/env_supcon_valid_pairs": 0.0, "fpem/loss_inv_env_adv": 0.0, "fpem/inv_day_acc": 0.0, "fpem/inv_hour_acc": 0.0, "fpem/inv_rush_acc": 0.0, "fpem/loss_cross_cov_sep": 0.0, "fpem/primary_loss": 16.11835461571103, "fpem/inv_pred_loss": 47.19794794718425, "fpem/primary_uses_route": 1.0, "fpem/primary_uses_env_fusion": 0.0, "fpem/backbone_agcrn": 1.0, "fpem/gc_pred_loss_only": 1.0, "fpem/env_route_head_mode_hyper_proto": 1.0, "fpem/lambda_club_mi": 0.0}}
