============================================================
[START] 2026-07-15T15:03:13+08:00
[ATTEMPT] 1
[COMMAND] CUDA_VISIBLE_DEVICES=5 python run_tds_nyctaxi.py --config_filename configs/NYCTaxi.yaml --dataset NYCTaxi_TDS --data_dir data --graph_file data/NYCTaxi_TDS/adj_mx.npz --model steve --epochs 100 --batch_size 16 --test_batch_size 16 --device cuda:0 --train_work_per_holiday 2.5 --result_root experiments/NYCTaxi_TDS --resume true --resume_reset_patience true --early_stop_test_avg_mae_epoch 40 --early_stop_test_avg_mae_threshold 12 --fpem_backbone agcrn --fpem_use_pretrained_inv_agcrn true --fpem_pretrained_inv_agcrn_path /data/OuXiaoyu/STEVE_CODE/STEVE/experiments/NYCTaxi_TDS/pure_agcrn_seed2024/best_val_model.pth --agcrn_embed_dim 10 --agcrn_num_layers 2 --agcrn_cheb_k 2 --fpem_use_confounder_extractor false --fpem_use_env_mask false --fpem_confounder_use_mask false --fpem_lambda_mask_sparse 0.0 --fpem_lambda_mask_entropy 0.0 --fpem_lambda_inv_pred 0.0 --fpem_use_env_route true --fpem_env_route_k 3 --fpem_env_route_warmup_epochs 0 --fpem_env_route_tau 1.0 --fpem_env_route_oracle_tau 0.3 --fpem_env_route_train_mode soft_oracle --fpem_env_route_hidden_dim 64 --fpem_env_route_lambda_final 1.0 --fpem_env_route_lambda_global 0.0 --fpem_env_route_lambda_route_soft 0.5 --fpem_env_route_lambda_expert 0.2 --fpem_env_route_lambda_router_oracle 1.0 --fpem_env_route_lambda_balance 0.1 --fpem_env_route_lambda_diverse 0.02 --fpem_env_route_lambda_proto_align 0.01 --fpem_env_route_lambda_entropy 0.0 --fpem_hyper_alpha_mode sample_gate --fpem_lambda_hyper_delta_norm 0.0001 --fpem_use_env_prototype_router true --fpem_env_route_target_mode env_prototype --fpem_env_prototype_temperature 1.0 --fpem_use_sinkhorn_route true --fpem_sinkhorn_iters 3 --fpem_sinkhorn_epsilon 0.05 --fpem_expert_uniform_warmup_epochs 5 --fpem_env_route_balance_warmup_epochs 10 --fpem_env_route_initial_temperature 1.0 --fpem_env_route_final_temperature 0.3 --fpem_env_use_exogenous true --fpem_use_env_supervision false --fpem_lambda_env_day_cls 0.0 --fpem_lambda_env_hour_cls 0.0 --fpem_lambda_env_rush_cls 0.0 --fpem_use_env_supcon false --fpem_lambda_env_supcon 0.0 --fpem_use_inv_projector false --fpem_use_inv_env_adversarial false --fpem_use_cross_cov_sep false --fpem_use_club_mi false --fpem_lambda_club_mi 0.0 --fpem_use_env_fusion false --fpem_env_route_use_inv_fallback_expert false --fpem_use_future_mi false --fpem_lambda_future_mi 0.0 --fpem_future_mi_target_mode env_encoder --fpem_future_mi_warmup_epochs 5 --fpem_future_mi_hidden_dim 64 --fpem_future_mi_detach_target true --fpem_use_swap false --fpem_lambda_swap 0.0 --fpem_swap_warmup_epochs 30 --fpem_swap_margin 0.01 --fpem_swap_gain_eta 0.0 --fpem_swap_gain_tau 0.05 --fpem_lambda_swap_diff 1.0 --fpem_lambda_swap_same 0.05 --fpem_swap_only_diff_route true --fpem_swap_detach_inv true --fpem_swap_detach_env false --fpem_use_swap_fallback_router_loss false --fpem_lambda_swap_fallback_router 0.0 --fpem_use_grad_consensus false --fpem_gc_pred_loss_only true --seed 2025 --exp_name fpem_agcrn_aligned_pretrained_inv_hyper_proto_hyper_proto_sinkhorn_future_seed2025 --ablation hyper_proto_sinkhorn_future --fpem_env_route_head_mode hyper_inv_film_proto --fpem_use_sinkhorn_route true --fpem_use_future_mi true --fpem_lambda_future_mi 0.02 --fpem_use_swap false --fpem_lambda_swap 0.0 
============================================================
[StableST] loaded pretrained invariant AGCRN encoder from /data/OuXiaoyu/STEVE_CODE/STEVE/experiments/NYCTaxi_TDS/pure_agcrn_seed2024/best_val_model.pth; missing=[] unexpected=[]
{
  "args": {
    "seed": 2025,
    "device": "cuda:0",
    "mode": "train",
    "best_path": "/home/zhangwt/remote/StableST/experiments/NYCTaxi/20240510-014845/best_model.pth",
    "debug": false,
    "data_dir": "/data/OuXiaoyu/STEVE_CODE/STEVE/data",
    "dataset": "NYCTaxi_TDS",
    "input_length": 35,
    "batch_size": 16,
    "test_batch_size": 16,
    "graph_file": "/data/OuXiaoyu/STEVE_CODE/STEVE/data/NYCTaxi_TDS/adj_mx.npz",
    "num_nodes": 200,
    "len_closeness": 8,
    "len_period": 27,
    "len_trend": 0,
    "d_input": 2,
    "d_output": 2,
    "d_model": 64,
    "dropout": 0.1,
    "percent": 0.1,
    "shm_temp": 0.5,
    "nmb_prototype": 4,
    "yita": 0.5,
    "layers": 3,
    "K": 64,
    "bank_gamma": 0.2,
    "kw": 1,
    "mi_w": 2,
    "epochs": 100,
    "lr_init": 0.001,
    "early_stop": true,
    "early_stop_patience": 30,
    "grad_norm": true,
    "max_grad_norm": 5,
    "use_dwa": true,
    "temp": 2,
    "MMI": false,
    "lr_patience": 20,
    "lr_mode": "only",
    "use_RevIN": true,
    "ablation": "hyper_proto_sinkhorn_future",
    "config_filename": "/data/OuXiaoyu/STEVE_CODE/STEVE/configs/NYCTaxi.yaml",
    "model": "steve",
    "early_stop_test_avg_mae_epoch": 40,
    "early_stop_test_avg_mae_threshold": 12.0,
    "train_work_per_holiday": 2.5,
    "exp_name": "fpem_agcrn_aligned_pretrained_inv_hyper_proto_hyper_proto_sinkhorn_future_seed2025",
    "run_name": "fpem_agcrn_aligned_pretrained_inv_hyper_proto_hyper_proto_sinkhorn_future_seed2025",
    "result_root": "/data/OuXiaoyu/STEVE_CODE/STEVE/experiments/NYCTaxi_TDS",
    "resume": true,
    "resume_reset_patience": true,
    "max_train_batches": null,
    "max_eval_batches": null,
    "agcrn_lr": 0.003,
    "agcrn_embed_dim": 10,
    "agcrn_rnn_units": 64,
    "agcrn_num_layers": 2,
    "agcrn_cheb_k": 2,
    "fpem_use_pretrained_inv_agcrn": true,
    "fpem_pretrained_inv_agcrn_path": "/data/OuXiaoyu/STEVE_CODE/STEVE/experiments/NYCTaxi_TDS/pure_agcrn_seed2024/best_val_model.pth",
    "fpem_use_env_supervision": false,
    "fpem_lambda_env_day_cls": 0.0,
    "fpem_lambda_env_hour_cls": 0.0,
    "fpem_lambda_env_rush_cls": 0.0,
    "fpem_env_use_exogenous": true,
    "fpem_env_exogenous_hour_dim": 8,
    "fpem_env_exogenous_day_dim": 4,
    "fpem_env_exogenous_rush_dim": 4,
    "fpem_env_exogenous_load_dim": 8,
    "fpem_env_exogenous_load_num_embeddings": 6,
    "fpem_env_exogenous_scale": 0.1,
    "fpem_use_env_supcon": false,
    "fpem_lambda_env_supcon": 0.0,
    "fpem_env_supcon_temperature": 0.1,
    "fpem_use_inv_projector": false,
    "fpem_use_inv_env_adversarial": false,
    "fpem_lambda_inv_env_adv": 0.0,
    "fpem_grl_alpha": 1.0,
    "fpem_env_route_head_mode": "hyper_inv_film_proto",
    "fpem_use_env_prototype_router": true,
    "fpem_env_route_target_mode": "env_prototype",
    "fpem_env_prototype_temperature": 1.0,
    "fpem_env_route_hybrid_alpha": 1.0,
    "fpem_env_route_hybrid_alpha_start": 1.0,
    "fpem_env_route_hybrid_alpha_end": 0.5,
    "fpem_env_route_hybrid_alpha_decay_epochs": 30,
    "fpem_use_sinkhorn_route": true,
    "fpem_sinkhorn_iters": 3,
    "fpem_sinkhorn_epsilon": 0.05,
    "fpem_expert_uniform_warmup_epochs": 5,
    "fpem_env_route_balance_warmup_epochs": 10,
    "fpem_env_route_initial_temperature": 1.0,
    "fpem_env_route_final_temperature": 0.3,
    "fpem_use_cross_cov_sep": false,
    "fpem_lambda_cross_cov_sep": 0.0,
    "fpem_backbone": "agcrn",
    "fpem_use_confounder_extractor": false,
    "fpem_use_env_mask": false,
    "fpem_confounder_use_mask": false,
    "fpem_lambda_mask_sparse": 0.0,
    "fpem_lambda_mask_entropy": 0.0,
    "fpem_lambda_inv_pred": 0.0,
    "fpem_use_env_route": true,
    "fpem_env_route_k": 3,
    "fpem_env_route_warmup_epochs": 0,
    "fpem_env_route_tau": 1.0,
    "fpem_env_route_oracle_tau": 0.3,
    "fpem_env_route_train_mode": "soft_oracle",
    "fpem_env_route_hidden_dim": 64,
    "fpem_env_route_lambda_final": 1.0,
    "fpem_env_route_lambda_global": 0.0,
    "fpem_env_route_lambda_route_soft": 0.5,
    "fpem_env_route_lambda_expert": 0.2,
    "fpem_env_route_lambda_router_oracle": 1.0,
    "fpem_env_route_lambda_balance": 0.1,
    "fpem_env_route_lambda_diverse": 0.02,
    "fpem_env_route_lambda_proto_align": 0.01,
    "fpem_env_route_lambda_entropy": 0.0,
    "fpem_hyper_alpha_mode": "sample_gate",
    "fpem_lambda_hyper_delta_norm": 0.0001,
    "fpem_use_club_mi": false,
    "fpem_lambda_club_mi": 0.0,
    "fpem_use_env_fusion": false,
    "fpem_env_route_use_inv_fallback_expert": false,
    "fpem_use_future_mi": true,
    "fpem_lambda_future_mi": 0.02,
    "fpem_future_mi_target_mode": "env_encoder",
    "fpem_future_mi_warmup_epochs": 5,
    "fpem_future_mi_hidden_dim": 64,
    "fpem_future_mi_detach_target": true,
    "fpem_use_swap": false,
    "fpem_lambda_swap": 0.0,
    "fpem_swap_warmup_epochs": 30,
    "fpem_swap_margin": 0.01,
    "fpem_swap_gain_eta": 0.0,
    "fpem_swap_gain_tau": 0.05,
    "fpem_lambda_swap_diff": 1.0,
    "fpem_lambda_swap_same": 0.05,
    "fpem_swap_only_diff_route": true,
    "fpem_swap_detach_inv": true,
    "fpem_swap_detach_env": false,
    "fpem_use_swap_fallback_router_loss": false,
    "fpem_lambda_swap_fallback_router": 0.0,
    "fpem_use_grad_consensus": false,
    "fpem_gc_pred_loss_only": true,
    "git_commit": "1b38ed8",
    "log_dir": "/data/OuXiaoyu/STEVE_CODE/STEVE/experiments/NYCTaxi_TDS/fpem_agcrn_aligned_pretrained_inv_hyper_proto_hyper_proto_sinkhorn_future_seed2025"
  },
  "counts": {
    "train_total": 1680,
    "train_workday": 1200,
    "train_holiday": 480,
    "train_workday_holiday_ratio": 2.5,
    "val_total": 274,
    "val_workday": 178,
    "val_holiday": 96,
    "test_total": 546,
    "test_workday": 354,
    "test_holiday": 192
  },
  "trainable_params": 890020,
  "frozen_params": 819565,
  "optimizer_params": 890020,
  "resume_start_epoch": 1
}
EXPERT_COLLAPSE_WARNING epoch=1 zero_assignment_streak=3
EXPERT_COLLAPSE_WARNING epoch=1 zero_assignment_streak=4
EXPERT_COLLAPSE_WARNING epoch=1 zero_assignment_streak=5
EXPERT_COLLAPSE_WARNING epoch=1 zero_assignment_streak=6
EXPERT_COLLAPSE_WARNING epoch=1 zero_assignment_streak=7
EXPERT_COLLAPSE_WARNING epoch=1 zero_assignment_streak=8
EXPERT_COLLAPSE_WARNING epoch=1 zero_assignment_streak=9
EXPERT_COLLAPSE_WARNING epoch=1 zero_assignment_streak=10
EXPERT_COLLAPSE_WARNING epoch=1 zero_assignment_streak=11
EXPERT_COLLAPSE_WARNING epoch=1 zero_assignment_streak=12
EXPERT_COLLAPSE_WARNING epoch=1 zero_assignment_streak=13
EXPERT_COLLAPSE_WARNING epoch=1 zero_assignment_streak=14
EXPERT_COLLAPSE_WARNING epoch=1 zero_assignment_streak=15
EXPERT_COLLAPSE_WARNING epoch=1 zero_assignment_streak=16
EXPERT_COLLAPSE_WARNING epoch=1 zero_assignment_streak=17
EXPERT_COLLAPSE_WARNING epoch=1 zero_assignment_streak=18
EXPERT_COLLAPSE_WARNING epoch=1 zero_assignment_streak=19
EXPERT_COLLAPSE_WARNING epoch=1 zero_assignment_streak=20
EXPERT_COLLAPSE_WARNING epoch=1 zero_assignment_streak=21
EXPERT_COLLAPSE_WARNING epoch=1 zero_assignment_streak=22
EXPERT_COLLAPSE_WARNING epoch=1 zero_assignment_streak=23
EXPERT_COLLAPSE_WARNING epoch=1 zero_assignment_streak=24
EXPERT_COLLAPSE_WARNING epoch=1 zero_assignment_streak=25
EXPERT_COLLAPSE_WARNING epoch=1 zero_assignment_streak=26
EXPERT_COLLAPSE_WARNING epoch=1 zero_assignment_streak=27
EXPERT_COLLAPSE_WARNING epoch=1 zero_assignment_streak=28
EXPERT_COLLAPSE_WARNING epoch=1 zero_assignment_streak=29
EXPERT_COLLAPSE_WARNING epoch=1 zero_assignment_streak=30
EXPERT_COLLAPSE_WARNING epoch=1 zero_assignment_streak=31
EXPERT_COLLAPSE_WARNING epoch=1 zero_assignment_streak=32
EXPERT_COLLAPSE_WARNING epoch=1 zero_assignment_streak=33
EXPERT_COLLAPSE_WARNING epoch=1 zero_assignment_streak=34
EXPERT_COLLAPSE_WARNING epoch=1 zero_assignment_streak=35
EXPERT_COLLAPSE_WARNING epoch=1 zero_assignment_streak=36
EXPERT_COLLAPSE_WARNING epoch=1 zero_assignment_streak=37
EXPERT_COLLAPSE_WARNING epoch=1 zero_assignment_streak=38
EXPERT_COLLAPSE_WARNING epoch=1 zero_assignment_streak=39
EXPERT_COLLAPSE_WARNING epoch=1 zero_assignment_streak=40
EXPERT_COLLAPSE_WARNING epoch=1 zero_assignment_streak=41
EXPERT_COLLAPSE_WARNING epoch=1 zero_assignment_streak=42
EXPERT_COLLAPSE_WARNING epoch=1 zero_assignment_streak=43
EXPERT_COLLAPSE_WARNING epoch=1 zero_assignment_streak=44
EXPERT_COLLAPSE_WARNING epoch=1 zero_assignment_streak=45
EXPERT_COLLAPSE_WARNING epoch=1 zero_assignment_streak=46
EXPERT_COLLAPSE_WARNING epoch=1 zero_assignment_streak=47
EXPERT_COLLAPSE_WARNING epoch=1 zero_assignment_streak=48
EXPERT_COLLAPSE_WARNING epoch=1 zero_assignment_streak=49
EXPERT_COLLAPSE_WARNING epoch=1 zero_assignment_streak=50
EXPERT_COLLAPSE_WARNING epoch=1 zero_assignment_streak=51
EXPERT_COLLAPSE_WARNING epoch=1 zero_assignment_streak=52
EXPERT_COLLAPSE_WARNING epoch=1 zero_assignment_streak=53
EXPERT_COLLAPSE_WARNING epoch=1 zero_assignment_streak=54
EXPERT_COLLAPSE_WARNING epoch=1 zero_assignment_streak=55
EXPERT_COLLAPSE_WARNING epoch=1 zero_assignment_streak=56
EXPERT_COLLAPSE_WARNING epoch=1 zero_assignment_streak=57
EXPERT_COLLAPSE_WARNING epoch=1 zero_assignment_streak=58
EXPERT_COLLAPSE_WARNING epoch=1 zero_assignment_streak=59
EXPERT_COLLAPSE_WARNING epoch=1 zero_assignment_streak=60
EXPERT_COLLAPSE_WARNING epoch=1 zero_assignment_streak=61
EXPERT_COLLAPSE_WARNING epoch=1 zero_assignment_streak=62
EXPERT_COLLAPSE_WARNING epoch=1 zero_assignment_streak=63
EXPERT_COLLAPSE_WARNING epoch=1 zero_assignment_streak=64
EXPERT_COLLAPSE_WARNING epoch=1 zero_assignment_streak=65
EXPERT_COLLAPSE_WARNING epoch=1 zero_assignment_streak=66
EXPERT_COLLAPSE_WARNING epoch=1 zero_assignment_streak=67
EXPERT_COLLAPSE_WARNING epoch=1 zero_assignment_streak=68
EXPERT_COLLAPSE_WARNING epoch=1 zero_assignment_streak=69
EXPERT_COLLAPSE_WARNING epoch=1 zero_assignment_streak=70
EXPERT_COLLAPSE_WARNING epoch=1 zero_assignment_streak=71
EXPERT_COLLAPSE_WARNING epoch=1 zero_assignment_streak=72
EXPERT_COLLAPSE_WARNING epoch=1 zero_assignment_streak=73
EXPERT_COLLAPSE_WARNING epoch=1 zero_assignment_streak=74
EXPERT_COLLAPSE_WARNING epoch=1 zero_assignment_streak=75
EXPERT_COLLAPSE_WARNING epoch=1 zero_assignment_streak=76
EXPERT_COLLAPSE_WARNING epoch=1 zero_assignment_streak=77
EXPERT_COLLAPSE_WARNING epoch=1 zero_assignment_streak=78
EXPERT_COLLAPSE_WARNING epoch=1 zero_assignment_streak=79
EXPERT_COLLAPSE_WARNING epoch=1 zero_assignment_streak=80
EXPERT_COLLAPSE_WARNING epoch=1 zero_assignment_streak=81
EXPERT_COLLAPSE_WARNING epoch=1 zero_assignment_streak=82
EXPERT_COLLAPSE_WARNING epoch=1 zero_assignment_streak=83
EXPERT_COLLAPSE_WARNING epoch=1 zero_assignment_streak=84
EXPERT_COLLAPSE_WARNING epoch=1 zero_assignment_streak=85
EXPERT_COLLAPSE_WARNING epoch=1 zero_assignment_streak=86
EXPERT_COLLAPSE_WARNING epoch=1 zero_assignment_streak=87
EXPERT_COLLAPSE_WARNING epoch=1 zero_assignment_streak=88
EXPERT_COLLAPSE_WARNING epoch=1 zero_assignment_streak=89
EXPERT_COLLAPSE_WARNING epoch=1 zero_assignment_streak=90
EXPERT_COLLAPSE_WARNING epoch=1 zero_assignment_streak=91
EXPERT_COLLAPSE_WARNING epoch=1 zero_assignment_streak=92
EXPERT_COLLAPSE_WARNING epoch=1 zero_assignment_streak=93
EXPERT_COLLAPSE_WARNING epoch=1 zero_assignment_streak=94
EXPERT_COLLAPSE_WARNING epoch=1 zero_assignment_streak=95
EXPERT_COLLAPSE_WARNING epoch=1 zero_assignment_streak=96
EXPERT_COLLAPSE_WARNING epoch=1 zero_assignment_streak=97
EXPERT_COLLAPSE_WARNING epoch=1 zero_assignment_streak=98
EXPERT_COLLAPSE_WARNING epoch=1 zero_assignment_streak=99
EXPERT_COLLAPSE_WARNING epoch=1 zero_assignment_streak=100
EXPERT_COLLAPSE_WARNING epoch=1 zero_assignment_streak=101
EXPERT_COLLAPSE_WARNING epoch=1 zero_assignment_streak=102
EXPERT_COLLAPSE_WARNING epoch=1 zero_assignment_streak=103
EXPERT_COLLAPSE_WARNING epoch=1 zero_assignment_streak=104
EXPERT_COLLAPSE_WARNING epoch=1 zero_assignment_streak=105
EPOCH {"epoch": 1, "train_loss": 182.44896770658949, "val": {"loss": 38.64068963792589, "mae": 37.762149810791016, "mape": 0.8088144063949585}, "test_mixed": {"loss": 40.12991540091378, "mae": 39.122283935546875, "mape": 0.7762430310249329}, "test_workday": {"loss": 41.15373744135318, "mae": 40.11882019042969, "mape": 0.7923227548599243}, "test_holiday": {"loss": 38.109988371531166, "mae": 37.394168853759766, "mape": 0.7483588457107544}, "test_avg_mae": 38.75649452209473, "lr": 0.001, "fpem_logs": {"fpem/fpem_env_use_exogenous": 1.0, "fpem/env_exogenous_available": 1.0, "fpem/env_exogenous_time_available": 1.0, "fpem/env_exogenous_load_available": 1.0, "fpem/env_exogenous_feature_dim": 32.0, "fpem/env_exogenous_embedding_norm": 2.3153803098769417, "fpem/env_exogenous_load_embedding_norm": 1.5755414883295695, "fpem/mask_loss": 0.0, "fpem/mask_sparse_loss": 0.0, "fpem/mask_entropy_loss": 0.0, "fpem/mask_mean": 1.0, "fpem/mask_entropy": 0.0, "fpem/mask_active_ratio": 1.0, "fpem/fusion_alpha_mean": 0.0, "fpem/fusion_alpha_std": 0.0, "fpem/fusion_alpha_min": 0.0, "fpem/fusion_alpha_max": 0.0, "fpem/env_route_loss": 115.36209328061058, "fpem/env_route_L_final": 67.08679791405088, "fpem/env_route_L_global": 92.65359576997302, "fpem/env_route_L_route_soft": 67.08679791405088, "fpem/env_route_L_expert": 73.57218090239026, "fpem/env_route_L_router_oracle": 0.0, "fpem/env_route_L_balance": 0.0, "fpem/env_route_L_diverse": 0.9721332862263634, "fpem/env_route_L_proto_align": -0.1982475311584061, "fpem/env_route_entropy": 1.0986123085021973, "fpem/env_route_q_max_mean": 0.3333333432674408, "fpem/env_route_train_mode_gradient_compat": 0.0, "fpem/env_route_gradient_compat_aux": 0.0, "fpem/hyper_alpha_mean": 0.6790510507211799, "fpem/hyper_delta_norm": 0.7594994170021248, "fpem/hyper_route_proto_mode_uniform_warmup": 1.0, "fpem/hyper_route_proto_mode_sinkhorn": 0.0, "fpem/hyper_route_proto_mode_softmax": 0.0, "fpem/fallback_q_mean": 0.0, "fpem/fallback_q_max": 0.0, "fpem/env_q_sum_mean": 0.0, "fpem/oracle_fallback_rate": 0.0, "fpem/route_count_fallback": 0.0, "fpem/env_route_head_mode": 1.0, "fpem/route_entropy_mean": 1.0986123085021973, "fpem/route_mean_distribution_entropy": 1.0986123085021973, "fpem/effective_expert_number": 3.0, "fpem/max_expert_usage_ratio": 1.0, "fpem/min_expert_usage_ratio": 0.0, "fpem/prototype_pairwise_cosine": -0.014027235979890628, "fpem/expert_prediction_pairwise_cosine": 0.9721332862263634, "fpem/expert_collapse_warning": 0.9809523809523809, "fpem/env_route_target_mode_env_prototype": 1.0, "fpem/env_route_target_mode_hybrid": 0.0, "fpem/env_route_hybrid_alpha": 1.0, "fpem/env_route_count_head_0": 16.0, "fpem/env_route_oracle_count_head_0": 16.0, "fpem/route_count_env_head_0": 16.0, "fpem/route_soft_mean_expert_0": 0.3333333432674408, "fpem/route_hard_count_expert_0": 16.0, "fpem/hyper_alpha_head_0": 0.706642914918207, "fpem/hyper_gamma_norm_head_0": 7.47786287997428, "fpem/hyper_beta_norm_head_0": 0.6403215410908507, "fpem/env_route_count_head_1": 0.0, "fpem/env_route_oracle_count_head_1": 0.0, "fpem/route_count_env_head_1": 0.0, "fpem/route_soft_mean_expert_1": 0.3333333432674408, "fpem/route_hard_count_expert_1": 0.0, "fpem/hyper_alpha_head_1": 0.6742185187304304, "fpem/hyper_gamma_norm_head_1": 5.348325080868588, "fpem/hyper_beta_norm_head_1": 0.6876157025850954, "fpem/env_route_count_head_2": 0.0, "fpem/env_route_oracle_count_head_2": 0.0, "fpem/route_count_env_head_2": 0.0, "fpem/route_soft_mean_expert_2": 0.3333333432674408, "fpem/route_hard_count_expert_2": 0.0, "fpem/hyper_alpha_head_2": 0.6562916837277867, "fpem/hyper_gamma_norm_head_2": 5.639801480613339, "fpem/hyper_beta_norm_head_2": 0.6688715804251842, "fpem/future_mi_loss": 0.0, "fpem/future_mi_valid": 0.0, "fpem/future_mi_logvar_mean": 0.0, "fpem/future_mi_target_mode_env_encoder": 0.0, "fpem/swap_loss": 0.0, "fpem/swap_diff_loss": 0.0, "fpem/swap_same_loss": 0.0, "fpem/swap_gain_mean": 0.0, "fpem/swap_s_gain_mean": 0.0, "fpem/swap_fallback_router_loss": 0.0, "fpem/swap_fallback_q_mean": 0.0, "fpem/swap_prediction_delta": 0.0, "fpem/swap_route_delta": 0.0, "fpem/swap_hyper_alpha_delta": 0.0, "fpem/swap_hyper_delta_norm": 0.0, "fpem/loss_env_day": 0.0, "fpem/loss_env_hour": 0.0, "fpem/loss_env_rush": 0.0, "fpem/env_day_acc": 0.0, "fpem/env_hour_acc": 0.0, "fpem/env_rush_acc": 0.0, "fpem/loss_env_supcon": 0.0, "fpem/env_supcon_valid_pairs": 0.0, "fpem/loss_inv_env_adv": 0.0, "fpem/inv_day_acc": 0.0, "fpem/inv_hour_acc": 0.0, "fpem/inv_rush_acc": 0.0, "fpem/loss_cross_cov_sep": 0.0, "fpem/primary_loss": 67.08679791405088, "fpem/inv_pred_loss": 92.65359576997302, "fpem/primary_uses_route": 1.0, "fpem/primary_uses_env_fusion": 0.0, "fpem/backbone_agcrn": 1.0, "fpem/gc_pred_loss_only": 1.0, "fpem/env_route_head_mode_hyper_proto": 1.0, "fpem/lambda_club_mi": 0.0}}
EXPERT_COLLAPSE_WARNING epoch=2 zero_assignment_streak=106
EXPERT_COLLAPSE_WARNING epoch=2 zero_assignment_streak=107
EXPERT_COLLAPSE_WARNING epoch=2 zero_assignment_streak=108
EXPERT_COLLAPSE_WARNING epoch=2 zero_assignment_streak=109
EXPERT_COLLAPSE_WARNING epoch=2 zero_assignment_streak=110
EXPERT_COLLAPSE_WARNING epoch=2 zero_assignment_streak=111
EXPERT_COLLAPSE_WARNING epoch=2 zero_assignment_streak=112
EXPERT_COLLAPSE_WARNING epoch=2 zero_assignment_streak=113
EXPERT_COLLAPSE_WARNING epoch=2 zero_assignment_streak=114
EXPERT_COLLAPSE_WARNING epoch=2 zero_assignment_streak=115
EXPERT_COLLAPSE_WARNING epoch=2 zero_assignment_streak=116
EXPERT_COLLAPSE_WARNING epoch=2 zero_assignment_streak=117
EXPERT_COLLAPSE_WARNING epoch=2 zero_assignment_streak=118
EXPERT_COLLAPSE_WARNING epoch=2 zero_assignment_streak=119
EXPERT_COLLAPSE_WARNING epoch=2 zero_assignment_streak=120
EXPERT_COLLAPSE_WARNING epoch=2 zero_assignment_streak=121
EXPERT_COLLAPSE_WARNING epoch=2 zero_assignment_streak=122
EXPERT_COLLAPSE_WARNING epoch=2 zero_assignment_streak=123
EXPERT_COLLAPSE_WARNING epoch=2 zero_assignment_streak=124
EXPERT_COLLAPSE_WARNING epoch=2 zero_assignment_streak=125
EXPERT_COLLAPSE_WARNING epoch=2 zero_assignment_streak=126
EXPERT_COLLAPSE_WARNING epoch=2 zero_assignment_streak=127
EXPERT_COLLAPSE_WARNING epoch=2 zero_assignment_streak=128
EXPERT_COLLAPSE_WARNING epoch=2 zero_assignment_streak=129
EXPERT_COLLAPSE_WARNING epoch=2 zero_assignment_streak=130
EXPERT_COLLAPSE_WARNING epoch=2 zero_assignment_streak=131
EXPERT_COLLAPSE_WARNING epoch=2 zero_assignment_streak=132
EXPERT_COLLAPSE_WARNING epoch=2 zero_assignment_streak=133
EXPERT_COLLAPSE_WARNING epoch=2 zero_assignment_streak=134
EXPERT_COLLAPSE_WARNING epoch=2 zero_assignment_streak=135
EXPERT_COLLAPSE_WARNING epoch=2 zero_assignment_streak=136
EXPERT_COLLAPSE_WARNING epoch=2 zero_assignment_streak=137
EXPERT_COLLAPSE_WARNING epoch=2 zero_assignment_streak=138
EXPERT_COLLAPSE_WARNING epoch=2 zero_assignment_streak=139
EXPERT_COLLAPSE_WARNING epoch=2 zero_assignment_streak=140
EXPERT_COLLAPSE_WARNING epoch=2 zero_assignment_streak=141
EXPERT_COLLAPSE_WARNING epoch=2 zero_assignment_streak=142
EXPERT_COLLAPSE_WARNING epoch=2 zero_assignment_streak=143
EXPERT_COLLAPSE_WARNING epoch=2 zero_assignment_streak=144
EXPERT_COLLAPSE_WARNING epoch=2 zero_assignment_streak=145
EXPERT_COLLAPSE_WARNING epoch=2 zero_assignment_streak=146
EXPERT_COLLAPSE_WARNING epoch=2 zero_assignment_streak=147
EXPERT_COLLAPSE_WARNING epoch=2 zero_assignment_streak=148
EXPERT_COLLAPSE_WARNING epoch=2 zero_assignment_streak=149
EXPERT_COLLAPSE_WARNING epoch=2 zero_assignment_streak=150
EXPERT_COLLAPSE_WARNING epoch=2 zero_assignment_streak=151
EXPERT_COLLAPSE_WARNING epoch=2 zero_assignment_streak=152
EXPERT_COLLAPSE_WARNING epoch=2 zero_assignment_streak=153
EXPERT_COLLAPSE_WARNING epoch=2 zero_assignment_streak=154
EXPERT_COLLAPSE_WARNING epoch=2 zero_assignment_streak=155
EXPERT_COLLAPSE_WARNING epoch=2 zero_assignment_streak=156
EXPERT_COLLAPSE_WARNING epoch=2 zero_assignment_streak=157
EXPERT_COLLAPSE_WARNING epoch=2 zero_assignment_streak=158
EXPERT_COLLAPSE_WARNING epoch=2 zero_assignment_streak=159
EXPERT_COLLAPSE_WARNING epoch=2 zero_assignment_streak=160
EXPERT_COLLAPSE_WARNING epoch=2 zero_assignment_streak=161
EXPERT_COLLAPSE_WARNING epoch=2 zero_assignment_streak=162
EXPERT_COLLAPSE_WARNING epoch=2 zero_assignment_streak=163
EXPERT_COLLAPSE_WARNING epoch=2 zero_assignment_streak=164
EXPERT_COLLAPSE_WARNING epoch=2 zero_assignment_streak=165
EXPERT_COLLAPSE_WARNING epoch=2 zero_assignment_streak=166
EXPERT_COLLAPSE_WARNING epoch=2 zero_assignment_streak=167
EXPERT_COLLAPSE_WARNING epoch=2 zero_assignment_streak=168
EXPERT_COLLAPSE_WARNING epoch=2 zero_assignment_streak=169
EXPERT_COLLAPSE_WARNING epoch=2 zero_assignment_streak=170
EXPERT_COLLAPSE_WARNING epoch=2 zero_assignment_streak=171
EXPERT_COLLAPSE_WARNING epoch=2 zero_assignment_streak=172
EXPERT_COLLAPSE_WARNING epoch=2 zero_assignment_streak=173
EXPERT_COLLAPSE_WARNING epoch=2 zero_assignment_streak=174
EXPERT_COLLAPSE_WARNING epoch=2 zero_assignment_streak=175
EXPERT_COLLAPSE_WARNING epoch=2 zero_assignment_streak=176
EXPERT_COLLAPSE_WARNING epoch=2 zero_assignment_streak=177
EXPERT_COLLAPSE_WARNING epoch=2 zero_assignment_streak=178
EXPERT_COLLAPSE_WARNING epoch=2 zero_assignment_streak=179
EXPERT_COLLAPSE_WARNING epoch=2 zero_assignment_streak=180
EXPERT_COLLAPSE_WARNING epoch=2 zero_assignment_streak=181
EXPERT_COLLAPSE_WARNING epoch=2 zero_assignment_streak=182
EXPERT_COLLAPSE_WARNING epoch=2 zero_assignment_streak=183
EXPERT_COLLAPSE_WARNING epoch=2 zero_assignment_streak=184
EXPERT_COLLAPSE_WARNING epoch=2 zero_assignment_streak=185
EXPERT_COLLAPSE_WARNING epoch=2 zero_assignment_streak=186
EXPERT_COLLAPSE_WARNING epoch=2 zero_assignment_streak=187
EXPERT_COLLAPSE_WARNING epoch=2 zero_assignment_streak=188
EXPERT_COLLAPSE_WARNING epoch=2 zero_assignment_streak=189
EXPERT_COLLAPSE_WARNING epoch=2 zero_assignment_streak=190
EXPERT_COLLAPSE_WARNING epoch=2 zero_assignment_streak=191
EXPERT_COLLAPSE_WARNING epoch=2 zero_assignment_streak=192
EXPERT_COLLAPSE_WARNING epoch=2 zero_assignment_streak=193
EXPERT_COLLAPSE_WARNING epoch=2 zero_assignment_streak=194
EXPERT_COLLAPSE_WARNING epoch=2 zero_assignment_streak=195
EXPERT_COLLAPSE_WARNING epoch=2 zero_assignment_streak=196
EXPERT_COLLAPSE_WARNING epoch=2 zero_assignment_streak=197
EXPERT_COLLAPSE_WARNING epoch=2 zero_assignment_streak=198
EXPERT_COLLAPSE_WARNING epoch=2 zero_assignment_streak=199
EXPERT_COLLAPSE_WARNING epoch=2 zero_assignment_streak=200
EXPERT_COLLAPSE_WARNING epoch=2 zero_assignment_streak=201
EXPERT_COLLAPSE_WARNING epoch=2 zero_assignment_streak=202
EXPERT_COLLAPSE_WARNING epoch=2 zero_assignment_streak=203
EXPERT_COLLAPSE_WARNING epoch=2 zero_assignment_streak=204
EXPERT_COLLAPSE_WARNING epoch=2 zero_assignment_streak=205
EXPERT_COLLAPSE_WARNING epoch=2 zero_assignment_streak=206
EXPERT_COLLAPSE_WARNING epoch=2 zero_assignment_streak=207
EXPERT_COLLAPSE_WARNING epoch=2 zero_assignment_streak=208
EXPERT_COLLAPSE_WARNING epoch=2 zero_assignment_streak=209
EXPERT_COLLAPSE_WARNING epoch=2 zero_assignment_streak=210
EPOCH {"epoch": 2, "train_loss": 104.05082034156436, "val": {"loss": 31.573832194010418, "mae": 31.26034927368164, "mape": 0.6061515212059021}, "test_mixed": {"loss": 33.65020893641881, "mae": 33.098793029785156, "mape": 0.6074386835098267}, "test_workday": {"loss": 33.81761766516644, "mae": 33.27888107299805, "mape": 0.5975956320762634}, "test_holiday": {"loss": 33.28899876276652, "mae": 32.78650665283203, "mape": 0.6245076656341553}, "test_avg_mae": 33.03269386291504, "lr": 0.001, "fpem_logs": {"fpem/fpem_env_use_exogenous": 1.0, "fpem/env_exogenous_available": 1.0, "fpem/env_exogenous_time_available": 1.0, "fpem/env_exogenous_load_available": 1.0, "fpem/env_exogenous_feature_dim": 32.0, "fpem/env_exogenous_embedding_norm": 2.3238815807160877, "fpem/env_exogenous_load_embedding_norm": 1.5840459993907383, "fpem/mask_loss": 0.0, "fpem/mask_sparse_loss": 0.0, "fpem/mask_entropy_loss": 0.0, "fpem/mask_mean": 1.0, "fpem/mask_entropy": 0.0, "fpem/mask_active_ratio": 1.0, "fpem/fusion_alpha_mean": 0.0, "fpem/fusion_alpha_std": 0.0, "fpem/fusion_alpha_min": 0.0, "fpem/fusion_alpha_max": 0.0, "fpem/env_route_loss": 65.78053621564592, "fpem/env_route_L_final": 38.27019264584496, "fpem/env_route_L_global": 83.52472367059617, "fpem/env_route_L_route_soft": 38.27019264584496, "fpem/env_route_L_expert": 41.80062938871838, "fpem/env_route_L_router_oracle": 0.0, "fpem/env_route_L_balance": 0.0, "fpem/env_route_L_diverse": 0.9941348115603129, "fpem/env_route_L_proto_align": -0.4761982685043698, "fpem/env_route_entropy": 1.0986123085021973, "fpem/env_route_q_max_mean": 0.3333333432674408, "fpem/env_route_train_mode_gradient_compat": 0.0, "fpem/env_route_gradient_compat_aux": 0.0, "fpem/hyper_alpha_mean": 0.99248499302637, "fpem/hyper_delta_norm": 0.9098451398667835, "fpem/hyper_route_proto_mode_uniform_warmup": 1.0, "fpem/hyper_route_proto_mode_sinkhorn": 0.0, "fpem/hyper_route_proto_mode_softmax": 0.0, "fpem/fallback_q_mean": 0.0, "fpem/fallback_q_max": 0.0, "fpem/env_q_sum_mean": 0.0, "fpem/oracle_fallback_rate": 0.0, "fpem/route_count_fallback": 0.0, "fpem/env_route_head_mode": 1.0, "fpem/route_entropy_mean": 1.0986123085021973, "fpem/route_mean_distribution_entropy": 1.0986123085021973, "fpem/effective_expert_number": 3.0, "fpem/max_expert_usage_ratio": 1.0, "fpem/min_expert_usage_ratio": 0.0, "fpem/prototype_pairwise_cosine": 0.19337125307037717, "fpem/expert_prediction_pairwise_cosine": 0.9941348115603129, "fpem/expert_collapse_warning": 1.0, "fpem/env_route_target_mode_env_prototype": 1.0, "fpem/env_route_target_mode_hybrid": 0.0, "fpem/env_route_hybrid_alpha": 1.0, "fpem/env_route_count_head_0": 16.0, "fpem/env_route_oracle_count_head_0": 16.0, "fpem/route_count_env_head_0": 16.0, "fpem/route_soft_mean_expert_0": 0.3333333432674408, "fpem/route_hard_count_expert_0": 16.0, "fpem/hyper_alpha_head_0": 0.9986837642533438, "fpem/hyper_gamma_norm_head_0": 7.707689743950254, "fpem/hyper_beta_norm_head_0": 0.5108573905059269, "fpem/env_route_count_head_1": 0.0, "fpem/env_route_oracle_count_head_1": 0.0, "fpem/route_count_env_head_1": 0.0, "fpem/route_soft_mean_expert_1": 0.3333333432674408, "fpem/route_hard_count_expert_1": 0.0, "fpem/hyper_alpha_head_1": 0.9975680271784465, "fpem/hyper_gamma_norm_head_1": 7.243030638921828, "fpem/hyper_beta_norm_head_1": 0.6675174735841297, "fpem/env_route_count_head_2": 0.0, "fpem/env_route_oracle_count_head_2": 0.0, "fpem/route_count_env_head_2": 0.0, "fpem/route_soft_mean_expert_2": 0.3333333432674408, "fpem/route_hard_count_expert_2": 0.0, "fpem/hyper_alpha_head_2": 0.9812031354222979, "fpem/hyper_gamma_norm_head_2": 7.594689755212693, "fpem/hyper_beta_norm_head_2": 0.603369756255831, "fpem/future_mi_loss": 0.0, "fpem/future_mi_valid": 0.0, "fpem/future_mi_logvar_mean": 0.0, "fpem/future_mi_target_mode_env_encoder": 0.0, "fpem/swap_loss": 0.0, "fpem/swap_diff_loss": 0.0, "fpem/swap_same_loss": 0.0, "fpem/swap_gain_mean": 0.0, "fpem/swap_s_gain_mean": 0.0, "fpem/swap_fallback_router_loss": 0.0, "fpem/swap_fallback_q_mean": 0.0, "fpem/swap_prediction_delta": 0.0, "fpem/swap_route_delta": 0.0, "fpem/swap_hyper_alpha_delta": 0.0, "fpem/swap_hyper_delta_norm": 0.0, "fpem/loss_env_day": 0.0, "fpem/loss_env_hour": 0.0, "fpem/loss_env_rush": 0.0, "fpem/env_day_acc": 0.0, "fpem/env_hour_acc": 0.0, "fpem/env_rush_acc": 0.0, "fpem/loss_env_supcon": 0.0, "fpem/env_supcon_valid_pairs": 0.0, "fpem/loss_inv_env_adv": 0.0, "fpem/inv_day_acc": 0.0, "fpem/inv_hour_acc": 0.0, "fpem/inv_rush_acc": 0.0, "fpem/loss_cross_cov_sep": 0.0, "fpem/primary_loss": 38.27019264584496, "fpem/inv_pred_loss": 83.52472367059617, "fpem/primary_uses_route": 1.0, "fpem/primary_uses_env_fusion": 0.0, "fpem/backbone_agcrn": 1.0, "fpem/gc_pred_loss_only": 1.0, "fpem/env_route_head_mode_hyper_proto": 1.0, "fpem/lambda_club_mi": 0.0}}
EXPERT_COLLAPSE_WARNING epoch=3 zero_assignment_streak=211
EXPERT_COLLAPSE_WARNING epoch=3 zero_assignment_streak=212
EXPERT_COLLAPSE_WARNING epoch=3 zero_assignment_streak=213
EXPERT_COLLAPSE_WARNING epoch=3 zero_assignment_streak=214
EXPERT_COLLAPSE_WARNING epoch=3 zero_assignment_streak=215
EXPERT_COLLAPSE_WARNING epoch=3 zero_assignment_streak=216
EXPERT_COLLAPSE_WARNING epoch=3 zero_assignment_streak=217
EXPERT_COLLAPSE_WARNING epoch=3 zero_assignment_streak=218
EXPERT_COLLAPSE_WARNING epoch=3 zero_assignment_streak=219
EXPERT_COLLAPSE_WARNING epoch=3 zero_assignment_streak=220
EXPERT_COLLAPSE_WARNING epoch=3 zero_assignment_streak=221
EXPERT_COLLAPSE_WARNING epoch=3 zero_assignment_streak=222
EXPERT_COLLAPSE_WARNING epoch=3 zero_assignment_streak=223
EXPERT_COLLAPSE_WARNING epoch=3 zero_assignment_streak=224
EXPERT_COLLAPSE_WARNING epoch=3 zero_assignment_streak=225
EXPERT_COLLAPSE_WARNING epoch=3 zero_assignment_streak=226
EXPERT_COLLAPSE_WARNING epoch=3 zero_assignment_streak=227
EXPERT_COLLAPSE_WARNING epoch=3 zero_assignment_streak=228
EXPERT_COLLAPSE_WARNING epoch=3 zero_assignment_streak=229
EXPERT_COLLAPSE_WARNING epoch=3 zero_assignment_streak=230
EXPERT_COLLAPSE_WARNING epoch=3 zero_assignment_streak=231
EXPERT_COLLAPSE_WARNING epoch=3 zero_assignment_streak=232
EXPERT_COLLAPSE_WARNING epoch=3 zero_assignment_streak=233
EXPERT_COLLAPSE_WARNING epoch=3 zero_assignment_streak=234
EXPERT_COLLAPSE_WARNING epoch=3 zero_assignment_streak=235
EXPERT_COLLAPSE_WARNING epoch=3 zero_assignment_streak=236
EXPERT_COLLAPSE_WARNING epoch=3 zero_assignment_streak=237
EXPERT_COLLAPSE_WARNING epoch=3 zero_assignment_streak=238
EXPERT_COLLAPSE_WARNING epoch=3 zero_assignment_streak=239
EXPERT_COLLAPSE_WARNING epoch=3 zero_assignment_streak=240
EXPERT_COLLAPSE_WARNING epoch=3 zero_assignment_streak=241
EXPERT_COLLAPSE_WARNING epoch=3 zero_assignment_streak=242
EXPERT_COLLAPSE_WARNING epoch=3 zero_assignment_streak=243
EXPERT_COLLAPSE_WARNING epoch=3 zero_assignment_streak=244
EXPERT_COLLAPSE_WARNING epoch=3 zero_assignment_streak=245
EXPERT_COLLAPSE_WARNING epoch=3 zero_assignment_streak=246
EXPERT_COLLAPSE_WARNING epoch=3 zero_assignment_streak=247
EXPERT_COLLAPSE_WARNING epoch=3 zero_assignment_streak=248
EXPERT_COLLAPSE_WARNING epoch=3 zero_assignment_streak=249
EXPERT_COLLAPSE_WARNING epoch=3 zero_assignment_streak=250
EXPERT_COLLAPSE_WARNING epoch=3 zero_assignment_streak=251
EXPERT_COLLAPSE_WARNING epoch=3 zero_assignment_streak=252
EXPERT_COLLAPSE_WARNING epoch=3 zero_assignment_streak=253
EXPERT_COLLAPSE_WARNING epoch=3 zero_assignment_streak=254
EXPERT_COLLAPSE_WARNING epoch=3 zero_assignment_streak=255
EXPERT_COLLAPSE_WARNING epoch=3 zero_assignment_streak=256
EXPERT_COLLAPSE_WARNING epoch=3 zero_assignment_streak=257
EXPERT_COLLAPSE_WARNING epoch=3 zero_assignment_streak=258
EXPERT_COLLAPSE_WARNING epoch=3 zero_assignment_streak=259
EXPERT_COLLAPSE_WARNING epoch=3 zero_assignment_streak=260
EXPERT_COLLAPSE_WARNING epoch=3 zero_assignment_streak=261
EXPERT_COLLAPSE_WARNING epoch=3 zero_assignment_streak=262
EXPERT_COLLAPSE_WARNING epoch=3 zero_assignment_streak=263
EXPERT_COLLAPSE_WARNING epoch=3 zero_assignment_streak=264
EXPERT_COLLAPSE_WARNING epoch=3 zero_assignment_streak=265
EXPERT_COLLAPSE_WARNING epoch=3 zero_assignment_streak=266
EXPERT_COLLAPSE_WARNING epoch=3 zero_assignment_streak=267
EXPERT_COLLAPSE_WARNING epoch=3 zero_assignment_streak=268
EXPERT_COLLAPSE_WARNING epoch=3 zero_assignment_streak=269
EXPERT_COLLAPSE_WARNING epoch=3 zero_assignment_streak=270
EXPERT_COLLAPSE_WARNING epoch=3 zero_assignment_streak=271
EXPERT_COLLAPSE_WARNING epoch=3 zero_assignment_streak=272
EXPERT_COLLAPSE_WARNING epoch=3 zero_assignment_streak=273
EXPERT_COLLAPSE_WARNING epoch=3 zero_assignment_streak=274
EXPERT_COLLAPSE_WARNING epoch=3 zero_assignment_streak=275
EXPERT_COLLAPSE_WARNING epoch=3 zero_assignment_streak=276
EXPERT_COLLAPSE_WARNING epoch=3 zero_assignment_streak=277
EXPERT_COLLAPSE_WARNING epoch=3 zero_assignment_streak=278
EXPERT_COLLAPSE_WARNING epoch=3 zero_assignment_streak=279
EXPERT_COLLAPSE_WARNING epoch=3 zero_assignment_streak=280
EXPERT_COLLAPSE_WARNING epoch=3 zero_assignment_streak=281
EXPERT_COLLAPSE_WARNING epoch=3 zero_assignment_streak=282
EXPERT_COLLAPSE_WARNING epoch=3 zero_assignment_streak=283
EXPERT_COLLAPSE_WARNING epoch=3 zero_assignment_streak=284
EXPERT_COLLAPSE_WARNING epoch=3 zero_assignment_streak=285
EXPERT_COLLAPSE_WARNING epoch=3 zero_assignment_streak=286
EXPERT_COLLAPSE_WARNING epoch=3 zero_assignment_streak=287
EXPERT_COLLAPSE_WARNING epoch=3 zero_assignment_streak=288
EXPERT_COLLAPSE_WARNING epoch=3 zero_assignment_streak=289
EXPERT_COLLAPSE_WARNING epoch=3 zero_assignment_streak=290
EXPERT_COLLAPSE_WARNING epoch=3 zero_assignment_streak=291
EXPERT_COLLAPSE_WARNING epoch=3 zero_assignment_streak=292
EXPERT_COLLAPSE_WARNING epoch=3 zero_assignment_streak=293
EXPERT_COLLAPSE_WARNING epoch=3 zero_assignment_streak=294
EXPERT_COLLAPSE_WARNING epoch=3 zero_assignment_streak=295
EXPERT_COLLAPSE_WARNING epoch=3 zero_assignment_streak=296
EXPERT_COLLAPSE_WARNING epoch=3 zero_assignment_streak=297
EXPERT_COLLAPSE_WARNING epoch=3 zero_assignment_streak=298
EXPERT_COLLAPSE_WARNING epoch=3 zero_assignment_streak=299
EXPERT_COLLAPSE_WARNING epoch=3 zero_assignment_streak=300
EXPERT_COLLAPSE_WARNING epoch=3 zero_assignment_streak=301
EXPERT_COLLAPSE_WARNING epoch=3 zero_assignment_streak=302
EXPERT_COLLAPSE_WARNING epoch=3 zero_assignment_streak=303
EXPERT_COLLAPSE_WARNING epoch=3 zero_assignment_streak=304
EXPERT_COLLAPSE_WARNING epoch=3 zero_assignment_streak=305
EXPERT_COLLAPSE_WARNING epoch=3 zero_assignment_streak=306
EXPERT_COLLAPSE_WARNING epoch=3 zero_assignment_streak=307
EXPERT_COLLAPSE_WARNING epoch=3 zero_assignment_streak=308
EXPERT_COLLAPSE_WARNING epoch=3 zero_assignment_streak=309
EXPERT_COLLAPSE_WARNING epoch=3 zero_assignment_streak=310
EXPERT_COLLAPSE_WARNING epoch=3 zero_assignment_streak=311
EXPERT_COLLAPSE_WARNING epoch=3 zero_assignment_streak=312
EXPERT_COLLAPSE_WARNING epoch=3 zero_assignment_streak=313
EXPERT_COLLAPSE_WARNING epoch=3 zero_assignment_streak=314
EXPERT_COLLAPSE_WARNING epoch=3 zero_assignment_streak=315
EPOCH {"epoch": 3, "train_loss": 82.48970620291574, "val": {"loss": 25.198189629448784, "mae": 24.863271713256836, "mape": 0.43935489654541016}, "test_mixed": {"loss": 25.941365051269532, "mae": 25.427358627319336, "mape": 0.43328890204429626}, "test_workday": {"loss": 25.966879388560418, "mae": 25.363676071166992, "mape": 0.4285491406917572}, "test_holiday": {"loss": 25.867456277211506, "mae": 25.53778648376465, "mape": 0.44150814414024353}, "test_avg_mae": 25.45073127746582, "lr": 0.001, "fpem_logs": {"fpem/fpem_env_use_exogenous": 1.0, "fpem/env_exogenous_available": 1.0, "fpem/env_exogenous_time_available": 1.0, "fpem/env_exogenous_load_available": 1.0, "fpem/env_exogenous_feature_dim": 32.0, "fpem/env_exogenous_embedding_norm": 2.368696180979411, "fpem/env_exogenous_load_embedding_norm": 1.6462096350533622, "fpem/mask_loss": 0.0, "fpem/mask_sparse_loss": 0.0, "fpem/mask_entropy_loss": 0.0, "fpem/mask_mean": 1.0, "fpem/mask_entropy": 0.0, "fpem/mask_active_ratio": 1.0, "fpem/fusion_alpha_mean": 0.0, "fpem/fusion_alpha_std": 0.0, "fpem/fusion_alpha_min": 0.0, "fpem/fusion_alpha_max": 0.0, "fpem/env_route_loss": 53.584649040585475, "fpem/env_route_L_final": 31.21209311712356, "fpem/env_route_L_global": 82.47090316045852, "fpem/env_route_L_route_soft": 31.21209311712356, "fpem/env_route_L_expert": 33.76750909714472, "fpem/env_route_L_router_oracle": 0.0, "fpem/env_route_L_balance": 0.0, "fpem/env_route_L_diverse": 0.9964723876544408, "fpem/env_route_L_proto_align": -0.6921897763297671, "fpem/env_route_entropy": 1.0986123085021973, "fpem/env_route_q_max_mean": 0.3333333432674408, "fpem/env_route_train_mode_gradient_compat": 0.0, "fpem/env_route_gradient_compat_aux": 0.0, "fpem/hyper_alpha_mean": 0.9916691297576541, "fpem/hyper_delta_norm": 0.9519839479809715, "fpem/hyper_route_proto_mode_uniform_warmup": 1.0, "fpem/hyper_route_proto_mode_sinkhorn": 0.0, "fpem/hyper_route_proto_mode_softmax": 0.0, "fpem/fallback_q_mean": 0.0, "fpem/fallback_q_max": 0.0, "fpem/env_q_sum_mean": 0.0, "fpem/oracle_fallback_rate": 0.0, "fpem/route_count_fallback": 0.0, "fpem/env_route_head_mode": 1.0, "fpem/route_entropy_mean": 1.0986123085021973, "fpem/route_mean_distribution_entropy": 1.0986123085021973, "fpem/effective_expert_number": 3.0, "fpem/max_expert_usage_ratio": 1.0, "fpem/min_expert_usage_ratio": 0.0, "fpem/prototype_pairwise_cosine": 0.5133631953171321, "fpem/expert_prediction_pairwise_cosine": 0.9964723876544408, "fpem/expert_collapse_warning": 1.0, "fpem/env_route_target_mode_env_prototype": 1.0, "fpem/env_route_target_mode_hybrid": 0.0, "fpem/env_route_hybrid_alpha": 1.0, "fpem/env_route_count_head_0": 16.0, "fpem/env_route_oracle_count_head_0": 16.0, "fpem/route_count_env_head_0": 16.0, "fpem/route_soft_mean_expert_0": 0.3333333432674408, "fpem/route_hard_count_expert_0": 16.0, "fpem/hyper_alpha_head_0": 0.9980311757042295, "fpem/hyper_gamma_norm_head_0": 7.737623537154425, "fpem/hyper_beta_norm_head_0": 0.5717375403358823, "fpem/env_route_count_head_1": 0.0, "fpem/env_route_oracle_count_head_1": 0.0, "fpem/route_count_env_head_1": 0.0, "fpem/route_soft_mean_expert_1": 0.3333333432674408, "fpem/route_hard_count_expert_1": 0.0, "fpem/hyper_alpha_head_1": 0.9949135882513863, "fpem/hyper_gamma_norm_head_1": 7.446057274228051, "fpem/hyper_beta_norm_head_1": 0.6988098502159119, "fpem/env_route_count_head_2": 0.0, "fpem/env_route_oracle_count_head_2": 0.0, "fpem/route_count_env_head_2": 0.0, "fpem/route_soft_mean_expert_2": 0.3333333432674408, "fpem/route_hard_count_expert_2": 0.0, "fpem/hyper_alpha_head_2": 0.9820625776336307, "fpem/hyper_gamma_norm_head_2": 7.682872776758103, "fpem/hyper_beta_norm_head_2": 0.6560365898268563, "fpem/future_mi_loss": 0.0, "fpem/future_mi_valid": 0.0, "fpem/future_mi_logvar_mean": 0.0, "fpem/future_mi_target_mode_env_encoder": 0.0, "fpem/swap_loss": 0.0, "fpem/swap_diff_loss": 0.0, "fpem/swap_same_loss": 0.0, "fpem/swap_gain_mean": 0.0, "fpem/swap_s_gain_mean": 0.0, "fpem/swap_fallback_router_loss": 0.0, "fpem/swap_fallback_q_mean": 0.0, "fpem/swap_prediction_delta": 0.0, "fpem/swap_route_delta": 0.0, "fpem/swap_hyper_alpha_delta": 0.0, "fpem/swap_hyper_delta_norm": 0.0, "fpem/loss_env_day": 0.0, "fpem/loss_env_hour": 0.0, "fpem/loss_env_rush": 0.0, "fpem/env_day_acc": 0.0, "fpem/env_hour_acc": 0.0, "fpem/env_rush_acc": 0.0, "fpem/loss_env_supcon": 0.0, "fpem/env_supcon_valid_pairs": 0.0, "fpem/loss_inv_env_adv": 0.0, "fpem/inv_day_acc": 0.0, "fpem/inv_hour_acc": 0.0, "fpem/inv_rush_acc": 0.0, "fpem/loss_cross_cov_sep": 0.0, "fpem/primary_loss": 31.21209311712356, "fpem/inv_pred_loss": 82.47090316045852, "fpem/primary_uses_route": 1.0, "fpem/primary_uses_env_fusion": 0.0, "fpem/backbone_agcrn": 1.0, "fpem/gc_pred_loss_only": 1.0, "fpem/env_route_head_mode_hyper_proto": 1.0, "fpem/lambda_club_mi": 0.0}}
EXPERT_COLLAPSE_WARNING epoch=4 zero_assignment_streak=316
EXPERT_COLLAPSE_WARNING epoch=4 zero_assignment_streak=317
EXPERT_COLLAPSE_WARNING epoch=4 zero_assignment_streak=318
EXPERT_COLLAPSE_WARNING epoch=4 zero_assignment_streak=319
EXPERT_COLLAPSE_WARNING epoch=4 zero_assignment_streak=320
EXPERT_COLLAPSE_WARNING epoch=4 zero_assignment_streak=321
EXPERT_COLLAPSE_WARNING epoch=4 zero_assignment_streak=322
EXPERT_COLLAPSE_WARNING epoch=4 zero_assignment_streak=323
EXPERT_COLLAPSE_WARNING epoch=4 zero_assignment_streak=324
EXPERT_COLLAPSE_WARNING epoch=4 zero_assignment_streak=325
EXPERT_COLLAPSE_WARNING epoch=4 zero_assignment_streak=326
EXPERT_COLLAPSE_WARNING epoch=4 zero_assignment_streak=327
EXPERT_COLLAPSE_WARNING epoch=4 zero_assignment_streak=328
EXPERT_COLLAPSE_WARNING epoch=4 zero_assignment_streak=329
EXPERT_COLLAPSE_WARNING epoch=4 zero_assignment_streak=330
EXPERT_COLLAPSE_WARNING epoch=4 zero_assignment_streak=331
EXPERT_COLLAPSE_WARNING epoch=4 zero_assignment_streak=332
EXPERT_COLLAPSE_WARNING epoch=4 zero_assignment_streak=333
EXPERT_COLLAPSE_WARNING epoch=4 zero_assignment_streak=334
EXPERT_COLLAPSE_WARNING epoch=4 zero_assignment_streak=335
EXPERT_COLLAPSE_WARNING epoch=4 zero_assignment_streak=336
EXPERT_COLLAPSE_WARNING epoch=4 zero_assignment_streak=337
EXPERT_COLLAPSE_WARNING epoch=4 zero_assignment_streak=338
EXPERT_COLLAPSE_WARNING epoch=4 zero_assignment_streak=339
EXPERT_COLLAPSE_WARNING epoch=4 zero_assignment_streak=340
EXPERT_COLLAPSE_WARNING epoch=4 zero_assignment_streak=341
EXPERT_COLLAPSE_WARNING epoch=4 zero_assignment_streak=342
EXPERT_COLLAPSE_WARNING epoch=4 zero_assignment_streak=343
EXPERT_COLLAPSE_WARNING epoch=4 zero_assignment_streak=344
EXPERT_COLLAPSE_WARNING epoch=4 zero_assignment_streak=345
EXPERT_COLLAPSE_WARNING epoch=4 zero_assignment_streak=346
EXPERT_COLLAPSE_WARNING epoch=4 zero_assignment_streak=347
EXPERT_COLLAPSE_WARNING epoch=4 zero_assignment_streak=348
EXPERT_COLLAPSE_WARNING epoch=4 zero_assignment_streak=349
EXPERT_COLLAPSE_WARNING epoch=4 zero_assignment_streak=350
EXPERT_COLLAPSE_WARNING epoch=4 zero_assignment_streak=351
EXPERT_COLLAPSE_WARNING epoch=4 zero_assignment_streak=352
EXPERT_COLLAPSE_WARNING epoch=4 zero_assignment_streak=353
EXPERT_COLLAPSE_WARNING epoch=4 zero_assignment_streak=354
EXPERT_COLLAPSE_WARNING epoch=4 zero_assignment_streak=355
EXPERT_COLLAPSE_WARNING epoch=4 zero_assignment_streak=356
EXPERT_COLLAPSE_WARNING epoch=4 zero_assignment_streak=357
EXPERT_COLLAPSE_WARNING epoch=4 zero_assignment_streak=358
EXPERT_COLLAPSE_WARNING epoch=4 zero_assignment_streak=359
EXPERT_COLLAPSE_WARNING epoch=4 zero_assignment_streak=360
EXPERT_COLLAPSE_WARNING epoch=4 zero_assignment_streak=361
EXPERT_COLLAPSE_WARNING epoch=4 zero_assignment_streak=362
EXPERT_COLLAPSE_WARNING epoch=4 zero_assignment_streak=363
EXPERT_COLLAPSE_WARNING epoch=4 zero_assignment_streak=364
EXPERT_COLLAPSE_WARNING epoch=4 zero_assignment_streak=365
EXPERT_COLLAPSE_WARNING epoch=4 zero_assignment_streak=366
EXPERT_COLLAPSE_WARNING epoch=4 zero_assignment_streak=367
EXPERT_COLLAPSE_WARNING epoch=4 zero_assignment_streak=368
EXPERT_COLLAPSE_WARNING epoch=4 zero_assignment_streak=369
EXPERT_COLLAPSE_WARNING epoch=4 zero_assignment_streak=370
EXPERT_COLLAPSE_WARNING epoch=4 zero_assignment_streak=371
EXPERT_COLLAPSE_WARNING epoch=4 zero_assignment_streak=372
EXPERT_COLLAPSE_WARNING epoch=4 zero_assignment_streak=373
EXPERT_COLLAPSE_WARNING epoch=4 zero_assignment_streak=374
EXPERT_COLLAPSE_WARNING epoch=4 zero_assignment_streak=375
EXPERT_COLLAPSE_WARNING epoch=4 zero_assignment_streak=376
EXPERT_COLLAPSE_WARNING epoch=4 zero_assignment_streak=377
EXPERT_COLLAPSE_WARNING epoch=4 zero_assignment_streak=378
EXPERT_COLLAPSE_WARNING epoch=4 zero_assignment_streak=379
EXPERT_COLLAPSE_WARNING epoch=4 zero_assignment_streak=380
EXPERT_COLLAPSE_WARNING epoch=4 zero_assignment_streak=381
EXPERT_COLLAPSE_WARNING epoch=4 zero_assignment_streak=382
EXPERT_COLLAPSE_WARNING epoch=4 zero_assignment_streak=383
EXPERT_COLLAPSE_WARNING epoch=4 zero_assignment_streak=384
EXPERT_COLLAPSE_WARNING epoch=4 zero_assignment_streak=385
EXPERT_COLLAPSE_WARNING epoch=4 zero_assignment_streak=386
EXPERT_COLLAPSE_WARNING epoch=4 zero_assignment_streak=387
EXPERT_COLLAPSE_WARNING epoch=4 zero_assignment_streak=388
EXPERT_COLLAPSE_WARNING epoch=4 zero_assignment_streak=389
EXPERT_COLLAPSE_WARNING epoch=4 zero_assignment_streak=390
EXPERT_COLLAPSE_WARNING epoch=4 zero_assignment_streak=391
EXPERT_COLLAPSE_WARNING epoch=4 zero_assignment_streak=392
EXPERT_COLLAPSE_WARNING epoch=4 zero_assignment_streak=393
EXPERT_COLLAPSE_WARNING epoch=4 zero_assignment_streak=394
EXPERT_COLLAPSE_WARNING epoch=4 zero_assignment_streak=395
EXPERT_COLLAPSE_WARNING epoch=4 zero_assignment_streak=396
EXPERT_COLLAPSE_WARNING epoch=4 zero_assignment_streak=397
EXPERT_COLLAPSE_WARNING epoch=4 zero_assignment_streak=398
EXPERT_COLLAPSE_WARNING epoch=4 zero_assignment_streak=399
EXPERT_COLLAPSE_WARNING epoch=4 zero_assignment_streak=400
EXPERT_COLLAPSE_WARNING epoch=4 zero_assignment_streak=401
EXPERT_COLLAPSE_WARNING epoch=4 zero_assignment_streak=402
EXPERT_COLLAPSE_WARNING epoch=4 zero_assignment_streak=403
EXPERT_COLLAPSE_WARNING epoch=4 zero_assignment_streak=404
EXPERT_COLLAPSE_WARNING epoch=4 zero_assignment_streak=405
EXPERT_COLLAPSE_WARNING epoch=4 zero_assignment_streak=406
EXPERT_COLLAPSE_WARNING epoch=4 zero_assignment_streak=407
EXPERT_COLLAPSE_WARNING epoch=4 zero_assignment_streak=408
EXPERT_COLLAPSE_WARNING epoch=4 zero_assignment_streak=409
EXPERT_COLLAPSE_WARNING epoch=4 zero_assignment_streak=410
EXPERT_COLLAPSE_WARNING epoch=4 zero_assignment_streak=411
EXPERT_COLLAPSE_WARNING epoch=4 zero_assignment_streak=412
EXPERT_COLLAPSE_WARNING epoch=4 zero_assignment_streak=413
EXPERT_COLLAPSE_WARNING epoch=4 zero_assignment_streak=414
EXPERT_COLLAPSE_WARNING epoch=4 zero_assignment_streak=415
EXPERT_COLLAPSE_WARNING epoch=4 zero_assignment_streak=416
EXPERT_COLLAPSE_WARNING epoch=4 zero_assignment_streak=417
EXPERT_COLLAPSE_WARNING epoch=4 zero_assignment_streak=418
EXPERT_COLLAPSE_WARNING epoch=4 zero_assignment_streak=419
EXPERT_COLLAPSE_WARNING epoch=4 zero_assignment_streak=420
EPOCH {"epoch": 4, "train_loss": 70.93758025396438, "val": {"loss": 22.808521058824326, "mae": 22.399066925048828, "mape": 0.3936980664730072}, "test_mixed": {"loss": 22.55268039703369, "mae": 22.297563552856445, "mape": 0.39374735951423645}, "test_workday": {"loss": 22.138548270515773, "mae": 21.916231155395508, "mape": 0.38194188475608826}, "test_holiday": {"loss": 23.30523935953776, "mae": 22.958833694458008, "mape": 0.4142194092273712}, "test_avg_mae": 22.437532424926758, "lr": 0.001, "fpem_logs": {"fpem/fpem_env_use_exogenous": 1.0, "fpem/env_exogenous_available": 1.0, "fpem/env_exogenous_time_available": 1.0, "fpem/env_exogenous_load_available": 1.0, "fpem/env_exogenous_feature_dim": 32.0, "fpem/env_exogenous_embedding_norm": 2.4259618077959333, "fpem/env_exogenous_load_embedding_norm": 1.7224624497549874, "fpem/mask_loss": 0.0, "fpem/mask_sparse_loss": 0.0, "fpem/mask_entropy_loss": 0.0, "fpem/mask_mean": 1.0, "fpem/mask_entropy": 0.0, "fpem/mask_active_ratio": 1.0, "fpem/fusion_alpha_mean": 0.0, "fpem/fusion_alpha_std": 0.0, "fpem/fusion_alpha_min": 0.0, "fpem/fusion_alpha_max": 0.0, "fpem/env_route_loss": 45.35117997669038, "fpem/env_route_L_final": 26.40601928347633, "fpem/env_route_L_global": 81.58483022054037, "fpem/env_route_L_route_soft": 26.40601928347633, "fpem/env_route_L_expert": 28.65109777904692, "fpem/env_route_L_router_oracle": 0.0, "fpem/env_route_L_balance": 0.0, "fpem/env_route_L_diverse": 0.9964812659081959, "fpem/env_route_L_proto_align": -0.7998429729824974, "fpem/env_route_entropy": 1.0986123085021973, "fpem/env_route_q_max_mean": 0.3333333432674408, "fpem/env_route_train_mode_gradient_compat": 0.0, "fpem/env_route_gradient_compat_aux": 0.0, "fpem/hyper_alpha_mean": 0.9933287319682893, "fpem/hyper_delta_norm": 1.0094939317022051, "fpem/hyper_route_proto_mode_uniform_warmup": 1.0, "fpem/hyper_route_proto_mode_sinkhorn": 0.0, "fpem/hyper_route_proto_mode_softmax": 0.0, "fpem/fallback_q_mean": 0.0, "fpem/fallback_q_max": 0.0, "fpem/env_q_sum_mean": 0.0, "fpem/oracle_fallback_rate": 0.0, "fpem/route_count_fallback": 0.0, "fpem/env_route_head_mode": 1.0, "fpem/route_entropy_mean": 1.0986123085021973, "fpem/route_mean_distribution_entropy": 1.0986123085021973, "fpem/effective_expert_number": 3.0, "fpem/max_expert_usage_ratio": 1.0, "fpem/min_expert_usage_ratio": 0.0, "fpem/prototype_pairwise_cosine": 0.7871859192848205, "fpem/expert_prediction_pairwise_cosine": 0.9964812659081959, "fpem/expert_collapse_warning": 1.0, "fpem/env_route_target_mode_env_prototype": 1.0, "fpem/env_route_target_mode_hybrid": 0.0, "fpem/env_route_hybrid_alpha": 1.0, "fpem/env_route_count_head_0": 16.0, "fpem/env_route_oracle_count_head_0": 16.0, "fpem/route_count_env_head_0": 16.0, "fpem/route_soft_mean_expert_0": 0.3333333432674408, "fpem/route_hard_count_expert_0": 16.0, "fpem/hyper_alpha_head_0": 0.9975876263209752, "fpem/hyper_gamma_norm_head_0": 7.855611406053815, "fpem/hyper_beta_norm_head_0": 0.6174038546425956, "fpem/env_route_count_head_1": 0.0, "fpem/env_route_oracle_count_head_1": 0.0, "fpem/route_count_env_head_1": 0.0, "fpem/route_soft_mean_expert_1": 0.3333333432674408, "fpem/route_hard_count_expert_1": 0.0, "fpem/hyper_alpha_head_1": 0.9958750690732684, "fpem/hyper_gamma_norm_head_1": 7.886140605381557, "fpem/hyper_beta_norm_head_1": 0.7521022501445952, "fpem/env_route_count_head_2": 0.0, "fpem/env_route_oracle_count_head_2": 0.0, "fpem/route_count_env_head_2": 0.0, "fpem/route_soft_mean_expert_2": 0.3333333432674408, "fpem/route_hard_count_expert_2": 0.0, "fpem/hyper_alpha_head_2": 0.9865234272820609, "fpem/hyper_gamma_norm_head_2": 7.842001588003976, "fpem/hyper_beta_norm_head_2": 0.7002991244906471, "fpem/future_mi_loss": 0.0, "fpem/future_mi_valid": 0.0, "fpem/future_mi_logvar_mean": 0.0, "fpem/future_mi_target_mode_env_encoder": 0.0, "fpem/swap_loss": 0.0, "fpem/swap_diff_loss": 0.0, "fpem/swap_same_loss": 0.0, "fpem/swap_gain_mean": 0.0, "fpem/swap_s_gain_mean": 0.0, "fpem/swap_fallback_router_loss": 0.0, "fpem/swap_fallback_q_mean": 0.0, "fpem/swap_prediction_delta": 0.0, "fpem/swap_route_delta": 0.0, "fpem/swap_hyper_alpha_delta": 0.0, "fpem/swap_hyper_delta_norm": 0.0, "fpem/loss_env_day": 0.0, "fpem/loss_env_hour": 0.0, "fpem/loss_env_rush": 0.0, "fpem/env_day_acc": 0.0, "fpem/env_hour_acc": 0.0, "fpem/env_rush_acc": 0.0, "fpem/loss_env_supcon": 0.0, "fpem/env_supcon_valid_pairs": 0.0, "fpem/loss_inv_env_adv": 0.0, "fpem/inv_day_acc": 0.0, "fpem/inv_hour_acc": 0.0, "fpem/inv_rush_acc": 0.0, "fpem/loss_cross_cov_sep": 0.0, "fpem/primary_loss": 26.40601928347633, "fpem/inv_pred_loss": 81.58483022054037, "fpem/primary_uses_route": 1.0, "fpem/primary_uses_env_fusion": 0.0, "fpem/backbone_agcrn": 1.0, "fpem/gc_pred_loss_only": 1.0, "fpem/env_route_head_mode_hyper_proto": 1.0, "fpem/lambda_club_mi": 0.0}}
EXPERT_COLLAPSE_WARNING epoch=5 zero_assignment_streak=421
EXPERT_COLLAPSE_WARNING epoch=5 zero_assignment_streak=422
EXPERT_COLLAPSE_WARNING epoch=5 zero_assignment_streak=423
EXPERT_COLLAPSE_WARNING epoch=5 zero_assignment_streak=424
EXPERT_COLLAPSE_WARNING epoch=5 zero_assignment_streak=425
EXPERT_COLLAPSE_WARNING epoch=5 zero_assignment_streak=426
EXPERT_COLLAPSE_WARNING epoch=5 zero_assignment_streak=427
EXPERT_COLLAPSE_WARNING epoch=5 zero_assignment_streak=428
EXPERT_COLLAPSE_WARNING epoch=5 zero_assignment_streak=429
EXPERT_COLLAPSE_WARNING epoch=5 zero_assignment_streak=430
EXPERT_COLLAPSE_WARNING epoch=5 zero_assignment_streak=431
EXPERT_COLLAPSE_WARNING epoch=5 zero_assignment_streak=432
EXPERT_COLLAPSE_WARNING epoch=5 zero_assignment_streak=433
EXPERT_COLLAPSE_WARNING epoch=5 zero_assignment_streak=434
EXPERT_COLLAPSE_WARNING epoch=5 zero_assignment_streak=435
EXPERT_COLLAPSE_WARNING epoch=5 zero_assignment_streak=436
EXPERT_COLLAPSE_WARNING epoch=5 zero_assignment_streak=437
EXPERT_COLLAPSE_WARNING epoch=5 zero_assignment_streak=438
EXPERT_COLLAPSE_WARNING epoch=5 zero_assignment_streak=439
EXPERT_COLLAPSE_WARNING epoch=5 zero_assignment_streak=440
EXPERT_COLLAPSE_WARNING epoch=5 zero_assignment_streak=441
EXPERT_COLLAPSE_WARNING epoch=5 zero_assignment_streak=442
EXPERT_COLLAPSE_WARNING epoch=5 zero_assignment_streak=443
EXPERT_COLLAPSE_WARNING epoch=5 zero_assignment_streak=444
EXPERT_COLLAPSE_WARNING epoch=5 zero_assignment_streak=445
EXPERT_COLLAPSE_WARNING epoch=5 zero_assignment_streak=446
EXPERT_COLLAPSE_WARNING epoch=5 zero_assignment_streak=447
EXPERT_COLLAPSE_WARNING epoch=5 zero_assignment_streak=448
EXPERT_COLLAPSE_WARNING epoch=5 zero_assignment_streak=449
EXPERT_COLLAPSE_WARNING epoch=5 zero_assignment_streak=450
EXPERT_COLLAPSE_WARNING epoch=5 zero_assignment_streak=451
EXPERT_COLLAPSE_WARNING epoch=5 zero_assignment_streak=452
EXPERT_COLLAPSE_WARNING epoch=5 zero_assignment_streak=453
EXPERT_COLLAPSE_WARNING epoch=5 zero_assignment_streak=454
EXPERT_COLLAPSE_WARNING epoch=5 zero_assignment_streak=455
EXPERT_COLLAPSE_WARNING epoch=5 zero_assignment_streak=456
EXPERT_COLLAPSE_WARNING epoch=5 zero_assignment_streak=457
EXPERT_COLLAPSE_WARNING epoch=5 zero_assignment_streak=458
EXPERT_COLLAPSE_WARNING epoch=5 zero_assignment_streak=459
EXPERT_COLLAPSE_WARNING epoch=5 zero_assignment_streak=460
EXPERT_COLLAPSE_WARNING epoch=5 zero_assignment_streak=461
EXPERT_COLLAPSE_WARNING epoch=5 zero_assignment_streak=462
EXPERT_COLLAPSE_WARNING epoch=5 zero_assignment_streak=463
EXPERT_COLLAPSE_WARNING epoch=5 zero_assignment_streak=464
EXPERT_COLLAPSE_WARNING epoch=5 zero_assignment_streak=465
EXPERT_COLLAPSE_WARNING epoch=5 zero_assignment_streak=466
EXPERT_COLLAPSE_WARNING epoch=5 zero_assignment_streak=467
EXPERT_COLLAPSE_WARNING epoch=5 zero_assignment_streak=468
EXPERT_COLLAPSE_WARNING epoch=5 zero_assignment_streak=469
EXPERT_COLLAPSE_WARNING epoch=5 zero_assignment_streak=470
EXPERT_COLLAPSE_WARNING epoch=5 zero_assignment_streak=471
EXPERT_COLLAPSE_WARNING epoch=5 zero_assignment_streak=472
EXPERT_COLLAPSE_WARNING epoch=5 zero_assignment_streak=473
EXPERT_COLLAPSE_WARNING epoch=5 zero_assignment_streak=474
EXPERT_COLLAPSE_WARNING epoch=5 zero_assignment_streak=475
EXPERT_COLLAPSE_WARNING epoch=5 zero_assignment_streak=476
EXPERT_COLLAPSE_WARNING epoch=5 zero_assignment_streak=477
EXPERT_COLLAPSE_WARNING epoch=5 zero_assignment_streak=478
EXPERT_COLLAPSE_WARNING epoch=5 zero_assignment_streak=479
EXPERT_COLLAPSE_WARNING epoch=5 zero_assignment_streak=480
EXPERT_COLLAPSE_WARNING epoch=5 zero_assignment_streak=481
EXPERT_COLLAPSE_WARNING epoch=5 zero_assignment_streak=482
EXPERT_COLLAPSE_WARNING epoch=5 zero_assignment_streak=483
EXPERT_COLLAPSE_WARNING epoch=5 zero_assignment_streak=484
EXPERT_COLLAPSE_WARNING epoch=5 zero_assignment_streak=485
EXPERT_COLLAPSE_WARNING epoch=5 zero_assignment_streak=486
EXPERT_COLLAPSE_WARNING epoch=5 zero_assignment_streak=487
EXPERT_COLLAPSE_WARNING epoch=5 zero_assignment_streak=488
EXPERT_COLLAPSE_WARNING epoch=5 zero_assignment_streak=489
EXPERT_COLLAPSE_WARNING epoch=5 zero_assignment_streak=490
EXPERT_COLLAPSE_WARNING epoch=5 zero_assignment_streak=491
EXPERT_COLLAPSE_WARNING epoch=5 zero_assignment_streak=492
EXPERT_COLLAPSE_WARNING epoch=5 zero_assignment_streak=493
EXPERT_COLLAPSE_WARNING epoch=5 zero_assignment_streak=494
EXPERT_COLLAPSE_WARNING epoch=5 zero_assignment_streak=495
EXPERT_COLLAPSE_WARNING epoch=5 zero_assignment_streak=496
EXPERT_COLLAPSE_WARNING epoch=5 zero_assignment_streak=497
EXPERT_COLLAPSE_WARNING epoch=5 zero_assignment_streak=498
EXPERT_COLLAPSE_WARNING epoch=5 zero_assignment_streak=499
EXPERT_COLLAPSE_WARNING epoch=5 zero_assignment_streak=500
EXPERT_COLLAPSE_WARNING epoch=5 zero_assignment_streak=501
EXPERT_COLLAPSE_WARNING epoch=5 zero_assignment_streak=502
EXPERT_COLLAPSE_WARNING epoch=5 zero_assignment_streak=503
EXPERT_COLLAPSE_WARNING epoch=5 zero_assignment_streak=504
EXPERT_COLLAPSE_WARNING epoch=5 zero_assignment_streak=505
EXPERT_COLLAPSE_WARNING epoch=5 zero_assignment_streak=506
EXPERT_COLLAPSE_WARNING epoch=5 zero_assignment_streak=507
EXPERT_COLLAPSE_WARNING epoch=5 zero_assignment_streak=508
EXPERT_COLLAPSE_WARNING epoch=5 zero_assignment_streak=509
EXPERT_COLLAPSE_WARNING epoch=5 zero_assignment_streak=510
EXPERT_COLLAPSE_WARNING epoch=5 zero_assignment_streak=511
EXPERT_COLLAPSE_WARNING epoch=5 zero_assignment_streak=512
EXPERT_COLLAPSE_WARNING epoch=5 zero_assignment_streak=513
EXPERT_COLLAPSE_WARNING epoch=5 zero_assignment_streak=514
EXPERT_COLLAPSE_WARNING epoch=5 zero_assignment_streak=515
EXPERT_COLLAPSE_WARNING epoch=5 zero_assignment_streak=516
EXPERT_COLLAPSE_WARNING epoch=5 zero_assignment_streak=517
EXPERT_COLLAPSE_WARNING epoch=5 zero_assignment_streak=518
EXPERT_COLLAPSE_WARNING epoch=5 zero_assignment_streak=519
EXPERT_COLLAPSE_WARNING epoch=5 zero_assignment_streak=520
EXPERT_COLLAPSE_WARNING epoch=5 zero_assignment_streak=521
EXPERT_COLLAPSE_WARNING epoch=5 zero_assignment_streak=522
EXPERT_COLLAPSE_WARNING epoch=5 zero_assignment_streak=523
EXPERT_COLLAPSE_WARNING epoch=5 zero_assignment_streak=524
EXPERT_COLLAPSE_WARNING epoch=5 zero_assignment_streak=525
EPOCH {"epoch": 5, "train_loss": 61.67915264311291, "val": {"loss": 20.835885683695476, "mae": 20.478193283081055, "mape": 0.3658348023891449}, "test_mixed": {"loss": 20.351870836530413, "mae": 20.20736312866211, "mape": 0.3575880527496338}, "test_workday": {"loss": 20.14981991311778, "mae": 20.07106590270996, "mape": 0.35624930262565613}, "test_holiday": {"loss": 20.709983666737873, "mae": 20.44371795654297, "mape": 0.3599095642566681}, "test_avg_mae": 20.257391929626465, "lr": 0.001, "fpem_logs": {"fpem/fpem_env_use_exogenous": 1.0, "fpem/env_exogenous_available": 1.0, "fpem/env_exogenous_time_available": 1.0, "fpem/env_exogenous_load_available": 1.0, "fpem/env_exogenous_feature_dim": 32.0, "fpem/env_exogenous_embedding_norm": 2.4789623124258857, "fpem/env_exogenous_load_embedding_norm": 1.7765192588170369, "fpem/mask_loss": 0.0, "fpem/mask_sparse_loss": 0.0, "fpem/mask_entropy_loss": 0.0, "fpem/mask_mean": 1.0, "fpem/mask_entropy": 0.0, "fpem/mask_active_ratio": 1.0, "fpem/fusion_alpha_mean": 0.0, "fpem/fusion_alpha_std": 0.0, "fpem/fusion_alpha_min": 0.0, "fpem/fusion_alpha_max": 0.0, "fpem/env_route_loss": 39.36912511189779, "fpem/env_route_L_final": 22.90955610729399, "fpem/env_route_L_global": 80.64714035760788, "fpem/env_route_L_route_soft": 22.90955610729399, "fpem/env_route_L_expert": 24.967384429205033, "fpem/env_route_L_router_oracle": 0.0, "fpem/env_route_L_balance": 0.0, "fpem/env_route_L_diverse": 0.9965091018449692, "fpem/env_route_L_proto_align": -0.8615696265583946, "fpem/env_route_entropy": 1.0986123085021973, "fpem/env_route_q_max_mean": 0.3333333432674408, "fpem/env_route_train_mode_gradient_compat": 0.0, "fpem/env_route_gradient_compat_aux": 0.0, "fpem/hyper_alpha_mean": 0.9949283440907796, "fpem/hyper_delta_norm": 1.0080397537776402, "fpem/hyper_route_proto_mode_uniform_warmup": 1.0, "fpem/hyper_route_proto_mode_sinkhorn": 0.0, "fpem/hyper_route_proto_mode_softmax": 0.0, "fpem/fallback_q_mean": 0.0, "fpem/fallback_q_max": 0.0, "fpem/env_q_sum_mean": 0.0, "fpem/oracle_fallback_rate": 0.0, "fpem/route_count_fallback": 0.0, "fpem/env_route_head_mode": 1.0, "fpem/route_entropy_mean": 1.0986123085021973, "fpem/route_mean_distribution_entropy": 1.0986123085021973, "fpem/effective_expert_number": 3.0, "fpem/max_expert_usage_ratio": 1.0, "fpem/min_expert_usage_ratio": 0.0, "fpem/prototype_pairwise_cosine": 0.9364433033125741, "fpem/expert_prediction_pairwise_cosine": 0.9965091018449692, "fpem/expert_collapse_warning": 1.0, "fpem/env_route_target_mode_env_prototype": 1.0, "fpem/env_route_target_mode_hybrid": 0.0, "fpem/env_route_hybrid_alpha": 1.0, "fpem/env_route_count_head_0": 16.0, "fpem/env_route_oracle_count_head_0": 16.0, "fpem/route_count_env_head_0": 16.0, "fpem/route_soft_mean_expert_0": 0.3333333432674408, "fpem/route_hard_count_expert_0": 16.0, "fpem/hyper_alpha_head_0": 0.9963960988180978, "fpem/hyper_gamma_norm_head_0": 7.876910209655762, "fpem/hyper_beta_norm_head_0": 0.6449183702468873, "fpem/env_route_count_head_1": 0.0, "fpem/env_route_oracle_count_head_1": 0.0, "fpem/route_count_env_head_1": 0.0, "fpem/route_soft_mean_expert_1": 0.3333333432674408, "fpem/route_hard_count_expert_1": 0.0, "fpem/hyper_alpha_head_1": 0.9983239582606724, "fpem/hyper_gamma_norm_head_1": 7.939220337640672, "fpem/hyper_beta_norm_head_1": 0.7639523710523333, "fpem/env_route_count_head_2": 0.0, "fpem/env_route_oracle_count_head_2": 0.0, "fpem/route_count_env_head_2": 0.0, "fpem/route_soft_mean_expert_2": 0.3333333432674408, "fpem/route_hard_count_expert_2": 0.0, "fpem/hyper_alpha_head_2": 0.9900649229685465, "fpem/hyper_gamma_norm_head_2": 7.853578190576463, "fpem/hyper_beta_norm_head_2": 0.7185584698404585, "fpem/future_mi_loss": -0.15793605905824473, "fpem/future_mi_valid": 1.0, "fpem/future_mi_logvar_mean": -0.8785074072402148, "fpem/future_mi_target_mode_env_encoder": 1.0, "fpem/swap_loss": 0.0, "fpem/swap_diff_loss": 0.0, "fpem/swap_same_loss": 0.0, "fpem/swap_gain_mean": 0.0, "fpem/swap_s_gain_mean": 0.0, "fpem/swap_fallback_router_loss": 0.0, "fpem/swap_fallback_q_mean": 0.0, "fpem/swap_prediction_delta": 0.0, "fpem/swap_route_delta": 0.0, "fpem/swap_hyper_alpha_delta": 0.0, "fpem/swap_hyper_delta_norm": 0.0, "fpem/loss_env_day": 0.0, "fpem/loss_env_hour": 0.0, "fpem/loss_env_rush": 0.0, "fpem/env_day_acc": 0.0, "fpem/env_hour_acc": 0.0, "fpem/env_rush_acc": 0.0, "fpem/loss_env_supcon": 0.0, "fpem/env_supcon_valid_pairs": 0.0, "fpem/loss_inv_env_adv": 0.0, "fpem/inv_day_acc": 0.0, "fpem/inv_hour_acc": 0.0, "fpem/inv_rush_acc": 0.0, "fpem/loss_cross_cov_sep": 0.0, "fpem/primary_loss": 22.90955610729399, "fpem/inv_pred_loss": 80.64714035760788, "fpem/primary_uses_route": 1.0, "fpem/primary_uses_env_fusion": 0.0, "fpem/backbone_agcrn": 1.0, "fpem/gc_pred_loss_only": 1.0, "fpem/env_route_head_mode_hyper_proto": 1.0, "fpem/lambda_club_mi": 0.0}}
EXPERT_COLLAPSE_WARNING epoch=6 zero_assignment_streak=526
EPOCH {"epoch": 6, "train_loss": 57.18035438174293, "val": {"loss": 19.916517045762802, "mae": 19.736291885375977, "mape": 0.3704301118850708}, "test_mixed": {"loss": 20.490170642307827, "mae": 20.424667358398438, "mape": 0.3697117567062378}, "test_workday": {"loss": 19.902373562688414, "mae": 19.919588088989258, "mape": 0.3650355339050293}, "test_holiday": {"loss": 21.55798355738322, "mae": 21.300533294677734, "mape": 0.3778209090232849}, "test_avg_mae": 20.610060691833496, "lr": 0.001, "fpem_logs": {"fpem/fpem_env_use_exogenous": 1.0, "fpem/env_exogenous_available": 1.0, "fpem/env_exogenous_time_available": 1.0, "fpem/env_exogenous_load_available": 1.0, "fpem/env_exogenous_feature_dim": 32.0, "fpem/env_exogenous_embedding_norm": 2.5061782382783435, "fpem/env_exogenous_load_embedding_norm": 1.8092606658027286, "fpem/mask_loss": 0.0, "fpem/mask_sparse_loss": 0.0, "fpem/mask_entropy_loss": 0.0, "fpem/mask_mean": 1.0, "fpem/mask_entropy": 0.0, "fpem/mask_active_ratio": 1.0, "fpem/fusion_alpha_mean": 0.0, "fpem/fusion_alpha_std": 0.0, "fpem/fusion_alpha_min": 0.0, "fpem/fusion_alpha_max": 0.0, "fpem/env_route_loss": 36.26315376645043, "fpem/env_route_L_final": 21.020427722022646, "fpem/env_route_L_global": 78.81051537649972, "fpem/env_route_L_route_soft": 21.020427722022646, "fpem/env_route_L_expert": 23.60814588637579, "fpem/env_route_L_router_oracle": -1.9173074197081653e-09, "fpem/env_route_L_balance": 4.905390205063641e-07, "fpem/env_route_L_diverse": 0.9940188998267764, "fpem/env_route_L_proto_align": -0.8997018927619571, "fpem/env_route_entropy": 1.0474787763186864, "fpem/env_route_q_max_mean": 0.4200988831974211, "fpem/env_route_train_mode_gradient_compat": 0.0, "fpem/env_route_gradient_compat_aux": 0.0, "fpem/hyper_alpha_mean": 0.9958863933881124, "fpem/hyper_delta_norm": 0.9756717943009876, "fpem/hyper_route_proto_mode_uniform_warmup": 0.0, "fpem/hyper_route_proto_mode_sinkhorn": 1.0, "fpem/hyper_route_proto_mode_softmax": 0.0, "fpem/fallback_q_mean": 0.0, "fpem/fallback_q_max": 0.0, "fpem/env_q_sum_mean": 0.0, "fpem/oracle_fallback_rate": 0.0, "fpem/route_count_fallback": 0.0, "fpem/env_route_head_mode": 1.0, "fpem/route_entropy_mean": 1.0474787763186864, "fpem/route_mean_distribution_entropy": 1.098610098021371, "fpem/effective_expert_number": 2.9999933765048072, "fpem/max_expert_usage_ratio": 0.5375, "fpem/min_expert_usage_ratio": 0.14166666666666666, "fpem/prototype_pairwise_cosine": 0.9743221475964501, "fpem/expert_prediction_pairwise_cosine": 0.9940188998267764, "fpem/expert_collapse_warning": 0.009523809523809525, "fpem/env_route_target_mode_env_prototype": 1.0, "fpem/env_route_target_mode_hybrid": 0.0, "fpem/env_route_hybrid_alpha": 1.0, "fpem/env_route_count_head_0": 6.038095238095238, "fpem/env_route_oracle_count_head_0": 6.038095238095238, "fpem/route_count_env_head_0": 6.038095238095238, "fpem/route_soft_mean_expert_0": 0.3332569258553641, "fpem/route_hard_count_expert_0": 6.038095238095238, "fpem/hyper_alpha_head_0": 0.9966356703213283, "fpem/hyper_gamma_norm_head_0": 7.768082387106759, "fpem/hyper_beta_norm_head_0": 0.6621065162477039, "fpem/env_route_count_head_1": 5.057142857142857, "fpem/env_route_oracle_count_head_1": 5.057142857142857, "fpem/route_count_env_head_1": 5.057142857142857, "fpem/route_soft_mean_expert_1": 0.333389056012744, "fpem/route_hard_count_expert_1": 5.057142857142857, "fpem/hyper_alpha_head_1": 0.9990244422640119, "fpem/hyper_gamma_norm_head_1": 7.815359705970401, "fpem/hyper_beta_norm_head_1": 0.7614610132716951, "fpem/env_route_count_head_2": 4.904761904761905, "fpem/env_route_oracle_count_head_2": 4.904761904761905, "fpem/route_count_env_head_2": 4.904761904761905, "fpem/route_soft_mean_expert_2": 0.3333540292013259, "fpem/route_hard_count_expert_2": 4.904761904761905, "fpem/hyper_alpha_head_2": 0.9919990085420154, "fpem/hyper_gamma_norm_head_2": 7.768885408129011, "fpem/hyper_beta_norm_head_2": 0.7308389396894546, "fpem/future_mi_loss": -1.265668223017738, "fpem/future_mi_valid": 1.0, "fpem/future_mi_logvar_mean": -3.015651893615723, "fpem/future_mi_target_mode_env_encoder": 1.0, "fpem/swap_loss": 0.0, "fpem/swap_diff_loss": 0.0, "fpem/swap_same_loss": 0.0, "fpem/swap_gain_mean": 0.0, "fpem/swap_s_gain_mean": 0.0, "fpem/swap_fallback_router_loss": 0.0, "fpem/swap_fallback_q_mean": 0.0, "fpem/swap_prediction_delta": 0.0, "fpem/swap_route_delta": 0.0, "fpem/swap_hyper_alpha_delta": 0.0, "fpem/swap_hyper_delta_norm": 0.0, "fpem/loss_env_day": 0.0, "fpem/loss_env_hour": 0.0, "fpem/loss_env_rush": 0.0, "fpem/env_day_acc": 0.0, "fpem/env_hour_acc": 0.0, "fpem/env_rush_acc": 0.0, "fpem/loss_env_supcon": 0.0, "fpem/env_supcon_valid_pairs": 0.0, "fpem/loss_inv_env_adv": 0.0, "fpem/inv_day_acc": 0.0, "fpem/inv_hour_acc": 0.0, "fpem/inv_rush_acc": 0.0, "fpem/loss_cross_cov_sep": 0.0, "fpem/primary_loss": 21.020427722022646, "fpem/inv_pred_loss": 78.81051537649972, "fpem/primary_uses_route": 1.0, "fpem/primary_uses_env_fusion": 0.0, "fpem/backbone_agcrn": 1.0, "fpem/gc_pred_loss_only": 1.0, "fpem/env_route_head_mode_hyper_proto": 1.0, "fpem/lambda_club_mi": 0.0}}
EPOCH {"epoch": 7, "train_loss": 51.80101721627371, "val": {"loss": 18.296599706013996, "mae": 18.110017776489258, "mape": 0.3390340507030487}, "test_mixed": {"loss": 18.41981018611363, "mae": 18.24009895324707, "mape": 0.33585983514785767}, "test_workday": {"loss": 18.22376014875329, "mae": 18.054996490478516, "mape": 0.3362250328063965}, "test_holiday": {"loss": 18.757732391357422, "mae": 18.561086654663086, "mape": 0.3352265954017639}, "test_avg_mae": 18.3080415725708, "lr": 0.001, "fpem_logs": {"fpem/fpem_env_use_exogenous": 1.0, "fpem/env_exogenous_available": 1.0, "fpem/env_exogenous_time_available": 1.0, "fpem/env_exogenous_load_available": 1.0, "fpem/env_exogenous_feature_dim": 32.0, "fpem/env_exogenous_embedding_norm": 2.5257571606408984, "fpem/env_exogenous_load_embedding_norm": 1.8271303562890915, "fpem/mask_loss": 0.0, "fpem/mask_sparse_loss": 0.0, "fpem/mask_entropy_loss": 0.0, "fpem/mask_mean": 1.0, "fpem/mask_entropy": 0.0, "fpem/mask_active_ratio": 1.0, "fpem/fusion_alpha_mean": 0.0, "fpem/fusion_alpha_std": 0.0, "fpem/fusion_alpha_min": 0.0, "fpem/fusion_alpha_max": 0.0, "fpem/env_route_loss": 33.22755010695685, "fpem/env_route_L_final": 19.29638510204497, "fpem/env_route_L_global": 76.99707656133742, "fpem/env_route_L_route_soft": 19.29638510204497, "fpem/env_route_L_expert": 21.36052732013521, "fpem/env_route_L_router_oracle": -1.948625509628514e-09, "fpem/env_route_L_balance": 8.85123521675934e-09, "fpem/env_route_L_diverse": 0.9963279128074646, "fpem/env_route_L_proto_align": -0.9059706914992559, "fpem/env_route_entropy": 1.055478248709724, "fpem/env_route_q_max_mean": 0.4238594889640808, "fpem/env_route_train_mode_gradient_compat": 0.0, "fpem/env_route_gradient_compat_aux": 0.0, "fpem/hyper_alpha_mean": 0.9966239355859302, "fpem/hyper_delta_norm": 0.984453188805353, "fpem/hyper_route_proto_mode_uniform_warmup": 0.0, "fpem/hyper_route_proto_mode_sinkhorn": 1.0, "fpem/hyper_route_proto_mode_softmax": 0.0, "fpem/fallback_q_mean": 0.0, "fpem/fallback_q_max": 0.0, "fpem/env_q_sum_mean": 0.0, "fpem/oracle_fallback_rate": 0.0, "fpem/route_count_fallback": 0.0, "fpem/env_route_head_mode": 1.0, "fpem/route_entropy_mean": 1.055478248709724, "fpem/route_mean_distribution_entropy": 1.098612269901094, "fpem/effective_expert_number": 2.999999893279303, "fpem/max_expert_usage_ratio": 0.5291666666666667, "fpem/min_expert_usage_ratio": 0.13988095238095238, "fpem/prototype_pairwise_cosine": 0.9713848165103367, "fpem/expert_prediction_pairwise_cosine": 0.9963279128074646, "fpem/expert_collapse_warning": 0.0, "fpem/env_route_target_mode_env_prototype": 1.0, "fpem/env_route_target_mode_hybrid": 0.0, "fpem/env_route_hybrid_alpha": 1.0, "fpem/env_route_count_head_0": 4.714285714285714, "fpem/env_route_oracle_count_head_0": 4.714285714285714, "fpem/route_count_env_head_0": 4.714285714285714, "fpem/route_soft_mean_expert_0": 0.33330631029038205, "fpem/route_hard_count_expert_0": 4.714285714285714, "fpem/hyper_alpha_head_0": 0.995899402527582, "fpem/hyper_gamma_norm_head_0": 7.812859576089042, "fpem/hyper_beta_norm_head_0": 0.6617034554481507, "fpem/env_route_count_head_1": 4.647619047619048, "fpem/env_route_oracle_count_head_1": 4.647619047619048, "fpem/route_count_env_head_1": 4.647619047619048, "fpem/route_soft_mean_expert_1": 0.3333330917926062, "fpem/route_hard_count_expert_1": 4.647619047619048, "fpem/hyper_alpha_head_1": 0.9982818779491243, "fpem/hyper_gamma_norm_head_1": 7.860270672752744, "fpem/hyper_beta_norm_head_1": 0.7474676330884298, "fpem/env_route_count_head_2": 6.6380952380952385, "fpem/env_route_oracle_count_head_2": 6.6380952380952385, "fpem/route_count_env_head_2": 6.6380952380952385, "fpem/route_soft_mean_expert_2": 0.33336060785111926, "fpem/route_hard_count_expert_2": 6.6380952380952385, "fpem/hyper_alpha_head_2": 0.9956904785973685, "fpem/hyper_gamma_norm_head_2": 7.818352999005999, "fpem/hyper_beta_norm_head_2": 0.7214837397847856, "fpem/future_mi_loss": -1.7896211658205305, "fpem/future_mi_valid": 1.0, "fpem/future_mi_logvar_mean": -4.288845094045003, "fpem/future_mi_target_mode_env_encoder": 1.0, "fpem/swap_loss": 0.0, "fpem/swap_diff_loss": 0.0, "fpem/swap_same_loss": 0.0, "fpem/swap_gain_mean": 0.0, "fpem/swap_s_gain_mean": 0.0, "fpem/swap_fallback_router_loss": 0.0, "fpem/swap_fallback_q_mean": 0.0, "fpem/swap_prediction_delta": 0.0, "fpem/swap_route_delta": 0.0, "fpem/swap_hyper_alpha_delta": 0.0, "fpem/swap_hyper_delta_norm": 0.0, "fpem/loss_env_day": 0.0, "fpem/loss_env_hour": 0.0, "fpem/loss_env_rush": 0.0, "fpem/env_day_acc": 0.0, "fpem/env_hour_acc": 0.0, "fpem/env_rush_acc": 0.0, "fpem/loss_env_supcon": 0.0, "fpem/env_supcon_valid_pairs": 0.0, "fpem/loss_inv_env_adv": 0.0, "fpem/inv_day_acc": 0.0, "fpem/inv_hour_acc": 0.0, "fpem/inv_rush_acc": 0.0, "fpem/loss_cross_cov_sep": 0.0, "fpem/primary_loss": 19.29638510204497, "fpem/inv_pred_loss": 76.99707656133742, "fpem/primary_uses_route": 1.0, "fpem/primary_uses_env_fusion": 0.0, "fpem/backbone_agcrn": 1.0, "fpem/gc_pred_loss_only": 1.0, "fpem/env_route_head_mode_hyper_proto": 1.0, "fpem/lambda_club_mi": 0.0}}
EPOCH {"epoch": 8, "train_loss": 49.8839598156157, "val": {"loss": 18.365320841471355, "mae": 18.033788681030273, "mape": 0.36107170581817627}, "test_mixed": {"loss": 17.802194050380162, "mae": 17.69542694091797, "mape": 0.36512017250061035}, "test_workday": {"loss": 17.54832773623259, "mae": 17.534061431884766, "mape": 0.3615280091762543}, "test_holiday": {"loss": 18.24253209431966, "mae": 17.97525405883789, "mape": 0.37134942412376404}, "test_avg_mae": 17.754657745361328, "lr": 0.001, "fpem_logs": {"fpem/fpem_env_use_exogenous": 1.0, "fpem/env_exogenous_available": 1.0, "fpem/env_exogenous_time_available": 1.0, "fpem/env_exogenous_load_available": 1.0, "fpem/env_exogenous_feature_dim": 32.0, "fpem/env_exogenous_embedding_norm": 2.5393212749844505, "fpem/env_exogenous_load_embedding_norm": 1.836938940911066, "fpem/mask_loss": 0.0, "fpem/mask_sparse_loss": 0.0, "fpem/mask_entropy_loss": 0.0, "fpem/mask_mean": 1.0, "fpem/mask_entropy": 0.0, "fpem/mask_active_ratio": 1.0, "fpem/fusion_alpha_mean": 0.0, "fpem/fusion_alpha_std": 0.0, "fpem/fusion_alpha_min": 0.0, "fpem/fusion_alpha_max": 0.0, "fpem/env_route_loss": 31.754350880214147, "fpem/env_route_L_final": 18.419486409141903, "fpem/env_route_L_global": 75.06604686918713, "fpem/env_route_L_route_soft": 18.419486409141903, "fpem/env_route_L_expert": 20.571808115641275, "fpem/env_route_L_router_oracle": -1.6452179576359207e-09, "fpem/env_route_L_balance": 5.752385314798978e-07, "fpem/env_route_L_diverse": 0.9958348370733715, "fpem/env_route_L_proto_align": -0.9157117786861602, "fpem/env_route_entropy": 1.042044284230187, "fpem/env_route_q_max_mean": 0.4342340594246274, "fpem/env_route_train_mode_gradient_compat": 0.0, "fpem/env_route_gradient_compat_aux": 0.0, "fpem/hyper_alpha_mean": 0.997128206775302, "fpem/hyper_delta_norm": 1.0014953539485023, "fpem/hyper_route_proto_mode_uniform_warmup": 0.0, "fpem/hyper_route_proto_mode_sinkhorn": 1.0, "fpem/hyper_route_proto_mode_softmax": 0.0, "fpem/fallback_q_mean": 0.0, "fpem/fallback_q_max": 0.0, "fpem/env_q_sum_mean": 0.0, "fpem/oracle_fallback_rate": 0.0, "fpem/route_count_fallback": 0.0, "fpem/env_route_head_mode": 1.0, "fpem/route_entropy_mean": 1.042044284230187, "fpem/route_mean_distribution_entropy": 1.0986097165516444, "fpem/effective_expert_number": 2.9999922411782403, "fpem/max_expert_usage_ratio": 0.5285714285714286, "fpem/min_expert_usage_ratio": 0.15357142857142858, "fpem/prototype_pairwise_cosine": 0.9743234100795928, "fpem/expert_prediction_pairwise_cosine": 0.9958348370733715, "fpem/expert_collapse_warning": 0.0, "fpem/env_route_target_mode_env_prototype": 1.0, "fpem/env_route_target_mode_hybrid": 0.0, "fpem/env_route_hybrid_alpha": 1.0, "fpem/env_route_count_head_0": 5.942857142857143, "fpem/env_route_oracle_count_head_0": 5.942857142857143, "fpem/route_count_env_head_0": 5.942857142857143, "fpem/route_soft_mean_expert_0": 0.3330037678991045, "fpem/route_hard_count_expert_0": 5.942857142857143, "fpem/hyper_alpha_head_0": 0.9957396796771458, "fpem/hyper_gamma_norm_head_0": 7.943096251714797, "fpem/hyper_beta_norm_head_0": 0.6709417933509463, "fpem/env_route_count_head_1": 5.6571428571428575, "fpem/env_route_oracle_count_head_1": 5.6571428571428575, "fpem/route_count_env_head_1": 5.6571428571428575, "fpem/route_soft_mean_expert_1": 0.3337075911817097, "fpem/route_hard_count_expert_1": 5.6571428571428575, "fpem/hyper_alpha_head_1": 0.9985934427806309, "fpem/hyper_gamma_norm_head_1": 7.85219320115589, "fpem/hyper_beta_norm_head_1": 0.7239430802209037, "fpem/env_route_count_head_2": 4.4, "fpem/env_route_oracle_count_head_2": 4.4, "fpem/route_count_env_head_2": 4.4, "fpem/route_soft_mean_expert_2": 0.33328864915030343, "fpem/route_hard_count_expert_2": 4.4, "fpem/hyper_alpha_head_2": 0.9970514490490868, "fpem/hyper_gamma_norm_head_2": 7.926492827279227, "fpem/hyper_beta_norm_head_2": 0.7239289437021528, "fpem/future_mi_loss": -2.0773868038540795, "fpem/future_mi_valid": 1.0, "fpem/future_mi_logvar_mean": -4.962546779995873, "fpem/future_mi_target_mode_env_encoder": 1.0, "fpem/swap_loss": 0.0, "fpem/swap_diff_loss": 0.0, "fpem/swap_same_loss": 0.0, "fpem/swap_gain_mean": 0.0, "fpem/swap_s_gain_mean": 0.0, "fpem/swap_fallback_router_loss": 0.0, "fpem/swap_fallback_q_mean": 0.0, "fpem/swap_prediction_delta": 0.0, "fpem/swap_route_delta": 0.0, "fpem/swap_hyper_alpha_delta": 0.0, "fpem/swap_hyper_delta_norm": 0.0, "fpem/loss_env_day": 0.0, "fpem/loss_env_hour": 0.0, "fpem/loss_env_rush": 0.0, "fpem/env_day_acc": 0.0, "fpem/env_hour_acc": 0.0, "fpem/env_rush_acc": 0.0, "fpem/loss_env_supcon": 0.0, "fpem/env_supcon_valid_pairs": 0.0, "fpem/loss_inv_env_adv": 0.0, "fpem/inv_day_acc": 0.0, "fpem/inv_hour_acc": 0.0, "fpem/inv_rush_acc": 0.0, "fpem/loss_cross_cov_sep": 0.0, "fpem/primary_loss": 18.419486409141903, "fpem/inv_pred_loss": 75.06604686918713, "fpem/primary_uses_route": 1.0, "fpem/primary_uses_env_fusion": 0.0, "fpem/backbone_agcrn": 1.0, "fpem/gc_pred_loss_only": 1.0, "fpem/env_route_head_mode_hyper_proto": 1.0, "fpem/lambda_club_mi": 0.0}}
EXPERT_COLLAPSE_WARNING epoch=9 zero_assignment_streak=3
EXPERT_COLLAPSE_WARNING epoch=9 zero_assignment_streak=4
EPOCH {"epoch": 9, "train_loss": 48.410919443766275, "val": {"loss": 17.1326814227634, "mae": 16.951580047607422, "mape": 0.29015645384788513}, "test_mixed": {"loss": 16.944652802603585, "mae": 16.908414840698242, "mape": 0.28775379061698914}, "test_workday": {"loss": 16.647768352342688, "mae": 16.670047760009766, "mape": 0.28278520703315735}, "test_holiday": {"loss": 17.470227400461834, "mae": 17.321775436401367, "mape": 0.2963697910308838}, "test_avg_mae": 16.995911598205566, "lr": 0.001, "fpem_logs": {"fpem/fpem_env_use_exogenous": 1.0, "fpem/env_exogenous_available": 1.0, "fpem/env_exogenous_time_available": 1.0, "fpem/env_exogenous_load_available": 1.0, "fpem/env_exogenous_feature_dim": 32.0, "fpem/env_exogenous_embedding_norm": 2.5525258472987584, "fpem/env_exogenous_load_embedding_norm": 1.846615633510408, "fpem/mask_loss": 0.0, "fpem/mask_sparse_loss": 0.0, "fpem/mask_entropy_loss": 0.0, "fpem/mask_mean": 1.0, "fpem/mask_entropy": 0.0, "fpem/mask_active_ratio": 1.0, "fpem/fusion_alpha_mean": 0.0, "fpem/fusion_alpha_std": 0.0, "fpem/fusion_alpha_min": 0.0, "fpem/fusion_alpha_max": 0.0, "fpem/env_route_loss": 30.741690117972237, "fpem/env_route_L_final": 17.85342040289016, "fpem/env_route_L_global": 72.80929354713076, "fpem/env_route_L_route_soft": 17.85342040289016, "fpem/env_route_L_expert": 19.753829129536946, "fpem/env_route_L_router_oracle": -4.345956682358508e-09, "fpem/env_route_L_balance": 8.983621942045772e-09, "fpem/env_route_L_diverse": 0.9967451163700649, "fpem/env_route_L_proto_align": -0.914129422392164, "fpem/env_route_entropy": 1.0759972521236965, "fpem/env_route_q_max_mean": 0.39188996297972545, "fpem/env_route_train_mode_gradient_compat": 0.0, "fpem/env_route_gradient_compat_aux": 0.0, "fpem/hyper_alpha_mean": 0.9945998469988505, "fpem/hyper_delta_norm": 1.0056680724734353, "fpem/hyper_route_proto_mode_uniform_warmup": 0.0, "fpem/hyper_route_proto_mode_sinkhorn": 1.0, "fpem/hyper_route_proto_mode_softmax": 0.0, "fpem/fallback_q_mean": 0.0, "fpem/fallback_q_max": 0.0, "fpem/env_q_sum_mean": 0.0, "fpem/oracle_fallback_rate": 0.0, "fpem/route_count_fallback": 0.0, "fpem/env_route_head_mode": 1.0, "fpem/route_entropy_mean": 1.0759972521236965, "fpem/route_mean_distribution_entropy": 1.0986122687657673, "fpem/effective_expert_number": 2.99999988419669, "fpem/max_expert_usage_ratio": 0.7065476190476191, "fpem/min_expert_usage_ratio": 0.08630952380952381, "fpem/prototype_pairwise_cosine": 0.9770806409063794, "fpem/expert_prediction_pairwise_cosine": 0.9967451163700649, "fpem/expert_collapse_warning": 0.01904761904761905, "fpem/env_route_target_mode_env_prototype": 1.0, "fpem/env_route_target_mode_hybrid": 0.0, "fpem/env_route_hybrid_alpha": 1.0, "fpem/env_route_count_head_0": 6.838095238095238, "fpem/env_route_oracle_count_head_0": 6.838095238095238, "fpem/route_count_env_head_0": 6.838095238095238, "fpem/route_soft_mean_expert_0": 0.33335269888242086, "fpem/route_hard_count_expert_0": 6.838095238095238, "fpem/hyper_alpha_head_0": 0.9949714944476173, "fpem/hyper_gamma_norm_head_0": 7.950003837403797, "fpem/hyper_beta_norm_head_0": 0.6514769985562279, "fpem/env_route_count_head_1": 4.485714285714286, "fpem/env_route_oracle_count_head_1": 4.485714285714286, "fpem/route_count_env_head_1": 4.485714285714286, "fpem/route_soft_mean_expert_1": 0.33331429731278195, "fpem/route_hard_count_expert_1": 4.485714285714286, "fpem/hyper_alpha_head_1": 0.9921444200334095, "fpem/hyper_gamma_norm_head_1": 7.955742459070115, "fpem/hyper_beta_norm_head_1": 0.695841372013092, "fpem/env_route_count_head_2": 4.6761904761904765, "fpem/env_route_oracle_count_head_2": 4.6761904761904765, "fpem/route_count_env_head_2": 4.6761904761904765, "fpem/route_soft_mean_expert_2": 0.333333010332925, "fpem/route_hard_count_expert_2": 4.6761904761904765, "fpem/hyper_alpha_head_2": 0.9966835640725635, "fpem/hyper_gamma_norm_head_2": 7.906933684576125, "fpem/hyper_beta_norm_head_2": 0.7034153614725386, "fpem/future_mi_loss": -2.265925818397885, "fpem/future_mi_valid": 1.0, "fpem/future_mi_logvar_mean": -5.39786479132516, "fpem/future_mi_target_mode_env_encoder": 1.0, "fpem/swap_loss": 0.0, "fpem/swap_diff_loss": 0.0, "fpem/swap_same_loss": 0.0, "fpem/swap_gain_mean": 0.0, "fpem/swap_s_gain_mean": 0.0, "fpem/swap_fallback_router_loss": 0.0, "fpem/swap_fallback_q_mean": 0.0, "fpem/swap_prediction_delta": 0.0, "fpem/swap_route_delta": 0.0, "fpem/swap_hyper_alpha_delta": 0.0, "fpem/swap_hyper_delta_norm": 0.0, "fpem/loss_env_day": 0.0, "fpem/loss_env_hour": 0.0, "fpem/loss_env_rush": 0.0, "fpem/env_day_acc": 0.0, "fpem/env_hour_acc": 0.0, "fpem/env_rush_acc": 0.0, "fpem/loss_env_supcon": 0.0, "fpem/env_supcon_valid_pairs": 0.0, "fpem/loss_inv_env_adv": 0.0, "fpem/inv_day_acc": 0.0, "fpem/inv_hour_acc": 0.0, "fpem/inv_rush_acc": 0.0, "fpem/loss_cross_cov_sep": 0.0, "fpem/primary_loss": 17.85342040289016, "fpem/inv_pred_loss": 72.80929354713076, "fpem/primary_uses_route": 1.0, "fpem/primary_uses_env_fusion": 0.0, "fpem/backbone_agcrn": 1.0, "fpem/gc_pred_loss_only": 1.0, "fpem/env_route_head_mode_hyper_proto": 1.0, "fpem/lambda_club_mi": 0.0}}
EXPERT_COLLAPSE_WARNING epoch=10 zero_assignment_streak=5
EXPERT_COLLAPSE_WARNING epoch=10 zero_assignment_streak=6
EXPERT_COLLAPSE_WARNING epoch=10 zero_assignment_streak=7
EXPERT_COLLAPSE_WARNING epoch=10 zero_assignment_streak=8
EXPERT_COLLAPSE_WARNING epoch=10 zero_assignment_streak=9
EXPERT_COLLAPSE_WARNING epoch=10 zero_assignment_streak=10
EXPERT_COLLAPSE_WARNING epoch=10 zero_assignment_streak=11
EXPERT_COLLAPSE_WARNING epoch=10 zero_assignment_streak=12
EXPERT_COLLAPSE_WARNING epoch=10 zero_assignment_streak=13
EXPERT_COLLAPSE_WARNING epoch=10 zero_assignment_streak=3
EXPERT_COLLAPSE_WARNING epoch=10 zero_assignment_streak=4
EXPERT_COLLAPSE_WARNING epoch=10 zero_assignment_streak=5
EXPERT_COLLAPSE_WARNING epoch=10 zero_assignment_streak=3
EXPERT_COLLAPSE_WARNING epoch=10 zero_assignment_streak=4
