{
  "args": {
    "seed": 2026,
    "device": "cuda:0",
    "mode": "train",
    "best_path": "/home/zhangwt/remote/StableST/experiments/NYCTaxi/20240510-014845/best_model.pth",
    "debug": false,
    "data_dir": "/data/OuXiaoyu/STEVE_CODE/STEVE/data",
    "dataset": "NYCTaxi_TDS",
    "input_length": 35,
    "batch_size": 16,
    "test_batch_size": 16,
    "graph_file": "/data/OuXiaoyu/STEVE_CODE/STEVE/data/NYCTaxi_TDS/adj_mx.npz",
    "num_nodes": 200,
    "len_closeness": 8,
    "len_period": 27,
    "len_trend": 0,
    "d_input": 2,
    "d_output": 2,
    "d_model": 64,
    "dropout": 0.1,
    "percent": 0.1,
    "shm_temp": 0.5,
    "nmb_prototype": 4,
    "yita": 0.5,
    "layers": 3,
    "K": 64,
    "bank_gamma": 0.2,
    "kw": 1,
    "mi_w": 2,
    "epochs": 100,
    "lr_init": 0.001,
    "early_stop": true,
    "early_stop_patience": 30,
    "grad_norm": true,
    "max_grad_norm": 5,
    "use_dwa": true,
    "temp": 2,
    "MMI": false,
    "lr_patience": 20,
    "lr_mode": "only",
    "use_RevIN": true,
    "ablation": "hyper_proto_sinkhorn",
    "config_filename": "/data/OuXiaoyu/STEVE_CODE/STEVE/configs/NYCTaxi.yaml",
    "model": "steve",
    "early_stop_test_avg_mae_epoch": 40,
    "early_stop_test_avg_mae_threshold": 12.0,
    "train_work_per_holiday": 2.5,
    "exp_name": "fpem_agcrn_aligned_pretrained_inv_hyper_proto_hyper_proto_sinkhorn_seed2026",
    "run_name": "fpem_agcrn_aligned_pretrained_inv_hyper_proto_hyper_proto_sinkhorn_seed2026",
    "result_root": "/data/OuXiaoyu/STEVE_CODE/STEVE/experiments/NYCTaxi_TDS",
    "resume": true,
    "resume_reset_patience": true,
    "max_train_batches": null,
    "max_eval_batches": null,
    "agcrn_lr": 0.003,
    "agcrn_embed_dim": 10,
    "agcrn_rnn_units": 64,
    "agcrn_num_layers": 2,
    "agcrn_cheb_k": 2,
    "fpem_use_pretrained_inv_agcrn": true,
    "fpem_pretrained_inv_agcrn_path": "/data/OuXiaoyu/STEVE_CODE/STEVE/experiments/NYCTaxi_TDS/pure_agcrn_seed2024/best_val_model.pth",
    "fpem_use_env_supervision": false,
    "fpem_lambda_env_day_cls": 0.0,
    "fpem_lambda_env_hour_cls": 0.0,
    "fpem_lambda_env_rush_cls": 0.0,
    "fpem_env_use_exogenous": true,
    "fpem_env_exogenous_hour_dim": 8,
    "fpem_env_exogenous_day_dim": 4,
    "fpem_env_exogenous_rush_dim": 4,
    "fpem_env_exogenous_load_dim": 8,
    "fpem_env_exogenous_load_num_embeddings": 6,
    "fpem_env_exogenous_scale": 0.1,
    "fpem_use_env_supcon": false,
    "fpem_lambda_env_supcon": 0.0,
    "fpem_env_supcon_temperature": 0.1,
    "fpem_use_inv_projector": false,
    "fpem_use_inv_env_adversarial": false,
    "fpem_lambda_inv_env_adv": 0.0,
    "fpem_grl_alpha": 1.0,
    "fpem_env_route_head_mode": "hyper_inv_film_proto",
    "fpem_use_env_prototype_router": true,
    "fpem_env_route_target_mode": "env_prototype",
    "fpem_env_prototype_temperature": 1.0,
    "fpem_env_route_hybrid_alpha": 1.0,
    "fpem_env_route_hybrid_alpha_start": 1.0,
    "fpem_env_route_hybrid_alpha_end": 0.5,
    "fpem_env_route_hybrid_alpha_decay_epochs": 30,
    "fpem_use_sinkhorn_route": true,
    "fpem_sinkhorn_iters": 3,
    "fpem_sinkhorn_epsilon": 0.05,
    "fpem_expert_uniform_warmup_epochs": 5,
    "fpem_env_route_balance_warmup_epochs": 10,
    "fpem_env_route_initial_temperature": 1.0,
    "fpem_env_route_final_temperature": 0.3,
    "fpem_use_cross_cov_sep": false,
    "fpem_lambda_cross_cov_sep": 0.0,
    "fpem_backbone": "agcrn",
    "fpem_use_confounder_extractor": false,
    "fpem_use_env_mask": false,
    "fpem_confounder_use_mask": false,
    "fpem_lambda_mask_sparse": 0.0,
    "fpem_lambda_mask_entropy": 0.0,
    "fpem_lambda_inv_pred": 0.0,
    "fpem_use_env_route": true,
    "fpem_env_route_k": 3,
    "fpem_env_route_warmup_epochs": 0,
    "fpem_env_route_tau": 1.0,
    "fpem_env_route_oracle_tau": 0.3,
    "fpem_env_route_train_mode": "soft_oracle",
    "fpem_env_route_hidden_dim": 64,
    "fpem_env_route_lambda_final": 1.0,
    "fpem_env_route_lambda_global": 0.0,
    "fpem_env_route_lambda_route_soft": 0.5,
    "fpem_env_route_lambda_expert": 0.2,
    "fpem_env_route_lambda_router_oracle": 1.0,
    "fpem_env_route_lambda_balance": 0.1,
    "fpem_env_route_lambda_diverse": 0.02,
    "fpem_env_route_lambda_proto_align": 0.01,
    "fpem_env_route_lambda_entropy": 0.0,
    "fpem_hyper_alpha_mode": "sample_gate",
    "fpem_lambda_hyper_delta_norm": 0.0001,
    "fpem_use_club_mi": false,
    "fpem_lambda_club_mi": 0.0,
    "fpem_use_env_fusion": false,
    "fpem_env_route_use_inv_fallback_expert": false,
    "fpem_use_future_mi": false,
    "fpem_lambda_future_mi": 0.0,
    "fpem_future_mi_target_mode": "env_encoder",
    "fpem_future_mi_warmup_epochs": 5,
    "fpem_future_mi_hidden_dim": 64,
    "fpem_future_mi_detach_target": true,
    "fpem_use_swap": false,
    "fpem_lambda_swap": 0.0,
    "fpem_swap_warmup_epochs": 30,
    "fpem_swap_margin": 0.01,
    "fpem_swap_gain_eta": 0.0,
    "fpem_swap_gain_tau": 0.05,
    "fpem_lambda_swap_diff": 1.0,
    "fpem_lambda_swap_same": 0.05,
    "fpem_swap_only_diff_route": true,
    "fpem_swap_detach_inv": true,
    "fpem_swap_detach_env": false,
    "fpem_use_swap_fallback_router_loss": false,
    "fpem_lambda_swap_fallback_router": 0.0,
    "fpem_use_grad_consensus": false,
    "fpem_gc_pred_loss_only": true,
    "git_commit": "1b38ed8",
    "log_dir": "/data/OuXiaoyu/STEVE_CODE/STEVE/experiments/NYCTaxi_TDS/fpem_agcrn_aligned_pretrained_inv_hyper_proto_hyper_proto_sinkhorn_seed2026"
  },
  "counts": {
    "train_total": 1680,
    "train_workday": 1200,
    "train_holiday": 480,
    "train_workday_holiday_ratio": 2.5,
    "val_total": 274,
    "val_workday": 178,
    "val_holiday": 96,
    "test_total": 546,
    "test_workday": 354,
    "test_holiday": 192
  },
  "trainable_params": 881700,
  "frozen_params": 819565,
  "optimizer_params": 881700,
  "resume_start_epoch": 1
}
EPOCH {"epoch": 1, "train_loss": 170.61542380196707, "val": {"loss": 32.37731170654297, "mae": 31.872634887695312, "mape": 0.5342929363250732}, "test_mixed": {"loss": 35.718919372558595, "mae": 34.132972717285156, "mape": 0.5293866395950317}, "test_workday": {"loss": 37.760094849959664, "mae": 35.76239013671875, "mape": 0.5528963208198547}, "test_holiday": {"loss": 31.761908372243244, "mae": 31.3073787689209, "mape": 0.4886179566383362}, "test_avg_mae": 33.534884452819824, "lr": 0.001, "fpem_logs": {"fpem/fpem_env_use_exogenous": 1.0, "fpem/env_exogenous_available": 1.0, "fpem/env_exogenous_time_available": 1.0, "fpem/env_exogenous_load_available": 1.0, "fpem/env_exogenous_feature_dim": 32.0, "fpem/env_exogenous_embedding_norm": 2.3442645004817417, "fpem/env_exogenous_load_embedding_norm": 1.662317484901065, "fpem/mask_loss": 0.0, "fpem/mask_sparse_loss": 0.0, "fpem/mask_entropy_loss": 0.0, "fpem/mask_mean": 1.0, "fpem/mask_entropy": 0.0, "fpem/mask_active_ratio": 1.0, "fpem/fusion_alpha_mean": 0.0, "fpem/fusion_alpha_std": 0.0, "fpem/fusion_alpha_min": 0.0, "fpem/fusion_alpha_max": 0.0, "fpem/env_route_loss": 109.24720219203404, "fpem/env_route_L_final": 61.368153853643506, "fpem/env_route_L_global": 163.0174605596633, "fpem/env_route_L_route_soft": 61.368153853643506, "fpem/env_route_L_expert": 85.92311306908017, "fpem/env_route_L_router_oracle": 0.0, "fpem/env_route_L_balance": 0.0, "fpem/env_route_L_diverse": 0.6979274238858905, "fpem/env_route_L_proto_align": -0.3610170900511245, "fpem/env_route_entropy": 1.0986123085021973, "fpem/env_route_q_max_mean": 0.3333333432674408, "fpem/env_route_train_mode_gradient_compat": 0.0, "fpem/env_route_gradient_compat_aux": 0.0, "fpem/hyper_alpha_mean": 0.71383889402662, "fpem/hyper_delta_norm": 0.6755402015285201, "fpem/hyper_route_proto_mode_uniform_warmup": 1.0, "fpem/hyper_route_proto_mode_sinkhorn": 0.0, "fpem/hyper_route_proto_mode_softmax": 0.0, "fpem/fallback_q_mean": 0.0, "fpem/fallback_q_max": 0.0, "fpem/env_q_sum_mean": 0.0, "fpem/oracle_fallback_rate": 0.0, "fpem/route_count_fallback": 0.0, "fpem/env_route_head_mode": 1.0, "fpem/route_entropy_mean": 1.0986123085021973, "fpem/route_mean_distribution_entropy": 1.0986123085021973, "fpem/effective_expert_number": 3.0, "fpem/max_expert_usage_ratio": 1.0, "fpem/min_expert_usage_ratio": 0.0, "fpem/prototype_pairwise_cosine": 0.27554581676210677, "fpem/expert_prediction_pairwise_cosine": 0.6979274238858905, "fpem/expert_collapse_warning": 0.9809523809523809, "fpem/env_route_target_mode_env_prototype": 1.0, "fpem/env_route_target_mode_hybrid": 0.0, "fpem/env_route_hybrid_alpha": 1.0, "fpem/env_route_count_head_0": 16.0, "fpem/env_route_oracle_count_head_0": 16.0, "fpem/route_count_env_head_0": 16.0, "fpem/route_soft_mean_expert_0": 0.3333333432674408, "fpem/route_hard_count_expert_0": 16.0, "fpem/hyper_alpha_head_0": 0.9385339384987241, "fpem/hyper_gamma_norm_head_0": 5.934942609010752, "fpem/hyper_beta_norm_head_0": 1.5774999386176378, "fpem/env_route_count_head_1": 0.0, "fpem/env_route_oracle_count_head_1": 0.0, "fpem/route_count_env_head_1": 0.0, "fpem/route_soft_mean_expert_1": 0.3333333432674408, "fpem/route_hard_count_expert_1": 0.0, "fpem/hyper_alpha_head_1": 0.859098133444786, "fpem/hyper_gamma_norm_head_1": 5.936834540239181, "fpem/hyper_beta_norm_head_1": 1.5809036816231952, "fpem/env_route_count_head_2": 0.0, "fpem/env_route_oracle_count_head_2": 0.0, "fpem/route_count_env_head_2": 0.0, "fpem/route_soft_mean_expert_2": 0.3333333432674408, "fpem/route_hard_count_expert_2": 0.0, "fpem/hyper_alpha_head_2": 0.3438845750299238, "fpem/hyper_gamma_norm_head_2": 5.865987022289829, "fpem/hyper_beta_norm_head_2": 2.353939067675466, "fpem/future_mi_loss": 0.0, "fpem/future_mi_valid": 0.0, "fpem/future_mi_logvar_mean": 0.0, "fpem/future_mi_target_mode_env_encoder": 0.0, "fpem/swap_loss": 0.0, "fpem/swap_diff_loss": 0.0, "fpem/swap_same_loss": 0.0, "fpem/swap_gain_mean": 0.0, "fpem/swap_s_gain_mean": 0.0, "fpem/swap_fallback_router_loss": 0.0, "fpem/swap_fallback_q_mean": 0.0, "fpem/swap_prediction_delta": 0.0, "fpem/swap_route_delta": 0.0, "fpem/swap_hyper_alpha_delta": 0.0, "fpem/swap_hyper_delta_norm": 0.0, "fpem/loss_env_day": 0.0, "fpem/loss_env_hour": 0.0, "fpem/loss_env_rush": 0.0, "fpem/env_day_acc": 0.0, "fpem/env_hour_acc": 0.0, "fpem/env_rush_acc": 0.0, "fpem/loss_env_supcon": 0.0, "fpem/env_supcon_valid_pairs": 0.0, "fpem/loss_inv_env_adv": 0.0, "fpem/inv_day_acc": 0.0, "fpem/inv_hour_acc": 0.0, "fpem/inv_rush_acc": 0.0, "fpem/loss_cross_cov_sep": 0.0, "fpem/primary_loss": 61.368153853643506, "fpem/inv_pred_loss": 163.0174605596633, "fpem/primary_uses_route": 1.0, "fpem/primary_uses_env_fusion": 0.0, "fpem/backbone_agcrn": 1.0, "fpem/gc_pred_loss_only": 1.0, "fpem/env_route_head_mode_hyper_proto": 1.0, "fpem/lambda_club_mi": 0.0}}
EPOCH {"epoch": 2, "train_loss": 91.38655126662482, "val": {"loss": 28.46450932820638, "mae": 27.71064567565918, "mape": 0.5794005990028381}, "test_mixed": {"loss": 30.887463106427873, "mae": 28.965665817260742, "mape": 0.5794388055801392}, "test_workday": {"loss": 32.39069598654042, "mae": 29.945171356201172, "mape": 0.5955967307090759}, "test_holiday": {"loss": 27.952744007110596, "mae": 27.2670955657959, "mape": 0.5514190196990967}, "test_avg_mae": 28.606133460998535, "lr": 0.001, "fpem_logs": {"fpem/fpem_env_use_exogenous": 1.0, "fpem/env_exogenous_available": 1.0, "fpem/env_exogenous_time_available": 1.0, "fpem/env_exogenous_load_available": 1.0, "fpem/env_exogenous_feature_dim": 32.0, "fpem/env_exogenous_embedding_norm": 2.3839464664459227, "fpem/env_exogenous_load_embedding_norm": 1.7056344327472506, "fpem/mask_loss": 0.0, "fpem/mask_sparse_loss": 0.0, "fpem/mask_entropy_loss": 0.0, "fpem/mask_mean": 1.0, "fpem/mask_entropy": 0.0, "fpem/mask_active_ratio": 1.0, "fpem/fusion_alpha_mean": 0.0, "fpem/fusion_alpha_std": 0.0, "fpem/fusion_alpha_min": 0.0, "fpem/fusion_alpha_max": 0.0, "fpem/env_route_loss": 57.80469814482189, "fpem/env_route_L_final": 33.58172367640904, "fpem/env_route_L_global": 138.04722762334916, "fpem/env_route_L_route_soft": 33.58172367640904, "fpem/env_route_L_expert": 37.099401128859746, "fpem/env_route_L_router_oracle": 0.0, "fpem/env_route_L_balance": 0.0, "fpem/env_route_L_diverse": 0.992830513204847, "fpem/env_route_L_proto_align": -0.7624322499547685, "fpem/env_route_entropy": 1.0986123085021973, "fpem/env_route_q_max_mean": 0.3333333432674408, "fpem/env_route_train_mode_gradient_compat": 0.0, "fpem/env_route_gradient_compat_aux": 0.0, "fpem/hyper_alpha_mean": 0.9647034435045152, "fpem/hyper_delta_norm": 1.2904450882048835, "fpem/hyper_route_proto_mode_uniform_warmup": 1.0, "fpem/hyper_route_proto_mode_sinkhorn": 0.0, "fpem/hyper_route_proto_mode_softmax": 0.0, "fpem/fallback_q_mean": 0.0, "fpem/fallback_q_max": 0.0, "fpem/env_q_sum_mean": 0.0, "fpem/oracle_fallback_rate": 0.0, "fpem/route_count_fallback": 0.0, "fpem/env_route_head_mode": 1.0, "fpem/route_entropy_mean": 1.0986123085021973, "fpem/route_mean_distribution_entropy": 1.0986123085021973, "fpem/effective_expert_number": 3.0, "fpem/max_expert_usage_ratio": 1.0, "fpem/min_expert_usage_ratio": 0.0, "fpem/prototype_pairwise_cosine": 0.635050938810621, "fpem/expert_prediction_pairwise_cosine": 0.992830513204847, "fpem/expert_collapse_warning": 1.0, "fpem/env_route_target_mode_env_prototype": 1.0, "fpem/env_route_target_mode_hybrid": 0.0, "fpem/env_route_hybrid_alpha": 1.0, "fpem/env_route_count_head_0": 16.0, "fpem/env_route_oracle_count_head_0": 16.0, "fpem/route_count_env_head_0": 16.0, "fpem/route_soft_mean_expert_0": 0.3333333432674408, "fpem/route_hard_count_expert_0": 16.0, "fpem/hyper_alpha_head_0": 0.9906362675485156, "fpem/hyper_gamma_norm_head_0": 7.9993643488202775, "fpem/hyper_beta_norm_head_0": 1.2293752863293603, "fpem/env_route_count_head_1": 0.0, "fpem/env_route_oracle_count_head_1": 0.0, "fpem/route_count_env_head_1": 0.0, "fpem/route_soft_mean_expert_1": 0.3333333432674408, "fpem/route_hard_count_expert_1": 0.0, "fpem/hyper_alpha_head_1": 0.9867921613511585, "fpem/hyper_gamma_norm_head_1": 8.45338066646031, "fpem/hyper_beta_norm_head_1": 1.2612414076214744, "fpem/env_route_count_head_2": 0.0, "fpem/env_route_oracle_count_head_2": 0.0, "fpem/route_count_env_head_2": 0.0, "fpem/route_soft_mean_expert_2": 0.3333333432674408, "fpem/route_hard_count_expert_2": 0.0, "fpem/hyper_alpha_head_2": 0.9166818720953805, "fpem/hyper_gamma_norm_head_2": 10.262125351315452, "fpem/hyper_beta_norm_head_2": 1.5636569465909684, "fpem/future_mi_loss": 0.0, "fpem/future_mi_valid": 0.0, "fpem/future_mi_logvar_mean": 0.0, "fpem/future_mi_target_mode_env_encoder": 0.0, "fpem/swap_loss": 0.0, "fpem/swap_diff_loss": 0.0, "fpem/swap_same_loss": 0.0, "fpem/swap_gain_mean": 0.0, "fpem/swap_s_gain_mean": 0.0, "fpem/swap_fallback_router_loss": 0.0, "fpem/swap_fallback_q_mean": 0.0, "fpem/swap_prediction_delta": 0.0, "fpem/swap_route_delta": 0.0, "fpem/swap_hyper_alpha_delta": 0.0, "fpem/swap_hyper_delta_norm": 0.0, "fpem/loss_env_day": 0.0, "fpem/loss_env_hour": 0.0, "fpem/loss_env_rush": 0.0, "fpem/env_day_acc": 0.0, "fpem/env_hour_acc": 0.0, "fpem/env_rush_acc": 0.0, "fpem/loss_env_supcon": 0.0, "fpem/env_supcon_valid_pairs": 0.0, "fpem/loss_inv_env_adv": 0.0, "fpem/inv_day_acc": 0.0, "fpem/inv_hour_acc": 0.0, "fpem/inv_rush_acc": 0.0, "fpem/loss_cross_cov_sep": 0.0, "fpem/primary_loss": 33.58172367640904, "fpem/inv_pred_loss": 138.04722762334916, "fpem/primary_uses_route": 1.0, "fpem/primary_uses_env_fusion": 0.0, "fpem/backbone_agcrn": 1.0, "fpem/gc_pred_loss_only": 1.0, "fpem/env_route_head_mode_hyper_proto": 1.0, "fpem/lambda_club_mi": 0.0}}
EPOCH {"epoch": 3, "train_loss": 74.19455333891369, "val": {"loss": 25.130464871724445, "mae": 24.89509391784668, "mape": 0.6357885599136353}, "test_mixed": {"loss": 26.74640611921038, "mae": 25.900007247924805, "mape": 0.6265126466751099}, "test_workday": {"loss": 27.31442459769871, "mae": 26.235607147216797, "mape": 0.6296088695526123}, "test_holiday": {"loss": 25.60022767384847, "mae": 25.318035125732422, "mape": 0.6211434602737427}, "test_avg_mae": 25.77682113647461, "lr": 0.001, "fpem_logs": {"fpem/fpem_env_use_exogenous": 1.0, "fpem/env_exogenous_available": 1.0, "fpem/env_exogenous_time_available": 1.0, "fpem/env_exogenous_load_available": 1.0, "fpem/env_exogenous_feature_dim": 32.0, "fpem/env_exogenous_embedding_norm": 2.3851681663876487, "fpem/env_exogenous_load_embedding_norm": 1.711215402966454, "fpem/mask_loss": 0.0, "fpem/mask_sparse_loss": 0.0, "fpem/mask_entropy_loss": 0.0, "fpem/mask_mean": 1.0, "fpem/mask_entropy": 0.0, "fpem/mask_active_ratio": 1.0, "fpem/fusion_alpha_mean": 0.0, "fpem/fusion_alpha_std": 0.0, "fpem/fusion_alpha_min": 0.0, "fpem/fusion_alpha_max": 0.0, "fpem/env_route_loss": 48.27939024425688, "fpem/env_route_L_final": 28.031893012637184, "fpem/env_route_L_global": 130.75776120140438, "fpem/env_route_L_route_soft": 28.031893012637184, "fpem/env_route_L_expert": 31.104399236043296, "fpem/env_route_L_router_oracle": 0.0, "fpem/env_route_L_balance": 0.0, "fpem/env_route_L_diverse": 0.9947095314661661, "fpem/env_route_L_proto_align": -0.9223358659517198, "fpem/env_route_entropy": 1.0986123085021973, "fpem/env_route_q_max_mean": 0.3333333432674408, "fpem/env_route_train_mode_gradient_compat": 0.0, "fpem/env_route_gradient_compat_aux": 0.0, "fpem/hyper_alpha_mean": 0.9798709982917422, "fpem/hyper_delta_norm": 1.5796991291500273, "fpem/hyper_route_proto_mode_uniform_warmup": 1.0, "fpem/hyper_route_proto_mode_sinkhorn": 0.0, "fpem/hyper_route_proto_mode_softmax": 0.0, "fpem/fallback_q_mean": 0.0, "fpem/fallback_q_max": 0.0, "fpem/env_q_sum_mean": 0.0, "fpem/oracle_fallback_rate": 0.0, "fpem/route_count_fallback": 0.0, "fpem/env_route_head_mode": 1.0, "fpem/route_entropy_mean": 1.0986123085021973, "fpem/route_mean_distribution_entropy": 1.0986123085021973, "fpem/effective_expert_number": 3.0, "fpem/max_expert_usage_ratio": 1.0, "fpem/min_expert_usage_ratio": 0.0, "fpem/prototype_pairwise_cosine": 0.8656212301481337, "fpem/expert_prediction_pairwise_cosine": 0.9947095314661661, "fpem/expert_collapse_warning": 1.0, "fpem/env_route_target_mode_env_prototype": 1.0, "fpem/env_route_target_mode_hybrid": 0.0, "fpem/env_route_hybrid_alpha": 1.0, "fpem/env_route_count_head_0": 16.0, "fpem/env_route_oracle_count_head_0": 16.0, "fpem/route_count_env_head_0": 16.0, "fpem/route_soft_mean_expert_0": 0.3333333432674408, "fpem/route_hard_count_expert_0": 16.0, "fpem/hyper_alpha_head_0": 0.9920276159331912, "fpem/hyper_gamma_norm_head_0": 8.968125733875093, "fpem/hyper_beta_norm_head_0": 1.1980849243345715, "fpem/env_route_count_head_1": 0.0, "fpem/env_route_oracle_count_head_1": 0.0, "fpem/route_count_env_head_1": 0.0, "fpem/route_soft_mean_expert_1": 0.3333333432674408, "fpem/route_hard_count_expert_1": 0.0, "fpem/hyper_alpha_head_1": 0.9881353945959181, "fpem/hyper_gamma_norm_head_1": 9.552304522196453, "fpem/hyper_beta_norm_head_1": 1.2354666993731545, "fpem/env_route_count_head_2": 0.0, "fpem/env_route_oracle_count_head_2": 0.0, "fpem/route_count_env_head_2": 0.0, "fpem/route_soft_mean_expert_2": 0.3333333432674408, "fpem/route_hard_count_expert_2": 0.0, "fpem/hyper_alpha_head_2": 0.9594499167941866, "fpem/hyper_gamma_norm_head_2": 11.194446209498814, "fpem/hyper_beta_norm_head_2": 1.4716629879815237, "fpem/future_mi_loss": 0.0, "fpem/future_mi_valid": 0.0, "fpem/future_mi_logvar_mean": 0.0, "fpem/future_mi_target_mode_env_encoder": 0.0, "fpem/swap_loss": 0.0, "fpem/swap_diff_loss": 0.0, "fpem/swap_same_loss": 0.0, "fpem/swap_gain_mean": 0.0, "fpem/swap_s_gain_mean": 0.0, "fpem/swap_fallback_router_loss": 0.0, "fpem/swap_fallback_q_mean": 0.0, "fpem/swap_prediction_delta": 0.0, "fpem/swap_route_delta": 0.0, "fpem/swap_hyper_alpha_delta": 0.0, "fpem/swap_hyper_delta_norm": 0.0, "fpem/loss_env_day": 0.0, "fpem/loss_env_hour": 0.0, "fpem/loss_env_rush": 0.0, "fpem/env_day_acc": 0.0, "fpem/env_hour_acc": 0.0, "fpem/env_rush_acc": 0.0, "fpem/loss_env_supcon": 0.0, "fpem/env_supcon_valid_pairs": 0.0, "fpem/loss_inv_env_adv": 0.0, "fpem/inv_day_acc": 0.0, "fpem/inv_hour_acc": 0.0, "fpem/inv_rush_acc": 0.0, "fpem/loss_cross_cov_sep": 0.0, "fpem/primary_loss": 28.031893012637184, "fpem/inv_pred_loss": 130.75776120140438, "fpem/primary_uses_route": 1.0, "fpem/primary_uses_env_fusion": 0.0, "fpem/backbone_agcrn": 1.0, "fpem/gc_pred_loss_only": 1.0, "fpem/env_route_head_mode_hyper_proto": 1.0, "fpem/lambda_club_mi": 0.0}}
EPOCH {"epoch": 4, "train_loss": 65.45690986996605, "val": {"loss": 21.14852523803711, "mae": 20.80189323425293, "mape": 0.40696981549263}, "test_mixed": {"loss": 21.753497641427177, "mae": 21.224252700805664, "mape": 0.4032343029975891}, "test_workday": {"loss": 21.87515283667523, "mae": 21.280807495117188, "mape": 0.40175363421440125}, "test_holiday": {"loss": 21.495007038116455, "mae": 21.126182556152344, "mape": 0.4058018922805786}, "test_avg_mae": 21.203495025634766, "lr": 0.001, "fpem_logs": {"fpem/fpem_env_use_exogenous": 1.0, "fpem/env_exogenous_available": 1.0, "fpem/env_exogenous_time_available": 1.0, "fpem/env_exogenous_load_available": 1.0, "fpem/env_exogenous_feature_dim": 32.0, "fpem/env_exogenous_embedding_norm": 2.3937185083116805, "fpem/env_exogenous_load_embedding_norm": 1.725926979382833, "fpem/mask_loss": 0.0, "fpem/mask_sparse_loss": 0.0, "fpem/mask_entropy_loss": 0.0, "fpem/mask_mean": 1.0, "fpem/mask_entropy": 0.0, "fpem/mask_active_ratio": 1.0, "fpem/fusion_alpha_mean": 0.0, "fpem/fusion_alpha_std": 0.0, "fpem/fusion_alpha_min": 0.0, "fpem/fusion_alpha_max": 0.0, "fpem/env_route_loss": 41.83348054431734, "fpem/env_route_L_final": 24.3034546261742, "fpem/env_route_L_global": 125.28924095517112, "fpem/env_route_L_route_soft": 24.3034546261742, "fpem/env_route_L_expert": 26.840656280517578, "fpem/env_route_L_router_oracle": 0.0, "fpem/env_route_L_balance": 0.0, "fpem/env_route_L_diverse": 0.9958442375773475, "fpem/env_route_L_proto_align": -0.9749404612041656, "fpem/env_route_entropy": 1.0986123085021973, "fpem/env_route_q_max_mean": 0.3333333432674408, "fpem/env_route_train_mode_gradient_compat": 0.0, "fpem/env_route_gradient_compat_aux": 0.0, "fpem/hyper_alpha_mean": 0.984250947974977, "fpem/hyper_delta_norm": 1.7575188829785302, "fpem/hyper_route_proto_mode_uniform_warmup": 1.0, "fpem/hyper_route_proto_mode_sinkhorn": 0.0, "fpem/hyper_route_proto_mode_softmax": 0.0, "fpem/fallback_q_mean": 0.0, "fpem/fallback_q_max": 0.0, "fpem/env_q_sum_mean": 0.0, "fpem/oracle_fallback_rate": 0.0, "fpem/route_count_fallback": 0.0, "fpem/env_route_head_mode": 1.0, "fpem/route_entropy_mean": 1.0986123085021973, "fpem/route_mean_distribution_entropy": 1.0986123085021973, "fpem/effective_expert_number": 3.0, "fpem/max_expert_usage_ratio": 1.0, "fpem/min_expert_usage_ratio": 0.0, "fpem/prototype_pairwise_cosine": 0.9733219686008635, "fpem/expert_prediction_pairwise_cosine": 0.9958442375773475, "fpem/expert_collapse_warning": 1.0, "fpem/env_route_target_mode_env_prototype": 1.0, "fpem/env_route_target_mode_hybrid": 0.0, "fpem/env_route_hybrid_alpha": 1.0, "fpem/env_route_count_head_0": 16.0, "fpem/env_route_oracle_count_head_0": 16.0, "fpem/route_count_env_head_0": 16.0, "fpem/route_soft_mean_expert_0": 0.3333333432674408, "fpem/route_hard_count_expert_0": 16.0, "fpem/hyper_alpha_head_0": 0.993027811391013, "fpem/hyper_gamma_norm_head_0": 9.694676408313569, "fpem/hyper_beta_norm_head_0": 1.1687680494217645, "fpem/env_route_count_head_1": 0.0, "fpem/env_route_oracle_count_head_1": 0.0, "fpem/route_count_env_head_1": 0.0, "fpem/route_soft_mean_expert_1": 0.3333333432674408, "fpem/route_hard_count_expert_1": 0.0, "fpem/hyper_alpha_head_1": 0.9887596028191703, "fpem/hyper_gamma_norm_head_1": 10.171353458222889, "fpem/hyper_beta_norm_head_1": 1.1955009244737171, "fpem/env_route_count_head_2": 0.0, "fpem/env_route_oracle_count_head_2": 0.0, "fpem/route_count_env_head_2": 0.0, "fpem/route_soft_mean_expert_2": 0.3333333432674408, "fpem/route_hard_count_expert_2": 0.0, "fpem/hyper_alpha_head_2": 0.9709653803280421, "fpem/hyper_gamma_norm_head_2": 11.561894898187546, "fpem/hyper_beta_norm_head_2": 1.4059942154657272, "fpem/future_mi_loss": 0.0, "fpem/future_mi_valid": 0.0, "fpem/future_mi_logvar_mean": 0.0, "fpem/future_mi_target_mode_env_encoder": 0.0, "fpem/swap_loss": 0.0, "fpem/swap_diff_loss": 0.0, "fpem/swap_same_loss": 0.0, "fpem/swap_gain_mean": 0.0, "fpem/swap_s_gain_mean": 0.0, "fpem/swap_fallback_router_loss": 0.0, "fpem/swap_fallback_q_mean": 0.0, "fpem/swap_prediction_delta": 0.0, "fpem/swap_route_delta": 0.0, "fpem/swap_hyper_alpha_delta": 0.0, "fpem/swap_hyper_delta_norm": 0.0, "fpem/loss_env_day": 0.0, "fpem/loss_env_hour": 0.0, "fpem/loss_env_rush": 0.0, "fpem/env_day_acc": 0.0, "fpem/env_hour_acc": 0.0, "fpem/env_rush_acc": 0.0, "fpem/loss_env_supcon": 0.0, "fpem/env_supcon_valid_pairs": 0.0, "fpem/loss_inv_env_adv": 0.0, "fpem/inv_day_acc": 0.0, "fpem/inv_hour_acc": 0.0, "fpem/inv_rush_acc": 0.0, "fpem/loss_cross_cov_sep": 0.0, "fpem/primary_loss": 24.3034546261742, "fpem/inv_pred_loss": 125.28924095517112, "fpem/primary_uses_route": 1.0, "fpem/primary_uses_env_fusion": 0.0, "fpem/backbone_agcrn": 1.0, "fpem/gc_pred_loss_only": 1.0, "fpem/env_route_head_mode_hyper_proto": 1.0, "fpem/lambda_club_mi": 0.0}}
EPOCH {"epoch": 5, "train_loss": 56.179365466889884, "val": {"loss": 18.812601301405167, "mae": 18.388996124267578, "mape": 0.33484384417533875}, "test_mixed": {"loss": 18.589004462105887, "mae": 18.363704681396484, "mape": 0.32942456007003784}, "test_workday": {"loss": 18.4843692779541, "mae": 18.304567337036133, "mape": 0.32819080352783203}, "test_holiday": {"loss": 18.76379140218099, "mae": 18.46625328063965, "mape": 0.33156388998031616}, "test_avg_mae": 18.38541030883789, "lr": 0.001, "fpem_logs": {"fpem/fpem_env_use_exogenous": 1.0, "fpem/env_exogenous_available": 1.0, "fpem/env_exogenous_time_available": 1.0, "fpem/env_exogenous_load_available": 1.0, "fpem/env_exogenous_feature_dim": 32.0, "fpem/env_exogenous_embedding_norm": 2.477977786745344, "fpem/env_exogenous_load_embedding_norm": 1.79164540994735, "fpem/mask_loss": 0.0, "fpem/mask_sparse_loss": 0.0, "fpem/mask_entropy_loss": 0.0, "fpem/mask_mean": 1.0, "fpem/mask_entropy": 0.0, "fpem/mask_active_ratio": 1.0, "fpem/fusion_alpha_mean": 0.0, "fpem/fusion_alpha_std": 0.0, "fpem/fusion_alpha_min": 0.0, "fpem/fusion_alpha_max": 0.0, "fpem/env_route_loss": 35.83742285228911, "fpem/env_route_L_final": 20.806321371169318, "fpem/env_route_L_global": 119.74085228329614, "fpem/env_route_L_route_soft": 20.806321371169318, "fpem/env_route_L_expert": 23.088207662673224, "fpem/env_route_L_router_oracle": 0.0, "fpem/env_route_L_balance": 0.0, "fpem/env_route_L_diverse": 0.9961875921203976, "fpem/env_route_L_proto_align": -0.9624332609630767, "fpem/env_route_entropy": 1.0986123085021973, "fpem/env_route_q_max_mean": 0.3333333432674408, "fpem/env_route_train_mode_gradient_compat": 0.0, "fpem/env_route_gradient_compat_aux": 0.0, "fpem/hyper_alpha_mean": 0.9850255307697114, "fpem/hyper_delta_norm": 1.7424040521894182, "fpem/hyper_route_proto_mode_uniform_warmup": 1.0, "fpem/hyper_route_proto_mode_sinkhorn": 0.0, "fpem/hyper_route_proto_mode_softmax": 0.0, "fpem/fallback_q_mean": 0.0, "fpem/fallback_q_max": 0.0, "fpem/env_q_sum_mean": 0.0, "fpem/oracle_fallback_rate": 0.0, "fpem/route_count_fallback": 0.0, "fpem/env_route_head_mode": 1.0, "fpem/route_entropy_mean": 1.0986123085021973, "fpem/route_mean_distribution_entropy": 1.0986123085021973, "fpem/effective_expert_number": 3.0, "fpem/max_expert_usage_ratio": 1.0, "fpem/min_expert_usage_ratio": 0.0, "fpem/prototype_pairwise_cosine": 0.9953592362858, "fpem/expert_prediction_pairwise_cosine": 0.9961875921203976, "fpem/expert_collapse_warning": 1.0, "fpem/env_route_target_mode_env_prototype": 1.0, "fpem/env_route_target_mode_hybrid": 0.0, "fpem/env_route_hybrid_alpha": 1.0, "fpem/env_route_count_head_0": 16.0, "fpem/env_route_oracle_count_head_0": 16.0, "fpem/route_count_env_head_0": 16.0, "fpem/route_soft_mean_expert_0": 0.3333333432674408, "fpem/route_hard_count_expert_0": 16.0, "fpem/hyper_alpha_head_0": 0.9912105707895188, "fpem/hyper_gamma_norm_head_0": 9.779133660452706, "fpem/hyper_beta_norm_head_0": 1.098206717627389, "fpem/env_route_count_head_1": 0.0, "fpem/env_route_oracle_count_head_1": 0.0, "fpem/route_count_env_head_1": 0.0, "fpem/route_soft_mean_expert_1": 0.3333333432674408, "fpem/route_hard_count_expert_1": 0.0, "fpem/hyper_alpha_head_1": 0.9887674325988406, "fpem/hyper_gamma_norm_head_1": 10.140794154575893, "fpem/hyper_beta_norm_head_1": 1.1171539215814499, "fpem/env_route_count_head_2": 0.0, "fpem/env_route_oracle_count_head_2": 0.0, "fpem/route_count_env_head_2": 0.0, "fpem/route_soft_mean_expert_2": 0.3333333432674408, "fpem/route_hard_count_expert_2": 0.0, "fpem/hyper_alpha_head_2": 0.9750985315867833, "fpem/hyper_gamma_norm_head_2": 11.344148090907506, "fpem/hyper_beta_norm_head_2": 1.3057355540139335, "fpem/future_mi_loss": 0.0, "fpem/future_mi_valid": 0.0, "fpem/future_mi_logvar_mean": 0.0, "fpem/future_mi_target_mode_env_encoder": 0.0, "fpem/swap_loss": 0.0, "fpem/swap_diff_loss": 0.0, "fpem/swap_same_loss": 0.0, "fpem/swap_gain_mean": 0.0, "fpem/swap_s_gain_mean": 0.0, "fpem/swap_fallback_router_loss": 0.0, "fpem/swap_fallback_q_mean": 0.0, "fpem/swap_prediction_delta": 0.0, "fpem/swap_route_delta": 0.0, "fpem/swap_hyper_alpha_delta": 0.0, "fpem/swap_hyper_delta_norm": 0.0, "fpem/loss_env_day": 0.0, "fpem/loss_env_hour": 0.0, "fpem/loss_env_rush": 0.0, "fpem/env_day_acc": 0.0, "fpem/env_hour_acc": 0.0, "fpem/env_rush_acc": 0.0, "fpem/loss_env_supcon": 0.0, "fpem/env_supcon_valid_pairs": 0.0, "fpem/loss_inv_env_adv": 0.0, "fpem/inv_day_acc": 0.0, "fpem/inv_hour_acc": 0.0, "fpem/inv_rush_acc": 0.0, "fpem/loss_cross_cov_sep": 0.0, "fpem/primary_loss": 20.806321371169318, "fpem/inv_pred_loss": 119.74085228329614, "fpem/primary_uses_route": 1.0, "fpem/primary_uses_env_fusion": 0.0, "fpem/backbone_agcrn": 1.0, "fpem/gc_pred_loss_only": 1.0, "fpem/env_route_head_mode_hyper_proto": 1.0, "fpem/lambda_club_mi": 0.0}}
EPOCH {"epoch": 6, "train_loss": 50.693942333403086, "val": {"loss": 18.775581041971844, "mae": 18.394603729248047, "mape": 0.41885069012641907}, "test_mixed": {"loss": 18.664442580086845, "mae": 18.36767578125, "mape": 0.41106194257736206}, "test_workday": {"loss": 18.602893704953402, "mae": 18.32256317138672, "mape": 0.41235122084617615}, "test_holiday": {"loss": 18.750600179036457, "mae": 18.445899963378906, "mape": 0.4088262617588043}, "test_avg_mae": 18.384231567382812, "lr": 0.001, "fpem_logs": {"fpem/fpem_env_use_exogenous": 1.0, "fpem/env_exogenous_available": 1.0, "fpem/env_exogenous_time_available": 1.0, "fpem/env_exogenous_load_available": 1.0, "fpem/env_exogenous_feature_dim": 32.0, "fpem/env_exogenous_embedding_norm": 2.5501140140351795, "fpem/env_exogenous_load_embedding_norm": 1.843181940487453, "fpem/mask_loss": 0.0, "fpem/mask_sparse_loss": 0.0, "fpem/mask_entropy_loss": 0.0, "fpem/mask_mean": 1.0, "fpem/mask_entropy": 0.0, "fpem/mask_active_ratio": 1.0, "fpem/fusion_alpha_mean": 0.0, "fpem/fusion_alpha_std": 0.0, "fpem/fusion_alpha_min": 0.0, "fpem/fusion_alpha_max": 0.0, "fpem/env_route_loss": 32.39998512268066, "fpem/env_route_L_final": 18.7503906976609, "fpem/env_route_L_global": 114.25803636823382, "fpem/env_route_L_route_soft": 18.7503906976609, "fpem/env_route_L_expert": 21.32017457144601, "fpem/env_route_L_router_oracle": -4.2147375113797486e-09, "fpem/env_route_L_balance": 4.07776671339744e-07, "fpem/env_route_L_diverse": 0.9945723425774348, "fpem/env_route_L_proto_align": -0.9526983397347587, "fpem/env_route_entropy": 1.062378661973136, "fpem/env_route_q_max_mean": 0.40095839301745095, "fpem/env_route_train_mode_gradient_compat": 0.0, "fpem/env_route_gradient_compat_aux": 0.0, "fpem/hyper_alpha_mean": 0.9872160082771665, "fpem/hyper_delta_norm": 1.7979991436004639, "fpem/hyper_route_proto_mode_uniform_warmup": 0.0, "fpem/hyper_route_proto_mode_sinkhorn": 1.0, "fpem/hyper_route_proto_mode_softmax": 0.0, "fpem/fallback_q_mean": 0.0, "fpem/fallback_q_max": 0.0, "fpem/env_q_sum_mean": 0.0, "fpem/oracle_fallback_rate": 0.0, "fpem/route_count_fallback": 0.0, "fpem/env_route_head_mode": 1.0, "fpem/route_entropy_mean": 1.062378661973136, "fpem/route_mean_distribution_entropy": 1.0986104738144649, "fpem/effective_expert_number": 2.9999945072900682, "fpem/max_expert_usage_ratio": 0.5202380952380953, "fpem/min_expert_usage_ratio": 0.12023809523809524, "fpem/prototype_pairwise_cosine": 0.9941261563982282, "fpem/expert_prediction_pairwise_cosine": 0.9945723425774348, "fpem/expert_collapse_warning": 0.0, "fpem/env_route_target_mode_env_prototype": 1.0, "fpem/env_route_target_mode_hybrid": 0.0, "fpem/env_route_hybrid_alpha": 1.0, "fpem/env_route_count_head_0": 4.59047619047619, "fpem/env_route_oracle_count_head_0": 4.59047619047619, "fpem/route_count_env_head_0": 4.59047619047619, "fpem/route_soft_mean_expert_0": 0.333312406710216, "fpem/route_hard_count_expert_0": 4.59047619047619, "fpem/hyper_alpha_head_0": 0.9913682006654285, "fpem/hyper_gamma_norm_head_0": 10.075647926330566, "fpem/hyper_beta_norm_head_0": 1.0503187293098086, "fpem/env_route_count_head_1": 6.476190476190476, "fpem/env_route_oracle_count_head_1": 6.476190476190476, "fpem/route_count_env_head_1": 6.476190476190476, "fpem/route_soft_mean_expert_1": 0.3333749067215692, "fpem/route_hard_count_expert_1": 6.476190476190476, "fpem/hyper_alpha_head_1": 0.9892282843589782, "fpem/hyper_gamma_norm_head_1": 10.281193515232632, "fpem/hyper_beta_norm_head_1": 1.0605459712800525, "fpem/env_route_count_head_2": 4.933333333333334, "fpem/env_route_oracle_count_head_2": 4.933333333333334, "fpem/route_count_env_head_2": 4.933333333333334, "fpem/route_soft_mean_expert_2": 0.33331269338017416, "fpem/route_hard_count_expert_2": 4.933333333333334, "fpem/hyper_alpha_head_2": 0.9810514711198353, "fpem/hyper_gamma_norm_head_2": 11.390793446132115, "fpem/hyper_beta_norm_head_2": 1.2400761751901537, "fpem/future_mi_loss": 0.0, "fpem/future_mi_valid": 0.0, "fpem/future_mi_logvar_mean": 0.0, "fpem/future_mi_target_mode_env_encoder": 0.0, "fpem/swap_loss": 0.0, "fpem/swap_diff_loss": 0.0, "fpem/swap_same_loss": 0.0, "fpem/swap_gain_mean": 0.0, "fpem/swap_s_gain_mean": 0.0, "fpem/swap_fallback_router_loss": 0.0, "fpem/swap_fallback_q_mean": 0.0, "fpem/swap_prediction_delta": 0.0, "fpem/swap_route_delta": 0.0, "fpem/swap_hyper_alpha_delta": 0.0, "fpem/swap_hyper_delta_norm": 0.0, "fpem/loss_env_day": 0.0, "fpem/loss_env_hour": 0.0, "fpem/loss_env_rush": 0.0, "fpem/env_day_acc": 0.0, "fpem/env_hour_acc": 0.0, "fpem/env_rush_acc": 0.0, "fpem/loss_env_supcon": 0.0, "fpem/env_supcon_valid_pairs": 0.0, "fpem/loss_inv_env_adv": 0.0, "fpem/inv_day_acc": 0.0, "fpem/inv_hour_acc": 0.0, "fpem/inv_rush_acc": 0.0, "fpem/loss_cross_cov_sep": 0.0, "fpem/primary_loss": 18.7503906976609, "fpem/inv_pred_loss": 114.25803636823382, "fpem/primary_uses_route": 1.0, "fpem/primary_uses_env_fusion": 0.0, "fpem/backbone_agcrn": 1.0, "fpem/gc_pred_loss_only": 1.0, "fpem/env_route_head_mode_hyper_proto": 1.0, "fpem/lambda_club_mi": 0.0}}
EPOCH {"epoch": 7, "train_loss": 46.47942395891462, "val": {"loss": 16.343686951531303, "mae": 16.016944885253906, "mape": 0.30879390239715576}, "test_mixed": {"loss": 15.822414670671735, "mae": 15.734113693237305, "mape": 0.30177855491638184}, "test_workday": {"loss": 15.65033365332562, "mae": 15.621847152709961, "mape": 0.29803985357284546}, "test_holiday": {"loss": 16.114227692286175, "mae": 15.928796768188477, "mape": 0.3082618713378906}, "test_avg_mae": 15.775321960449219, "lr": 0.001, "fpem_logs": {"fpem/fpem_env_use_exogenous": 1.0, "fpem/env_exogenous_available": 1.0, "fpem/env_exogenous_time_available": 1.0, "fpem/env_exogenous_load_available": 1.0, "fpem/env_exogenous_feature_dim": 32.0, "fpem/env_exogenous_embedding_norm": 2.592259697687058, "fpem/env_exogenous_load_embedding_norm": 1.873996300924392, "fpem/mask_loss": 0.0, "fpem/mask_sparse_loss": 0.0, "fpem/mask_entropy_loss": 0.0, "fpem/mask_mean": 1.0, "fpem/mask_entropy": 0.0, "fpem/mask_active_ratio": 1.0, "fpem/fusion_alpha_mean": 0.0, "fpem/fusion_alpha_std": 0.0, "fpem/fusion_alpha_min": 0.0, "fpem/fusion_alpha_max": 0.0, "fpem/env_route_loss": 29.61185019356864, "fpem/env_route_L_final": 17.160305577232723, "fpem/env_route_L_global": 109.39078122093564, "fpem/env_route_L_route_soft": 17.160305577232723, "fpem/env_route_L_expert": 19.303836749848866, "fpem/env_route_L_router_oracle": -1.343942221002489e-09, "fpem/env_route_L_balance": 1.0066624716035078e-07, "fpem/env_route_L_diverse": 0.9959729501179286, "fpem/env_route_L_proto_align": -0.9294760142053876, "fpem/env_route_entropy": 1.0617599765459695, "fpem/env_route_q_max_mean": 0.4139921128749847, "fpem/env_route_train_mode_gradient_compat": 0.0, "fpem/env_route_gradient_compat_aux": 0.0, "fpem/hyper_alpha_mean": 0.9874004886263893, "fpem/hyper_delta_norm": 1.7626158294223604, "fpem/hyper_route_proto_mode_uniform_warmup": 0.0, "fpem/hyper_route_proto_mode_sinkhorn": 1.0, "fpem/hyper_route_proto_mode_softmax": 0.0, "fpem/fallback_q_mean": 0.0, "fpem/fallback_q_max": 0.0, "fpem/env_q_sum_mean": 0.0, "fpem/oracle_fallback_rate": 0.0, "fpem/route_count_fallback": 0.0, "fpem/env_route_head_mode": 1.0, "fpem/route_entropy_mean": 1.0617599765459695, "fpem/route_mean_distribution_entropy": 1.0986118566422236, "fpem/effective_expert_number": 2.9999986489613852, "fpem/max_expert_usage_ratio": 0.5547619047619048, "fpem/min_expert_usage_ratio": 0.10952380952380952, "fpem/prototype_pairwise_cosine": 0.9938954790433248, "fpem/expert_prediction_pairwise_cosine": 0.9959729501179286, "fpem/expert_collapse_warning": 0.02857142857142857, "fpem/env_route_target_mode_env_prototype": 1.0, "fpem/env_route_target_mode_hybrid": 0.0, "fpem/env_route_hybrid_alpha": 1.0, "fpem/env_route_count_head_0": 6.0, "fpem/env_route_oracle_count_head_0": 6.0, "fpem/route_count_env_head_0": 6.0, "fpem/route_soft_mean_expert_0": 0.33327859952336264, "fpem/route_hard_count_expert_0": 6.0, "fpem/hyper_alpha_head_0": 0.9905564660117739, "fpem/hyper_gamma_norm_head_0": 10.023294385274252, "fpem/hyper_beta_norm_head_0": 0.9960555871327718, "fpem/env_route_count_head_1": 4.733333333333333, "fpem/env_route_oracle_count_head_1": 4.733333333333333, "fpem/route_count_env_head_1": 4.733333333333333, "fpem/route_soft_mean_expert_1": 0.3334222364993322, "fpem/route_hard_count_expert_1": 4.733333333333333, "fpem/hyper_alpha_head_1": 0.9894857066018241, "fpem/hyper_gamma_norm_head_1": 10.276449267069498, "fpem/hyper_beta_norm_head_1": 1.0097312654767718, "fpem/env_route_count_head_2": 5.266666666666667, "fpem/env_route_oracle_count_head_2": 5.266666666666667, "fpem/route_count_env_head_2": 5.266666666666667, "fpem/route_soft_mean_expert_2": 0.33329916624795825, "fpem/route_hard_count_expert_2": 5.266666666666667, "fpem/hyper_alpha_head_2": 0.9821592353639148, "fpem/hyper_gamma_norm_head_2": 11.145836621239072, "fpem/hyper_beta_norm_head_2": 1.1622920229321434, "fpem/future_mi_loss": 0.0, "fpem/future_mi_valid": 0.0, "fpem/future_mi_logvar_mean": 0.0, "fpem/future_mi_target_mode_env_encoder": 0.0, "fpem/swap_loss": 0.0, "fpem/swap_diff_loss": 0.0, "fpem/swap_same_loss": 0.0, "fpem/swap_gain_mean": 0.0, "fpem/swap_s_gain_mean": 0.0, "fpem/swap_fallback_router_loss": 0.0, "fpem/swap_fallback_q_mean": 0.0, "fpem/swap_prediction_delta": 0.0, "fpem/swap_route_delta": 0.0, "fpem/swap_hyper_alpha_delta": 0.0, "fpem/swap_hyper_delta_norm": 0.0, "fpem/loss_env_day": 0.0, "fpem/loss_env_hour": 0.0, "fpem/loss_env_rush": 0.0, "fpem/env_day_acc": 0.0, "fpem/env_hour_acc": 0.0, "fpem/env_rush_acc": 0.0, "fpem/loss_env_supcon": 0.0, "fpem/env_supcon_valid_pairs": 0.0, "fpem/loss_inv_env_adv": 0.0, "fpem/inv_day_acc": 0.0, "fpem/inv_hour_acc": 0.0, "fpem/inv_rush_acc": 0.0, "fpem/loss_cross_cov_sep": 0.0, "fpem/primary_loss": 17.160305577232723, "fpem/inv_pred_loss": 109.39078122093564, "fpem/primary_uses_route": 1.0, "fpem/primary_uses_env_fusion": 0.0, "fpem/backbone_agcrn": 1.0, "fpem/gc_pred_loss_only": 1.0, "fpem/env_route_head_mode_hyper_proto": 1.0, "fpem/lambda_club_mi": 0.0}}
EPOCH {"epoch": 8, "train_loss": 44.54059648059663, "val": {"loss": 16.439829932318794, "mae": 16.15055274963379, "mape": 0.31314781308174133}, "test_mixed": {"loss": 16.04688491821289, "mae": 15.959798812866211, "mape": 0.3049957752227783}, "test_workday": {"loss": 15.844911575317383, "mae": 15.812050819396973, "mape": 0.3015921115875244}, "test_holiday": {"loss": 16.399883429209392, "mae": 16.21601104736328, "mape": 0.31089815497398376}, "test_avg_mae": 16.014030933380127, "lr": 0.001, "fpem_logs": {"fpem/fpem_env_use_exogenous": 1.0, "fpem/env_exogenous_available": 1.0, "fpem/env_exogenous_time_available": 1.0, "fpem/env_exogenous_load_available": 1.0, "fpem/env_exogenous_feature_dim": 32.0, "fpem/env_exogenous_embedding_norm": 2.610635702950614, "fpem/env_exogenous_load_embedding_norm": 1.8896548282532466, "fpem/mask_loss": 0.0, "fpem/mask_sparse_loss": 0.0, "fpem/mask_entropy_loss": 0.0, "fpem/mask_mean": 1.0, "fpem/mask_entropy": 0.0, "fpem/mask_active_ratio": 1.0, "fpem/fusion_alpha_mean": 0.0, "fpem/fusion_alpha_std": 0.0, "fpem/fusion_alpha_min": 0.0, "fpem/fusion_alpha_max": 0.0, "fpem/env_route_loss": 28.379746827625095, "fpem/env_route_L_final": 16.39063169388544, "fpem/env_route_L_global": 103.7790304274786, "fpem/env_route_L_route_soft": 16.39063169388544, "fpem/env_route_L_expert": 18.915925407409667, "fpem/env_route_L_router_oracle": -2.421947363297404e-09, "fpem/env_route_L_balance": 1.5605890715448605e-06, "fpem/env_route_L_diverse": 0.9938741621517, "fpem/env_route_L_proto_align": -0.9263319611549378, "fpem/env_route_entropy": 1.0384195986248197, "fpem/env_route_q_max_mean": 0.4380466991946811, "fpem/env_route_train_mode_gradient_compat": 0.0, "fpem/env_route_gradient_compat_aux": 0.0, "fpem/hyper_alpha_mean": 0.9893272876739502, "fpem/hyper_delta_norm": 1.744843121937343, "fpem/hyper_route_proto_mode_uniform_warmup": 0.0, "fpem/hyper_route_proto_mode_sinkhorn": 1.0, "fpem/hyper_route_proto_mode_softmax": 0.0, "fpem/fallback_q_mean": 0.0, "fpem/fallback_q_max": 0.0, "fpem/env_q_sum_mean": 0.0, "fpem/oracle_fallback_rate": 0.0, "fpem/route_count_fallback": 0.0, "fpem/env_route_head_mode": 1.0, "fpem/route_entropy_mean": 1.0384195986248197, "fpem/route_mean_distribution_entropy": 1.0986052989959716, "fpem/effective_expert_number": 2.9999789964585077, "fpem/max_expert_usage_ratio": 0.5398809523809524, "fpem/min_expert_usage_ratio": 0.13154761904761905, "fpem/prototype_pairwise_cosine": 0.9902180410566784, "fpem/expert_prediction_pairwise_cosine": 0.9938741621517, "fpem/expert_collapse_warning": 0.0, "fpem/env_route_target_mode_env_prototype": 1.0, "fpem/env_route_target_mode_hybrid": 0.0, "fpem/env_route_hybrid_alpha": 1.0, "fpem/env_route_count_head_0": 5.038095238095238, "fpem/env_route_oracle_count_head_0": 5.038095238095238, "fpem/route_count_env_head_0": 5.038095238095238, "fpem/route_soft_mean_expert_0": 0.3331885244165148, "fpem/route_hard_count_expert_0": 5.038095238095238, "fpem/hyper_alpha_head_0": 0.992433990750994, "fpem/hyper_gamma_norm_head_0": 10.191175696963356, "fpem/hyper_beta_norm_head_0": 0.9647419134775798, "fpem/env_route_count_head_1": 4.59047619047619, "fpem/env_route_oracle_count_head_1": 4.59047619047619, "fpem/route_count_env_head_1": 4.59047619047619, "fpem/route_soft_mean_expert_1": 0.3338601061276027, "fpem/route_hard_count_expert_1": 4.59047619047619, "fpem/hyper_alpha_head_1": 0.9911416190011161, "fpem/hyper_gamma_norm_head_1": 10.153415380205427, "fpem/hyper_beta_norm_head_1": 0.9590012045133681, "fpem/env_route_count_head_2": 6.371428571428571, "fpem/env_route_oracle_count_head_2": 6.371428571428571, "fpem/route_count_env_head_2": 6.371428571428571, "fpem/route_soft_mean_expert_2": 0.33295137541634695, "fpem/route_hard_count_expert_2": 6.371428571428571, "fpem/hyper_alpha_head_2": 0.9844061999093918, "fpem/hyper_gamma_norm_head_2": 10.968138549441383, "fpem/hyper_beta_norm_head_2": 1.1025879462560018, "fpem/future_mi_loss": 0.0, "fpem/future_mi_valid": 0.0, "fpem/future_mi_logvar_mean": 0.0, "fpem/future_mi_target_mode_env_encoder": 0.0, "fpem/swap_loss": 0.0, "fpem/swap_diff_loss": 0.0, "fpem/swap_same_loss": 0.0, "fpem/swap_gain_mean": 0.0, "fpem/swap_s_gain_mean": 0.0, "fpem/swap_fallback_router_loss": 0.0, "fpem/swap_fallback_q_mean": 0.0, "fpem/swap_prediction_delta": 0.0, "fpem/swap_route_delta": 0.0, "fpem/swap_hyper_alpha_delta": 0.0, "fpem/swap_hyper_delta_norm": 0.0, "fpem/loss_env_day": 0.0, "fpem/loss_env_hour": 0.0, "fpem/loss_env_rush": 0.0, "fpem/env_day_acc": 0.0, "fpem/env_hour_acc": 0.0, "fpem/env_rush_acc": 0.0, "fpem/loss_env_supcon": 0.0, "fpem/env_supcon_valid_pairs": 0.0, "fpem/loss_inv_env_adv": 0.0, "fpem/inv_day_acc": 0.0, "fpem/inv_hour_acc": 0.0, "fpem/inv_rush_acc": 0.0, "fpem/loss_cross_cov_sep": 0.0, "fpem/primary_loss": 16.39063169388544, "fpem/inv_pred_loss": 103.7790304274786, "fpem/primary_uses_route": 1.0, "fpem/primary_uses_env_fusion": 0.0, "fpem/backbone_agcrn": 1.0, "fpem/gc_pred_loss_only": 1.0, "fpem/env_route_head_mode_hyper_proto": 1.0, "fpem/lambda_club_mi": 0.0}}
EPOCH {"epoch": 9, "train_loss": 42.82598208472842, "val": {"loss": 15.978331830766466, "mae": 15.645833015441895, "mape": 0.31437140703201294}, "test_mixed": {"loss": 15.118928800310407, "mae": 15.067438125610352, "mape": 0.3030015230178833}, "test_workday": {"loss": 15.008083509362262, "mae": 15.010942459106445, "mape": 0.30063992738723755}, "test_holiday": {"loss": 15.296915928522745, "mae": 15.165409088134766, "mape": 0.30709677934646606}, "test_avg_mae": 15.088175773620605, "lr": 0.001, "fpem_logs": {"fpem/fpem_env_use_exogenous": 1.0, "fpem/env_exogenous_available": 1.0, "fpem/env_exogenous_time_available": 1.0, "fpem/env_exogenous_load_available": 1.0, "fpem/env_exogenous_feature_dim": 32.0, "fpem/env_exogenous_embedding_norm": 2.6146464665730793, "fpem/env_exogenous_load_embedding_norm": 1.8919623681477138, "fpem/mask_loss": 0.0, "fpem/mask_sparse_loss": 0.0, "fpem/mask_entropy_loss": 0.0, "fpem/mask_mean": 1.0, "fpem/mask_entropy": 0.0, "fpem/mask_active_ratio": 1.0, "fpem/fusion_alpha_mean": 0.0, "fpem/fusion_alpha_std": 0.0, "fpem/fusion_alpha_min": 0.0, "fpem/fusion_alpha_max": 0.0, "fpem/env_route_loss": 27.213037854149228, "fpem/env_route_L_final": 15.739250673566545, "fpem/env_route_L_global": 98.82354932512555, "fpem/env_route_L_route_soft": 15.739250673566545, "fpem/env_route_L_expert": 17.96884983607701, "fpem/env_route_L_router_oracle": -7.172679043302803e-10, "fpem/env_route_L_balance": 1.4703914589515527e-07, "fpem/env_route_L_diverse": 0.994978942757561, "fpem/env_route_L_proto_align": -0.9507712074688502, "fpem/env_route_entropy": 1.0595977539107913, "fpem/env_route_q_max_mean": 0.39590584153220765, "fpem/env_route_train_mode_gradient_compat": 0.0, "fpem/env_route_gradient_compat_aux": 0.0, "fpem/hyper_alpha_mean": 0.9919740347635179, "fpem/hyper_delta_norm": 1.706242123104277, "fpem/hyper_route_proto_mode_uniform_warmup": 0.0, "fpem/hyper_route_proto_mode_sinkhorn": 1.0, "fpem/hyper_route_proto_mode_softmax": 0.0, "fpem/fallback_q_mean": 0.0, "fpem/fallback_q_max": 0.0, "fpem/env_q_sum_mean": 0.0, "fpem/oracle_fallback_rate": 0.0, "fpem/route_count_fallback": 0.0, "fpem/env_route_head_mode": 1.0, "fpem/route_entropy_mean": 1.0595977539107913, "fpem/route_mean_distribution_entropy": 1.0986116420655023, "fpem/effective_expert_number": 2.9999980109078543, "fpem/max_expert_usage_ratio": 0.8380952380952381, "fpem/min_expert_usage_ratio": 0.024404761904761905, "fpem/prototype_pairwise_cosine": 0.9900746623675029, "fpem/expert_prediction_pairwise_cosine": 0.994978942757561, "fpem/expert_collapse_warning": 0.42857142857142855, "fpem/env_route_target_mode_env_prototype": 1.0, "fpem/env_route_target_mode_hybrid": 0.0, "fpem/env_route_hybrid_alpha": 1.0, "fpem/env_route_count_head_0": 3.8285714285714287, "fpem/env_route_oracle_count_head_0": 3.8285714285714287, "fpem/route_count_env_head_0": 3.8285714285714287, "fpem/route_soft_mean_expert_0": 0.3333237528800964, "fpem/route_hard_count_expert_0": 3.8285714285714287, "fpem/hyper_alpha_head_0": 0.9958281494322277, "fpem/hyper_gamma_norm_head_0": 10.139920171101888, "fpem/hyper_beta_norm_head_0": 0.9346414253825233, "fpem/env_route_count_head_1": 10.352380952380953, "fpem/env_route_oracle_count_head_1": 10.352380952380953, "fpem/route_count_env_head_1": 10.352380952380953, "fpem/route_soft_mean_expert_1": 0.3332143417426518, "fpem/route_hard_count_expert_1": 10.352380952380953, "fpem/hyper_alpha_head_1": 0.9934563114529564, "fpem/hyper_gamma_norm_head_1": 10.054239690871466, "fpem/hyper_beta_norm_head_1": 0.9284967405455453, "fpem/env_route_count_head_2": 1.819047619047619, "fpem/env_route_oracle_count_head_2": 1.819047619047619, "fpem/route_count_env_head_2": 1.819047619047619, "fpem/route_soft_mean_expert_2": 0.3334619201364971, "fpem/route_hard_count_expert_2": 1.819047619047619, "fpem/hyper_alpha_head_2": 0.9866375820977348, "fpem/hyper_gamma_norm_head_2": 10.80206846509661, "fpem/hyper_beta_norm_head_2": 1.0567615616889228, "fpem/future_mi_loss": 0.0, "fpem/future_mi_valid": 0.0, "fpem/future_mi_logvar_mean": 0.0, "fpem/future_mi_target_mode_env_encoder": 0.0, "fpem/swap_loss": 0.0, "fpem/swap_diff_loss": 0.0, "fpem/swap_same_loss": 0.0, "fpem/swap_gain_mean": 0.0, "fpem/swap_s_gain_mean": 0.0, "fpem/swap_fallback_router_loss": 0.0, "fpem/swap_fallback_q_mean": 0.0, "fpem/swap_prediction_delta": 0.0, "fpem/swap_route_delta": 0.0, "fpem/swap_hyper_alpha_delta": 0.0, "fpem/swap_hyper_delta_norm": 0.0, "fpem/loss_env_day": 0.0, "fpem/loss_env_hour": 0.0, "fpem/loss_env_rush": 0.0, "fpem/env_day_acc": 0.0, "fpem/env_hour_acc": 0.0, "fpem/env_rush_acc": 0.0, "fpem/loss_env_supcon": 0.0, "fpem/env_supcon_valid_pairs": 0.0, "fpem/loss_inv_env_adv": 0.0, "fpem/inv_day_acc": 0.0, "fpem/inv_hour_acc": 0.0, "fpem/inv_rush_acc": 0.0, "fpem/loss_cross_cov_sep": 0.0, "fpem/primary_loss": 15.739250673566545, "fpem/inv_pred_loss": 98.82354932512555, "fpem/primary_uses_route": 1.0, "fpem/primary_uses_env_fusion": 0.0, "fpem/backbone_agcrn": 1.0, "fpem/gc_pred_loss_only": 1.0, "fpem/env_route_head_mode_hyper_proto": 1.0, "fpem/lambda_club_mi": 0.0}}
EPOCH {"epoch": 10, "train_loss": 39.86030898321243, "val": {"loss": 15.306283632914225, "mae": 14.979277610778809, "mape": 0.29502829909324646}, "test_mixed": {"loss": 14.471907806396484, "mae": 14.380838394165039, "mape": 0.28191709518432617}, "test_workday": {"loss": 14.311271460159965, "mae": 14.267647743225098, "mape": 0.2794443964958191}, "test_holiday": {"loss": 14.748728354771933, "mae": 14.577128410339355, "mape": 0.2862050533294678}, "test_avg_mae": 14.422388076782227, "lr": 0.001, "fpem_logs": {"fpem/fpem_env_use_exogenous": 1.0, "fpem/env_exogenous_available": 1.0, "fpem/env_exogenous_time_available": 1.0, "fpem/env_exogenous_load_available": 1.0, "fpem/env_exogenous_feature_dim": 32.0, "fpem/env_exogenous_embedding_norm": 2.627563167753674, "fpem/env_exogenous_load_embedding_norm": 1.9050935733885992, "fpem/mask_loss": 0.0, "fpem/mask_sparse_loss": 0.0, "fpem/mask_entropy_loss": 0.0, "fpem/mask_mean": 1.0, "fpem/mask_entropy": 0.0, "fpem/mask_active_ratio": 1.0, "fpem/fusion_alpha_mean": 0.0, "fpem/fusion_alpha_std": 0.0, "fpem/fusion_alpha_min": 0.0, "fpem/fusion_alpha_max": 0.0, "fpem/env_route_loss": 25.273731050037203, "fpem/env_route_L_final": 14.680662300473168, "fpem/env_route_L_global": 94.861841910226, "fpem/env_route_L_route_soft": 14.680662300473168, "fpem/env_route_L_expert": 16.211350077674503, "fpem/env_route_L_router_oracle": -3.5231530708707786e-10, "fpem/env_route_L_balance": 1.057355284740337e-15, "fpem/env_route_L_diverse": 0.9980486483800979, "fpem/env_route_L_proto_align": -0.9493314839544751, "fpem/env_route_entropy": 1.0981040057681857, "fpem/env_route_q_max_mean": 0.33584433850787937, "fpem/env_route_train_mode_gradient_compat": 0.0, "fpem/env_route_gradient_compat_aux": 0.0, "fpem/hyper_alpha_mean": 0.9930359772273473, "fpem/hyper_delta_norm": 1.6755507662182763, "fpem/hyper_route_proto_mode_uniform_warmup": 0.0, "fpem/hyper_route_proto_mode_sinkhorn": 1.0, "fpem/hyper_route_proto_mode_softmax": 0.0, "fpem/fallback_q_mean": 0.0, "fpem/fallback_q_max": 0.0, "fpem/env_q_sum_mean": 0.0, "fpem/oracle_fallback_rate": 0.0, "fpem/route_count_fallback": 0.0, "fpem/env_route_head_mode": 1.0, "fpem/route_entropy_mean": 1.0981040057681857, "fpem/route_mean_distribution_entropy": 1.0986123085021973, "fpem/effective_expert_number": 3.0, "fpem/max_expert_usage_ratio": 0.9827380952380952, "fpem/min_expert_usage_ratio": 0.0, "fpem/prototype_pairwise_cosine": 0.9926261816705976, "fpem/expert_prediction_pairwise_cosine": 0.9980486483800979, "fpem/expert_collapse_warning": 1.0, "fpem/env_route_target_mode_env_prototype": 1.0, "fpem/env_route_target_mode_hybrid": 0.0, "fpem/env_route_hybrid_alpha": 1.0, "fpem/env_route_count_head_0": 14.247619047619047, "fpem/env_route_oracle_count_head_0": 14.247619047619047, "fpem/route_count_env_head_0": 14.247619047619047, "fpem/route_soft_mean_expert_0": 0.333333340712956, "fpem/route_hard_count_expert_0": 14.247619047619047, "fpem/hyper_alpha_head_0": 0.9956194826534817, "fpem/hyper_gamma_norm_head_0": 10.039873922438849, "fpem/hyper_beta_norm_head_0": 0.9089090858186994, "fpem/env_route_count_head_1": 0.13333333333333333, "fpem/env_route_oracle_count_head_1": 0.13333333333333333, "fpem/route_count_env_head_1": 0.13333333333333333, "fpem/route_soft_mean_expert_1": 0.33333334780874707, "fpem/route_hard_count_expert_1": 0.13333333333333333, "fpem/hyper_alpha_head_1": 0.9946022385642642, "fpem/hyper_gamma_norm_head_1": 10.005514208475748, "fpem/hyper_beta_norm_head_1": 0.901345984141032, "fpem/env_route_count_head_2": 1.619047619047619, "fpem/env_route_oracle_count_head_2": 1.619047619047619, "fpem/route_count_env_head_2": 1.619047619047619, "fpem/route_soft_mean_expert_2": 0.3333333404291244, "fpem/route_hard_count_expert_2": 1.619047619047619, "fpem/hyper_alpha_head_2": 0.9888861434800285, "fpem/hyper_gamma_norm_head_2": 10.673977706545875, "fpem/hyper_beta_norm_head_2": 1.028026138600849, "fpem/future_mi_loss": 0.0, "fpem/future_mi_valid": 0.0, "fpem/future_mi_logvar_mean": 0.0, "fpem/future_mi_target_mode_env_encoder": 0.0, "fpem/swap_loss": 0.0, "fpem/swap_diff_loss": 0.0, "fpem/swap_same_loss": 0.0, "fpem/swap_gain_mean": 0.0, "fpem/swap_s_gain_mean": 0.0, "fpem/swap_fallback_router_loss": 0.0, "fpem/swap_fallback_q_mean": 0.0, "fpem/swap_prediction_delta": 0.0, "fpem/swap_route_delta": 0.0, "fpem/swap_hyper_alpha_delta": 0.0, "fpem/swap_hyper_delta_norm": 0.0, "fpem/loss_env_day": 0.0, "fpem/loss_env_hour": 0.0, "fpem/loss_env_rush": 0.0, "fpem/env_day_acc": 0.0, "fpem/env_hour_acc": 0.0, "fpem/env_rush_acc": 0.0, "fpem/loss_env_supcon": 0.0, "fpem/env_supcon_valid_pairs": 0.0, "fpem/loss_inv_env_adv": 0.0, "fpem/inv_day_acc": 0.0, "fpem/inv_hour_acc": 0.0, "fpem/inv_rush_acc": 0.0, "fpem/loss_cross_cov_sep": 0.0, "fpem/primary_loss": 14.680662300473168, "fpem/inv_pred_loss": 94.861841910226, "fpem/primary_uses_route": 1.0, "fpem/primary_uses_env_fusion": 0.0, "fpem/backbone_agcrn": 1.0, "fpem/gc_pred_loss_only": 1.0, "fpem/env_route_head_mode_hyper_proto": 1.0, "fpem/lambda_club_mi": 0.0}}
EPOCH {"epoch": 11, "train_loss": 38.55885910760789, "val": {"loss": 15.615409851074219, "mae": 15.28390121459961, "mape": 0.3176870346069336}, "test_mixed": {"loss": 14.902931622096471, "mae": 14.803906440734863, "mape": 0.307963490486145}, "test_workday": {"loss": 14.798544634943424, "mae": 14.746430397033691, "mape": 0.30902552604675293}, "test_holiday": {"loss": 15.071523984273275, "mae": 14.90357780456543, "mape": 0.30612173676490784}, "test_avg_mae": 14.82500410079956, "lr": 0.001, "fpem_logs": {"fpem/fpem_env_use_exogenous": 1.0, "fpem/env_exogenous_available": 1.0, "fpem/env_exogenous_time_available": 1.0, "fpem/env_exogenous_load_available": 1.0, "fpem/env_exogenous_feature_dim": 32.0, "fpem/env_exogenous_embedding_norm": 2.638818559192476, "fpem/env_exogenous_load_embedding_norm": 1.9126279524394445, "fpem/mask_loss": 0.0, "fpem/mask_sparse_loss": 0.0, "fpem/mask_entropy_loss": 0.0, "fpem/mask_mean": 1.0, "fpem/mask_entropy": 0.0, "fpem/mask_active_ratio": 1.0, "fpem/fusion_alpha_mean": 0.0, "fpem/fusion_alpha_std": 0.0, "fpem/fusion_alpha_min": 0.0, "fpem/fusion_alpha_max": 0.0, "fpem/env_route_loss": 24.483203615461075, "fpem/env_route_L_final": 14.226563598996117, "fpem/env_route_L_global": 91.23407265799386, "fpem/env_route_L_route_soft": 14.226563598996117, "fpem/env_route_L_expert": 15.664358011881511, "fpem/env_route_L_router_oracle": -6.379942923168918e-11, "fpem/env_route_L_balance": 2.209703337570848e-12, "fpem/env_route_L_diverse": 0.9981266595068432, "fpem/env_route_L_proto_align": -0.9475873634928749, "fpem/env_route_entropy": 1.094877652894883, "fpem/env_route_q_max_mean": 0.3432304512886774, "fpem/env_route_train_mode_gradient_compat": 0.0, "fpem/env_route_gradient_compat_aux": 0.0, "fpem/hyper_alpha_mean": 0.9927669990630377, "fpem/hyper_delta_norm": 1.679105628104437, "fpem/hyper_route_proto_mode_uniform_warmup": 0.0, "fpem/hyper_route_proto_mode_sinkhorn": 1.0, "fpem/hyper_route_proto_mode_softmax": 0.0, "fpem/fallback_q_mean": 0.0, "fpem/fallback_q_max": 0.0, "fpem/env_q_sum_mean": 0.0, "fpem/oracle_fallback_rate": 0.0, "fpem/route_count_fallback": 0.0, "fpem/env_route_head_mode": 1.0, "fpem/route_entropy_mean": 1.094877652894883, "fpem/route_mean_distribution_entropy": 1.0986123085021973, "fpem/effective_expert_number": 3.0, "fpem/max_expert_usage_ratio": 0.9702380952380952, "fpem/min_expert_usage_ratio": 0.0017857142857142857, "fpem/prototype_pairwise_cosine": 0.993476022425152, "fpem/expert_prediction_pairwise_cosine": 0.9981266595068432, "fpem/expert_collapse_warning": 0.9428571428571428, "fpem/env_route_target_mode_env_prototype": 1.0, "fpem/env_route_target_mode_hybrid": 0.0, "fpem/env_route_hybrid_alpha": 1.0, "fpem/env_route_count_head_0": 14.523809523809524, "fpem/env_route_oracle_count_head_0": 14.523809523809524, "fpem/route_count_env_head_0": 14.523809523809524, "fpem/route_soft_mean_expert_0": 0.3333329725833166, "fpem/route_hard_count_expert_0": 14.523809523809524, "fpem/hyper_alpha_head_0": 0.9955113558542161, "fpem/hyper_gamma_norm_head_0": 10.142997024172828, "fpem/hyper_beta_norm_head_0": 0.8996281867935544, "fpem/env_route_count_head_1": 0.47619047619047616, "fpem/env_route_oracle_count_head_1": 0.47619047619047616, "fpem/route_count_env_head_1": 0.47619047619047616, "fpem/route_soft_mean_expert_1": 0.3333332958675566, "fpem/route_hard_count_expert_1": 0.47619047619047616, "fpem/hyper_alpha_head_1": 0.9932477928343273, "fpem/hyper_gamma_norm_head_1": 10.064374814714704, "fpem/hyper_beta_norm_head_1": 0.8926579622995285, "fpem/env_route_count_head_2": 1.0, "fpem/env_route_oracle_count_head_2": 1.0, "fpem/route_count_env_head_2": 1.0, "fpem/route_soft_mean_expert_2": 0.3333337556748163, "fpem/route_hard_count_expert_2": 1.0, "fpem/hyper_alpha_head_2": 0.9895417633510771, "fpem/hyper_gamma_norm_head_2": 10.577726364135742, "fpem/hyper_beta_norm_head_2": 1.0032233277956644, "fpem/future_mi_loss": 0.0, "fpem/future_mi_valid": 0.0, "fpem/future_mi_logvar_mean": 0.0, "fpem/future_mi_target_mode_env_encoder": 0.0, "fpem/swap_loss": 0.0, "fpem/swap_diff_loss": 0.0, "fpem/swap_same_loss": 0.0, "fpem/swap_gain_mean": 0.0, "fpem/swap_s_gain_mean": 0.0, "fpem/swap_fallback_router_loss": 0.0, "fpem/swap_fallback_q_mean": 0.0, "fpem/swap_prediction_delta": 0.0, "fpem/swap_route_delta": 0.0, "fpem/swap_hyper_alpha_delta": 0.0, "fpem/swap_hyper_delta_norm": 0.0, "fpem/loss_env_day": 0.0, "fpem/loss_env_hour": 0.0, "fpem/loss_env_rush": 0.0, "fpem/env_day_acc": 0.0, "fpem/env_hour_acc": 0.0, "fpem/env_rush_acc": 0.0, "fpem/loss_env_supcon": 0.0, "fpem/env_supcon_valid_pairs": 0.0, "fpem/loss_inv_env_adv": 0.0, "fpem/inv_day_acc": 0.0, "fpem/inv_hour_acc": 0.0, "fpem/inv_rush_acc": 0.0, "fpem/loss_cross_cov_sep": 0.0, "fpem/primary_loss": 14.226563598996117, "fpem/inv_pred_loss": 91.23407265799386, "fpem/primary_uses_route": 1.0, "fpem/primary_uses_env_fusion": 0.0, "fpem/backbone_agcrn": 1.0, "fpem/gc_pred_loss_only": 1.0, "fpem/env_route_head_mode_hyper_proto": 1.0, "fpem/lambda_club_mi": 0.0}}
EPOCH {"epoch": 12, "train_loss": 37.63282748631069, "val": {"loss": 14.650165292951796, "mae": 14.403990745544434, "mape": 0.2513114809989929}, "test_mixed": {"loss": 14.090279579162598, "mae": 14.081035614013672, "mape": 0.24115554988384247}, "test_workday": {"loss": 13.899383461993674, "mae": 13.943307876586914, "mape": 0.23856857419013977}, "test_holiday": {"loss": 14.419784863789877, "mae": 14.319869041442871, "mape": 0.24564173817634583}, "test_avg_mae": 14.131588459014893, "lr": 0.001, "fpem_logs": {"fpem/fpem_env_use_exogenous": 1.0, "fpem/env_exogenous_available": 1.0, "fpem/env_exogenous_time_available": 1.0, "fpem/env_exogenous_load_available": 1.0, "fpem/env_exogenous_feature_dim": 32.0, "fpem/env_exogenous_embedding_norm": 2.648506248564947, "fpem/env_exogenous_load_embedding_norm": 1.9198955399649484, "fpem/mask_loss": 0.0, "fpem/mask_sparse_loss": 0.0, "fpem/mask_entropy_loss": 0.0, "fpem/mask_mean": 1.0, "fpem/mask_entropy": 0.0, "fpem/mask_active_ratio": 1.0, "fpem/fusion_alpha_mean": 0.0, "fpem/fusion_alpha_std": 0.0, "fpem/fusion_alpha_min": 0.0, "fpem/fusion_alpha_max": 0.0, "fpem/env_route_loss": 23.847965095156717, "fpem/env_route_L_final": 13.855515153067453, "fpem/env_route_L_global": 88.13749745686849, "fpem/env_route_L_route_soft": 13.855515153067453, "fpem/env_route_L_expert": 15.271148227509999, "fpem/env_route_L_router_oracle": -6.155934936405823e-10, "fpem/env_route_L_balance": 6.09524436965921e-13, "fpem/env_route_L_diverse": 0.9982124356996446, "fpem/env_route_L_proto_align": -0.9501729198864528, "fpem/env_route_entropy": 1.0965922866548812, "fpem/env_route_q_max_mean": 0.33813153221493675, "fpem/env_route_train_mode_gradient_compat": 0.0, "fpem/env_route_gradient_compat_aux": 0.0, "fpem/hyper_alpha_mean": 0.993315555368151, "fpem/hyper_delta_norm": 1.6662246828987486, "fpem/hyper_route_proto_mode_uniform_warmup": 0.0, "fpem/hyper_route_proto_mode_sinkhorn": 1.0, "fpem/hyper_route_proto_mode_softmax": 0.0, "fpem/fallback_q_mean": 0.0, "fpem/fallback_q_max": 0.0, "fpem/env_q_sum_mean": 0.0, "fpem/oracle_fallback_rate": 0.0, "fpem/route_count_fallback": 0.0, "fpem/env_route_head_mode": 1.0, "fpem/route_entropy_mean": 1.0965922866548812, "fpem/route_mean_distribution_entropy": 1.0986123073668708, "fpem/effective_expert_number": 2.999999997729347, "fpem/max_expert_usage_ratio": 0.9845238095238096, "fpem/min_expert_usage_ratio": 0.0011904761904761906, "fpem/prototype_pairwise_cosine": 0.9944234041940598, "fpem/expert_prediction_pairwise_cosine": 0.9982124356996446, "fpem/expert_collapse_warning": 0.9428571428571428, "fpem/env_route_target_mode_env_prototype": 1.0, "fpem/env_route_target_mode_hybrid": 0.0, "fpem/env_route_hybrid_alpha": 1.0, "fpem/env_route_count_head_0": 13.247619047619047, "fpem/env_route_oracle_count_head_0": 13.247619047619047, "fpem/route_count_env_head_0": 13.247619047619047, "fpem/route_soft_mean_expert_0": 0.33333342728160675, "fpem/route_hard_count_expert_0": 13.247619047619047, "fpem/hyper_alpha_head_0": 0.9954127618244716, "fpem/hyper_gamma_norm_head_0": 10.094422131492978, "fpem/hyper_beta_norm_head_0": 0.8829543726784842, "fpem/env_route_count_head_1": 2.6476190476190475, "fpem/env_route_oracle_count_head_1": 2.6476190476190475, "fpem/route_count_env_head_1": 2.6476190476190475, "fpem/route_soft_mean_expert_1": 0.3333331627505166, "fpem/route_hard_count_expert_1": 2.6476190476190475, "fpem/hyper_alpha_head_1": 0.9937025422141665, "fpem/hyper_gamma_norm_head_1": 10.050382296244303, "fpem/hyper_beta_norm_head_1": 0.8803532560666402, "fpem/env_route_count_head_2": 0.10476190476190476, "fpem/env_route_oracle_count_head_2": 0.10476190476190476, "fpem/route_count_env_head_2": 0.10476190476190476, "fpem/route_soft_mean_expert_2": 0.3333334377833775, "fpem/route_hard_count_expert_2": 0.10476190476190476, "fpem/hyper_alpha_head_2": 0.9908312967845372, "fpem/hyper_gamma_norm_head_2": 10.536224837530227, "fpem/hyper_beta_norm_head_2": 0.9843225127174741, "fpem/future_mi_loss": 0.0, "fpem/future_mi_valid": 0.0, "fpem/future_mi_logvar_mean": 0.0, "fpem/future_mi_target_mode_env_encoder": 0.0, "fpem/swap_loss": 0.0, "fpem/swap_diff_loss": 0.0, "fpem/swap_same_loss": 0.0, "fpem/swap_gain_mean": 0.0, "fpem/swap_s_gain_mean": 0.0, "fpem/swap_fallback_router_loss": 0.0, "fpem/swap_fallback_q_mean": 0.0, "fpem/swap_prediction_delta": 0.0, "fpem/swap_route_delta": 0.0, "fpem/swap_hyper_alpha_delta": 0.0, "fpem/swap_hyper_delta_norm": 0.0, "fpem/loss_env_day": 0.0, "fpem/loss_env_hour": 0.0, "fpem/loss_env_rush": 0.0, "fpem/env_day_acc": 0.0, "fpem/env_hour_acc": 0.0, "fpem/env_rush_acc": 0.0, "fpem/loss_env_supcon": 0.0, "fpem/env_supcon_valid_pairs": 0.0, "fpem/loss_inv_env_adv": 0.0, "fpem/inv_day_acc": 0.0, "fpem/inv_hour_acc": 0.0, "fpem/inv_rush_acc": 0.0, "fpem/loss_cross_cov_sep": 0.0, "fpem/primary_loss": 13.855515153067453, "fpem/inv_pred_loss": 88.13749745686849, "fpem/primary_uses_route": 1.0, "fpem/primary_uses_env_fusion": 0.0, "fpem/backbone_agcrn": 1.0, "fpem/gc_pred_loss_only": 1.0, "fpem/env_route_head_mode_hyper_proto": 1.0, "fpem/lambda_club_mi": 0.0}}
