============================================================
[START] 2026-07-15T01:47:08+00:00
[ATTEMPT] 0
[COMMAND] CUDA_VISIBLE_DEVICES=0 python run_tds_nyctaxi.py --config_filename configs/NYCTaxi.yaml --dataset NYCTaxi_TDS --data_dir data --graph_file data/NYCTaxi_TDS/adj_mx.npz --model steve --epochs 100 --batch_size 16 --test_batch_size 16 --device cuda:0 --train_work_per_holiday 2.5 --result_root experiments/NYCTaxi_TDS --resume true --resume_reset_patience true --early_stop_test_avg_mae_epoch 40 --early_stop_test_avg_mae_threshold 12 --fpem_backbone agcrn --fpem_use_pretrained_inv_agcrn true --fpem_pretrained_inv_agcrn_path /data/OuXiaoyu/STEVE_CODE/STEVE/experiments/NYCTaxi_TDS/pure_agcrn_seed2024/best_val_model.pth --agcrn_embed_dim 10 --agcrn_num_layers 2 --agcrn_cheb_k 2 --fpem_use_env_route true --fpem_use_env_fusion true --fpem_env_route_k 3 --fpem_env_route_head_mode concat_input --fpem_env_route_mode confidence_mix --fpem_env_route_use_inv_fallback_expert false --fpem_env_route_tau 1.0 --fpem_env_route_oracle_tau 0.3 --fpem_env_route_train_mode soft_oracle --fpem_env_route_hidden_dim 64 --fpem_env_route_warmup_epochs 5 --fpem_env_route_lambda_final 1.0 --fpem_env_route_lambda_global 0.0 --fpem_env_route_lambda_route_soft 0.5 --fpem_env_route_lambda_expert 0.2 --fpem_env_route_lambda_router_oracle 1.0 --fpem_env_route_lambda_balance 0.01 --fpem_env_route_lambda_diverse 0.01 --fpem_env_route_lambda_entropy 0.0 --fpem_use_confounder_extractor false --fpem_use_env_mask false --fpem_confounder_use_mask false --fpem_lambda_mask_sparse 0.0 --fpem_lambda_mask_entropy 0.0 --fpem_lambda_inv_pred 0.0 --fpem_hyper_alpha_mode sample_gate --fpem_lambda_hyper_delta_norm 0.0001 --fpem_use_club_mi false --fpem_lambda_club_mi 0.0 --fpem_use_future_mi true --fpem_lambda_future_mi 0.02 --fpem_future_mi_target_mode env_encoder --fpem_future_mi_warmup_epochs 5 --fpem_future_mi_hidden_dim 64 --fpem_future_mi_detach_target true --fpem_use_swap false --fpem_lambda_swap 0.0 --fpem_swap_warmup_epochs 30 --fpem_swap_margin 0.01 --fpem_swap_gain_eta 0.0 --fpem_swap_gain_tau 0.05 --fpem_lambda_swap_diff 1.0 --fpem_lambda_swap_same 0.05 --fpem_swap_only_diff_route true --fpem_swap_detach_inv true --fpem_swap_detach_env false --fpem_use_swap_fallback_router_loss false --fpem_lambda_swap_fallback_router 0.0 --fpem_swap_fallback_warmup_epochs 30 --fpem_use_env_supervision false --fpem_lambda_env_day_cls 0.0 --fpem_lambda_env_hour_cls 0.0 --fpem_lambda_env_rush_cls 0.0 --fpem_env_use_exogenous true --fpem_use_env_supcon false --fpem_lambda_env_supcon 0.0 --fpem_env_supcon_temperature 0.1 --fpem_use_inv_projector false --fpem_use_inv_env_adversarial false --fpem_lambda_inv_env_adv 0.0 --fpem_grl_alpha 1.0 --fpem_env_route_target_mode prediction_oracle --fpem_use_env_prototype_router false --fpem_env_prototype_temperature 1.0 --fpem_env_route_hybrid_alpha 1.0 --fpem_env_route_hybrid_alpha_start 1.0 --fpem_env_route_hybrid_alpha_end 0.5 --fpem_env_route_hybrid_alpha_decay_epochs 30 --fpem_use_sinkhorn_route false --fpem_sinkhorn_iters 3 --fpem_sinkhorn_epsilon 0.05 --fpem_expert_uniform_warmup_epochs 0 --fpem_env_route_balance_warmup_epochs 0 --fpem_env_route_initial_temperature 1.0 --fpem_env_route_final_temperature 0.3 --fpem_use_cross_cov_sep false --fpem_lambda_cross_cov_sep 0.0 --fpem_use_grad_consensus false --fpem_gc_pred_loss_only true --fpem_gc_inv_rho 0.3 --fpem_gc_env_rho 0.3 --fpem_gc_tau 0.5 --fpem_gc_temp 0.1 --fpem_gc_min_keep 0.2 --fpem_gc_warmup_epochs 10 --fpem_gc_route_min_samples 2 --fpem_use_gradcompat_aux false --fpem_lambda_gradcompat_aux 0.0 --seed 2025 --exp_name fpem_agcrn_aligned_pretrained_inv_env_disentangle_proto_env_disentangle_prototype_full_seed2025 --ablation env_disentangle_prototype_full --fpem_use_env_supervision true --fpem_lambda_env_day_cls 0.05 --fpem_lambda_env_hour_cls 0.02 --fpem_lambda_env_rush_cls 0.02 --fpem_use_env_supcon true --fpem_lambda_env_supcon 0.01 --fpem_env_supcon_temperature 0.1 --fpem_use_inv_projector true --fpem_use_inv_env_adversarial true --fpem_lambda_inv_env_adv 0.01 --fpem_grl_alpha 1.0 --fpem_use_cross_cov_sep true --fpem_lambda_cross_cov_sep 0.001 --fpem_use_env_prototype_router true --fpem_env_route_target_mode env_prototype --fpem_env_prototype_temperature 1.0 --fpem_use_sinkhorn_route true --fpem_sinkhorn_iters 3 --fpem_sinkhorn_epsilon 0.05 --fpem_expert_uniform_warmup_epochs 5 --fpem_env_route_balance_warmup_epochs 10 --fpem_env_route_initial_temperature 1.0 --fpem_env_route_final_temperature 0.3 --fpem_env_route_lambda_balance 0.1 --fpem_env_route_lambda_diverse 0.02 --fpem_use_club_mi true --fpem_lambda_club_mi 0.01 --fpem_use_swap true --fpem_lambda_swap 0.01 
============================================================
[StableST] loaded pretrained invariant AGCRN encoder from /data/OuXiaoyu/STEVE_CODE/STEVE/experiments/NYCTaxi_TDS/pure_agcrn_seed2024/best_val_model.pth; missing=[] unexpected=[]
/data/OuXiaoyu/miniconda3/envs/basicts/lib/python3.11/site-packages/torch/optim/lr_scheduler.py:62: UserWarning: The verbose parameter is deprecated. Please use get_last_lr() to access the learning rate.
  warnings.warn(
CHECKPOINT_LOAD_WARNING context=resume:/data/OuXiaoyu/STEVE_CODE/STEVE/experiments/NYCTaxi_TDS/fpem_agcrn_aligned_pretrained_inv_env_disentangle_proto_env_disentangle_prototype_full_seed2025/last_model.pth missing_keys=['confounder_extractor.basis_attn.attn.in_proj_weight', 'confounder_extractor.basis_attn.attn.in_proj_bias', 'confounder_extractor.basis_attn.attn.out_proj.weight', 'confounder_extractor.basis_attn.attn.out_proj.bias', 'confounder_extractor.node_to_basis_attn.attn.in_proj_weight', 'confounder_extractor.node_to_basis_attn.attn.in_proj_bias', 'confounder_extractor.node_to_basis_attn.attn.out_proj.weight', 'confounder_extractor.node_to_basis_attn.attn.out_proj.bias'] unexpected_keys=['confounder_extractor.basis_attn.in_proj_weight', 'confounder_extractor.basis_attn.in_proj_bias', 'confounder_extractor.basis_attn.out_proj.weight', 'confounder_extractor.basis_attn.out_proj.bias', 'confounder_extractor.node_to_basis_attn.in_proj_weight', 'confounder_extractor.node_to_basis_attn.in_proj_bias', 'confounder_extractor.node_to_basis_attn.out_proj.weight', 'confounder_extractor.node_to_basis_attn.out_proj.bias']
[StableST] loaded pretrained invariant AGCRN encoder from /data/OuXiaoyu/STEVE_CODE/STEVE/experiments/NYCTaxi_TDS/pure_agcrn_seed2024/best_val_model.pth; missing=[] unexpected=[]
{
  "args": {
    "seed": 2025,
    "device": "cuda:0",
    "mode": "train",
    "best_path": "/home/zhangwt/remote/StableST/experiments/NYCTaxi/20240510-014845/best_model.pth",
    "debug": false,
    "data_dir": "/data/OuXiaoyu/STEVE_CODE/STEVE/data",
    "dataset": "NYCTaxi_TDS",
    "input_length": 35,
    "batch_size": 16,
    "test_batch_size": 16,
    "graph_file": "/data/OuXiaoyu/STEVE_CODE/STEVE/data/NYCTaxi_TDS/adj_mx.npz",
    "num_nodes": 200,
    "len_closeness": 8,
    "len_period": 27,
    "len_trend": 0,
    "d_input": 2,
    "d_output": 2,
    "d_model": 64,
    "dropout": 0.1,
    "percent": 0.1,
    "shm_temp": 0.5,
    "nmb_prototype": 4,
    "yita": 0.5,
    "layers": 3,
    "K": 64,
    "bank_gamma": 0.2,
    "kw": 1,
    "mi_w": 2,
    "epochs": 100,
    "lr_init": 0.001,
    "early_stop": true,
    "early_stop_patience": 30,
    "grad_norm": true,
    "max_grad_norm": 5,
    "use_dwa": true,
    "temp": 2,
    "MMI": false,
    "lr_patience": 20,
    "lr_mode": "only",
    "use_RevIN": true,
    "ablation": "env_disentangle_prototype_full",
    "config_filename": "/data/OuXiaoyu/STEVE_CODE/STEVE/configs/NYCTaxi.yaml",
    "model": "steve",
    "early_stop_test_avg_mae_epoch": 40,
    "early_stop_test_avg_mae_threshold": 12.0,
    "train_work_per_holiday": 2.5,
    "exp_name": "fpem_agcrn_aligned_pretrained_inv_env_disentangle_proto_env_disentangle_prototype_full_seed2025",
    "run_name": "fpem_agcrn_aligned_pretrained_inv_env_disentangle_proto_env_disentangle_prototype_full_seed2025",
    "result_root": "/data/OuXiaoyu/STEVE_CODE/STEVE/experiments/NYCTaxi_TDS",
    "resume": true,
    "resume_reset_patience": true,
    "max_train_batches": null,
    "max_eval_batches": null,
    "agcrn_lr": 0.003,
    "agcrn_embed_dim": 10,
    "agcrn_rnn_units": 64,
    "agcrn_num_layers": 2,
    "agcrn_cheb_k": 2,
    "fpem_use_pretrained_inv_agcrn": true,
    "fpem_pretrained_inv_agcrn_path": "/data/OuXiaoyu/STEVE_CODE/STEVE/experiments/NYCTaxi_TDS/pure_agcrn_seed2024/best_val_model.pth",
    "fpem_use_env_supervision": true,
    "fpem_lambda_env_day_cls": 0.05,
    "fpem_lambda_env_hour_cls": 0.02,
    "fpem_lambda_env_rush_cls": 0.02,
    "fpem_env_use_exogenous": true,
    "fpem_env_exogenous_hour_dim": 8,
    "fpem_env_exogenous_day_dim": 4,
    "fpem_env_exogenous_rush_dim": 4,
    "fpem_env_exogenous_load_dim": 8,
    "fpem_env_exogenous_load_num_embeddings": 6,
    "fpem_env_exogenous_scale": 0.1,
    "fpem_use_env_supcon": true,
    "fpem_lambda_env_supcon": 0.01,
    "fpem_env_supcon_temperature": 0.1,
    "fpem_use_inv_projector": true,
    "fpem_use_inv_env_adversarial": true,
    "fpem_lambda_inv_env_adv": 0.01,
    "fpem_grl_alpha": 1.0,
    "fpem_env_route_head_mode": "concat_input",
    "fpem_use_env_prototype_router": true,
    "fpem_env_route_target_mode": "env_prototype",
    "fpem_env_prototype_temperature": 1.0,
    "fpem_env_route_hybrid_alpha": 1.0,
    "fpem_env_route_hybrid_alpha_start": 1.0,
    "fpem_env_route_hybrid_alpha_end": 0.5,
    "fpem_env_route_hybrid_alpha_decay_epochs": 30,
    "fpem_use_sinkhorn_route": true,
    "fpem_sinkhorn_iters": 3,
    "fpem_sinkhorn_epsilon": 0.05,
    "fpem_expert_uniform_warmup_epochs": 5,
    "fpem_env_route_balance_warmup_epochs": 10,
    "fpem_env_route_initial_temperature": 1.0,
    "fpem_env_route_final_temperature": 0.3,
    "fpem_use_cross_cov_sep": true,
    "fpem_lambda_cross_cov_sep": 0.001,
    "fpem_backbone": "agcrn",
    "fpem_use_env_route": true,
    "fpem_use_env_fusion": true,
    "fpem_env_route_k": 3,
    "fpem_env_route_mode": "confidence_mix",
    "fpem_env_route_use_inv_fallback_expert": false,
    "fpem_env_route_tau": 1.0,
    "fpem_env_route_oracle_tau": 0.3,
    "fpem_env_route_train_mode": "soft_oracle",
    "fpem_env_route_hidden_dim": 64,
    "fpem_env_route_warmup_epochs": 5,
    "fpem_env_route_lambda_final": 1.0,
    "fpem_env_route_lambda_global": 0.0,
    "fpem_env_route_lambda_route_soft": 0.5,
    "fpem_env_route_lambda_expert": 0.2,
    "fpem_env_route_lambda_router_oracle": 1.0,
    "fpem_env_route_lambda_balance": 0.1,
    "fpem_env_route_lambda_diverse": 0.02,
    "fpem_env_route_lambda_entropy": 0.0,
    "fpem_use_confounder_extractor": false,
    "fpem_use_env_mask": false,
    "fpem_confounder_use_mask": false,
    "fpem_lambda_mask_sparse": 0.0,
    "fpem_lambda_mask_entropy": 0.0,
    "fpem_lambda_inv_pred": 0.0,
    "fpem_hyper_alpha_mode": "sample_gate",
    "fpem_lambda_hyper_delta_norm": 0.0001,
    "fpem_use_club_mi": true,
    "fpem_lambda_club_mi": 0.01,
    "fpem_use_future_mi": true,
    "fpem_lambda_future_mi": 0.02,
    "fpem_future_mi_target_mode": "env_encoder",
    "fpem_future_mi_warmup_epochs": 5,
    "fpem_future_mi_hidden_dim": 64,
    "fpem_future_mi_detach_target": true,
    "fpem_use_swap": true,
    "fpem_lambda_swap": 0.01,
    "fpem_swap_warmup_epochs": 30,
    "fpem_swap_margin": 0.01,
    "fpem_swap_gain_eta": 0.0,
    "fpem_swap_gain_tau": 0.05,
    "fpem_lambda_swap_diff": 1.0,
    "fpem_lambda_swap_same": 0.05,
    "fpem_swap_only_diff_route": true,
    "fpem_swap_detach_inv": true,
    "fpem_swap_detach_env": false,
    "fpem_use_swap_fallback_router_loss": false,
    "fpem_lambda_swap_fallback_router": 0.0,
    "fpem_swap_fallback_warmup_epochs": 30,
    "fpem_use_grad_consensus": false,
    "fpem_gc_pred_loss_only": true,
    "fpem_gc_inv_rho": 0.3,
    "fpem_gc_env_rho": 0.3,
    "fpem_gc_tau": 0.5,
    "fpem_gc_temp": 0.1,
    "fpem_gc_min_keep": 0.2,
    "fpem_gc_warmup_epochs": 10,
    "fpem_gc_route_min_samples": 2,
    "fpem_use_gradcompat_aux": false,
    "fpem_lambda_gradcompat_aux": 0.0,
    "git_commit": "1b38ed8",
    "log_dir": "/data/OuXiaoyu/STEVE_CODE/STEVE/experiments/NYCTaxi_TDS/fpem_agcrn_aligned_pretrained_inv_env_disentangle_proto_env_disentangle_prototype_full_seed2025"
  },
  "counts": {
    "train_total": 1680,
    "train_workday": 1200,
    "train_holiday": 480,
    "train_workday_holiday_ratio": 2.5,
    "val_total": 274,
    "val_workday": 178,
    "val_holiday": 96,
    "test_total": 546,
    "test_workday": 354,
    "test_holiday": 192
  },
  "trainable_params": 875643,
  "frozen_params": 833942,
  "optimizer_params": 850683,
  "resume_start_epoch": 73
}
EPOCH {"epoch": 73, "train_loss": 22.23915396190825, "val": {"loss": 9.049093961715698, "mae": 8.951355934143066, "mape": 0.15282420814037323}, "test_mixed": {"loss": 8.321531799861363, "mae": 8.264381408691406, "mape": 0.14217843115329742}, "test_workday": {"loss": 8.258402658545453, "mae": 8.230867385864258, "mape": 0.14394308626651764}, "test_holiday": {"loss": 8.419875423113504, "mae": 8.322724342346191, "mape": 0.13910633325576782}, "test_avg_mae": 8.276795864105225, "lr": 0.001, "fpem_logs": {"fpem/fpem_env_use_exogenous": 1.0, "fpem/env_exogenous_available": 1.0, "fpem/env_exogenous_time_available": 1.0, "fpem/env_exogenous_load_available": 1.0, "fpem/env_exogenous_feature_dim": 32.0, "fpem/env_exogenous_embedding_norm": 3.3933129514966693, "fpem/env_exogenous_load_embedding_norm": 2.218105684007917, "fpem/mask_loss": 0.0, "fpem/mask_sparse_loss": 0.0, "fpem/mask_entropy_loss": 0.0, "fpem/mask_mean": 1.0, "fpem/mask_entropy": 0.0, "fpem/mask_active_ratio": 1.0, "fpem/fusion_alpha_mean": 0.6631685262634641, "fpem/fusion_alpha_std": 0.0411293309714113, "fpem/fusion_alpha_min": 0.6139441859154474, "fpem/fusion_alpha_max": 0.7427221519606454, "fpem/env_route_loss": 14.32439477103097, "fpem/env_route_L_final": 7.849594724745978, "fpem/env_route_L_global": 10.136919948032924, "fpem/env_route_L_route_soft": 8.569357949211485, "fpem/env_route_L_expert": 10.851102202279227, "fpem/env_route_L_router_oracle": 7.039984486373065e-09, "fpem/env_route_L_balance": 5.10183789543081e-13, "fpem/env_route_L_diverse": 0.9950323644138518, "fpem/env_route_L_proto_align": 0.07845490865764164, "fpem/env_route_entropy": 1.093191857565017, "fpem/env_route_q_max_mean": 0.3685187918799264, "fpem/env_route_train_mode_gradient_compat": 0.0, "fpem/env_route_gradient_compat_aux": 0.0, "fpem/hyper_alpha_mean": 0.0, "fpem/hyper_delta_norm": 0.0, "fpem/hyper_route_proto_mode_uniform_warmup": 0.0, "fpem/hyper_route_proto_mode_sinkhorn": 1.0, "fpem/hyper_route_proto_mode_softmax": 0.0, "fpem/fallback_q_mean": 0.0, "fpem/fallback_q_max": 0.0, "fpem/env_q_sum_mean": 0.0, "fpem/oracle_fallback_rate": 0.0, "fpem/route_count_fallback": 0.0, "fpem/env_route_head_mode": 0.0, "fpem/route_entropy_mean": 1.093191857565017, "fpem/route_mean_distribution_entropy": 1.0986123141788302, "fpem/effective_expert_number": 3.000000011353266, "fpem/max_expert_usage_ratio": 0.44345238095238093, "fpem/min_expert_usage_ratio": 0.22678571428571428, "fpem/prototype_pairwise_cosine": 0.42420632129623775, "fpem/expert_prediction_pairwise_cosine": 0.9950323644138518, "fpem/expert_collapse_warning": 0.0, "fpem/env_route_target_mode_env_prototype": 1.0, "fpem/env_route_target_mode_hybrid": 0.0, "fpem/env_route_hybrid_alpha": 1.0, "fpem/env_route_count_head_0": 4.847619047619047, "fpem/env_route_oracle_count_head_0": 4.847619047619047, "fpem/route_count_env_head_0": 4.847619047619047, "fpem/route_soft_mean_expert_0": 0.33333330949147544, "fpem/route_hard_count_expert_0": 4.847619047619047, "fpem/hyper_alpha_head_0": 0.0, "fpem/hyper_gamma_norm_head_0": 0.0, "fpem/hyper_beta_norm_head_0": 0.0, "fpem/env_route_count_head_1": 4.9523809523809526, "fpem/env_route_oracle_count_head_1": 4.9523809523809526, "fpem/route_count_env_head_1": 4.9523809523809526, "fpem/route_soft_mean_expert_1": 0.33333367904027306, "fpem/route_hard_count_expert_1": 4.9523809523809526, "fpem/hyper_alpha_head_1": 0.0, "fpem/hyper_gamma_norm_head_1": 0.0, "fpem/hyper_beta_norm_head_1": 0.0, "fpem/env_route_count_head_2": 6.2, "fpem/env_route_oracle_count_head_2": 6.2, "fpem/route_count_env_head_2": 6.2, "fpem/route_soft_mean_expert_2": 0.3333330120359148, "fpem/route_hard_count_expert_2": 6.2, "fpem/hyper_alpha_head_2": 0.0, "fpem/hyper_gamma_norm_head_2": 0.0, "fpem/hyper_beta_norm_head_2": 0.0, "fpem/future_mi_loss": -3.2659170468648275, "fpem/future_mi_valid": 1.0, "fpem/future_mi_logvar_mean": -7.312006977626256, "fpem/future_mi_target_mode_env_encoder": 1.0, "fpem/swap_loss": 0.0073428157406548655, "fpem/swap_diff_loss": 0.2674362443742298, "fpem/swap_same_loss": 9.336906787327358, "fpem/swap_gain_mean": 2.379754262878781, "fpem/swap_s_gain_mean": 0.698294198513031, "fpem/swap_fallback_router_loss": 0.0, "fpem/swap_fallback_q_mean": 0.0, "fpem/swap_prediction_delta": 0.11196864673069545, "fpem/swap_route_delta": 0.045610690400713964, "fpem/swap_hyper_alpha_delta": 0.0, "fpem/swap_hyper_delta_norm": 0.0, "fpem/loss_env_day": 0.513033154748735, "fpem/loss_env_hour": 0.7892805093810672, "fpem/loss_env_rush": 0.35280707343703227, "fpem/env_day_acc": 0.7273809523809524, "fpem/env_hour_acc": 0.7333333333333333, "fpem/env_rush_acc": 0.8422619047619048, "fpem/loss_env_supcon": 1.245753041903178, "fpem/env_supcon_valid_pairs": 84.8, "fpem/loss_inv_env_adv": 1.6157691126778013, "fpem/inv_day_acc": 0.7142857142857143, "fpem/inv_hour_acc": 0.8, "fpem/inv_rush_acc": 0.8363095238095238, "fpem/loss_cross_cov_sep": 4.5459830913127264e-05, "fpem/club_fit_loss": -61.03665749686105, "fpem/club_upper": 4.603123798824492, "fpem/primary_loss": 7.849594724745978, "fpem/inv_pred_loss": 10.136919948032924, "fpem/primary_uses_route": 1.0, "fpem/primary_uses_env_fusion": 1.0, "fpem/backbone_agcrn": 1.0, "fpem/gc_pred_loss_only": 1.0, "fpem/env_route_head_mode_hyper_proto": 0.0, "fpem/lambda_club_mi": 0.009999999776482582}}
EPOCH {"epoch": 74, "train_loss": 14.858440435500372, "val": {"loss": 8.93686252170139, "mae": 8.817215919494629, "mape": 0.1437290757894516}, "test_mixed": {"loss": 8.208825819832938, "mae": 8.161857604980469, "mape": 0.13301147520542145}, "test_workday": {"loss": 8.141353565713633, "mae": 8.125321388244629, "mape": 0.1346193552017212}, "test_holiday": {"loss": 8.316124200820923, "mae": 8.225461959838867, "mape": 0.13021227717399597}, "test_avg_mae": 8.175391674041748, "lr": 0.001, "fpem_logs": {"fpem/fpem_env_use_exogenous": 1.0, "fpem/env_exogenous_available": 1.0, "fpem/env_exogenous_time_available": 1.0, "fpem/env_exogenous_load_available": 1.0, "fpem/env_exogenous_feature_dim": 32.0, "fpem/env_exogenous_embedding_norm": 3.394679544085548, "fpem/env_exogenous_load_embedding_norm": 2.219742575145903, "fpem/mask_loss": 0.0, "fpem/mask_sparse_loss": 0.0, "fpem/mask_entropy_loss": 0.0, "fpem/mask_mean": 1.0, "fpem/mask_entropy": 0.0, "fpem/mask_active_ratio": 1.0, "fpem/fusion_alpha_mean": 0.6615024850482032, "fpem/fusion_alpha_std": 0.03454585925099395, "fpem/fusion_alpha_min": 0.6233346791494461, "fpem/fusion_alpha_max": 0.7305956573713394, "fpem/env_route_loss": 13.931422360738118, "fpem/env_route_L_final": 7.638022636231922, "fpem/env_route_L_global": 9.6847596849714, "fpem/env_route_L_route_soft": 8.315329456329346, "fpem/env_route_L_expert": 10.579158319745744, "fpem/env_route_L_router_oracle": 8.860485065230792e-09, "fpem/env_route_L_balance": 1.2220489486106956e-13, "fpem/env_route_L_diverse": 0.9951650290262132, "fpem/env_route_L_proto_align": 0.07869235000440053, "fpem/env_route_entropy": 1.0942259391148885, "fpem/env_route_q_max_mean": 0.3644524052029564, "fpem/env_route_train_mode_gradient_compat": 0.0, "fpem/env_route_gradient_compat_aux": 0.0, "fpem/hyper_alpha_mean": 0.0, "fpem/hyper_delta_norm": 0.0, "fpem/hyper_route_proto_mode_uniform_warmup": 0.0, "fpem/hyper_route_proto_mode_sinkhorn": 1.0, "fpem/hyper_route_proto_mode_softmax": 0.0, "fpem/fallback_q_mean": 0.0, "fpem/fallback_q_max": 0.0, "fpem/env_q_sum_mean": 0.0, "fpem/oracle_fallback_rate": 0.0, "fpem/route_count_fallback": 0.0, "fpem/env_route_head_mode": 0.0, "fpem/route_entropy_mean": 1.0942259391148885, "fpem/route_mean_distribution_entropy": 1.0986123107728505, "fpem/effective_expert_number": 3.0000000045413064, "fpem/max_expert_usage_ratio": 0.4244047619047619, "fpem/min_expert_usage_ratio": 0.24107142857142858, "fpem/prototype_pairwise_cosine": 0.4354099656854357, "fpem/expert_prediction_pairwise_cosine": 0.9951650290262132, "fpem/expert_collapse_warning": 0.0, "fpem/env_route_target_mode_env_prototype": 1.0, "fpem/env_route_target_mode_hybrid": 0.0, "fpem/env_route_hybrid_alpha": 1.0, "fpem/env_route_count_head_0": 5.3619047619047615, "fpem/env_route_oracle_count_head_0": 5.3619047619047615, "fpem/route_count_env_head_0": 5.3619047619047615, "fpem/route_soft_mean_expert_0": 0.33333317864508855, "fpem/route_hard_count_expert_0": 5.3619047619047615, "fpem/hyper_alpha_head_0": 0.0, "fpem/hyper_gamma_norm_head_0": 0.0, "fpem/hyper_beta_norm_head_0": 0.0, "fpem/env_route_count_head_1": 5.133333333333334, "fpem/env_route_oracle_count_head_1": 5.133333333333334, "fpem/route_count_env_head_1": 5.133333333333334, "fpem/route_soft_mean_expert_1": 0.33333341763133095, "fpem/route_hard_count_expert_1": 5.133333333333334, "fpem/hyper_alpha_head_1": 0.0, "fpem/hyper_gamma_norm_head_1": 0.0, "fpem/hyper_beta_norm_head_1": 0.0, "fpem/env_route_count_head_2": 5.504761904761905, "fpem/env_route_oracle_count_head_2": 5.504761904761905, "fpem/route_count_env_head_2": 5.504761904761905, "fpem/route_soft_mean_expert_2": 0.33333340202059064, "fpem/route_hard_count_expert_2": 5.504761904761905, "fpem/hyper_alpha_head_2": 0.0, "fpem/hyper_gamma_norm_head_2": 0.0, "fpem/hyper_beta_norm_head_2": 0.0, "fpem/future_mi_loss": -3.2720694428398494, "fpem/future_mi_valid": 1.0, "fpem/future_mi_logvar_mean": -7.31859708967663, "fpem/future_mi_target_mode_env_encoder": 1.0, "fpem/swap_loss": 0.0071612346873042125, "fpem/swap_diff_loss": 0.25821214133784887, "fpem/swap_same_loss": 9.158226803370885, "fpem/swap_gain_mean": 2.1790424301510765, "fpem/swap_s_gain_mean": 0.6773885142235528, "fpem/swap_fallback_router_loss": 0.0, "fpem/swap_fallback_q_mean": 0.0, "fpem/swap_prediction_delta": 0.10726900150378545, "fpem/swap_route_delta": 0.03980738825741268, "fpem/swap_hyper_alpha_delta": 0.0, "fpem/swap_hyper_delta_norm": 0.0, "fpem/loss_env_day": 0.50807221361569, "fpem/loss_env_hour": 0.788703115213485, "fpem/loss_env_rush": 0.3478454611131123, "fpem/env_day_acc": 0.7339285714285714, "fpem/env_hour_acc": 0.725, "fpem/env_rush_acc": 0.8464285714285714, "fpem/loss_env_supcon": 1.2531177781877063, "fpem/env_supcon_valid_pairs": 85.14285714285714, "fpem/loss_inv_env_adv": 1.6082517601194837, "fpem/inv_day_acc": 0.7142857142857143, "fpem/inv_hour_acc": 0.7910714285714285, "fpem/inv_rush_acc": 0.8452380952380952, "fpem/loss_cross_cov_sep": 4.54606793244325e-05, "fpem/club_fit_loss": -61.23766134352911, "fpem/club_upper": 4.38676275298709, "fpem/primary_loss": 7.638022636231922, "fpem/inv_pred_loss": 9.6847596849714, "fpem/primary_uses_route": 1.0, "fpem/primary_uses_env_fusion": 1.0, "fpem/backbone_agcrn": 1.0, "fpem/gc_pred_loss_only": 1.0, "fpem/env_route_head_mode_hyper_proto": 0.0, "fpem/lambda_club_mi": 0.009999999776482582}}
EPOCH {"epoch": 75, "train_loss": 21.652197846912202, "val": {"loss": 8.930841207504272, "mae": 8.808618545532227, "mape": 0.14936891198158264}, "test_mixed": {"loss": 8.144896262032645, "mae": 8.091338157653809, "mape": 0.13742130994796753}, "test_workday": {"loss": 8.100857672484025, "mae": 8.08195686340332, "mape": 0.13955849409103394}, "test_holiday": {"loss": 8.207573294639587, "mae": 8.107671737670898, "mape": 0.1337006837129593}, "test_avg_mae": 8.09481430053711, "lr": 0.001, "fpem_logs": {"fpem/fpem_env_use_exogenous": 1.0, "fpem/env_exogenous_available": 1.0, "fpem/env_exogenous_time_available": 1.0, "fpem/env_exogenous_load_available": 1.0, "fpem/env_exogenous_feature_dim": 32.0, "fpem/env_exogenous_embedding_norm": 3.400460822241647, "fpem/env_exogenous_load_embedding_norm": 2.226176218759446, "fpem/mask_loss": 0.0, "fpem/mask_sparse_loss": 0.0, "fpem/mask_entropy_loss": 0.0, "fpem/mask_mean": 1.0, "fpem/mask_entropy": 0.0, "fpem/mask_active_ratio": 1.0, "fpem/fusion_alpha_mean": 0.655912865343548, "fpem/fusion_alpha_std": 0.03596115201002076, "fpem/fusion_alpha_min": 0.6192769833973476, "fpem/fusion_alpha_max": 0.7269698125975472, "fpem/env_route_loss": 13.969980503263928, "fpem/env_route_L_final": 7.654275290171305, "fpem/env_route_L_global": 9.789124833969844, "fpem/env_route_L_route_soft": 8.339748568761916, "fpem/env_route_L_expert": 10.629640842619397, "fpem/env_route_L_router_oracle": 7.736299892765634e-09, "fpem/env_route_L_balance": 7.094149060928416e-13, "fpem/env_route_L_diverse": 0.9951332132021586, "fpem/env_route_L_proto_align": 0.07917608263946715, "fpem/env_route_entropy": 1.0938281343096778, "fpem/env_route_q_max_mean": 0.36706439909480865, "fpem/env_route_train_mode_gradient_compat": 0.0, "fpem/env_route_gradient_compat_aux": 0.0, "fpem/hyper_alpha_mean": 0.0, "fpem/hyper_delta_norm": 0.0, "fpem/hyper_route_proto_mode_uniform_warmup": 0.0, "fpem/hyper_route_proto_mode_sinkhorn": 1.0, "fpem/hyper_route_proto_mode_softmax": 0.0, "fpem/fallback_q_mean": 0.0, "fpem/fallback_q_max": 0.0, "fpem/env_q_sum_mean": 0.0, "fpem/oracle_fallback_rate": 0.0, "fpem/route_count_fallback": 0.0, "fpem/env_route_head_mode": 0.0, "fpem/route_entropy_mean": 1.0938281343096778, "fpem/route_mean_distribution_entropy": 1.098612311908177, "fpem/effective_expert_number": 3.0000000068119594, "fpem/max_expert_usage_ratio": 0.4398809523809524, "fpem/min_expert_usage_ratio": 0.22678571428571428, "fpem/prototype_pairwise_cosine": 0.4467650802362533, "fpem/expert_prediction_pairwise_cosine": 0.9951332132021586, "fpem/expert_collapse_warning": 0.0, "fpem/env_route_target_mode_env_prototype": 1.0, "fpem/env_route_target_mode_hybrid": 0.0, "fpem/env_route_hybrid_alpha": 1.0, "fpem/env_route_count_head_0": 5.0, "fpem/env_route_oracle_count_head_0": 5.0, "fpem/route_count_env_head_0": 5.0, "fpem/route_soft_mean_expert_0": 0.3333330565974826, "fpem/route_hard_count_expert_0": 5.0, "fpem/hyper_alpha_head_0": 0.0, "fpem/hyper_gamma_norm_head_0": 0.0, "fpem/hyper_beta_norm_head_0": 0.0, "fpem/env_route_count_head_1": 5.714285714285714, "fpem/env_route_oracle_count_head_1": 5.714285714285714, "fpem/route_count_env_head_1": 5.714285714285714, "fpem/route_soft_mean_expert_1": 0.3333337173575447, "fpem/route_hard_count_expert_1": 5.714285714285714, "fpem/hyper_alpha_head_1": 0.0, "fpem/hyper_gamma_norm_head_1": 0.0, "fpem/hyper_beta_norm_head_1": 0.0, "fpem/env_route_count_head_2": 5.285714285714286, "fpem/env_route_oracle_count_head_2": 5.285714285714286, "fpem/route_count_env_head_2": 5.285714285714286, "fpem/route_soft_mean_expert_2": 0.33333322349048794, "fpem/route_hard_count_expert_2": 5.285714285714286, "fpem/hyper_alpha_head_2": 0.0, "fpem/hyper_gamma_norm_head_2": 0.0, "fpem/hyper_beta_norm_head_2": 0.0, "fpem/future_mi_loss": -3.2886858667646135, "fpem/future_mi_valid": 1.0, "fpem/future_mi_logvar_mean": -7.31129302524385, "fpem/future_mi_target_mode_env_encoder": 1.0, "fpem/swap_loss": 0.0070380249016341705, "fpem/swap_diff_loss": 0.2520102786875906, "fpem/swap_same_loss": 9.035844430469332, "fpem/swap_gain_mean": 2.2475429353259857, "fpem/swap_s_gain_mean": 0.6884092444465274, "fpem/swap_fallback_router_loss": 0.0, "fpem/swap_fallback_q_mean": 0.0, "fpem/swap_prediction_delta": 0.10815527410734267, "fpem/swap_route_delta": 0.04404363016642275, "fpem/swap_hyper_alpha_delta": 0.0, "fpem/swap_hyper_delta_norm": 0.0, "fpem/loss_env_day": 0.5086515156995682, "fpem/loss_env_hour": 0.7852452493849255, "fpem/loss_env_rush": 0.34722186894643875, "fpem/env_day_acc": 0.7297619047619047, "fpem/env_hour_acc": 0.7226190476190476, "fpem/env_rush_acc": 0.8446428571428571, "fpem/loss_env_supcon": 1.2394928742022742, "fpem/env_supcon_valid_pairs": 84.47619047619048, "fpem/loss_inv_env_adv": 1.6021639903386433, "fpem/inv_day_acc": 0.7142857142857143, "fpem/inv_hour_acc": 0.7958333333333333, "fpem/inv_rush_acc": 0.8535714285714285, "fpem/loss_cross_cov_sep": 4.559675909972395e-05, "fpem/club_fit_loss": -61.15940453665597, "fpem/club_upper": 4.403336113975161, "fpem/primary_loss": 7.654275290171305, "fpem/inv_pred_loss": 9.789124833969844, "fpem/primary_uses_route": 1.0, "fpem/primary_uses_env_fusion": 1.0, "fpem/backbone_agcrn": 1.0, "fpem/gc_pred_loss_only": 1.0, "fpem/env_route_head_mode_hyper_proto": 0.0, "fpem/lambda_club_mi": 0.009999999776482582}}
EPOCH {"epoch": 76, "train_loss": 21.60606832958403, "val": {"loss": 8.97987985610962, "mae": 8.858043670654297, "mape": 0.1602317839860916}, "test_mixed": {"loss": 8.242654541560581, "mae": 8.184122085571289, "mape": 0.1508740931749344}, "test_workday": {"loss": 8.175628081611965, "mae": 8.145252227783203, "mape": 0.1525759994983673}, "test_holiday": {"loss": 8.34829338391622, "mae": 8.251788139343262, "mape": 0.1479112207889557}, "test_avg_mae": 8.198520183563232, "lr": 0.001, "fpem_logs": {"fpem/fpem_env_use_exogenous": 1.0, "fpem/env_exogenous_available": 1.0, "fpem/env_exogenous_time_available": 1.0, "fpem/env_exogenous_load_available": 1.0, "fpem/env_exogenous_feature_dim": 32.0, "fpem/env_exogenous_embedding_norm": 3.4035761787777856, "fpem/env_exogenous_load_embedding_norm": 2.2288523628598167, "fpem/mask_loss": 0.0, "fpem/mask_sparse_loss": 0.0, "fpem/mask_entropy_loss": 0.0, "fpem/mask_mean": 1.0, "fpem/mask_entropy": 0.0, "fpem/mask_active_ratio": 1.0, "fpem/fusion_alpha_mean": 0.656202993506477, "fpem/fusion_alpha_std": 0.036294021874311425, "fpem/fusion_alpha_min": 0.6201749733516149, "fpem/fusion_alpha_max": 0.727778080531529, "fpem/env_route_loss": 13.925291270301456, "fpem/env_route_L_final": 7.6174005553835915, "fpem/env_route_L_global": 9.78187284923735, "fpem/env_route_L_route_soft": 8.335301630837577, "fpem/env_route_L_expert": 10.601680973597935, "fpem/env_route_L_router_oracle": 8.352461498101469e-09, "fpem/env_route_L_balance": 8.778022668827906e-14, "fpem/env_route_L_diverse": 0.995183185168675, "fpem/env_route_L_proto_align": 0.07914280543724696, "fpem/env_route_entropy": 1.095032357034229, "fpem/env_route_q_max_mean": 0.3628562229020255, "fpem/env_route_train_mode_gradient_compat": 0.0, "fpem/env_route_gradient_compat_aux": 0.0, "fpem/hyper_alpha_mean": 0.0, "fpem/hyper_delta_norm": 0.0, "fpem/hyper_route_proto_mode_uniform_warmup": 0.0, "fpem/hyper_route_proto_mode_sinkhorn": 1.0, "fpem/hyper_route_proto_mode_softmax": 0.0, "fpem/fallback_q_mean": 0.0, "fpem/fallback_q_max": 0.0, "fpem/env_q_sum_mean": 0.0, "fpem/oracle_fallback_rate": 0.0, "fpem/route_count_fallback": 0.0, "fpem/env_route_head_mode": 0.0, "fpem/route_entropy_mean": 1.095032357034229, "fpem/route_mean_distribution_entropy": 1.0986123107728505, "fpem/effective_expert_number": 3.0000000045413064, "fpem/max_expert_usage_ratio": 0.43154761904761907, "fpem/min_expert_usage_ratio": 0.2398809523809524, "fpem/prototype_pairwise_cosine": 0.4545514495599838, "fpem/expert_prediction_pairwise_cosine": 0.995183185168675, "fpem/expert_collapse_warning": 0.0, "fpem/env_route_target_mode_env_prototype": 1.0, "fpem/env_route_target_mode_hybrid": 0.0, "fpem/env_route_hybrid_alpha": 1.0, "fpem/env_route_count_head_0": 5.0, "fpem/env_route_oracle_count_head_0": 5.0, "fpem/route_count_env_head_0": 5.0, "fpem/route_soft_mean_expert_0": 0.3333331970941453, "fpem/route_hard_count_expert_0": 5.0, "fpem/hyper_alpha_head_0": 0.0, "fpem/hyper_gamma_norm_head_0": 0.0, "fpem/hyper_beta_norm_head_0": 0.0, "fpem/env_route_count_head_1": 6.057142857142857, "fpem/env_route_oracle_count_head_1": 6.057142857142857, "fpem/route_count_env_head_1": 6.057142857142857, "fpem/route_soft_mean_expert_1": 0.3333334846155984, "fpem/route_hard_count_expert_1": 6.057142857142857, "fpem/hyper_alpha_head_1": 0.0, "fpem/hyper_gamma_norm_head_1": 0.0, "fpem/hyper_beta_norm_head_1": 0.0, "fpem/env_route_count_head_2": 4.942857142857143, "fpem/env_route_oracle_count_head_2": 4.942857142857143, "fpem/route_count_env_head_2": 4.942857142857143, "fpem/route_soft_mean_expert_2": 0.33333331516810827, "fpem/route_hard_count_expert_2": 4.942857142857143, "fpem/hyper_alpha_head_2": 0.0, "fpem/hyper_gamma_norm_head_2": 0.0, "fpem/hyper_beta_norm_head_2": 0.0, "fpem/future_mi_loss": -3.287283023198446, "fpem/future_mi_valid": 1.0, "fpem/future_mi_logvar_mean": -7.30664576121739, "fpem/future_mi_target_mode_env_encoder": 1.0, "fpem/swap_loss": 0.007008592079260519, "fpem/swap_diff_loss": 0.25435890413465956, "fpem/swap_same_loss": 8.930006263369606, "fpem/swap_gain_mean": 2.280410710970561, "fpem/swap_s_gain_mean": 0.694673282191867, "fpem/swap_fallback_router_loss": 0.0, "fpem/swap_fallback_q_mean": 0.0, "fpem/swap_prediction_delta": 0.10781439961422057, "fpem/swap_route_delta": 0.03717174365052155, "fpem/swap_hyper_alpha_delta": 0.0, "fpem/swap_hyper_delta_norm": 0.0, "fpem/loss_env_day": 0.5032048974718366, "fpem/loss_env_hour": 0.7775550257591974, "fpem/loss_env_rush": 0.34355459532567434, "fpem/env_day_acc": 0.7404761904761905, "fpem/env_hour_acc": 0.7511904761904762, "fpem/env_rush_acc": 0.8511904761904762, "fpem/loss_env_supcon": 1.2550872025035678, "fpem/env_supcon_valid_pairs": 84.20952380952382, "fpem/loss_inv_env_adv": 1.6021960655848184, "fpem/inv_day_acc": 0.7142857142857143, "fpem/inv_hour_acc": 0.8005952380952381, "fpem/inv_rush_acc": 0.8333333333333334, "fpem/loss_cross_cov_sep": 4.499583232072404e-05, "fpem/club_fit_loss": -61.157222239176434, "fpem/club_upper": 4.406955430621193, "fpem/primary_loss": 7.6174005553835915, "fpem/inv_pred_loss": 9.78187284923735, "fpem/primary_uses_route": 1.0, "fpem/primary_uses_env_fusion": 1.0, "fpem/backbone_agcrn": 1.0, "fpem/gc_pred_loss_only": 1.0, "fpem/env_route_head_mode_hyper_proto": 0.0, "fpem/lambda_club_mi": 0.009999999776482582}}
EPOCH {"epoch": 77, "train_loss": 21.504114151000977, "val": {"loss": 8.86887796719869, "mae": 8.751197814941406, "mape": 0.14279595017433167}, "test_mixed": {"loss": 8.13717291695731, "mae": 8.080655097961426, "mape": 0.131544291973114}, "test_workday": {"loss": 8.085537101911461, "mae": 8.060918807983398, "mape": 0.133642315864563}, "test_holiday": {"loss": 8.216277559598288, "mae": 8.115013122558594, "mape": 0.12789180874824524}, "test_avg_mae": 8.087965965270996, "lr": 0.001, "fpem_logs": {"fpem/fpem_env_use_exogenous": 1.0, "fpem/env_exogenous_available": 1.0, "fpem/env_exogenous_time_available": 1.0, "fpem/env_exogenous_load_available": 1.0, "fpem/env_exogenous_feature_dim": 32.0, "fpem/env_exogenous_embedding_norm": 3.4065256005241755, "fpem/env_exogenous_load_embedding_norm": 2.2306458564031693, "fpem/mask_loss": 0.0, "fpem/mask_sparse_loss": 0.0, "fpem/mask_entropy_loss": 0.0, "fpem/mask_mean": 1.0, "fpem/mask_entropy": 0.0, "fpem/mask_active_ratio": 1.0, "fpem/fusion_alpha_mean": 0.6512803435325623, "fpem/fusion_alpha_std": 0.035583473351739704, "fpem/fusion_alpha_min": 0.6195603245780581, "fpem/fusion_alpha_max": 0.723347028096517, "fpem/env_route_loss": 13.878522237141928, "fpem/env_route_L_final": 7.572730768294561, "fpem/env_route_L_global": 9.70909967876616, "fpem/env_route_L_route_soft": 8.338702292669387, "fpem/env_route_L_expert": 10.582678377060663, "fpem/env_route_L_router_oracle": 8.106734320871093e-09, "fpem/env_route_L_balance": 2.9064582549474866e-14, "fpem/env_route_L_diverse": 0.9952283864929563, "fpem/env_route_L_proto_align": 0.07976286304848534, "fpem/env_route_entropy": 1.094910394577753, "fpem/env_route_q_max_mean": 0.3629620773451669, "fpem/env_route_train_mode_gradient_compat": 0.0, "fpem/env_route_gradient_compat_aux": 0.0, "fpem/hyper_alpha_mean": 0.0, "fpem/hyper_delta_norm": 0.0, "fpem/hyper_route_proto_mode_uniform_warmup": 0.0, "fpem/hyper_route_proto_mode_sinkhorn": 1.0, "fpem/hyper_route_proto_mode_softmax": 0.0, "fpem/fallback_q_mean": 0.0, "fpem/fallback_q_max": 0.0, "fpem/env_q_sum_mean": 0.0, "fpem/oracle_fallback_rate": 0.0, "fpem/route_count_fallback": 0.0, "fpem/env_route_head_mode": 0.0, "fpem/route_entropy_mean": 1.094910394577753, "fpem/route_mean_distribution_entropy": 1.0986123107728505, "fpem/effective_expert_number": 3.0000000045413064, "fpem/max_expert_usage_ratio": 0.42678571428571427, "fpem/min_expert_usage_ratio": 0.2398809523809524, "fpem/prototype_pairwise_cosine": 0.46126915755726045, "fpem/expert_prediction_pairwise_cosine": 0.9952283864929563, "fpem/expert_collapse_warning": 0.0, "fpem/env_route_target_mode_env_prototype": 1.0, "fpem/env_route_target_mode_hybrid": 0.0, "fpem/env_route_hybrid_alpha": 1.0, "fpem/env_route_count_head_0": 5.161904761904762, "fpem/env_route_oracle_count_head_0": 5.161904761904762, "fpem/route_count_env_head_0": 5.161904761904762, "fpem/route_soft_mean_expert_0": 0.33333326492990767, "fpem/route_hard_count_expert_0": 5.161904761904762, "fpem/hyper_alpha_head_0": 0.0, "fpem/hyper_gamma_norm_head_0": 0.0, "fpem/hyper_beta_norm_head_0": 0.0, "fpem/env_route_count_head_1": 5.552380952380952, "fpem/env_route_oracle_count_head_1": 5.552380952380952, "fpem/route_count_env_head_1": 5.552380952380952, "fpem/route_soft_mean_expert_1": 0.333333401736759, "fpem/route_hard_count_expert_1": 5.552380952380952, "fpem/hyper_alpha_head_1": 0.0, "fpem/hyper_gamma_norm_head_1": 0.0, "fpem/hyper_beta_norm_head_1": 0.0, "fpem/env_route_count_head_2": 5.285714285714286, "fpem/env_route_oracle_count_head_2": 5.285714285714286, "fpem/route_count_env_head_2": 5.285714285714286, "fpem/route_soft_mean_expert_2": 0.3333333324818384, "fpem/route_hard_count_expert_2": 5.285714285714286, "fpem/hyper_alpha_head_2": 0.0, "fpem/hyper_gamma_norm_head_2": 0.0, "fpem/hyper_beta_norm_head_2": 0.0, "fpem/future_mi_loss": -3.2869964781261625, "fpem/future_mi_valid": 1.0, "fpem/future_mi_logvar_mean": -7.301795260111491, "fpem/future_mi_target_mode_env_encoder": 1.0, "fpem/swap_loss": 0.006960493383840436, "fpem/swap_diff_loss": 0.25385953634977343, "fpem/swap_same_loss": 8.843796280452183, "fpem/swap_gain_mean": 2.2604860566911245, "fpem/swap_s_gain_mean": 0.6852017027991159, "fpem/swap_fallback_router_loss": 0.0, "fpem/swap_fallback_q_mean": 0.0, "fpem/swap_prediction_delta": 0.10536072956664222, "fpem/swap_route_delta": 0.03773901914911611, "fpem/swap_hyper_alpha_delta": 0.0, "fpem/swap_hyper_delta_norm": 0.0, "fpem/loss_env_day": 0.5015398976348695, "fpem/loss_env_hour": 0.7693037118230547, "fpem/loss_env_rush": 0.33646981290408545, "fpem/env_day_acc": 0.7267857142857143, "fpem/env_hour_acc": 0.7488095238095238, "fpem/env_rush_acc": 0.8529761904761904, "fpem/loss_env_supcon": 1.236999919868651, "fpem/env_supcon_valid_pairs": 85.27619047619048, "fpem/loss_inv_env_adv": 1.5924975996925717, "fpem/inv_day_acc": 0.7142857142857143, "fpem/inv_hour_acc": 0.8035714285714286, "fpem/inv_rush_acc": 0.8416666666666667, "fpem/loss_cross_cov_sep": 4.4927800869724405e-05, "fpem/club_fit_loss": -61.13995633806501, "fpem/club_upper": 4.427553485688709, "fpem/primary_loss": 7.572730768294561, "fpem/inv_pred_loss": 9.70909967876616, "fpem/primary_uses_route": 1.0, "fpem/primary_uses_env_fusion": 1.0, "fpem/backbone_agcrn": 1.0, "fpem/gc_pred_loss_only": 1.0, "fpem/env_route_head_mode_hyper_proto": 0.0, "fpem/lambda_club_mi": 0.009999999776482582}}
EPOCH {"epoch": 78, "train_loss": 21.35123607090541, "val": {"loss": 8.827685594558716, "mae": 8.707743644714355, "mape": 0.14325657486915588}, "test_mixed": {"loss": 8.079184872763497, "mae": 8.021917343139648, "mape": 0.13218624889850616}, "test_workday": {"loss": 8.020190342612889, "mae": 7.993858337402344, "mape": 0.13395453989505768}, "test_holiday": {"loss": 8.171578923861185, "mae": 8.070764541625977, "mape": 0.12910781800746918}, "test_avg_mae": 8.03231143951416, "lr": 0.001, "fpem_logs": {"fpem/fpem_env_use_exogenous": 1.0, "fpem/env_exogenous_available": 1.0, "fpem/env_exogenous_time_available": 1.0, "fpem/env_exogenous_load_available": 1.0, "fpem/env_exogenous_feature_dim": 32.0, "fpem/env_exogenous_embedding_norm": 3.409852472941081, "fpem/env_exogenous_load_embedding_norm": 2.2348925363449825, "fpem/mask_loss": 0.0, "fpem/mask_sparse_loss": 0.0, "fpem/mask_entropy_loss": 0.0, "fpem/mask_mean": 1.0, "fpem/mask_entropy": 0.0, "fpem/mask_active_ratio": 1.0, "fpem/fusion_alpha_mean": 0.6524427232288179, "fpem/fusion_alpha_std": 0.037285799320255004, "fpem/fusion_alpha_min": 0.6190128888402666, "fpem/fusion_alpha_max": 0.7278241696811858, "fpem/env_route_loss": 13.78644153050014, "fpem/env_route_L_final": 7.513467802320208, "fpem/env_route_L_global": 9.619260320209321, "fpem/env_route_L_route_soft": 8.288177735464913, "fpem/env_route_L_expert": 10.544905135745093, "fpem/env_route_L_router_oracle": 8.089264814606235e-09, "fpem/env_route_L_balance": 7.020557312364643e-14, "fpem/env_route_L_diverse": 0.9951915337925865, "fpem/env_route_L_proto_align": 0.07989563707794461, "fpem/env_route_entropy": 1.093764819417681, "fpem/env_route_q_max_mean": 0.36706452454839433, "fpem/env_route_train_mode_gradient_compat": 0.0, "fpem/env_route_gradient_compat_aux": 0.0, "fpem/hyper_alpha_mean": 0.0, "fpem/hyper_delta_norm": 0.0, "fpem/hyper_route_proto_mode_uniform_warmup": 0.0, "fpem/hyper_route_proto_mode_sinkhorn": 1.0, "fpem/hyper_route_proto_mode_softmax": 0.0, "fpem/fallback_q_mean": 0.0, "fpem/fallback_q_max": 0.0, "fpem/env_q_sum_mean": 0.0, "fpem/oracle_fallback_rate": 0.0, "fpem/route_count_fallback": 0.0, "fpem/env_route_head_mode": 0.0, "fpem/route_entropy_mean": 1.093764819417681, "fpem/route_mean_distribution_entropy": 1.0986123096375238, "fpem/effective_expert_number": 3.0, "fpem/max_expert_usage_ratio": 0.4392857142857143, "fpem/min_expert_usage_ratio": 0.2244047619047619, "fpem/prototype_pairwise_cosine": 0.46813852276120865, "fpem/expert_prediction_pairwise_cosine": 0.9951915337925865, "fpem/expert_collapse_warning": 0.0, "fpem/env_route_target_mode_env_prototype": 1.0, "fpem/env_route_target_mode_hybrid": 0.0, "fpem/env_route_hybrid_alpha": 1.0, "fpem/env_route_count_head_0": 5.40952380952381, "fpem/env_route_oracle_count_head_0": 5.40952380952381, "fpem/route_count_env_head_0": 5.40952380952381, "fpem/route_soft_mean_expert_0": 0.33333324421019783, "fpem/route_hard_count_expert_0": 5.40952380952381, "fpem/hyper_alpha_head_0": 0.0, "fpem/hyper_gamma_norm_head_0": 0.0, "fpem/hyper_beta_norm_head_0": 0.0, "fpem/env_route_count_head_1": 4.571428571428571, "fpem/env_route_oracle_count_head_1": 4.571428571428571, "fpem/route_count_env_head_1": 4.571428571428571, "fpem/route_soft_mean_expert_1": 0.3333334289845966, "fpem/route_hard_count_expert_1": 4.571428571428571, "fpem/hyper_alpha_head_1": 0.0, "fpem/hyper_gamma_norm_head_1": 0.0, "fpem/hyper_beta_norm_head_1": 0.0, "fpem/env_route_count_head_2": 6.019047619047619, "fpem/env_route_oracle_count_head_2": 6.019047619047619, "fpem/route_count_env_head_2": 6.019047619047619, "fpem/route_soft_mean_expert_2": 0.3333333222638993, "fpem/route_hard_count_expert_2": 6.019047619047619, "fpem/hyper_alpha_head_2": 0.0, "fpem/hyper_gamma_norm_head_2": 0.0, "fpem/hyper_beta_norm_head_2": 0.0, "fpem/future_mi_loss": -3.2782802332015266, "fpem/future_mi_valid": 1.0, "fpem/future_mi_logvar_mean": -7.283944915589832, "fpem/future_mi_target_mode_env_encoder": 1.0, "fpem/swap_loss": 0.007193514132606132, "fpem/swap_diff_loss": 0.24718646102008365, "fpem/swap_same_loss": 9.443299211774553, "fpem/swap_gain_mean": 2.2335654088429044, "fpem/swap_s_gain_mean": 0.6807601820854914, "fpem/swap_fallback_router_loss": 0.0, "fpem/swap_fallback_q_mean": 0.0, "fpem/swap_prediction_delta": 0.11036825137478964, "fpem/swap_route_delta": 0.043929075769015724, "fpem/swap_hyper_alpha_delta": 0.0, "fpem/swap_hyper_delta_norm": 0.0, "fpem/loss_env_day": 0.4964263691788628, "fpem/loss_env_hour": 0.7717772665477934, "fpem/loss_env_rush": 0.3445278900010245, "fpem/env_day_acc": 0.75, "fpem/env_hour_acc": 0.7410714285714286, "fpem/env_rush_acc": 0.8517857142857143, "fpem/loss_env_supcon": 1.2392999274390084, "fpem/env_supcon_valid_pairs": 86.41904761904762, "fpem/loss_inv_env_adv": 1.5926204533804031, "fpem/inv_day_acc": 0.7154761904761905, "fpem/inv_hour_acc": 0.805952380952381, "fpem/inv_rush_acc": 0.8517857142857143, "fpem/loss_cross_cov_sep": 4.4963473642599726e-05, "fpem/club_fit_loss": -61.13437885102772, "fpem/club_upper": 4.47106191771371, "fpem/primary_loss": 7.513467802320208, "fpem/inv_pred_loss": 9.619260320209321, "fpem/primary_uses_route": 1.0, "fpem/primary_uses_env_fusion": 1.0, "fpem/backbone_agcrn": 1.0, "fpem/gc_pred_loss_only": 1.0, "fpem/env_route_head_mode_hyper_proto": 0.0, "fpem/lambda_club_mi": 0.009999999776482582}}
EPOCH {"epoch": 79, "train_loss": 21.403945741199312, "val": {"loss": 9.08492922782898, "mae": 8.936441421508789, "mape": 0.16354462504386902}, "test_mixed": {"loss": 8.328195095062256, "mae": 8.259714126586914, "mape": 0.15161550045013428}, "test_workday": {"loss": 8.279052838035252, "mae": 8.242913246154785, "mape": 0.15406981110572815}, "test_holiday": {"loss": 8.400446256001791, "mae": 8.288962364196777, "mape": 0.1473427563905716}, "test_avg_mae": 8.265937805175781, "lr": 0.001, "fpem_logs": {"fpem/fpem_env_use_exogenous": 1.0, "fpem/env_exogenous_available": 1.0, "fpem/env_exogenous_time_available": 1.0, "fpem/env_exogenous_load_available": 1.0, "fpem/env_exogenous_feature_dim": 32.0, "fpem/env_exogenous_embedding_norm": 3.4107484862917947, "fpem/env_exogenous_load_embedding_norm": 2.2402376810709637, "fpem/mask_loss": 0.0, "fpem/mask_sparse_loss": 0.0, "fpem/mask_entropy_loss": 0.0, "fpem/mask_mean": 1.0, "fpem/mask_entropy": 0.0, "fpem/mask_active_ratio": 1.0, "fpem/fusion_alpha_mean": 0.6521333172207787, "fpem/fusion_alpha_std": 0.03649544437371549, "fpem/fusion_alpha_min": 0.6192155639330547, "fpem/fusion_alpha_max": 0.7275919312522525, "fpem/env_route_loss": 13.82479731241862, "fpem/env_route_L_final": 7.52906658535912, "fpem/env_route_L_global": 9.680245671953474, "fpem/env_route_L_route_soft": 8.325817058199927, "fpem/env_route_L_expert": 10.564592443193709, "fpem/env_route_L_router_oracle": 7.121818829907462e-09, "fpem/env_route_L_balance": 8.037961176483037e-12, "fpem/env_route_L_diverse": 0.9951842535109747, "fpem/env_route_L_proto_align": 0.0813852677033061, "fpem/env_route_entropy": 1.0925993135997227, "fpem/env_route_q_max_mean": 0.3702848366328648, "fpem/env_route_train_mode_gradient_compat": 0.0, "fpem/env_route_gradient_compat_aux": 0.0, "fpem/hyper_alpha_mean": 0.0, "fpem/hyper_delta_norm": 0.0, "fpem/hyper_route_proto_mode_uniform_warmup": 0.0, "fpem/hyper_route_proto_mode_sinkhorn": 1.0, "fpem/hyper_route_proto_mode_softmax": 0.0, "fpem/fallback_q_mean": 0.0, "fpem/fallback_q_max": 0.0, "fpem/env_q_sum_mean": 0.0, "fpem/oracle_fallback_rate": 0.0, "fpem/route_count_fallback": 0.0, "fpem/env_route_head_mode": 0.0, "fpem/route_entropy_mean": 1.0925993135997227, "fpem/route_mean_distribution_entropy": 1.0986123107728505, "fpem/effective_expert_number": 3.0000000045413064, "fpem/max_expert_usage_ratio": 0.44642857142857145, "fpem/min_expert_usage_ratio": 0.2154761904761905, "fpem/prototype_pairwise_cosine": 0.4752899822734651, "fpem/expert_prediction_pairwise_cosine": 0.9951842535109747, "fpem/expert_collapse_warning": 0.0, "fpem/env_route_target_mode_env_prototype": 1.0, "fpem/env_route_target_mode_hybrid": 0.0, "fpem/env_route_hybrid_alpha": 1.0, "fpem/env_route_count_head_0": 5.447619047619048, "fpem/env_route_oracle_count_head_0": 5.447619047619048, "fpem/route_count_env_head_0": 5.447619047619048, "fpem/route_soft_mean_expert_0": 0.33333229025204975, "fpem/route_hard_count_expert_0": 5.447619047619048, "fpem/hyper_alpha_head_0": 0.0, "fpem/hyper_gamma_norm_head_0": 0.0, "fpem/hyper_beta_norm_head_0": 0.0, "fpem/env_route_count_head_1": 5.771428571428571, "fpem/env_route_oracle_count_head_1": 5.771428571428571, "fpem/route_count_env_head_1": 5.771428571428571, "fpem/route_soft_mean_expert_1": 0.33333453848248434, "fpem/route_hard_count_expert_1": 5.771428571428571, "fpem/hyper_alpha_head_1": 0.0, "fpem/hyper_gamma_norm_head_1": 0.0, "fpem/hyper_beta_norm_head_1": 0.0, "fpem/env_route_count_head_2": 4.780952380952381, "fpem/env_route_oracle_count_head_2": 4.780952380952381, "fpem/route_count_env_head_2": 4.780952380952381, "fpem/route_soft_mean_expert_2": 0.333333173536119, "fpem/route_hard_count_expert_2": 4.780952380952381, "fpem/hyper_alpha_head_2": 0.0, "fpem/hyper_gamma_norm_head_2": 0.0, "fpem/hyper_beta_norm_head_2": 0.0, "fpem/future_mi_loss": -3.2706863108135407, "fpem/future_mi_valid": 1.0, "fpem/future_mi_logvar_mean": -7.27971377599807, "fpem/future_mi_target_mode_env_encoder": 1.0, "fpem/swap_loss": 0.007229344848366011, "fpem/swap_diff_loss": 0.23675820721047267, "fpem/swap_same_loss": 9.723525655837285, "fpem/swap_gain_mean": 2.2732272148132324, "fpem/swap_s_gain_mean": 0.6852513029461815, "fpem/swap_fallback_router_loss": 0.0, "fpem/swap_fallback_q_mean": 0.0, "fpem/swap_prediction_delta": 0.11404545229105723, "fpem/swap_route_delta": 0.048918828758455456, "fpem/swap_hyper_alpha_delta": 0.0, "fpem/swap_hyper_delta_norm": 0.0, "fpem/loss_env_day": 0.4956108903601056, "fpem/loss_env_hour": 0.7652413813840775, "fpem/loss_env_rush": 0.3473183685824985, "fpem/env_day_acc": 0.7452380952380953, "fpem/env_hour_acc": 0.7398809523809524, "fpem/env_rush_acc": 0.8446428571428571, "fpem/loss_env_supcon": 1.2369421589942204, "fpem/env_supcon_valid_pairs": 85.82857142857142, "fpem/loss_inv_env_adv": 1.5853165013449533, "fpem/inv_day_acc": 0.7142857142857143, "fpem/inv_hour_acc": 0.8095238095238095, "fpem/inv_rush_acc": 0.8494047619047619, "fpem/loss_cross_cov_sep": 4.489134416438728e-05, "fpem/club_fit_loss": -61.082638150169736, "fpem/club_upper": 4.432945939472743, "fpem/primary_loss": 7.52906658535912, "fpem/inv_pred_loss": 9.680245671953474, "fpem/primary_uses_route": 1.0, "fpem/primary_uses_env_fusion": 1.0, "fpem/backbone_agcrn": 1.0, "fpem/gc_pred_loss_only": 1.0, "fpem/env_route_head_mode_hyper_proto": 0.0, "fpem/lambda_club_mi": 0.009999999776482582}}
EPOCH {"epoch": 80, "train_loss": 21.417928568522136, "val": {"loss": 9.125830915239122, "mae": 8.960038185119629, "mape": 0.14576321840286255}, "test_mixed": {"loss": 8.417521926334926, "mae": 8.375101089477539, "mape": 0.13558614253997803}, "test_workday": {"loss": 8.337470158286717, "mae": 8.3281831741333, "mape": 0.1376505345106125}, "test_holiday": {"loss": 8.549730817476908, "mae": 8.456777572631836, "mape": 0.13199225068092346}, "test_avg_mae": 8.392480373382568, "lr": 0.001, "fpem_logs": {"fpem/fpem_env_use_exogenous": 1.0, "fpem/env_exogenous_available": 1.0, "fpem/env_exogenous_time_available": 1.0, "fpem/env_exogenous_load_available": 1.0, "fpem/env_exogenous_feature_dim": 32.0, "fpem/env_exogenous_embedding_norm": 3.4114744981129963, "fpem/env_exogenous_load_embedding_norm": 2.2390297594524564, "fpem/mask_loss": 0.0, "fpem/mask_sparse_loss": 0.0, "fpem/mask_entropy_loss": 0.0, "fpem/mask_mean": 1.0, "fpem/mask_entropy": 0.0, "fpem/mask_active_ratio": 1.0, "fpem/fusion_alpha_mean": 0.6474978225571769, "fpem/fusion_alpha_std": 0.03221663199365139, "fpem/fusion_alpha_min": 0.6186871182350885, "fpem/fusion_alpha_max": 0.7148896041370574, "fpem/env_route_loss": 13.812663714090982, "fpem/env_route_L_final": 7.54204139255342, "fpem/env_route_L_global": 9.652955827258882, "fpem/env_route_L_route_soft": 8.288086264474051, "fpem/env_route_L_expert": 10.533370126996722, "fpem/env_route_L_router_oracle": 7.913635273008405e-09, "fpem/env_route_L_balance": 1.23178506801162e-12, "fpem/env_route_L_diverse": 0.9952539489382789, "fpem/env_route_L_proto_align": 0.08138729695762907, "fpem/env_route_entropy": 1.0931834527424404, "fpem/env_route_q_max_mean": 0.36835839038803464, "fpem/env_route_train_mode_gradient_compat": 0.0, "fpem/env_route_gradient_compat_aux": 0.0, "fpem/hyper_alpha_mean": 0.0, "fpem/hyper_delta_norm": 0.0, "fpem/hyper_route_proto_mode_uniform_warmup": 0.0, "fpem/hyper_route_proto_mode_sinkhorn": 1.0, "fpem/hyper_route_proto_mode_softmax": 0.0, "fpem/fallback_q_mean": 0.0, "fpem/fallback_q_max": 0.0, "fpem/env_q_sum_mean": 0.0, "fpem/oracle_fallback_rate": 0.0, "fpem/route_count_fallback": 0.0, "fpem/env_route_head_mode": 0.0, "fpem/route_entropy_mean": 1.0931834527424404, "fpem/route_mean_distribution_entropy": 1.0986123073668708, "fpem/effective_expert_number": 2.9999999954586936, "fpem/max_expert_usage_ratio": 0.4488095238095238, "fpem/min_expert_usage_ratio": 0.21428571428571427, "fpem/prototype_pairwise_cosine": 0.4875509710538955, "fpem/expert_prediction_pairwise_cosine": 0.9952539489382789, "fpem/expert_collapse_warning": 0.0, "fpem/env_route_target_mode_env_prototype": 1.0, "fpem/env_route_target_mode_hybrid": 0.0, "fpem/env_route_hybrid_alpha": 1.0, "fpem/env_route_count_head_0": 5.20952380952381, "fpem/env_route_oracle_count_head_0": 5.20952380952381, "fpem/route_count_env_head_0": 5.20952380952381, "fpem/route_soft_mean_expert_0": 0.3333328508195423, "fpem/route_hard_count_expert_0": 5.20952380952381, "fpem/hyper_alpha_head_0": 0.0, "fpem/hyper_gamma_norm_head_0": 0.0, "fpem/hyper_beta_norm_head_0": 0.0, "fpem/env_route_count_head_1": 5.038095238095238, "fpem/env_route_oracle_count_head_1": 5.038095238095238, "fpem/route_count_env_head_1": 5.038095238095238, "fpem/route_soft_mean_expert_1": 0.33333370770726883, "fpem/route_hard_count_expert_1": 5.038095238095238, "fpem/hyper_alpha_head_1": 0.0, "fpem/hyper_gamma_norm_head_1": 0.0, "fpem/hyper_beta_norm_head_1": 0.0, "fpem/env_route_count_head_2": 5.752380952380952, "fpem/env_route_oracle_count_head_2": 5.752380952380952, "fpem/route_count_env_head_2": 5.752380952380952, "fpem/route_soft_mean_expert_2": 0.3333334392025357, "fpem/route_hard_count_expert_2": 5.752380952380952, "fpem/hyper_alpha_head_2": 0.0, "fpem/hyper_gamma_norm_head_2": 0.0, "fpem/hyper_beta_norm_head_2": 0.0, "fpem/future_mi_loss": -3.216188971201579, "fpem/future_mi_valid": 1.0, "fpem/future_mi_logvar_mean": -7.25419325601487, "fpem/future_mi_target_mode_env_encoder": 1.0, "fpem/swap_loss": 0.007150452499765725, "fpem/swap_diff_loss": 0.2523493843419211, "fpem/swap_same_loss": 9.253917403448195, "fpem/swap_gain_mean": 2.2327397505442304, "fpem/swap_s_gain_mean": 0.6848322936466762, "fpem/swap_fallback_router_loss": 0.0, "fpem/swap_fallback_q_mean": 0.0, "fpem/swap_prediction_delta": 0.10893130564973467, "fpem/swap_route_delta": 0.04503866760503678, "fpem/swap_hyper_alpha_delta": 0.0, "fpem/swap_hyper_delta_norm": 0.0, "fpem/loss_env_day": 0.49543965657552086, "fpem/loss_env_hour": 0.7596055439540318, "fpem/loss_env_rush": 0.34748130242029823, "fpem/env_day_acc": 0.7494047619047619, "fpem/env_hour_acc": 0.7517857142857143, "fpem/env_rush_acc": 0.8446428571428571, "fpem/loss_env_supcon": 1.2428308980805534, "fpem/env_supcon_valid_pairs": 86.45714285714286, "fpem/loss_inv_env_adv": 1.5819461254846483, "fpem/inv_day_acc": 0.7142857142857143, "fpem/inv_hour_acc": 0.8065476190476191, "fpem/inv_rush_acc": 0.8482142857142857, "fpem/loss_cross_cov_sep": 4.463634665756087e-05, "fpem/club_fit_loss": -61.13458026704334, "fpem/club_upper": 4.35146443049113, "fpem/primary_loss": 7.54204139255342, "fpem/inv_pred_loss": 9.652955827258882, "fpem/primary_uses_route": 1.0, "fpem/primary_uses_env_fusion": 1.0, "fpem/backbone_agcrn": 1.0, "fpem/gc_pred_loss_only": 1.0, "fpem/env_route_head_mode_hyper_proto": 0.0, "fpem/lambda_club_mi": 0.009999999776482582}}
EPOCH {"epoch": 81, "train_loss": 21.360520353771392, "val": {"loss": 8.909700393676758, "mae": 8.787363052368164, "mape": 0.1624489575624466}, "test_mixed": {"loss": 8.170681122371128, "mae": 8.105198860168457, "mape": 0.15109935402870178}, "test_workday": {"loss": 8.110398935235064, "mae": 8.071228981018066, "mape": 0.15287424623966217}, "test_holiday": {"loss": 8.2646590868632, "mae": 8.164336204528809, "mape": 0.14800946414470673}, "test_avg_mae": 8.117782592773438, "lr": 0.001, "fpem_logs": {"fpem/fpem_env_use_exogenous": 1.0, "fpem/env_exogenous_available": 1.0, "fpem/env_exogenous_time_available": 1.0, "fpem/env_exogenous_load_available": 1.0, "fpem/env_exogenous_feature_dim": 32.0, "fpem/env_exogenous_embedding_norm": 3.413464135215396, "fpem/env_exogenous_load_embedding_norm": 2.2374164308820452, "fpem/mask_loss": 0.0, "fpem/mask_sparse_loss": 0.0, "fpem/mask_entropy_loss": 0.0, "fpem/mask_mean": 1.0, "fpem/mask_entropy": 0.0, "fpem/mask_active_ratio": 1.0, "fpem/fusion_alpha_mean": 0.6598203483081999, "fpem/fusion_alpha_std": 0.03470398113131523, "fpem/fusion_alpha_min": 0.6215128291220892, "fpem/fusion_alpha_max": 0.7311897169976007, "fpem/env_route_loss": 13.774519865853446, "fpem/env_route_L_final": 7.519041510990688, "fpem/env_route_L_global": 9.739374492281959, "fpem/env_route_L_route_soft": 8.26538094565982, "fpem/env_route_L_expert": 10.514413088843936, "fpem/env_route_L_router_oracle": 7.715446161325548e-09, "fpem/env_route_L_balance": 4.3193668881132253e-13, "fpem/env_route_L_diverse": 0.995258967649369, "fpem/env_route_L_proto_align": 0.08231676213798068, "fpem/env_route_entropy": 1.0941813026155744, "fpem/env_route_q_max_mean": 0.3655441576526279, "fpem/env_route_train_mode_gradient_compat": 0.0, "fpem/env_route_gradient_compat_aux": 0.0, "fpem/hyper_alpha_mean": 0.0, "fpem/hyper_delta_norm": 0.0, "fpem/hyper_route_proto_mode_uniform_warmup": 0.0, "fpem/hyper_route_proto_mode_sinkhorn": 1.0, "fpem/hyper_route_proto_mode_softmax": 0.0, "fpem/fallback_q_mean": 0.0, "fpem/fallback_q_max": 0.0, "fpem/env_q_sum_mean": 0.0, "fpem/oracle_fallback_rate": 0.0, "fpem/route_count_fallback": 0.0, "fpem/env_route_head_mode": 0.0, "fpem/route_entropy_mean": 1.0941813026155744, "fpem/route_mean_distribution_entropy": 1.098612311908177, "fpem/effective_expert_number": 3.0000000068119594, "fpem/max_expert_usage_ratio": 0.44285714285714284, "fpem/min_expert_usage_ratio": 0.2255952380952381, "fpem/prototype_pairwise_cosine": 0.49579485143933977, "fpem/expert_prediction_pairwise_cosine": 0.995258967649369, "fpem/expert_collapse_warning": 0.0, "fpem/env_route_target_mode_env_prototype": 1.0, "fpem/env_route_target_mode_hybrid": 0.0, "fpem/env_route_hybrid_alpha": 1.0, "fpem/env_route_count_head_0": 5.238095238095238, "fpem/env_route_oracle_count_head_0": 5.238095238095238, "fpem/route_count_env_head_0": 5.238095238095238, "fpem/route_soft_mean_expert_0": 0.3333331020105453, "fpem/route_hard_count_expert_0": 5.238095238095238, "fpem/hyper_alpha_head_0": 0.0, "fpem/hyper_gamma_norm_head_0": 0.0, "fpem/hyper_beta_norm_head_0": 0.0, "fpem/env_route_count_head_1": 4.561904761904762, "fpem/env_route_oracle_count_head_1": 4.561904761904762, "fpem/route_count_env_head_1": 4.561904761904762, "fpem/route_soft_mean_expert_1": 0.3333335391112736, "fpem/route_hard_count_expert_1": 4.561904761904762, "fpem/hyper_alpha_head_1": 0.0, "fpem/hyper_gamma_norm_head_1": 0.0, "fpem/hyper_beta_norm_head_1": 0.0, "fpem/env_route_count_head_2": 6.2, "fpem/env_route_oracle_count_head_2": 6.2, "fpem/route_count_env_head_2": 6.2, "fpem/route_soft_mean_expert_2": 0.33333335745902287, "fpem/route_hard_count_expert_2": 6.2, "fpem/hyper_alpha_head_2": 0.0, "fpem/hyper_gamma_norm_head_2": 0.0, "fpem/hyper_beta_norm_head_2": 0.0, "fpem/future_mi_loss": -3.2368221941448394, "fpem/future_mi_valid": 1.0, "fpem/future_mi_logvar_mean": -7.226937430245536, "fpem/future_mi_target_mode_env_encoder": 1.0, "fpem/swap_loss": 0.0072456402837165765, "fpem/swap_diff_loss": 0.2379735086645399, "fpem/swap_same_loss": 9.731810642424083, "fpem/swap_gain_mean": 2.331508074487959, "fpem/swap_s_gain_mean": 0.6969733470962161, "fpem/swap_fallback_router_loss": 0.0, "fpem/swap_fallback_q_mean": 0.0, "fpem/swap_prediction_delta": 0.11571153366849536, "fpem/swap_route_delta": 0.04174400693958714, "fpem/swap_hyper_alpha_delta": 0.0, "fpem/swap_hyper_delta_norm": 0.0, "fpem/loss_env_day": 0.49693996963046844, "fpem/loss_env_hour": 0.7516280120327359, "fpem/loss_env_rush": 0.3389780334063939, "fpem/env_day_acc": 0.7404761904761905, "fpem/env_hour_acc": 0.7511904761904762, "fpem/env_rush_acc": 0.8464285714285714, "fpem/loss_env_supcon": 1.2459921399752298, "fpem/env_supcon_valid_pairs": 84.32380952380953, "fpem/loss_inv_env_adv": 1.5772237278166272, "fpem/inv_day_acc": 0.7142857142857143, "fpem/inv_hour_acc": 0.8130952380952381, "fpem/inv_rush_acc": 0.8494047619047619, "fpem/loss_cross_cov_sep": 4.466701156204744e-05, "fpem/club_fit_loss": -61.12838937668573, "fpem/club_upper": 4.413842498688471, "fpem/primary_loss": 7.519041510990688, "fpem/inv_pred_loss": 9.739374492281959, "fpem/primary_uses_route": 1.0, "fpem/primary_uses_env_fusion": 1.0, "fpem/backbone_agcrn": 1.0, "fpem/gc_pred_loss_only": 1.0, "fpem/env_route_head_mode_hyper_proto": 0.0, "fpem/lambda_club_mi": 0.009999999776482582}}
