{
  "args": {
    "seed": 2024,
    "device": "cuda:0",
    "mode": "train",
    "best_path": "/home/zhangwt/remote/StableST/experiments/NYCTaxi/20240510-014845/best_model.pth",
    "debug": false,
    "data_dir": "/data/OuXiaoyu/STEVE_CODE/STEVE/data",
    "dataset": "NYCTaxi_TDS",
    "input_length": 35,
    "batch_size": 2,
    "test_batch_size": 2,
    "graph_file": "/data/OuXiaoyu/STEVE_CODE/STEVE/data/NYCTaxi_TDS/adj_mx.npz",
    "num_nodes": 200,
    "len_closeness": 8,
    "len_period": 27,
    "len_trend": 0,
    "d_input": 2,
    "d_output": 2,
    "d_model": 64,
    "dropout": 0.1,
    "percent": 0.1,
    "shm_temp": 0.5,
    "nmb_prototype": 4,
    "yita": 0.5,
    "layers": 3,
    "K": 64,
    "bank_gamma": 0.2,
    "kw": 1,
    "mi_w": 2,
    "epochs": 1,
    "lr_init": 0.001,
    "early_stop": true,
    "early_stop_patience": 30,
    "grad_norm": true,
    "max_grad_norm": 5,
    "use_dwa": true,
    "temp": 2,
    "MMI": false,
    "lr_patience": 20,
    "lr_mode": "only",
    "use_RevIN": true,
    "ablation": "full",
    "config_filename": "/data/OuXiaoyu/STEVE_CODE/STEVE/configs/NYCTaxi.yaml",
    "model": "steve",
    "early_stop_test_avg_mae_epoch": 0,
    "early_stop_test_avg_mae_threshold": 0.0,
    "train_work_per_holiday": 2.5,
    "exp_name": "smoke_hyper_proto_concat_fusion_first",
    "run_name": "smoke_hyper_proto_concat_fusion_first",
    "result_root": "/data/OuXiaoyu/STEVE_CODE/STEVE/experiments/NYCTaxi_TDS",
    "resume": false,
    "resume_reset_patience": true,
    "max_train_batches": 1,
    "max_eval_batches": 1,
    "agcrn_lr": 0.003,
    "agcrn_embed_dim": 10,
    "agcrn_rnn_units": 64,
    "agcrn_num_layers": 2,
    "agcrn_cheb_k": 2,
    "fpem_use_pretrained_inv_agcrn": true,
    "fpem_pretrained_inv_agcrn_path": "/data/OuXiaoyu/STEVE_CODE/STEVE/experiments/NYCTaxi_TDS/pure_agcrn_seed2024/best_val_model.pth",
    "fpem_use_env_supervision": false,
    "fpem_lambda_env_day_cls": 0.0,
    "fpem_lambda_env_hour_cls": 0.0,
    "fpem_lambda_env_rush_cls": 0.0,
    "fpem_env_use_exogenous": true,
    "fpem_env_exogenous_hour_dim": 8,
    "fpem_env_exogenous_day_dim": 4,
    "fpem_env_exogenous_rush_dim": 4,
    "fpem_env_exogenous_load_dim": 8,
    "fpem_env_exogenous_load_num_embeddings": 6,
    "fpem_env_exogenous_scale": 0.1,
    "fpem_use_env_supcon": false,
    "fpem_lambda_env_supcon": 0.0,
    "fpem_env_supcon_temperature": 0.1,
    "fpem_use_inv_projector": false,
    "fpem_use_inv_env_adversarial": false,
    "fpem_lambda_inv_env_adv": 0.0,
    "fpem_grl_alpha": 1.0,
    "fpem_env_route_head_mode": "hyper_inv_film_proto_concat",
    "fpem_use_env_prototype_router": true,
    "fpem_env_route_target_mode": "env_prototype",
    "fpem_env_prototype_temperature": 1.0,
    "fpem_env_route_hybrid_alpha": 1.0,
    "fpem_env_route_hybrid_alpha_start": 1.0,
    "fpem_env_route_hybrid_alpha_end": 0.5,
    "fpem_env_route_hybrid_alpha_decay_epochs": 30,
    "fpem_use_sinkhorn_route": true,
    "fpem_sinkhorn_iters": 3,
    "fpem_sinkhorn_epsilon": 0.05,
    "fpem_expert_uniform_warmup_epochs": 5,
    "fpem_env_route_balance_warmup_epochs": 10,
    "fpem_env_route_initial_temperature": 1.0,
    "fpem_env_route_final_temperature": 0.3,
    "fpem_use_cross_cov_sep": false,
    "fpem_lambda_cross_cov_sep": 0.0,
    "fpem_backbone": "agcrn",
    "fpem_use_confounder_extractor": false,
    "fpem_use_env_mask": false,
    "fpem_confounder_use_mask": false,
    "fpem_lambda_mask_sparse": 0.0,
    "fpem_lambda_mask_entropy": 0.0,
    "fpem_lambda_inv_pred": 0.0,
    "fpem_use_env_route": true,
    "fpem_env_route_k": 3,
    "fpem_use_env_fusion": true,
    "fpem_use_future_mi": true,
    "fpem_lambda_future_mi": 0.02,
    "fpem_use_swap": true,
    "fpem_lambda_swap": 0.01,
    "git_commit": "1b38ed8",
    "log_dir": "/data/OuXiaoyu/STEVE_CODE/STEVE/experiments/NYCTaxi_TDS/smoke_hyper_proto_concat_fusion_first"
  },
  "counts": {
    "train_total": 1680,
    "train_workday": 1200,
    "train_holiday": 480,
    "train_workday_holiday_ratio": 2.5,
    "val_total": 274,
    "val_workday": 178,
    "val_holiday": 96,
    "test_total": 546,
    "test_workday": 354,
    "test_holiday": 192
  },
  "trainable_params": 923621,
  "frozen_params": 786029,
  "optimizer_params": 898661,
  "resume_start_epoch": 1
}
EPOCH {"epoch": 1, "train_loss": 269.374755859375, "val": {"loss": 140.76748657226562, "mae": 136.42417907714844, "mape": 3.4992096424102783}, "test_mixed": {"loss": 122.30793762207031, "mae": 122.83447265625, "mape": 3.0368828773498535}, "test_workday": {"loss": 122.30793762207031, "mae": 122.83447265625, "mape": 3.0368828773498535}, "test_holiday": {"loss": 111.35883331298828, "mae": 109.33521270751953, "mape": 3.6142380237579346}, "test_avg_mae": 116.08484268188477, "lr": 0.001, "fpem_logs": {"fpem/fpem_env_use_exogenous": 1.0, "fpem/env_exogenous_available": 1.0, "fpem/env_exogenous_time_available": 1.0, "fpem/env_exogenous_load_available": 1.0, "fpem/env_exogenous_feature_dim": 32.0, "fpem/env_exogenous_embedding_norm": 2.554327964782715, "fpem/env_exogenous_load_embedding_norm": 1.6269136667251587, "fpem/mask_loss": 0.0, "fpem/mask_sparse_loss": 0.0, "fpem/mask_entropy_loss": 0.0, "fpem/mask_mean": 1.0, "fpem/mask_entropy": 0.0, "fpem/mask_active_ratio": 1.0, "fpem/fusion_alpha_mean": 0.20355720818042755, "fpem/fusion_alpha_std": 0.04892618954181671, "fpem/fusion_alpha_min": 0.15463101863861084, "fpem/fusion_alpha_max": 0.25248339772224426, "fpem/env_route_loss": 169.53965759277344, "fpem/env_route_L_final": 99.82765197753906, "fpem/env_route_L_global": 99.82789611816406, "fpem/env_route_L_route_soft": 99.82666778564453, "fpem/env_route_L_expert": 98.98837280273438, "fpem/env_route_L_router_oracle": 0.0, "fpem/env_route_L_balance": 0.0, "fpem/env_route_L_diverse": 1.000000238418579, "fpem/env_route_L_proto_align": -0.008733976632356644, "fpem/env_route_entropy": 1.0986123085021973, "fpem/env_route_q_max_mean": 0.3333333432674408, "fpem/env_route_train_mode_gradient_compat": 0.0, "fpem/env_route_gradient_compat_aux": 0.0, "fpem/hyper_alpha_mean": 0.2688458561897278, "fpem/hyper_delta_norm": 1.7655480633038678e-08, "fpem/hyper_route_proto_mode_uniform_warmup": 1.0, "fpem/hyper_route_proto_mode_sinkhorn": 0.0, "fpem/hyper_route_proto_mode_softmax": 0.0, "fpem/fallback_q_mean": 0.0, "fpem/fallback_q_max": 0.0, "fpem/env_q_sum_mean": 0.0, "fpem/oracle_fallback_rate": 0.0, "fpem/route_count_fallback": 0.0, "fpem/env_route_head_mode": 1.0, "fpem/route_entropy_mean": 1.0986123085021973, "fpem/route_mean_distribution_entropy": 1.0986123085021973, "fpem/effective_expert_number": 3.0, "fpem/max_expert_usage_ratio": 1.0, "fpem/min_expert_usage_ratio": 0.0, "fpem/prototype_pairwise_cosine": -0.00152326631359756, "fpem/expert_prediction_pairwise_cosine": 1.000000238418579, "fpem/expert_collapse_warning": 0.0, "fpem/env_route_target_mode_env_prototype": 1.0, "fpem/env_route_target_mode_hybrid": 0.0, "fpem/env_route_hybrid_alpha": 1.0, "fpem/env_route_count_head_0": 2.0, "fpem/env_route_oracle_count_head_0": 2.0, "fpem/route_count_env_head_0": 2.0, "fpem/route_soft_mean_expert_0": 0.3333333432674408, "fpem/route_hard_count_expert_0": 2.0, "fpem/hyper_alpha_head_0": 0.2974758744239807, "fpem/hyper_gamma_norm_head_0": 0.0007845176151022315, "fpem/hyper_beta_norm_head_0": 0.0007129294681362808, "fpem/env_route_count_head_1": 0.0, "fpem/env_route_oracle_count_head_1": 0.0, "fpem/route_count_env_head_1": 0.0, "fpem/route_soft_mean_expert_1": 0.3333333432674408, "fpem/route_hard_count_expert_1": 0.0, "fpem/hyper_alpha_head_1": 0.31660592555999756, "fpem/hyper_gamma_norm_head_1": 0.0007923626690171659, "fpem/hyper_beta_norm_head_1": 0.0007456562598235905, "fpem/env_route_count_head_2": 0.0, "fpem/env_route_oracle_count_head_2": 0.0, "fpem/route_count_env_head_2": 0.0, "fpem/route_soft_mean_expert_2": 0.3333333432674408, "fpem/route_hard_count_expert_2": 0.0, "fpem/hyper_alpha_head_2": 0.1924557089805603, "fpem/hyper_gamma_norm_head_2": 0.0007755598635412753, "fpem/hyper_beta_norm_head_2": 0.0006933835684321821, "fpem/future_mi_loss": 0.3689560890197754, "fpem/future_mi_valid": 1.0, "fpem/future_mi_logvar_mean": 0.4311428666114807, "fpem/future_mi_target_mode_env_encoder": 1.0, "fpem/swap_loss": 5.027384395361878e-05, "fpem/swap_diff_loss": 0.005020417273044586, "fpem/swap_same_loss": 0.00013934075832366943, "fpem/swap_gain_mean": 0.0002592673699837178, "fpem/swap_s_gain_mean": 0.50129634141922, "fpem/swap_fallback_router_loss": 0.0, "fpem/swap_fallback_q_mean": 0.0, "fpem/swap_prediction_delta": 2.803891675284831e-06, "fpem/swap_route_delta": 0.0, "fpem/swap_hyper_alpha_delta": 0.05527950078248978, "fpem/swap_hyper_delta_norm": 1.7655480633038678e-08, "fpem/loss_env_day": 0.0, "fpem/loss_env_hour": 0.0, "fpem/loss_env_rush": 0.0, "fpem/env_day_acc": 0.0, "fpem/env_hour_acc": 0.0, "fpem/env_rush_acc": 0.0, "fpem/loss_env_supcon": 0.0, "fpem/env_supcon_valid_pairs": 0.0, "fpem/loss_inv_env_adv": 0.0, "fpem/inv_day_acc": 0.0, "fpem/inv_hour_acc": 0.0, "fpem/inv_rush_acc": 0.0, "fpem/loss_cross_cov_sep": 0.0, "fpem/club_fit_loss": 63.2509651184082, "fpem/club_upper": 4.656791497836821e-05, "fpem/primary_loss": 99.82765197753906, "fpem/inv_pred_loss": 99.82789611816406, "fpem/primary_uses_route": 1.0, "fpem/primary_uses_env_fusion": 1.0, "fpem/backbone_agcrn": 1.0, "fpem/gc_pred_loss_only": 1.0, "fpem/env_route_head_mode_hyper_proto": 1.0, "fpem/lambda_club_mi": 0.009999999776482582}}
SUMMARY {"exp_name": "smoke_hyper_proto_concat_fusion_first", "model": "steve", "ablation": "full", "best_epoch": 1, "best_val_loss": 140.76748657226562, "test_mixed_mae": 122.83447265625, "test_workday_mae": 122.83447265625, "test_holiday_mae": 109.33521270751953, "test_avg_mae": 116.08484268188477, "finished": true}
