{
  "args": {
    "seed": 2024,
    "device": "cuda:0",
    "mode": "train",
    "best_path": "/home/zhangwt/remote/StableST/experiments/NYCTaxi/20240510-014845/best_model.pth",
    "debug": false,
    "data_dir": "/data/OuXiaoyu/STEVE_CODE/STEVE/data",
    "dataset": "NYCTaxi_TDS",
    "input_length": 35,
    "batch_size": 8,
    "test_batch_size": 8,
    "graph_file": "/data/OuXiaoyu/STEVE_CODE/STEVE/data/NYCTaxi_TDS/adj_mx.npz",
    "num_nodes": 200,
    "len_closeness": 8,
    "len_period": 27,
    "len_trend": 0,
    "d_input": 2,
    "d_output": 2,
    "d_model": 64,
    "dropout": 0.1,
    "percent": 0.1,
    "shm_temp": 0.5,
    "nmb_prototype": 4,
    "yita": 0.5,
    "layers": 3,
    "K": 64,
    "bank_gamma": 0.2,
    "kw": 1,
    "mi_w": 2,
    "epochs": 5,
    "lr_init": 0.001,
    "early_stop": true,
    "early_stop_patience": 30,
    "grad_norm": true,
    "max_grad_norm": 5,
    "use_dwa": true,
    "temp": 2,
    "MMI": false,
    "lr_patience": 20,
    "lr_mode": "only",
    "use_RevIN": true,
    "ablation": "progressive_gmm_smoke\r",
    "config_filename": "/data/OuXiaoyu/STEVE_CODE/STEVE/configs/NYCTaxi.yaml",
    "model": "steve",
    "data_seed": 2024,
    "early_stop_test_avg_mae_epoch": 0,
    "early_stop_test_avg_mae_threshold": 0.0,
    "train_work_per_holiday": 2.5,
    "exp_name": "fpem_progressive_gmm_smoke_seed2024",
    "run_name": "fpem_progressive_gmm_smoke_seed2024",
    "result_root": "/data/OuXiaoyu/STEVE_CODE/STEVE/experiments/NYCTaxi_TDS",
    "resume": false,
    "resume_reset_patience": true,
    "max_train_batches": 2,
    "max_eval_batches": 1,
    "fpem_backbone": "agcrn",
    "agcrn_lr": 0.003,
    "agcrn_embed_dim": 10,
    "agcrn_rnn_units": 64,
    "agcrn_num_layers": 2,
    "agcrn_cheb_k": 2,
    "graphwavenet_layers": 4,
    "graphwavenet_kernel_size": 2,
    "graphwavenet_dropout": 0.1,
    "staeformer_layers": 2,
    "staeformer_heads": 4,
    "staeformer_dropout": 0.1,
    "staeformer_mlp_ratio": 2.0,
    "staeformer_input_length_max": 512,
    "fpem_use_pretrained_inv_agcrn": true,
    "fpem_pretrained_inv_agcrn_path": "/data/OuXiaoyu/STEVE_CODE/STEVE/experiments/NYCTaxi_TDS/pure_agcrn_seed2024/best_val_model.pth",
    "fpem_use_env_supervision": false,
    "fpem_lambda_env_day_cls": 0.0,
    "fpem_lambda_env_hour_cls": 0.0,
    "fpem_lambda_env_rush_cls": 0.0,
    "fpem_env_use_exogenous": true,
    "fpem_env_exogenous_hour_dim": 8,
    "fpem_env_exogenous_day_dim": 4,
    "fpem_env_exogenous_rush_dim": 4,
    "fpem_env_exogenous_load_dim": 8,
    "fpem_env_exogenous_load_num_embeddings": 6,
    "fpem_env_exogenous_scale": 0.1,
    "fpem_use_env_supcon": false,
    "fpem_lambda_env_supcon": 0.0,
    "fpem_env_supcon_temperature": 0.1,
    "fpem_use_inv_projector": false,
    "fpem_use_inv_env_adversarial": false,
    "fpem_lambda_inv_env_adv": 0.0,
    "fpem_grl_alpha": 1.0,
    "fpem_env_route_head_mode": "hyper_inv_film_proto_input_add",
    "fpem_use_env_prototype_router": false,
    "fpem_env_route_target_mode": "prediction_oracle",
    "fpem_env_route_train_mode": "progressive_gmm_environment",
    "fpem_env_route_inference_mode": "mlp",
    "fpem_env_prototype_temperature": 1.0,
    "fpem_env_route_hybrid_alpha": 1.0,
    "fpem_env_route_hybrid_alpha_start": 1.0,
    "fpem_env_route_hybrid_alpha_end": 0.5,
    "fpem_env_route_hybrid_alpha_decay_epochs": 30,
    "fpem_use_sinkhorn_route": false,
    "fpem_force_uniform_route": false,
    "fpem_env_rep_ablation": "normal",
    "fpem_env_route_sinkhorn_tau": 1.0,
    "fpem_env_route_sinkhorn_iters": 5,
    "fpem_env_sinkhorn_prediction_alpha_start": 0.2,
    "fpem_env_sinkhorn_prediction_alpha_final": 1.0,
    "fpem_env_sinkhorn_environment_beta_start": 1.0,
    "fpem_env_sinkhorn_environment_beta_final": 0.2,
    "fpem_env_sinkhorn_schedule_start_epoch": 5,
    "fpem_env_sinkhorn_schedule_end_epoch": 15,
    "fpem_env_sinkhorn_temporal_lambda": 0.05,
    "fpem_env_sinkhorn_gaussian_ema": 0.05,
    "fpem_env_sinkhorn_gaussian_min_var": 0.0001,
    "fpem_sinkhorn_warmup_epochs": 10,
    "fpem_sinkhorn_soft_end_epoch": 20,
    "fpem_sinkhorn_temperature_start": 1.0,
    "fpem_sinkhorn_temperature_final": 0.3,
    "fpem_sinkhorn_lambda_common": 0.1,
    "fpem_risk_router_temperature": 1.0,
    "fpem_risk_router_lambda": 0.5,
    "fpem_risk_router_pairwise_lambda": 0.0,
    "fpem_env_teacher_ema_momentum": 0.995,
    "fpem_env_partition_start_epoch": 2,
    "fpem_env_partition_update_interval": 2,
    "fpem_env_partition_freeze_last_epochs": 0,
    "fpem_env_partition_max_batches": 8,
    "fpem_env_max_clusters": 3,
    "fpem_env_min_cluster_ratio": 0.08,
    "fpem_env_gmm_n_init": 2,
    "fpem_env_gmm_variance_floor": 0.0001,
    "fpem_env_progressive_lambda_common": 0.2,
    "fpem_env_cluster_compactness_lambda": 0.01,
    "fpem_env_cluster_consistency_lambda": 0.05,
    "fpem_env_split_perturb_std": 1e-05,
    "fpem_sinkhorn_iters": 3,
    "fpem_sinkhorn_epsilon": 0.05,
    "fpem_expert_uniform_warmup_epochs": 0,
    "fpem_env_route_balance_warmup_epochs": 0,
    "fpem_env_route_initial_temperature": 1.0,
    "fpem_env_route_final_temperature": 0.3,
    "fpem_use_cross_cov_sep": false,
    "fpem_lambda_cross_cov_sep": 0.0,
    "fpem_use_confounder_extractor": false,
    "fpem_use_env_mask": false,
    "fpem_confounder_use_mask": false,
    "fpem_lambda_mask_sparse": 0.0,
    "fpem_lambda_mask_entropy": 0.0,
    "fpem_lambda_inv_pred": 0.0,
    "fpem_use_env_route": true,
    "fpem_env_route_k": 3,
    "fpem_env_route_warmup_epochs": 0,
    "fpem_env_route_lambda_router_oracle": 0.0,
    "fpem_use_club_mi": false,
    "fpem_lambda_club_mi": 0.0,
    "fpem_use_env_fusion": false,
    "fpem_env_route_use_inv_fallback_expert": false,
    "fpem_use_future_mi": false,
    "fpem_lambda_future_mi": 0.0,
    "fpem_use_swap": false,
    "fpem_lambda_swap": 0.0,
    "fpem_use_grad_consensus": false,
    "fpem_gc_pred_loss_only": true,
    "git_commit": "1b38ed8",
    "log_dir": "/data/OuXiaoyu/STEVE_CODE/STEVE/experiments/NYCTaxi_TDS/fpem_progressive_gmm_smoke_seed2024"
  },
  "counts": {
    "train_total": 1680,
    "train_workday": 1200,
    "train_holiday": 480,
    "train_workday_holiday_ratio": 2.5,
    "val_total": 274,
    "val_workday": 178,
    "val_holiday": 96,
    "test_total": 546,
    "test_workday": 354,
    "test_holiday": 192,
    "train_shuffle": true,
    "train_chronological_for_env_sinkhorn_temporal": false
  },
  "trainable_params": 881508,
  "frozen_params": 1688069,
  "optimizer_params": 881508,
  "resume_start_epoch": 1,
  "top_level_prediction_source": "progressive_gmm_teacher_hard"
}
EPOCH {"epoch": 1, "train_loss": 119.10160446166992, "val": {"loss": 109.6788330078125, "mae": 96.57640075683594, "mape": 1.0708884000778198, "progressive_route_switch_frequency": 0.0, "progressive_selected_k_observed": 1}, "test_mixed": {"loss": 140.33804321289062, "mae": 137.21263122558594, "mape": 1.2280817031860352, "progressive_route_switch_frequency": 0.0, "progressive_selected_k_observed": 1}, "test_workday": {"loss": 140.33804321289062, "mae": 137.21263122558594, "mape": 1.2280817031860352, "progressive_route_switch_frequency": 0.0, "progressive_selected_k_observed": 1}, "test_holiday": {"loss": 69.69715118408203, "mae": 59.21537399291992, "mape": 1.2925021648406982, "progressive_route_switch_frequency": 0.0, "progressive_selected_k_observed": 1}, "test_avg_mae": 98.21400260925293, "lr": 0.001, "fpem_logs": {"fpem/fpem_env_use_exogenous": 1.0, "fpem/env_exogenous_available": 1.0, "fpem/env_exogenous_time_available": 1.0, "fpem/env_exogenous_load_available": 1.0, "fpem/env_exogenous_feature_dim": 32.0, "fpem/env_exogenous_embedding_norm": 2.1556211709976196, "fpem/env_exogenous_load_embedding_norm": 1.5493838787078857, "fpem/env_rep_ablation_normal": 1.0, "fpem/env_rep_ablation_zero": 0.0, "fpem/env_rep_ablation_shuffle_batch": 0.0, "fpem/env_rep_ablation_mode_id": 0.0, "fpem/mask_loss": 0.0, "fpem/mask_sparse_loss": 0.0, "fpem/mask_entropy_loss": 0.0, "fpem/mask_mean": 1.0, "fpem/mask_entropy": 0.0, "fpem/mask_active_ratio": 1.0, "fpem/fusion_alpha_mean": 0.0, "fpem/fusion_alpha_std": 0.0, "fpem/fusion_alpha_min": 0.0, "fpem/fusion_alpha_max": 0.0, "fpem/env_route_loss": 119.10160446166992, "fpem/env_route_L_final": 119.10160446166992, "fpem/env_route_L_global": 119.10160446166992, "fpem/env_route_L_route_soft": 0.0, "fpem/env_route_L_expert": 119.10160446166992, "fpem/env_route_L_router_oracle": 0.0, "fpem/env_route_L_balance": 0.0, "fpem/env_route_L_diverse": 0.0, "fpem/env_route_L_proto_align": 0.0, "fpem/env_route_entropy": 1.0986123085021973, "fpem/env_route_train_mode_progressive_gmm_environment": 1.0, "fpem/progressive_assignment_uses_target_or_prediction_error": 0.0, "fpem/top_level_prediction_source_progressive_gmm_teacher_hard": 1.0, "fpem/progressive_partition_ready": 0.0, "fpem/progressive_selected_k": 1.0, "fpem/progressive_active_expert_count": 3.0, "fpem/progressive_last_partition_epoch": 0.0, "fpem/progressive_lambda_common": 0.20000000298023224, "fpem/progressive_common_term": 0.0, "fpem/progressive_compactness_loss": 0.0, "fpem/progressive_consistency_loss": 0.0, "fpem/progressive_cluster_entropy": 0.0, "fpem/progressive_assignment_change_ratio": 0.0, "fpem/progressive_hungarian_overlap_score": 0.0, "fpem/progressive_partition_update_time_sec": 0.0, "fpem/progressive_routed_mae": 119.10160446166992, "fpem/uniform_expert_mae": 119.10160446166992, "fpem/oracle_hard_mae": 119.26880645751953, "fpem/router_regret": -0.16720199584960938, "fpem/effective_expert_number": 3.0, "fpem/max_expert_usage_ratio": 0.3333333432674408, "fpem/min_expert_usage_ratio": 0.3333333432674408, "fpem/route_soft_mean_expert_0": 0.3333333432674408, "fpem/route_hard_count_expert_0": 2.6666667461395264, "fpem/hard_count_expert_0": 2.6666667461395264, "fpem/progressive_active_expert_0": 1.0, "fpem/progressive_cluster_to_expert_0": 0.0, "fpem/expert_cross_mae_group_0_expert_0": 119.9040298461914, "fpem/expert_cross_mae_group_0_expert_1": 119.59058380126953, "fpem/expert_cross_mae_group_0_expert_2": 120.50282287597656, "fpem/route_soft_mean_expert_1": 0.3333333432674408, "fpem/route_hard_count_expert_1": 2.6666667461395264, "fpem/hard_count_expert_1": 2.6666667461395264, "fpem/progressive_active_expert_1": 0.0, "fpem/progressive_cluster_to_expert_1": 1.0, "fpem/expert_cross_mae_group_1_expert_0": 0.0, "fpem/expert_cross_mae_group_1_expert_1": 0.0, "fpem/expert_cross_mae_group_1_expert_2": 0.0, "fpem/route_soft_mean_expert_2": 0.3333333432674408, "fpem/route_hard_count_expert_2": 2.6666667461395264, "fpem/hard_count_expert_2": 2.6666667461395264, "fpem/progressive_active_expert_2": 0.0, "fpem/progressive_cluster_to_expert_2": 2.0, "fpem/expert_cross_mae_group_2_expert_0": 0.0, "fpem/expert_cross_mae_group_2_expert_1": 0.0, "fpem/expert_cross_mae_group_2_expert_2": 0.0, "fpem/future_mi_loss": 0.0, "fpem/future_mi_valid": 0.0, "fpem/future_mi_logvar_mean": 0.0, "fpem/future_mi_target_mode_env_encoder": 0.0, "fpem/swap_loss": 0.0, "fpem/swap_diff_loss": 0.0, "fpem/swap_same_loss": 0.0, "fpem/swap_gain_mean": 0.0, "fpem/swap_s_gain_mean": 0.0, "fpem/swap_fallback_router_loss": 0.0, "fpem/swap_fallback_q_mean": 0.0, "fpem/swap_prediction_delta": 0.0, "fpem/swap_route_delta": 0.0, "fpem/swap_hyper_alpha_delta": 0.0, "fpem/swap_hyper_delta_norm": 0.0, "fpem/loss_env_day": 0.0, "fpem/loss_env_hour": 0.0, "fpem/loss_env_rush": 0.0, "fpem/env_day_acc": 0.0, "fpem/env_hour_acc": 0.0, "fpem/env_rush_acc": 0.0, "fpem/loss_env_supcon": 0.0, "fpem/env_supcon_valid_pairs": 0.0, "fpem/loss_inv_env_adv": 0.0, "fpem/inv_day_acc": 0.0, "fpem/inv_hour_acc": 0.0, "fpem/inv_rush_acc": 0.0, "fpem/loss_cross_cov_sep": 0.0, "fpem/primary_loss": 119.10160446166992, "fpem/inv_pred_loss": 124.099365234375, "fpem/primary_uses_route": 1.0, "fpem/primary_uses_env_fusion": 0.0, "fpem/backbone_agcrn": 1.0, "fpem/backbone_graphwavenet": 0.0, "fpem/backbone_staeformer": 0.0, "fpem/gc_pred_loss_only": 1.0, "fpem/env_route_head_mode": 1.0, "fpem/env_route_head_mode_hyper_proto": 1.0, "fpem/fpem_force_uniform_route": 0.0, "fpem/hard_prediction_sinkhorn_total_replaces_primary": 0.0, "fpem/hard_prediction_environment_sinkhorn_total_replaces_primary": 0.0, "fpem/warmup_risk_sinkhorn_total_replaces_primary": 0.0, "fpem/progressive_gmm_environment_total_replaces_primary": 1.0, "fpem/lambda_club_mi": 0.0}}
PROGRESSIVE_GMM_PARTITION {"epoch": 2, "selected_k": 3, "bic_by_k": [{"k": 1, "bic": 4694.2740158786255, "bic_score": 4694.2740158786255, "rejected_min_cluster": false, "cluster_sizes": [64], "cluster_ratios": [1.0]}, {"k": 2, "bic": 1129.507781592333, "bic_score": 1129.507781592333, "rejected_min_cluster": false, "cluster_sizes": [11, 53], "cluster_ratios": [0.171875, 0.828125]}, {"k": 3, "bic": -347.44544709486377, "bic_score": -347.44544709486377, "rejected_min_cluster": false, "cluster_sizes": [11, 18, 35], "cluster_ratios": [0.171875, 0.28125, 0.546875]}], "cluster_sizes": [11, 18, 35], "cluster_ratios": [0.171875, 0.28125, 0.546875], "cluster_assignment_entropy": 0.9894968053121325, "assignment_change_ratio": 1.0, "hungarian_overlap_score": 0, "active_expert_count": 3, "cluster_to_expert_mapping": [0, 1, 2], "copied_splits": [], "gmm_means": [[-0.501093864440918, -1.8573044538497925, 1.477881908416748, 0.017123635858297348, 1.1198307275772095, 1.1463733911514282, -0.13938088715076447, -0.022880902513861656, -0.42055565118789673, 0.8697918057441711, 1.3771085739135742, 0.4873780310153961, 0.9560449719429016, -0.639839768409729, 0.25700271129608154, 1.6597226858139038, -1.7151787281036377, 0.6654087901115417, -1.1339911222457886, -0.6977722644805908, 0.023854557424783707, 0.23562461137771606, -1.9469062089920044, -0.4251064360141754, 0.6814953088760376, 0.6207688450813293, 0.5223873257637024, 0.7183883786201477, 1.8823925256729126, -1.183795690536499, -1.7697033882141113, -0.7326757311820984, 0.395198255777359, -1.888608694076538, -1.8832223415374756, 0.7410152554512024, 1.880488395690918, -0.11554750055074692, 1.7573845386505127, 0.9706920981407166, 1.918751835823059, -0.5232974290847778, 1.2785577774047852, -0.6727747321128845, -0.1439104974269867, -0.6875700354576111, 0.43251466751098633, -1.2046868801116943, -1.3149851560592651, 0.20023435354232788, -0.9593468904495239, -0.3482934832572937, 0.3451608419418335, -0.19197945296764374, -1.5330204963684082, 1.3906339406967163, -1.0727143287658691, 0.07837925851345062, 0.20635144412517548, -0.3326514959335327, 1.921758770942688, -0.2586536705493927, -0.5245039463043213, 0.47935596108436584], [-0.10241774469614029, -0.2501660883426666, 0.12062409520149231, -0.03759004920721054, 0.06945398449897766, 0.12694180011749268, -0.0645415410399437, 0.07532788068056107, -0.02266961708664894, 0.051210738718509674, 0.13250553607940674, 0.014354688115417957, 0.06582599133253098, -0.10533081740140915, 0.01300420705229044, 0.19089408218860626, -0.13503633439540863, 0.05634760484099388, -0.08493617922067642, -0.08556845039129257, 0.018888410180807114, -0.04913642629981041, -0.10217418521642685, -0.008143196813762188, 0.02477659285068512, 0.008394098840653896, 0.06969597935676575, 0.08076190948486328, 0.12714260816574097, -0.11408746242523193, -0.1470993608236313, -0.06556542217731476, 0.030115017667412758, -0.14955224096775055, -0.1800771951675415, 0.019757242873311043, 0.10296206921339035, -0.014962954446673393, 0.10390375554561615, 0.04890334606170654, 0.1593279242515564, -0.018992723897099495, 0.17685189843177795, -0.02599925361573696, -0.01224417332559824, -0.08449471741914749, 0.042315028607845306, -0.14705848693847656, -0.0663987547159195, 0.05111747980117798, -0.08264710754156113, 0.014319684356451035, -0.02434997819364071, -0.03978421539068222, -0.1727539598941803, 0.14823439717292786, -0.0746166929602623, -0.04214095696806908, -0.02169741503894329, -0.02439389005303383, 0.17035670578479767, 0.04770797863602638, -0.07439207285642624, 0.04640892893075943], [0.2103210985660553, 0.7128814458847046, -0.5268487930297852, 0.013977102003991604, -0.3879036009311676, -0.42586034536361694, 0.07707178592681885, -0.03160446509718895, 0.14391984045505524, -0.2998824715614319, -0.5012805461883545, -0.16064928472042084, -0.33453261852264404, 0.2554500699043274, -0.08751237392425537, -0.6202226281166077, 0.6088898777961731, -0.23826031386852264, 0.4003307521343231, 0.2634878158569336, -0.017229950055480003, -0.04878310114145279, 0.6648300290107727, 0.13786865770816803, -0.2270573228597641, -0.19952376186847687, -0.20016270875930786, -0.2674948275089264, -0.6574043035507202, 0.4310067892074585, 0.6322484612464905, 0.26416015625, -0.1397811621427536, 0.6709015369415283, 0.6849303841590881, -0.24318799376487732, -0.6443508267402649, 0.04404081404209137, -0.6061259508132935, -0.3304220139980316, -0.6854152679443359, 0.17433303594589233, -0.49313291907310486, 0.22494490444660187, 0.05155916512012482, 0.25972670316696167, -0.1577991545200348, 0.45455852150917053, 0.4476960599422455, -0.0892927348613739, 0.34423503279685974, 0.10214488208293915, -0.09599349647760391, 0.08085952699184418, 0.5710377097129822, -0.5136350393295288, 0.37574705481529236, -0.0029406254179775715, -0.05371127277612686, 0.11716658622026443, -0.6920413970947266, 0.05676032602787018, 0.20324711501598358, -0.17463701963424683]], "gmm_variances": [[0.03457656502723694, 0.11896386742591858, 0.17751823365688324, 0.03645935654640198, 0.0873974934220314, 0.027889536693692207, 0.025628719478845596, 0.008044987916946411, 0.013091456145048141, 0.10174781084060669, 0.06624269485473633, 0.00626863120123744, 0.035585857927799225, 0.05944189056754112, 0.03711998462677002, 0.10295162349939346, 0.187156081199646, 0.014548509381711483, 0.05725080519914627, 0.01192434597760439, 0.004283075220882893, 0.023455984890460968, 0.23346324265003204, 0.020163852721452713, 0.04283442348241806, 0.06118154525756836, 0.04896358773112297, 0.03492522984743118, 0.23140840232372284, 0.09159614890813828, 0.1636854112148285, 0.02480660378932953, 0.01202343963086605, 0.22837978601455688, 0.159315288066864, 0.05574604123830795, 0.28764134645462036, 0.02092357538640499, 0.18633028864860535, 0.06824292987585068, 0.1528102606534958, 0.023863371461629868, 0.06596009433269501, 0.022732963785529137, 0.012812524102628231, 0.019272003322839737, 0.039314739406108856, 0.0813637524843216, 0.13643448054790497, 0.008478066883981228, 0.0610751137137413, 0.027346352115273476, 0.035571180284023285, 0.00291043589822948, 0.12354855239391327, 0.08285383135080338, 0.09056483954191208, 0.05433303117752075, 0.004128928761929274, 0.009013909846544266, 0.14816632866859436, 0.025368137285113335, 0.011153612285852432, 0.01196838729083538], [0.011968312785029411, 0.0883181169629097, 0.06239515542984009, 0.01359198521822691, 0.0456661693751812, 0.0511728934943676, 0.015520449727773666, 0.005022088065743446, 0.008581935428082943, 0.012676754966378212, 0.03674043342471123, 0.03553510829806328, 0.03916996344923973, 0.02759374864399433, 0.011808319017291069, 0.05697597190737724, 0.05006904900074005, 0.05247924476861954, 0.02677816152572632, 0.09808685630559921, 0.0019888493698090315, 0.009634407237172127, 0.04707011580467224, 0.011360399425029755, 0.025503968819975853, 0.019786950200796127, 0.040048085153102875, 0.016809841617941856, 0.0613984689116478, 0.03196009621024132, 0.05000920966267586, 0.01673923246562481, 0.0214459877461195, 0.050574999302625656, 0.058869246393442154, 0.03880797326564789, 0.13819733262062073, 0.008014886640012264, 0.045092999935150146, 0.017071429640054703, 0.09202195703983307, 0.012572442181408405, 0.06097861006855965, 0.013579601421952248, 0.024341963231563568, 0.013398570939898491, 0.018439332023262978, 0.027763262391090393, 0.08143503963947296, 0.025421742349863052, 0.01270107552409172, 0.02020290493965149, 0.08704487979412079, 0.020577680319547653, 0.052814144641160965, 0.03225065395236015, 0.03434544801712036, 0.04536348208785057, 0.01744035631418228, 0.028508974239230156, 0.0788443461060524, 0.016261421144008636, 0.0222342349588871, 0.017789270728826523], [0.05570220574736595, 0.1214715912938118, 0.16055677831172943, 0.019464507699012756, 0.04591718688607216, 0.05554608628153801, 0.023065198212862015, 0.02120860666036606, 0.0153352040797472, 0.08042202144861221, 0.0636611059308052, 0.02097306400537491, 0.03301677480340004, 0.1254764199256897, 0.02825210429728031, 0.062258530408144, 0.08296021074056625, 0.05241259187459946, 0.02036932297050953, 0.04113680496811867, 0.019833354279398918, 0.007545324973762035, 0.09258744865655899, 0.01871519349515438, 0.008702035062015057, 0.03240782395005226, 0.06945747137069702, 0.06146160140633583, 0.17040501534938812, 0.04224736988544464, 0.08840874582529068, 0.009263933636248112, 0.01531294547021389, 0.14843887090682983, 0.1480690836906433, 0.026086769998073578, 0.11208724975585938, 0.014860307797789574, 0.0649804025888443, 0.0436122864484787, 0.09352496266365051, 0.011028997600078583, 0.08227978646755219, 0.01811537705361843, 0.014239908196032047, 0.02129475399851799, 0.10343106836080551, 0.03718993067741394, 0.05551191046833992, 0.01855013333261013, 0.05722188949584961, 0.01280294917523861, 0.024011410772800446, 0.011222926899790764, 0.057773154228925705, 0.05680239945650101, 0.051265910267829895, 0.028982819989323616, 0.029046274721622467, 0.041250914335250854, 0.08714146167039871, 0.03155255317687988, 0.01247446984052658, 0.02127200737595558]], "partition_update_time_sec": 0.7938299179077148, "assignment_source": "ema_teacher_encoder_only_no_target_no_prediction_error"}
EPOCH {"epoch": 2, "train_loss": 90.79266738891602, "val": {"loss": 94.95687103271484, "mae": 85.80289459228516, "mape": 1.6074388027191162, "progressive_route_switch_frequency": 0.2857142984867096, "progressive_selected_k_observed": 3}, "test_mixed": {"loss": 114.56864929199219, "mae": 113.41175842285156, "mape": 1.558043360710144, "progressive_route_switch_frequency": 0.2857142984867096, "progressive_selected_k_observed": 3}, "test_workday": {"loss": 114.56864929199219, "mae": 113.41175842285156, "mape": 1.558043360710144, "progressive_route_switch_frequency": 0.2857142984867096, "progressive_selected_k_observed": 3}, "test_holiday": {"loss": 61.2049674987793, "mae": 55.9361457824707, "mape": 2.108222484588623, "progressive_route_switch_frequency": 0.2857142984867096, "progressive_selected_k_observed": 3}, "test_avg_mae": 84.67395210266113, "lr": 0.001, "fpem_logs": {"fpem/fpem_env_use_exogenous": 1.0, "fpem/env_exogenous_available": 1.0, "fpem/env_exogenous_time_available": 1.0, "fpem/env_exogenous_load_available": 1.0, "fpem/env_exogenous_feature_dim": 32.0, "fpem/env_exogenous_embedding_norm": 2.1711233854293823, "fpem/env_exogenous_load_embedding_norm": 1.5465271472930908, "fpem/env_rep_ablation_normal": 1.0, "fpem/env_rep_ablation_zero": 0.0, "fpem/env_rep_ablation_shuffle_batch": 0.0, "fpem/env_rep_ablation_mode_id": 0.0, "fpem/mask_loss": 0.0, "fpem/mask_sparse_loss": 0.0, "fpem/mask_entropy_loss": 0.0, "fpem/mask_mean": 1.0, "fpem/mask_entropy": 0.0, "fpem/mask_active_ratio": 1.0, "fpem/fusion_alpha_mean": 0.0, "fpem/fusion_alpha_std": 0.0, "fpem/fusion_alpha_min": 0.0, "fpem/fusion_alpha_max": 0.0, "fpem/env_route_loss": 90.79266738891602, "fpem/env_route_L_final": 90.79266738891602, "fpem/env_route_L_global": 90.79266738891602, "fpem/env_route_L_route_soft": 0.0, "fpem/env_route_L_expert": 90.79266738891602, "fpem/env_route_L_router_oracle": 0.0, "fpem/env_route_L_balance": 0.0, "fpem/env_route_L_diverse": 0.0, "fpem/env_route_L_proto_align": 0.0, "fpem/env_route_entropy": 1.0986123085021973, "fpem/env_route_train_mode_progressive_gmm_environment": 1.0, "fpem/progressive_assignment_uses_target_or_prediction_error": 0.0, "fpem/top_level_prediction_source_progressive_gmm_teacher_hard": 1.0, "fpem/progressive_partition_ready": 0.0, "fpem/progressive_selected_k": 1.0, "fpem/progressive_active_expert_count": 3.0, "fpem/progressive_last_partition_epoch": 0.0, "fpem/progressive_lambda_common": 0.20000000298023224, "fpem/progressive_common_term": 0.0, "fpem/progressive_compactness_loss": 0.0, "fpem/progressive_consistency_loss": 0.0, "fpem/progressive_cluster_entropy": 0.0, "fpem/progressive_assignment_change_ratio": 0.0, "fpem/progressive_hungarian_overlap_score": 0.0, "fpem/progressive_partition_update_time_sec": 0.0, "fpem/progressive_routed_mae": 90.79266738891602, "fpem/uniform_expert_mae": 90.79266738891602, "fpem/oracle_hard_mae": 89.21220397949219, "fpem/router_regret": 1.5804634094238281, "fpem/effective_expert_number": 3.0, "fpem/max_expert_usage_ratio": 0.3333333432674408, "fpem/min_expert_usage_ratio": 0.3333333432674408, "fpem/route_soft_mean_expert_0": 0.3333333432674408, "fpem/route_hard_count_expert_0": 2.6666667461395264, "fpem/hard_count_expert_0": 2.6666667461395264, "fpem/progressive_active_expert_0": 1.0, "fpem/progressive_cluster_to_expert_0": 0.0, "fpem/expert_cross_mae_group_0_expert_0": 92.67990493774414, "fpem/expert_cross_mae_group_0_expert_1": 90.26196670532227, "fpem/expert_cross_mae_group_0_expert_2": 96.94131851196289, "fpem/route_soft_mean_expert_1": 0.3333333432674408, "fpem/route_hard_count_expert_1": 2.6666667461395264, "fpem/hard_count_expert_1": 2.6666667461395264, "fpem/progressive_active_expert_1": 0.0, "fpem/progressive_cluster_to_expert_1": 1.0, "fpem/expert_cross_mae_group_1_expert_0": 0.0, "fpem/expert_cross_mae_group_1_expert_1": 0.0, "fpem/expert_cross_mae_group_1_expert_2": 0.0, "fpem/route_soft_mean_expert_2": 0.3333333432674408, "fpem/route_hard_count_expert_2": 2.6666667461395264, "fpem/hard_count_expert_2": 2.6666667461395264, "fpem/progressive_active_expert_2": 0.0, "fpem/progressive_cluster_to_expert_2": 2.0, "fpem/expert_cross_mae_group_2_expert_0": 0.0, "fpem/expert_cross_mae_group_2_expert_1": 0.0, "fpem/expert_cross_mae_group_2_expert_2": 0.0, "fpem/future_mi_loss": 0.0, "fpem/future_mi_valid": 0.0, "fpem/future_mi_logvar_mean": 0.0, "fpem/future_mi_target_mode_env_encoder": 0.0, "fpem/swap_loss": 0.0, "fpem/swap_diff_loss": 0.0, "fpem/swap_same_loss": 0.0, "fpem/swap_gain_mean": 0.0, "fpem/swap_s_gain_mean": 0.0, "fpem/swap_fallback_router_loss": 0.0, "fpem/swap_fallback_q_mean": 0.0, "fpem/swap_prediction_delta": 0.0, "fpem/swap_route_delta": 0.0, "fpem/swap_hyper_alpha_delta": 0.0, "fpem/swap_hyper_delta_norm": 0.0, "fpem/loss_env_day": 0.0, "fpem/loss_env_hour": 0.0, "fpem/loss_env_rush": 0.0, "fpem/env_day_acc": 0.0, "fpem/env_hour_acc": 0.0, "fpem/env_rush_acc": 0.0, "fpem/loss_env_supcon": 0.0, "fpem/env_supcon_valid_pairs": 0.0, "fpem/loss_inv_env_adv": 0.0, "fpem/inv_day_acc": 0.0, "fpem/inv_hour_acc": 0.0, "fpem/inv_rush_acc": 0.0, "fpem/loss_cross_cov_sep": 0.0, "fpem/primary_loss": 90.79266738891602, "fpem/inv_pred_loss": 119.35311889648438, "fpem/primary_uses_route": 1.0, "fpem/primary_uses_env_fusion": 0.0, "fpem/backbone_agcrn": 1.0, "fpem/backbone_graphwavenet": 0.0, "fpem/backbone_staeformer": 0.0, "fpem/gc_pred_loss_only": 1.0, "fpem/env_route_head_mode": 1.0, "fpem/env_route_head_mode_hyper_proto": 1.0, "fpem/fpem_force_uniform_route": 0.0, "fpem/hard_prediction_sinkhorn_total_replaces_primary": 0.0, "fpem/hard_prediction_environment_sinkhorn_total_replaces_primary": 0.0, "fpem/warmup_risk_sinkhorn_total_replaces_primary": 0.0, "fpem/progressive_gmm_environment_total_replaces_primary": 1.0, "fpem/lambda_club_mi": 0.0}, "progressive_partition": {"epoch": 2, "selected_k": 3, "bic_by_k": [{"k": 1, "bic": 4694.2740158786255, "bic_score": 4694.2740158786255, "rejected_min_cluster": false, "cluster_sizes": [64], "cluster_ratios": [1.0]}, {"k": 2, "bic": 1129.507781592333, "bic_score": 1129.507781592333, "rejected_min_cluster": false, "cluster_sizes": [11, 53], "cluster_ratios": [0.171875, 0.828125]}, {"k": 3, "bic": -347.44544709486377, "bic_score": -347.44544709486377, "rejected_min_cluster": false, "cluster_sizes": [11, 18, 35], "cluster_ratios": [0.171875, 0.28125, 0.546875]}], "cluster_sizes": [11, 18, 35], "cluster_ratios": [0.171875, 0.28125, 0.546875], "cluster_assignment_entropy": 0.9894968053121325, "assignment_change_ratio": 1.0, "hungarian_overlap_score": 0, "active_expert_count": 3, "cluster_to_expert_mapping": [0, 1, 2], "copied_splits": [], "gmm_means": [[-0.501093864440918, -1.8573044538497925, 1.477881908416748, 0.017123635858297348, 1.1198307275772095, 1.1463733911514282, -0.13938088715076447, -0.022880902513861656, -0.42055565118789673, 0.8697918057441711, 1.3771085739135742, 0.4873780310153961, 0.9560449719429016, -0.639839768409729, 0.25700271129608154, 1.6597226858139038, -1.7151787281036377, 0.6654087901115417, -1.1339911222457886, -0.6977722644805908, 0.023854557424783707, 0.23562461137771606, -1.9469062089920044, -0.4251064360141754, 0.6814953088760376, 0.6207688450813293, 0.5223873257637024, 0.7183883786201477, 1.8823925256729126, -1.183795690536499, -1.7697033882141113, -0.7326757311820984, 0.395198255777359, -1.888608694076538, -1.8832223415374756, 0.7410152554512024, 1.880488395690918, -0.11554750055074692, 1.7573845386505127, 0.9706920981407166, 1.918751835823059, -0.5232974290847778, 1.2785577774047852, -0.6727747321128845, -0.1439104974269867, -0.6875700354576111, 0.43251466751098633, -1.2046868801116943, -1.3149851560592651, 0.20023435354232788, -0.9593468904495239, -0.3482934832572937, 0.3451608419418335, -0.19197945296764374, -1.5330204963684082, 1.3906339406967163, -1.0727143287658691, 0.07837925851345062, 0.20635144412517548, -0.3326514959335327, 1.921758770942688, -0.2586536705493927, -0.5245039463043213, 0.47935596108436584], [-0.10241774469614029, -0.2501660883426666, 0.12062409520149231, -0.03759004920721054, 0.06945398449897766, 0.12694180011749268, -0.0645415410399437, 0.07532788068056107, -0.02266961708664894, 0.051210738718509674, 0.13250553607940674, 0.014354688115417957, 0.06582599133253098, -0.10533081740140915, 0.01300420705229044, 0.19089408218860626, -0.13503633439540863, 0.05634760484099388, -0.08493617922067642, -0.08556845039129257, 0.018888410180807114, -0.04913642629981041, -0.10217418521642685, -0.008143196813762188, 0.02477659285068512, 0.008394098840653896, 0.06969597935676575, 0.08076190948486328, 0.12714260816574097, -0.11408746242523193, -0.1470993608236313, -0.06556542217731476, 0.030115017667412758, -0.14955224096775055, -0.1800771951675415, 0.019757242873311043, 0.10296206921339035, -0.014962954446673393, 0.10390375554561615, 0.04890334606170654, 0.1593279242515564, -0.018992723897099495, 0.17685189843177795, -0.02599925361573696, -0.01224417332559824, -0.08449471741914749, 0.042315028607845306, -0.14705848693847656, -0.0663987547159195, 0.05111747980117798, -0.08264710754156113, 0.014319684356451035, -0.02434997819364071, -0.03978421539068222, -0.1727539598941803, 0.14823439717292786, -0.0746166929602623, -0.04214095696806908, -0.02169741503894329, -0.02439389005303383, 0.17035670578479767, 0.04770797863602638, -0.07439207285642624, 0.04640892893075943], [0.2103210985660553, 0.7128814458847046, -0.5268487930297852, 0.013977102003991604, -0.3879036009311676, -0.42586034536361694, 0.07707178592681885, -0.03160446509718895, 0.14391984045505524, -0.2998824715614319, -0.5012805461883545, -0.16064928472042084, -0.33453261852264404, 0.2554500699043274, -0.08751237392425537, -0.6202226281166077, 0.6088898777961731, -0.23826031386852264, 0.4003307521343231, 0.2634878158569336, -0.017229950055480003, -0.04878310114145279, 0.6648300290107727, 0.13786865770816803, -0.2270573228597641, -0.19952376186847687, -0.20016270875930786, -0.2674948275089264, -0.6574043035507202, 0.4310067892074585, 0.6322484612464905, 0.26416015625, -0.1397811621427536, 0.6709015369415283, 0.6849303841590881, -0.24318799376487732, -0.6443508267402649, 0.04404081404209137, -0.6061259508132935, -0.3304220139980316, -0.6854152679443359, 0.17433303594589233, -0.49313291907310486, 0.22494490444660187, 0.05155916512012482, 0.25972670316696167, -0.1577991545200348, 0.45455852150917053, 0.4476960599422455, -0.0892927348613739, 0.34423503279685974, 0.10214488208293915, -0.09599349647760391, 0.08085952699184418, 0.5710377097129822, -0.5136350393295288, 0.37574705481529236, -0.0029406254179775715, -0.05371127277612686, 0.11716658622026443, -0.6920413970947266, 0.05676032602787018, 0.20324711501598358, -0.17463701963424683]], "gmm_variances": [[0.03457656502723694, 0.11896386742591858, 0.17751823365688324, 0.03645935654640198, 0.0873974934220314, 0.027889536693692207, 0.025628719478845596, 0.008044987916946411, 0.013091456145048141, 0.10174781084060669, 0.06624269485473633, 0.00626863120123744, 0.035585857927799225, 0.05944189056754112, 0.03711998462677002, 0.10295162349939346, 0.187156081199646, 0.014548509381711483, 0.05725080519914627, 0.01192434597760439, 0.004283075220882893, 0.023455984890460968, 0.23346324265003204, 0.020163852721452713, 0.04283442348241806, 0.06118154525756836, 0.04896358773112297, 0.03492522984743118, 0.23140840232372284, 0.09159614890813828, 0.1636854112148285, 0.02480660378932953, 0.01202343963086605, 0.22837978601455688, 0.159315288066864, 0.05574604123830795, 0.28764134645462036, 0.02092357538640499, 0.18633028864860535, 0.06824292987585068, 0.1528102606534958, 0.023863371461629868, 0.06596009433269501, 0.022732963785529137, 0.012812524102628231, 0.019272003322839737, 0.039314739406108856, 0.0813637524843216, 0.13643448054790497, 0.008478066883981228, 0.0610751137137413, 0.027346352115273476, 0.035571180284023285, 0.00291043589822948, 0.12354855239391327, 0.08285383135080338, 0.09056483954191208, 0.05433303117752075, 0.004128928761929274, 0.009013909846544266, 0.14816632866859436, 0.025368137285113335, 0.011153612285852432, 0.01196838729083538], [0.011968312785029411, 0.0883181169629097, 0.06239515542984009, 0.01359198521822691, 0.0456661693751812, 0.0511728934943676, 0.015520449727773666, 0.005022088065743446, 0.008581935428082943, 0.012676754966378212, 0.03674043342471123, 0.03553510829806328, 0.03916996344923973, 0.02759374864399433, 0.011808319017291069, 0.05697597190737724, 0.05006904900074005, 0.05247924476861954, 0.02677816152572632, 0.09808685630559921, 0.0019888493698090315, 0.009634407237172127, 0.04707011580467224, 0.011360399425029755, 0.025503968819975853, 0.019786950200796127, 0.040048085153102875, 0.016809841617941856, 0.0613984689116478, 0.03196009621024132, 0.05000920966267586, 0.01673923246562481, 0.0214459877461195, 0.050574999302625656, 0.058869246393442154, 0.03880797326564789, 0.13819733262062073, 0.008014886640012264, 0.045092999935150146, 0.017071429640054703, 0.09202195703983307, 0.012572442181408405, 0.06097861006855965, 0.013579601421952248, 0.024341963231563568, 0.013398570939898491, 0.018439332023262978, 0.027763262391090393, 0.08143503963947296, 0.025421742349863052, 0.01270107552409172, 0.02020290493965149, 0.08704487979412079, 0.020577680319547653, 0.052814144641160965, 0.03225065395236015, 0.03434544801712036, 0.04536348208785057, 0.01744035631418228, 0.028508974239230156, 0.0788443461060524, 0.016261421144008636, 0.0222342349588871, 0.017789270728826523], [0.05570220574736595, 0.1214715912938118, 0.16055677831172943, 0.019464507699012756, 0.04591718688607216, 0.05554608628153801, 0.023065198212862015, 0.02120860666036606, 0.0153352040797472, 0.08042202144861221, 0.0636611059308052, 0.02097306400537491, 0.03301677480340004, 0.1254764199256897, 0.02825210429728031, 0.062258530408144, 0.08296021074056625, 0.05241259187459946, 0.02036932297050953, 0.04113680496811867, 0.019833354279398918, 0.007545324973762035, 0.09258744865655899, 0.01871519349515438, 0.008702035062015057, 0.03240782395005226, 0.06945747137069702, 0.06146160140633583, 0.17040501534938812, 0.04224736988544464, 0.08840874582529068, 0.009263933636248112, 0.01531294547021389, 0.14843887090682983, 0.1480690836906433, 0.026086769998073578, 0.11208724975585938, 0.014860307797789574, 0.0649804025888443, 0.0436122864484787, 0.09352496266365051, 0.011028997600078583, 0.08227978646755219, 0.01811537705361843, 0.014239908196032047, 0.02129475399851799, 0.10343106836080551, 0.03718993067741394, 0.05551191046833992, 0.01855013333261013, 0.05722188949584961, 0.01280294917523861, 0.024011410772800446, 0.011222926899790764, 0.057773154228925705, 0.05680239945650101, 0.051265910267829895, 0.028982819989323616, 0.029046274721622467, 0.041250914335250854, 0.08714146167039871, 0.03155255317687988, 0.01247446984052658, 0.02127200737595558]], "partition_update_time_sec": 0.7938299179077148, "assignment_source": "ema_teacher_encoder_only_no_target_no_prediction_error"}}
EPOCH {"epoch": 3, "train_loss": 666928.5942382812, "val": {"loss": 105.70175170898438, "mae": 95.8679428100586, "mape": 3.4166245460510254, "progressive_route_switch_frequency": 0.0, "progressive_selected_k_observed": 3}, "test_mixed": {"loss": 111.94264221191406, "mae": 110.93368530273438, "mape": 2.7819583415985107, "progressive_route_switch_frequency": 0.0, "progressive_selected_k_observed": 3}, "test_workday": {"loss": 111.94264221191406, "mae": 110.93368530273438, "mape": 2.7819583415985107, "progressive_route_switch_frequency": 0.0, "progressive_selected_k_observed": 3}, "test_holiday": {"loss": 82.61349487304688, "mae": 75.99188232421875, "mape": 4.241559982299805, "progressive_route_switch_frequency": 0.0, "progressive_selected_k_observed": 3}, "test_avg_mae": 93.46278381347656, "lr": 0.001, "fpem_logs": {"fpem/fpem_env_use_exogenous": 1.0, "fpem/env_exogenous_available": 1.0, "fpem/env_exogenous_time_available": 1.0, "fpem/env_exogenous_load_available": 1.0, "fpem/env_exogenous_feature_dim": 32.0, "fpem/env_exogenous_embedding_norm": 2.155776262283325, "fpem/env_exogenous_load_embedding_norm": 1.5526690483093262, "fpem/env_rep_ablation_normal": 1.0, "fpem/env_rep_ablation_zero": 0.0, "fpem/env_rep_ablation_shuffle_batch": 0.0, "fpem/env_rep_ablation_mode_id": 0.0, "fpem/mask_loss": 0.0, "fpem/mask_sparse_loss": 0.0, "fpem/mask_entropy_loss": 0.0, "fpem/mask_mean": 1.0, "fpem/mask_entropy": 0.0, "fpem/mask_active_ratio": 1.0, "fpem/fusion_alpha_mean": 0.0, "fpem/fusion_alpha_std": 0.0, "fpem/fusion_alpha_min": 0.0, "fpem/fusion_alpha_max": 0.0, "fpem/env_route_loss": 666928.5942382812, "fpem/env_route_L_final": 82.94527816772461, "fpem/env_route_L_global": 82.93884658813477, "fpem/env_route_L_route_soft": 0.0, "fpem/env_route_L_expert": 82.94527816772461, "fpem/env_route_L_router_oracle": 0.0, "fpem/env_route_L_balance": 0.0, "fpem/env_route_L_diverse": 0.0, "fpem/env_route_L_proto_align": 0.0, "fpem/env_route_entropy": 1.0986123085021973, "fpem/env_route_train_mode_progressive_gmm_environment": 1.0, "fpem/progressive_assignment_uses_target_or_prediction_error": 0.0, "fpem/top_level_prediction_source_progressive_gmm_teacher_hard": 1.0, "fpem/progressive_partition_ready": 1.0, "fpem/progressive_selected_k": 3.0, "fpem/progressive_active_expert_count": 3.0, "fpem/progressive_last_partition_epoch": 2.0, "fpem/progressive_lambda_common": 0.20000000298023224, "fpem/progressive_common_term": 16.587769985198975, "fpem/progressive_compactness_loss": 508384.484375, "fpem/progressive_consistency_loss": 13234904.0, "fpem/progressive_cluster_entropy": 0.9894968271255493, "fpem/progressive_assignment_change_ratio": 1.0, "fpem/progressive_hungarian_overlap_score": 0.0, "fpem/progressive_partition_update_time_sec": 0.7938299179077148, "fpem/progressive_routed_mae": 82.93884658813477, "fpem/uniform_expert_mae": 82.93884658813477, "fpem/oracle_hard_mae": 78.35255432128906, "fpem/router_regret": 4.586292266845703, "fpem/effective_expert_number": 3.0, "fpem/max_expert_usage_ratio": 0.3333333432674408, "fpem/min_expert_usage_ratio": 0.3333333432674408, "fpem/progressive_bic_k1": 4694.27392578125, "fpem/progressive_bic_score_k1": 4694.27392578125, "fpem/progressive_bic_rejected_k1": 0.0, "fpem/progressive_bic_k2": 1129.5078125, "fpem/progressive_bic_score_k2": 1129.5078125, "fpem/progressive_bic_rejected_k2": 0.0, "fpem/progressive_bic_k3": -347.4454345703125, "fpem/progressive_bic_score_k3": -347.4454345703125, "fpem/progressive_bic_rejected_k3": 0.0, "fpem/route_soft_mean_expert_0": 0.3333333432674408, "fpem/route_hard_count_expert_0": 2.6666667461395264, "fpem/hard_count_expert_0": 2.6666667461395264, "fpem/progressive_active_expert_0": 1.0, "fpem/progressive_cluster_size_0": 11.0, "fpem/progressive_cluster_ratio_0": 0.171875, "fpem/progressive_cluster_to_expert_0": 0.0, "fpem/expert_cross_mae_group_0_expert_0": 81.03899383544922, "fpem/expert_cross_mae_group_0_expert_1": 88.3784065246582, "fpem/expert_cross_mae_group_0_expert_2": 79.41843032836914, "fpem/route_soft_mean_expert_1": 0.3333333432674408, "fpem/route_hard_count_expert_1": 2.6666667461395264, "fpem/hard_count_expert_1": 2.6666667461395264, "fpem/progressive_active_expert_1": 1.0, "fpem/progressive_cluster_size_1": 18.0, "fpem/progressive_cluster_ratio_1": 0.28125, "fpem/progressive_cluster_to_expert_1": 1.0, "fpem/expert_cross_mae_group_1_expert_0": 0.0, "fpem/expert_cross_mae_group_1_expert_1": 0.0, "fpem/expert_cross_mae_group_1_expert_2": 0.0, "fpem/route_soft_mean_expert_2": 0.3333333432674408, "fpem/route_hard_count_expert_2": 2.6666667461395264, "fpem/hard_count_expert_2": 2.6666667461395264, "fpem/progressive_active_expert_2": 1.0, "fpem/progressive_cluster_size_2": 35.0, "fpem/progressive_cluster_ratio_2": 0.546875, "fpem/progressive_cluster_to_expert_2": 2.0, "fpem/expert_cross_mae_group_2_expert_0": 0.0, "fpem/expert_cross_mae_group_2_expert_1": 0.0, "fpem/expert_cross_mae_group_2_expert_2": 0.0, "fpem/future_mi_loss": 0.0, "fpem/future_mi_valid": 0.0, "fpem/future_mi_logvar_mean": 0.0, "fpem/future_mi_target_mode_env_encoder": 0.0, "fpem/swap_loss": 0.0, "fpem/swap_diff_loss": 0.0, "fpem/swap_same_loss": 0.0, "fpem/swap_gain_mean": 0.0, "fpem/swap_s_gain_mean": 0.0, "fpem/swap_fallback_router_loss": 0.0, "fpem/swap_fallback_q_mean": 0.0, "fpem/swap_prediction_delta": 0.0, "fpem/swap_route_delta": 0.0, "fpem/swap_hyper_alpha_delta": 0.0, "fpem/swap_hyper_delta_norm": 0.0, "fpem/loss_env_day": 0.0, "fpem/loss_env_hour": 0.0, "fpem/loss_env_rush": 0.0, "fpem/env_day_acc": 0.0, "fpem/env_hour_acc": 0.0, "fpem/env_rush_acc": 0.0, "fpem/loss_env_supcon": 0.0, "fpem/env_supcon_valid_pairs": 0.0, "fpem/loss_inv_env_adv": 0.0, "fpem/inv_day_acc": 0.0, "fpem/inv_hour_acc": 0.0, "fpem/inv_rush_acc": 0.0, "fpem/loss_cross_cov_sep": 0.0, "fpem/primary_loss": 82.93884658813477, "fpem/inv_pred_loss": 117.67356491088867, "fpem/primary_uses_route": 1.0, "fpem/primary_uses_env_fusion": 0.0, "fpem/backbone_agcrn": 1.0, "fpem/backbone_graphwavenet": 0.0, "fpem/backbone_staeformer": 0.0, "fpem/gc_pred_loss_only": 1.0, "fpem/env_route_head_mode": 1.0, "fpem/env_route_head_mode_hyper_proto": 1.0, "fpem/fpem_force_uniform_route": 0.0, "fpem/hard_prediction_sinkhorn_total_replaces_primary": 0.0, "fpem/hard_prediction_environment_sinkhorn_total_replaces_primary": 0.0, "fpem/warmup_risk_sinkhorn_total_replaces_primary": 0.0, "fpem/progressive_gmm_environment_total_replaces_primary": 1.0, "fpem/lambda_club_mi": 0.0}}
PROGRESSIVE_GMM_PARTITION {"epoch": 4, "selected_k": 3, "bic_by_k": [{"k": 1, "bic": 4397.396449609971, "bic_score": 4397.396449609971, "rejected_min_cluster": false, "cluster_sizes": [64], "cluster_ratios": [1.0]}, {"k": 2, "bic": 555.6476932232895, "bic_score": 555.6476932232895, "rejected_min_cluster": false, "cluster_sizes": [54, 10], "cluster_ratios": [0.84375, 0.15625]}, {"k": 3, "bic": -176.16354790779747, "bic_score": -176.16354790779747, "rejected_min_cluster": false, "cluster_sizes": [41, 13, 10], "cluster_ratios": [0.640625, 0.203125, 0.15625]}], "cluster_sizes": [41, 13, 10], "cluster_ratios": [0.640625, 0.203125, 0.15625], "cluster_assignment_entropy": 0.8990917191125304, "assignment_change_ratio": 0.8125, "hungarian_overlap_score": 37, "active_expert_count": 3, "cluster_to_expert_mapping": [1, 0, 2], "copied_splits": [], "gmm_means": [[0.07733968645334244, 0.3058142364025116, -0.14602138102054596, -0.0019095652969554067, -0.1550174355506897, -0.15653879940509796, 0.06320447474718094, -0.008961220271885395, 0.05354810878634453, -0.08608236908912659, -0.19624538719654083, -0.08027562499046326, -0.1410004049539566, 0.06621399521827698, -0.06432980298995972, -0.27554818987846375, 0.2447907030582428, -0.03651522472500801, 0.18719100952148438, 0.056907542049884796, 0.05298308655619621, -0.03705604001879692, 0.27205756306648254, 0.03290318697690964, -0.11257629096508026, -0.07546016573905945, -0.07351314276456833, -0.08025794476270676, -0.2175784856081009, 0.17483627796173096, 0.26816508173942566, 0.12799188494682312, -0.0696973130106926, 0.2490002065896988, 0.2609747052192688, -0.11610037088394165, -0.27097398042678833, 0.06337061524391174, -0.28038039803504944, -0.12577542662620544, -0.3203798234462738, 0.05611806735396385, -0.17223672568798065, 0.07506236433982849, 0.009707802906632423, 0.09146973490715027, -0.12248647958040237, 0.17137978971004486, 0.18777833878993988, -0.0798487439751625, 0.16225318610668182, 0.0824245810508728, -0.11176116019487381, 0.018582472577691078, 0.2556786835193634, -0.18236902356147766, 0.13210555911064148, -0.03485999256372452, -0.04924313724040985, 0.07497920095920563, -0.29363498091697693, 0.04398884251713753, 0.07289206236600876, -0.07368918508291245], [-0.5287169814109802, -1.6474140882492065, 1.1564569473266602, -0.06598490476608276, 0.9157657027244568, 1.070114254951477, -0.155180424451828, 0.021262703463435173, -0.3879445195198059, 0.6979038715362549, 1.1656707525253296, 0.48984494805336, 0.8353137969970703, -0.6652225255966187, 0.1670847237110138, 1.470064640045166, -1.4183508157730103, 0.3539983034133911, -0.8768883347511292, -0.43410781025886536, -0.08961386978626251, 0.2327566146850586, -1.6290233135223389, -0.28029710054397583, 0.5492261052131653, 0.474428653717041, 0.6096198558807373, 0.647615373134613, 1.544723629951477, -1.0469365119934082, -1.607093334197998, -0.6135536432266235, 0.4468095004558563, -1.6810563802719116, -1.698670506477356, 0.6986413598060608, 1.5376386642456055, -0.23947501182556152, 1.5696982145309448, 0.73369961977005, 1.6950615644454956, -0.3008524775505066, 1.1574853658676147, -0.45162996649742126, 0.006382920779287815, -0.5427819490432739, 0.478494793176651, -0.9107105135917664, -1.0680407285690308, 0.3260113000869751, -0.9768181443214417, -0.3068285584449768, 0.48431822657585144, -0.04102444276213646, -1.4665577411651611, 1.0836197137832642, -0.7753327488899231, 0.22826170921325684, 0.018018046393990517, -0.19295968115329742, 1.7035369873046875, -0.3010970652103424, -0.3830176293849945, 0.49321281909942627], [0.369688481092453, 0.8860246539115906, -0.9035226106643677, 0.09355135262012482, -0.5539506673812866, -0.7482245564460754, -0.057602301239967346, 0.00912696123123169, 0.28437936305999756, -0.55362468957901, -0.7095280885696411, -0.3071501851081848, -0.5069189071655273, 0.592647135257721, 0.04675239324569702, -0.7797498106956482, 0.8387025594711304, -0.31013041734695435, 0.3715045750141144, 0.3305729329586029, -0.10086223483085632, -0.15040859580039978, 1.0005663633346558, 0.22919848561286926, -0.2518296241760254, -0.30687078833580017, -0.49048104882240295, -0.5121808648109436, -1.1144671440124512, 0.6430782675743103, 0.9880401492118835, 0.2721790373325348, -0.2946239113807678, 1.1627181768417358, 1.1364941596984863, -0.4314817488193512, -0.8862931132316589, 0.05122274160385132, -0.8893665075302124, -0.4373490810394287, -0.8881908059120178, 0.16069971024990082, -0.7973518371582031, 0.27888455986976624, -0.048102810978889465, 0.330014169216156, -0.1193024218082428, 0.48028305172920227, 0.6174203157424927, -0.09606592357158661, 0.603590190410614, 0.06058253347873688, -0.17085112631320953, -0.02291053533554077, 0.8566770553588867, -0.6598420739173889, 0.46547502279281616, -0.1535750925540924, 0.17853453755378723, -0.05681067705154419, -1.0088794231414795, 0.2107582986354828, 0.19865110516548157, -0.33853575587272644]], "gmm_variances": [[0.042145565152168274, 0.24207159876823425, 0.058960188180208206, 0.02080632373690605, 0.03496530279517174, 0.07397091388702393, 0.019042056053876877, 0.018344709649682045, 0.008694736286997795, 0.023225087672472, 0.08267287909984589, 0.026115410029888153, 0.04297817125916481, 0.056697648018598557, 0.026206154376268387, 0.14899252355098724, 0.08263452351093292, 0.04749755188822746, 0.04450802505016327, 0.05765985697507858, 0.005008300766348839, 0.0054643405601382256, 0.08730225265026093, 0.011710422113537788, 0.014245607890188694, 0.014880184084177017, 0.04291550815105438, 0.026359813287854195, 0.06962534785270691, 0.04935596510767937, 0.1128179207444191, 0.025001050904393196, 0.017546862363815308, 0.08704859763383865, 0.10978419333696365, 0.03358998894691467, 0.08675042539834976, 0.01595933921635151, 0.08363858610391617, 0.02150726690888405, 0.1803106665611267, 0.01130157895386219, 0.11101193726062775, 0.014794040471315384, 0.018246548250317574, 0.015584521926939487, 0.08102837204933167, 0.05407540872693062, 0.05438399687409401, 0.022265875712037086, 0.0641062781214714, 0.01564365066587925, 0.04328248277306557, 0.01726888306438923, 0.09360279887914658, 0.06900834292173386, 0.050598785281181335, 0.03324759751558304, 0.016720065847039223, 0.041089050471782684, 0.13850188255310059, 0.0247885100543499, 0.018858276307582855, 0.018762219697237015], [0.0541699044406414, 0.515145480632782, 0.24414220452308655, 0.02839481830596924, 0.10099293291568756, 0.21920834481716156, 0.021760765463113785, 0.006513184867799282, 0.04695887491106987, 0.1273597776889801, 0.2634953260421753, 0.08848938345909119, 0.19452381134033203, 0.07428283244371414, 0.03274216130375862, 0.35246601700782776, 0.3351300358772278, 0.07571873068809509, 0.11066540330648422, 0.12626583874225616, 0.010911782272160053, 0.06129644066095352, 0.49918824434280396, 0.039498306810855865, 0.04343344271183014, 0.05376220494508743, 0.062364738434553146, 0.0642254576086998, 0.43932750821113586, 0.14914672076702118, 0.47978609800338745, 0.04234230890870094, 0.020537007600069046, 0.5532515645027161, 0.42579618096351624, 0.18497870862483978, 0.32843708992004395, 0.02171902544796467, 0.41121405363082886, 0.10204903036355972, 0.5341865420341492, 0.03832029178738594, 0.3278946578502655, 0.05065865442156792, 0.024087922647595406, 0.026408575475215912, 0.05976008623838425, 0.10958410799503326, 0.15341520309448242, 0.01632050797343254, 0.1918850690126419, 0.023547856137156487, 0.036479461938142776, 0.007924099452793598, 0.2631523311138153, 0.17131957411766052, 0.21911300718784332, 0.061628155410289764, 0.006435032933950424, 0.04998732730746269, 0.5090979337692261, 0.03771832212805748, 0.005468761082738638, 0.021756919100880623], [0.016422418877482414, 0.04380062222480774, 0.035813573747873306, 0.007773781660944223, 0.012969625182449818, 0.01813882403075695, 0.00844657700508833, 0.010960121639072895, 0.009301448240876198, 0.009228173643350601, 0.015296652913093567, 0.01963096298277378, 0.010960121639072895, 0.023823166266083717, 0.005242472980171442, 0.01838529296219349, 0.04009237512946129, 0.007638334296643734, 0.005171418655663729, 0.014912515878677368, 0.011370903812348843, 0.007194245234131813, 0.029241053387522697, 0.00370592437684536, 0.006548095494508743, 0.0024091838859021664, 0.009434674866497517, 0.02015276812016964, 0.053077541291713715, 0.010036416351795197, 0.023545609787106514, 0.0026756376028060913, 0.009867662563920021, 0.04695579409599304, 0.07721097767353058, 0.013535839505493641, 0.05916156619787216, 0.004585220944136381, 0.028235191479325294, 0.017916779965162277, 0.024199778214097023, 0.0055866423062980175, 0.015341062098741531, 0.010305089876055717, 0.005215827841311693, 0.007969181053340435, 0.06698863953351974, 0.008839596062898636, 0.0423683300614357, 0.002184918848797679, 0.04704903066158295, 0.012692069634795189, 0.00722977239638567, 0.006770140025764704, 0.010855760425329208, 0.02434719167649746, 0.009772183373570442, 0.014663825742900372, 0.029178882017731667, 0.004585220944136381, 0.029215553775429726, 0.018687274307012558, 0.004654054995626211, 0.004185540601611137]], "partition_update_time_sec": 0.8164494037628174, "assignment_source": "ema_teacher_encoder_only_no_target_no_prediction_error"}
EPOCH {"epoch": 4, "train_loss": 7716.041748046875, "val": {"loss": 155.83636474609375, "mae": 139.57606506347656, "mape": 7.253334999084473, "progressive_route_switch_frequency": 0.1428571492433548, "progressive_selected_k_observed": 2}, "test_mixed": {"loss": 154.89132690429688, "mae": 150.69029235839844, "mape": 6.040830612182617, "progressive_route_switch_frequency": 0.4285714328289032, "progressive_selected_k_observed": 3}, "test_workday": {"loss": 154.89132690429688, "mae": 150.69029235839844, "mape": 6.040830612182617, "progressive_route_switch_frequency": 0.4285714328289032, "progressive_selected_k_observed": 3}, "test_holiday": {"loss": 147.02230834960938, "mae": 131.19778442382812, "mape": 8.260843276977539, "progressive_route_switch_frequency": 0.1428571492433548, "progressive_selected_k_observed": 2}, "test_avg_mae": 140.94403839111328, "lr": 0.001, "fpem_logs": {"fpem/fpem_env_use_exogenous": 1.0, "fpem/env_exogenous_available": 1.0, "fpem/env_exogenous_time_available": 1.0, "fpem/env_exogenous_load_available": 1.0, "fpem/env_exogenous_feature_dim": 32.0, "fpem/env_exogenous_embedding_norm": 2.1467275619506836, "fpem/env_exogenous_load_embedding_norm": 1.5535925030708313, "fpem/env_rep_ablation_normal": 1.0, "fpem/env_rep_ablation_zero": 0.0, "fpem/env_rep_ablation_shuffle_batch": 0.0, "fpem/env_rep_ablation_mode_id": 0.0, "fpem/mask_loss": 0.0, "fpem/mask_sparse_loss": 0.0, "fpem/mask_entropy_loss": 0.0, "fpem/mask_mean": 1.0, "fpem/mask_entropy": 0.0, "fpem/mask_active_ratio": 1.0, "fpem/fusion_alpha_mean": 0.0, "fpem/fusion_alpha_std": 0.0, "fpem/fusion_alpha_min": 0.0, "fpem/fusion_alpha_max": 0.0, "fpem/env_route_loss": 7716.041748046875, "fpem/env_route_L_final": 122.37604522705078, "fpem/env_route_L_global": 117.7096939086914, "fpem/env_route_L_route_soft": 0.0, "fpem/env_route_L_expert": 122.37604522705078, "fpem/env_route_L_router_oracle": 0.0, "fpem/env_route_L_balance": 0.0, "fpem/env_route_L_diverse": 0.0, "fpem/env_route_L_proto_align": 0.0, "fpem/env_route_entropy": 1.0299490690231323, "fpem/env_route_train_mode_progressive_gmm_environment": 1.0, "fpem/progressive_assignment_uses_target_or_prediction_error": 0.0, "fpem/top_level_prediction_source_progressive_gmm_teacher_hard": 1.0, "fpem/progressive_partition_ready": 1.0, "fpem/progressive_selected_k": 3.0, "fpem/progressive_active_expert_count": 3.0, "fpem/progressive_last_partition_epoch": 2.0, "fpem/progressive_lambda_common": 0.20000000298023224, "fpem/progressive_common_term": 23.54193878173828, "fpem/progressive_compactness_loss": 757012.375, "fpem/progressive_consistency_loss": 0.0, "fpem/progressive_cluster_entropy": 0.9894968271255493, "fpem/progressive_assignment_change_ratio": 1.0, "fpem/progressive_hungarian_overlap_score": 0.0, "fpem/progressive_partition_update_time_sec": 0.7938299179077148, "fpem/progressive_routed_mae": 115.95675659179688, "fpem/uniform_expert_mae": 117.7096939086914, "fpem/oracle_hard_mae": 106.24700927734375, "fpem/router_regret": 9.709747314453125, "fpem/effective_expert_number": 2.9775450229644775, "fpem/max_expert_usage_ratio": 0.3750000149011612, "fpem/min_expert_usage_ratio": 0.3125000149011612, "fpem/progressive_bic_k1": 4694.27392578125, "fpem/progressive_bic_score_k1": 4694.27392578125, "fpem/progressive_bic_rejected_k1": 0.0, "fpem/progressive_bic_k2": 1129.5078125, "fpem/progressive_bic_score_k2": 1129.5078125, "fpem/progressive_bic_rejected_k2": 0.0, "fpem/progressive_bic_k3": -347.4454345703125, "fpem/progressive_bic_score_k3": -347.4454345703125, "fpem/progressive_bic_rejected_k3": 0.0, "fpem/route_soft_mean_expert_0": 0.3125000149011612, "fpem/route_hard_count_expert_0": 2.5000001192092896, "fpem/hard_count_expert_0": 2.5000001192092896, "fpem/progressive_active_expert_0": 1.0, "fpem/progressive_cluster_size_0": 11.0, "fpem/progressive_cluster_ratio_0": 0.171875, "fpem/progressive_cluster_to_expert_0": 0.0, "fpem/expert_cross_mae_group_0_expert_0": 119.82854080200195, "fpem/expert_cross_mae_group_0_expert_1": 139.27696228027344, "fpem/expert_cross_mae_group_0_expert_2": 113.20663833618164, "fpem/route_soft_mean_expert_1": 0.3125000149011612, "fpem/route_hard_count_expert_1": 2.5000001192092896, "fpem/hard_count_expert_1": 2.5000001192092896, "fpem/progressive_active_expert_1": 1.0, "fpem/progressive_cluster_size_1": 18.0, "fpem/progressive_cluster_ratio_1": 0.28125, "fpem/progressive_cluster_to_expert_1": 1.0, "fpem/expert_cross_mae_group_1_expert_0": 0.0, "fpem/expert_cross_mae_group_1_expert_1": 0.0, "fpem/expert_cross_mae_group_1_expert_2": 0.0, "fpem/route_soft_mean_expert_2": 0.3750000149011612, "fpem/route_hard_count_expert_2": 3.0000001192092896, "fpem/hard_count_expert_2": 3.0000001192092896, "fpem/progressive_active_expert_2": 1.0, "fpem/progressive_cluster_size_2": 35.0, "fpem/progressive_cluster_ratio_2": 0.546875, "fpem/progressive_cluster_to_expert_2": 2.0, "fpem/expert_cross_mae_group_2_expert_0": 64.19825744628906, "fpem/expert_cross_mae_group_2_expert_1": 57.17106628417969, "fpem/expert_cross_mae_group_2_expert_2": 38.68497085571289, "fpem/future_mi_loss": 0.0, "fpem/future_mi_valid": 0.0, "fpem/future_mi_logvar_mean": 0.0, "fpem/future_mi_target_mode_env_encoder": 0.0, "fpem/swap_loss": 0.0, "fpem/swap_diff_loss": 0.0, "fpem/swap_same_loss": 0.0, "fpem/swap_gain_mean": 0.0, "fpem/swap_s_gain_mean": 0.0, "fpem/swap_fallback_router_loss": 0.0, "fpem/swap_fallback_q_mean": 0.0, "fpem/swap_prediction_delta": 0.0, "fpem/swap_route_delta": 0.0, "fpem/swap_hyper_alpha_delta": 0.0, "fpem/swap_hyper_delta_norm": 0.0, "fpem/loss_env_day": 0.0, "fpem/loss_env_hour": 0.0, "fpem/loss_env_rush": 0.0, "fpem/env_day_acc": 0.0, "fpem/env_hour_acc": 0.0, "fpem/env_rush_acc": 0.0, "fpem/loss_env_supcon": 0.0, "fpem/env_supcon_valid_pairs": 0.0, "fpem/loss_inv_env_adv": 0.0, "fpem/inv_day_acc": 0.0, "fpem/inv_hour_acc": 0.0, "fpem/inv_rush_acc": 0.0, "fpem/loss_cross_cov_sep": 0.0, "fpem/primary_loss": 115.95675659179688, "fpem/inv_pred_loss": 122.16743469238281, "fpem/primary_uses_route": 1.0, "fpem/primary_uses_env_fusion": 0.0, "fpem/backbone_agcrn": 1.0, "fpem/backbone_graphwavenet": 0.0, "fpem/backbone_staeformer": 0.0, "fpem/gc_pred_loss_only": 1.0, "fpem/env_route_head_mode": 1.0, "fpem/env_route_head_mode_hyper_proto": 1.0, "fpem/fpem_force_uniform_route": 0.0, "fpem/hard_prediction_sinkhorn_total_replaces_primary": 0.0, "fpem/hard_prediction_environment_sinkhorn_total_replaces_primary": 0.0, "fpem/warmup_risk_sinkhorn_total_replaces_primary": 0.0, "fpem/progressive_gmm_environment_total_replaces_primary": 1.0, "fpem/lambda_club_mi": 0.0}, "progressive_partition": {"epoch": 4, "selected_k": 3, "bic_by_k": [{"k": 1, "bic": 4397.396449609971, "bic_score": 4397.396449609971, "rejected_min_cluster": false, "cluster_sizes": [64], "cluster_ratios": [1.0]}, {"k": 2, "bic": 555.6476932232895, "bic_score": 555.6476932232895, "rejected_min_cluster": false, "cluster_sizes": [54, 10], "cluster_ratios": [0.84375, 0.15625]}, {"k": 3, "bic": -176.16354790779747, "bic_score": -176.16354790779747, "rejected_min_cluster": false, "cluster_sizes": [41, 13, 10], "cluster_ratios": [0.640625, 0.203125, 0.15625]}], "cluster_sizes": [41, 13, 10], "cluster_ratios": [0.640625, 0.203125, 0.15625], "cluster_assignment_entropy": 0.8990917191125304, "assignment_change_ratio": 0.8125, "hungarian_overlap_score": 37, "active_expert_count": 3, "cluster_to_expert_mapping": [1, 0, 2], "copied_splits": [], "gmm_means": [[0.07733968645334244, 0.3058142364025116, -0.14602138102054596, -0.0019095652969554067, -0.1550174355506897, -0.15653879940509796, 0.06320447474718094, -0.008961220271885395, 0.05354810878634453, -0.08608236908912659, -0.19624538719654083, -0.08027562499046326, -0.1410004049539566, 0.06621399521827698, -0.06432980298995972, -0.27554818987846375, 0.2447907030582428, -0.03651522472500801, 0.18719100952148438, 0.056907542049884796, 0.05298308655619621, -0.03705604001879692, 0.27205756306648254, 0.03290318697690964, -0.11257629096508026, -0.07546016573905945, -0.07351314276456833, -0.08025794476270676, -0.2175784856081009, 0.17483627796173096, 0.26816508173942566, 0.12799188494682312, -0.0696973130106926, 0.2490002065896988, 0.2609747052192688, -0.11610037088394165, -0.27097398042678833, 0.06337061524391174, -0.28038039803504944, -0.12577542662620544, -0.3203798234462738, 0.05611806735396385, -0.17223672568798065, 0.07506236433982849, 0.009707802906632423, 0.09146973490715027, -0.12248647958040237, 0.17137978971004486, 0.18777833878993988, -0.0798487439751625, 0.16225318610668182, 0.0824245810508728, -0.11176116019487381, 0.018582472577691078, 0.2556786835193634, -0.18236902356147766, 0.13210555911064148, -0.03485999256372452, -0.04924313724040985, 0.07497920095920563, -0.29363498091697693, 0.04398884251713753, 0.07289206236600876, -0.07368918508291245], [-0.5287169814109802, -1.6474140882492065, 1.1564569473266602, -0.06598490476608276, 0.9157657027244568, 1.070114254951477, -0.155180424451828, 0.021262703463435173, -0.3879445195198059, 0.6979038715362549, 1.1656707525253296, 0.48984494805336, 0.8353137969970703, -0.6652225255966187, 0.1670847237110138, 1.470064640045166, -1.4183508157730103, 0.3539983034133911, -0.8768883347511292, -0.43410781025886536, -0.08961386978626251, 0.2327566146850586, -1.6290233135223389, -0.28029710054397583, 0.5492261052131653, 0.474428653717041, 0.6096198558807373, 0.647615373134613, 1.544723629951477, -1.0469365119934082, -1.607093334197998, -0.6135536432266235, 0.4468095004558563, -1.6810563802719116, -1.698670506477356, 0.6986413598060608, 1.5376386642456055, -0.23947501182556152, 1.5696982145309448, 0.73369961977005, 1.6950615644454956, -0.3008524775505066, 1.1574853658676147, -0.45162996649742126, 0.006382920779287815, -0.5427819490432739, 0.478494793176651, -0.9107105135917664, -1.0680407285690308, 0.3260113000869751, -0.9768181443214417, -0.3068285584449768, 0.48431822657585144, -0.04102444276213646, -1.4665577411651611, 1.0836197137832642, -0.7753327488899231, 0.22826170921325684, 0.018018046393990517, -0.19295968115329742, 1.7035369873046875, -0.3010970652103424, -0.3830176293849945, 0.49321281909942627], [0.369688481092453, 0.8860246539115906, -0.9035226106643677, 0.09355135262012482, -0.5539506673812866, -0.7482245564460754, -0.057602301239967346, 0.00912696123123169, 0.28437936305999756, -0.55362468957901, -0.7095280885696411, -0.3071501851081848, -0.5069189071655273, 0.592647135257721, 0.04675239324569702, -0.7797498106956482, 0.8387025594711304, -0.31013041734695435, 0.3715045750141144, 0.3305729329586029, -0.10086223483085632, -0.15040859580039978, 1.0005663633346558, 0.22919848561286926, -0.2518296241760254, -0.30687078833580017, -0.49048104882240295, -0.5121808648109436, -1.1144671440124512, 0.6430782675743103, 0.9880401492118835, 0.2721790373325348, -0.2946239113807678, 1.1627181768417358, 1.1364941596984863, -0.4314817488193512, -0.8862931132316589, 0.05122274160385132, -0.8893665075302124, -0.4373490810394287, -0.8881908059120178, 0.16069971024990082, -0.7973518371582031, 0.27888455986976624, -0.048102810978889465, 0.330014169216156, -0.1193024218082428, 0.48028305172920227, 0.6174203157424927, -0.09606592357158661, 0.603590190410614, 0.06058253347873688, -0.17085112631320953, -0.02291053533554077, 0.8566770553588867, -0.6598420739173889, 0.46547502279281616, -0.1535750925540924, 0.17853453755378723, -0.05681067705154419, -1.0088794231414795, 0.2107582986354828, 0.19865110516548157, -0.33853575587272644]], "gmm_variances": [[0.042145565152168274, 0.24207159876823425, 0.058960188180208206, 0.02080632373690605, 0.03496530279517174, 0.07397091388702393, 0.019042056053876877, 0.018344709649682045, 0.008694736286997795, 0.023225087672472, 0.08267287909984589, 0.026115410029888153, 0.04297817125916481, 0.056697648018598557, 0.026206154376268387, 0.14899252355098724, 0.08263452351093292, 0.04749755188822746, 0.04450802505016327, 0.05765985697507858, 0.005008300766348839, 0.0054643405601382256, 0.08730225265026093, 0.011710422113537788, 0.014245607890188694, 0.014880184084177017, 0.04291550815105438, 0.026359813287854195, 0.06962534785270691, 0.04935596510767937, 0.1128179207444191, 0.025001050904393196, 0.017546862363815308, 0.08704859763383865, 0.10978419333696365, 0.03358998894691467, 0.08675042539834976, 0.01595933921635151, 0.08363858610391617, 0.02150726690888405, 0.1803106665611267, 0.01130157895386219, 0.11101193726062775, 0.014794040471315384, 0.018246548250317574, 0.015584521926939487, 0.08102837204933167, 0.05407540872693062, 0.05438399687409401, 0.022265875712037086, 0.0641062781214714, 0.01564365066587925, 0.04328248277306557, 0.01726888306438923, 0.09360279887914658, 0.06900834292173386, 0.050598785281181335, 0.03324759751558304, 0.016720065847039223, 0.041089050471782684, 0.13850188255310059, 0.0247885100543499, 0.018858276307582855, 0.018762219697237015], [0.0541699044406414, 0.515145480632782, 0.24414220452308655, 0.02839481830596924, 0.10099293291568756, 0.21920834481716156, 0.021760765463113785, 0.006513184867799282, 0.04695887491106987, 0.1273597776889801, 0.2634953260421753, 0.08848938345909119, 0.19452381134033203, 0.07428283244371414, 0.03274216130375862, 0.35246601700782776, 0.3351300358772278, 0.07571873068809509, 0.11066540330648422, 0.12626583874225616, 0.010911782272160053, 0.06129644066095352, 0.49918824434280396, 0.039498306810855865, 0.04343344271183014, 0.05376220494508743, 0.062364738434553146, 0.0642254576086998, 0.43932750821113586, 0.14914672076702118, 0.47978609800338745, 0.04234230890870094, 0.020537007600069046, 0.5532515645027161, 0.42579618096351624, 0.18497870862483978, 0.32843708992004395, 0.02171902544796467, 0.41121405363082886, 0.10204903036355972, 0.5341865420341492, 0.03832029178738594, 0.3278946578502655, 0.05065865442156792, 0.024087922647595406, 0.026408575475215912, 0.05976008623838425, 0.10958410799503326, 0.15341520309448242, 0.01632050797343254, 0.1918850690126419, 0.023547856137156487, 0.036479461938142776, 0.007924099452793598, 0.2631523311138153, 0.17131957411766052, 0.21911300718784332, 0.061628155410289764, 0.006435032933950424, 0.04998732730746269, 0.5090979337692261, 0.03771832212805748, 0.005468761082738638, 0.021756919100880623], [0.016422418877482414, 0.04380062222480774, 0.035813573747873306, 0.007773781660944223, 0.012969625182449818, 0.01813882403075695, 0.00844657700508833, 0.010960121639072895, 0.009301448240876198, 0.009228173643350601, 0.015296652913093567, 0.01963096298277378, 0.010960121639072895, 0.023823166266083717, 0.005242472980171442, 0.01838529296219349, 0.04009237512946129, 0.007638334296643734, 0.005171418655663729, 0.014912515878677368, 0.011370903812348843, 0.007194245234131813, 0.029241053387522697, 0.00370592437684536, 0.006548095494508743, 0.0024091838859021664, 0.009434674866497517, 0.02015276812016964, 0.053077541291713715, 0.010036416351795197, 0.023545609787106514, 0.0026756376028060913, 0.009867662563920021, 0.04695579409599304, 0.07721097767353058, 0.013535839505493641, 0.05916156619787216, 0.004585220944136381, 0.028235191479325294, 0.017916779965162277, 0.024199778214097023, 0.0055866423062980175, 0.015341062098741531, 0.010305089876055717, 0.005215827841311693, 0.007969181053340435, 0.06698863953351974, 0.008839596062898636, 0.0423683300614357, 0.002184918848797679, 0.04704903066158295, 0.012692069634795189, 0.00722977239638567, 0.006770140025764704, 0.010855760425329208, 0.02434719167649746, 0.009772183373570442, 0.014663825742900372, 0.029178882017731667, 0.004585220944136381, 0.029215553775429726, 0.018687274307012558, 0.004654054995626211, 0.004185540601611137]], "partition_update_time_sec": 0.8164494037628174, "assignment_source": "ema_teacher_encoder_only_no_target_no_prediction_error"}}
EPOCH {"epoch": 5, "train_loss": 868853.5373535156, "val": {"loss": 184.5492706298828, "mae": 163.15386962890625, "mape": 8.699406623840332, "progressive_route_switch_frequency": 0.0, "progressive_selected_k_observed": 2}, "test_mixed": {"loss": 186.43807983398438, "mae": 179.54098510742188, "mape": 7.489904403686523, "progressive_route_switch_frequency": 0.0, "progressive_selected_k_observed": 2}, "test_workday": {"loss": 186.43807983398438, "mae": 179.54098510742188, "mape": 7.489904403686523, "progressive_route_switch_frequency": 0.0, "progressive_selected_k_observed": 2}, "test_holiday": {"loss": 199.15438842773438, "mae": 174.6810760498047, "mape": 10.870272636413574, "progressive_route_switch_frequency": 0.0, "progressive_selected_k_observed": 2}, "test_avg_mae": 177.11103057861328, "lr": 0.001, "fpem_logs": {"fpem/fpem_env_use_exogenous": 1.0, "fpem/env_exogenous_available": 1.0, "fpem/env_exogenous_time_available": 1.0, "fpem/env_exogenous_load_available": 1.0, "fpem/env_exogenous_feature_dim": 32.0, "fpem/env_exogenous_embedding_norm": 2.1922800540924072, "fpem/env_exogenous_load_embedding_norm": 1.555034577846527, "fpem/env_rep_ablation_normal": 1.0, "fpem/env_rep_ablation_zero": 0.0, "fpem/env_rep_ablation_shuffle_batch": 0.0, "fpem/env_rep_ablation_mode_id": 0.0, "fpem/mask_loss": 0.0, "fpem/mask_sparse_loss": 0.0, "fpem/mask_entropy_loss": 0.0, "fpem/mask_mean": 1.0, "fpem/mask_entropy": 0.0, "fpem/mask_active_ratio": 1.0, "fpem/fusion_alpha_mean": 0.0, "fpem/fusion_alpha_std": 0.0, "fpem/fusion_alpha_min": 0.0, "fpem/fusion_alpha_max": 0.0, "fpem/env_route_loss": 868853.5373535156, "fpem/env_route_L_final": 183.74266815185547, "fpem/env_route_L_global": 175.5365753173828, "fpem/env_route_L_route_soft": 0.0, "fpem/env_route_L_expert": 183.74266815185547, "fpem/env_route_L_router_oracle": 0.0, "fpem/env_route_L_balance": 0.0, "fpem/env_route_L_diverse": 0.0, "fpem/env_route_L_proto_align": 0.0, "fpem/env_route_entropy": 1.0299490690231323, "fpem/env_route_train_mode_progressive_gmm_environment": 1.0, "fpem/progressive_assignment_uses_target_or_prediction_error": 0.0, "fpem/top_level_prediction_source_progressive_gmm_teacher_hard": 1.0, "fpem/progressive_partition_ready": 1.0, "fpem/progressive_selected_k": 3.0, "fpem/progressive_active_expert_count": 3.0, "fpem/progressive_last_partition_epoch": 4.0, "fpem/progressive_lambda_common": 0.20000000298023224, "fpem/progressive_common_term": 35.10731506347656, "fpem/progressive_compactness_loss": 120727.26953125, "fpem/progressive_consistency_loss": 17348548.0, "fpem/progressive_cluster_entropy": 0.8990917205810547, "fpem/progressive_assignment_change_ratio": 0.8125, "fpem/progressive_hungarian_overlap_score": 37.0, "fpem/progressive_partition_update_time_sec": 0.8164494037628174, "fpem/progressive_routed_mae": 179.85743713378906, "fpem/uniform_expert_mae": 175.5365753173828, "fpem/oracle_hard_mae": 151.0704345703125, "fpem/router_regret": 28.787002563476562, "fpem/effective_expert_number": 2.9775450229644775, "fpem/max_expert_usage_ratio": 0.3750000149011612, "fpem/min_expert_usage_ratio": 0.3125000149011612, "fpem/progressive_bic_k1": 4397.396484375, "fpem/progressive_bic_score_k1": 4397.396484375, "fpem/progressive_bic_rejected_k1": 0.0, "fpem/progressive_bic_k2": 555.647705078125, "fpem/progressive_bic_score_k2": 555.647705078125, "fpem/progressive_bic_rejected_k2": 0.0, "fpem/progressive_bic_k3": -176.16354370117188, "fpem/progressive_bic_score_k3": -176.16354370117188, "fpem/progressive_bic_rejected_k3": 0.0, "fpem/route_soft_mean_expert_0": 0.3125000149011612, "fpem/route_hard_count_expert_0": 2.5000001192092896, "fpem/hard_count_expert_0": 2.5000001192092896, "fpem/progressive_active_expert_0": 1.0, "fpem/progressive_cluster_size_0": 41.0, "fpem/progressive_cluster_ratio_0": 0.640625, "fpem/progressive_cluster_to_expert_0": 1.0, "fpem/expert_cross_mae_group_0_expert_0": 168.52468872070312, "fpem/expert_cross_mae_group_0_expert_1": 208.74761962890625, "fpem/expert_cross_mae_group_0_expert_2": 167.77710723876953, "fpem/route_soft_mean_expert_1": 0.3750000149011612, "fpem/route_hard_count_expert_1": 3.0000001192092896, "fpem/hard_count_expert_1": 3.0000001192092896, "fpem/progressive_active_expert_1": 1.0, "fpem/progressive_cluster_size_1": 13.0, "fpem/progressive_cluster_ratio_1": 0.203125, "fpem/progressive_cluster_to_expert_1": 0.0, "fpem/expert_cross_mae_group_1_expert_0": 70.66460418701172, "fpem/expert_cross_mae_group_1_expert_1": 115.41130828857422, "fpem/expert_cross_mae_group_1_expert_2": 59.75779724121094, "fpem/route_soft_mean_expert_2": 0.3125000149011612, "fpem/route_hard_count_expert_2": 2.5000001192092896, "fpem/hard_count_expert_2": 2.5000001192092896, "fpem/progressive_active_expert_2": 1.0, "fpem/progressive_cluster_size_2": 10.0, "fpem/progressive_cluster_ratio_2": 0.15625, "fpem/progressive_cluster_to_expert_2": 2.0, "fpem/expert_cross_mae_group_2_expert_0": 0.0, "fpem/expert_cross_mae_group_2_expert_1": 0.0, "fpem/expert_cross_mae_group_2_expert_2": 0.0, "fpem/future_mi_loss": 0.0, "fpem/future_mi_valid": 0.0, "fpem/future_mi_logvar_mean": 0.0, "fpem/future_mi_target_mode_env_encoder": 0.0, "fpem/swap_loss": 0.0, "fpem/swap_diff_loss": 0.0, "fpem/swap_same_loss": 0.0, "fpem/swap_gain_mean": 0.0, "fpem/swap_s_gain_mean": 0.0, "fpem/swap_fallback_router_loss": 0.0, "fpem/swap_fallback_q_mean": 0.0, "fpem/swap_prediction_delta": 0.0, "fpem/swap_route_delta": 0.0, "fpem/swap_hyper_alpha_delta": 0.0, "fpem/swap_hyper_delta_norm": 0.0, "fpem/loss_env_day": 0.0, "fpem/loss_env_hour": 0.0, "fpem/loss_env_rush": 0.0, "fpem/env_day_acc": 0.0, "fpem/env_hour_acc": 0.0, "fpem/env_rush_acc": 0.0, "fpem/loss_env_supcon": 0.0, "fpem/env_supcon_valid_pairs": 0.0, "fpem/loss_inv_env_adv": 0.0, "fpem/inv_day_acc": 0.0, "fpem/inv_hour_acc": 0.0, "fpem/inv_rush_acc": 0.0, "fpem/loss_cross_cov_sep": 0.0, "fpem/primary_loss": 179.85743713378906, "fpem/inv_pred_loss": 134.22344970703125, "fpem/primary_uses_route": 1.0, "fpem/primary_uses_env_fusion": 0.0, "fpem/backbone_agcrn": 1.0, "fpem/backbone_graphwavenet": 0.0, "fpem/backbone_staeformer": 0.0, "fpem/gc_pred_loss_only": 1.0, "fpem/env_route_head_mode": 1.0, "fpem/env_route_head_mode_hyper_proto": 1.0, "fpem/fpem_force_uniform_route": 0.0, "fpem/hard_prediction_sinkhorn_total_replaces_primary": 0.0, "fpem/hard_prediction_environment_sinkhorn_total_replaces_primary": 0.0, "fpem/warmup_risk_sinkhorn_total_replaces_primary": 0.0, "fpem/progressive_gmm_environment_total_replaces_primary": 1.0, "fpem/lambda_club_mi": 0.0}}
SUMMARY {"exp_name": "fpem_progressive_gmm_smoke_seed2024", "model": "steve", "ablation": "progressive_gmm_smoke\r", "best_epoch": 2, "best_val_loss": 94.95687103271484, "test_mixed_mae": 113.41175842285156, "test_workday_mae": 113.41175842285156, "test_holiday_mae": 55.9361457824707, "test_avg_mae": 84.67395210266113, "top_level_prediction_source": "progressive_gmm_teacher_hard", "finished": true}
