{
  "command": "scripts/run_tds_nyctaxi_unrolling_gsp_protocol.py --exp_name unrolling_gsp_smoke_seed2024 --seed 2024 --device cpu --epochs 1 --batch_size 2 --test_batch_size 2 --max_train_batches 1 --max_eval_batches 1 --blocks 1 --layers 1 --cg_iters 1 --pgd_iters 1 --heads 1 --feature_channels 2 --neighbors 2 --interval 2 --resume false --num_workers 0",
  "args": {
    "dataset": "NYCTaxi_TDS",
    "data_dir": "data",
    "graph_file": "data/NYCTaxi_TDS/adj_mx.npz",
    "result_root": "experiments/NYCTaxi_TDS",
    "exp_name": "unrolling_gsp_smoke_seed2024",
    "seed": 2024,
    "device": "cpu",
    "epochs": 1,
    "batch_size": 2,
    "test_batch_size": 2,
    "lr": 0.0005,
    "weight_decay": 0.0,
    "optim": "adam",
    "patience": 20,
    "resume": false,
    "loss_scope": "full",
    "huber_delta": 1.0,
    "mask_threshold": 5.0,
    "yita": 0.5,
    "grad_clip": 5.0,
    "clamp": 1.2,
    "max_train_batches": 1,
    "max_eval_batches": 1,
    "num_workers": 0,
    "time_step_per_hour": 12,
    "neighbors": 2,
    "interval": 2,
    "blocks": 1,
    "layers": 1,
    "cg_iters": 1,
    "pgd_iters": 1,
    "heads": 1,
    "feature_channels": 2,
    "extrapolation_layers": 1,
    "use_one_channel": false,
    "le_emb": false,
    "sharedM": null,
    "sharedQ": null,
    "diff_interval": null,
    "ablation": "None"
  },
  "paper_dir": "/data/OuXiaoyu/STEVE_CODE/STEVE/baselines/unrolling_gsp_stforecast",
  "counts": {
    "train_total": 1912,
    "val_total": 274,
    "test_total": 546,
    "train_shuffle": true,
    "test_shuffle": false
  },
  "shape": {
    "t_in": 35,
    "t_out": 1,
    "n_nodes": 200,
    "channels": 2
  },
  "model": {
    "blocks": 1,
    "layers": 1,
    "cg_iters": 1,
    "pgd_iters": 1,
    "heads": 1,
    "feature_channels": 2,
    "neighbors": 2,
    "interval": 2,
    "use_one_channel": false,
    "sharedM": false,
    "sharedQ": true,
    "diff_interval": true,
    "ablation": "None"
  },
  "trainable_params": 286,
  "total_params": 286,
  "resume_start_epoch": 1
}
epoch=001 train_mae=77.184883 val_mae=60.127102 val_rmse=104.827545 val_mape=42.393375
[DONE] {"args": {"ablation": "None", "batch_size": 2, "blocks": 1, "cg_iters": 1, "clamp": 1.2, "data_dir": "data", "dataset": "NYCTaxi_TDS", "device": "cpu", "diff_interval": null, "epochs": 1, "exp_name": "unrolling_gsp_smoke_seed2024", "extrapolation_layers": 1, "feature_channels": 2, "grad_clip": 5.0, "graph_file": "data/NYCTaxi_TDS/adj_mx.npz", "heads": 1, "huber_delta": 1.0, "interval": 2, "layers": 1, "le_emb": false, "loss_scope": "full", "lr": 0.0005, "mask_threshold": 5.0, "max_eval_batches": 1, "max_train_batches": 1, "neighbors": 2, "num_workers": 0, "optim": "adam", "patience": 20, "pgd_iters": 1, "result_root": "experiments/NYCTaxi_TDS", "resume": false, "seed": 2024, "sharedM": null, "sharedQ": null, "test_batch_size": 2, "time_step_per_hour": 12, "use_one_channel": false, "weight_decay": 0.0, "yita": 0.5}, "best_epoch": 1, "best_val_loss": 60.12710189819336, "dataset": "NYCTaxi_TDS", "elapsed_seconds": 0.27603697776794434, "finished": true, "history_tail": [{"epoch": 1, "lr": 0.0005, "train": {"loss": 0.7766771912574768, "mae": 77.18488311767578, "mape": 40.35652160644531, "rmse": 132.8455810546875}, "val": {"loss": 0.7271894812583923, "mae": 60.12710189819336, "mape": 42.393375396728516, "rmse": 104.82754516601562}}], "mask_threshold": 5.0, "model": "unrolling_gsp_stforecast", "model_config": {"ablation": "None", "blocks": 1, "cg_iters": 1, "diff_interval": true, "feature_channels": 2, "heads": 1, "interval": 2, "layers": 1, "neighbors": 2, "pgd_iters": 1, "sharedM": false, "sharedQ": true, "t_in": 35, "t_out": 1, "use_one_channel": false}, "paper_copy": "/data/OuXiaoyu/STEVE_CODE/STEVE/baselines/unrolling_gsp_stforecast", "paper_source": "/data/OuXiaoyu/Unrolling-GSP-STForecast", "run_name": "unrolling_gsp_smoke_seed2024", "test_avg_mae": 38.176639556884766, "test_avg_mape": 30.107515335083008, "test_avg_rmse": 64.46611022949219, "test_mixed_mae": 38.176639556884766, "total_params": 286, "trainable_params": 286, "val_avg_mae": 60.12710189819336, "val_avg_mape": 42.393375396728516, "val_avg_rmse": 104.82754516601562, "yita": 0.5}
{
  "command": "scripts/run_tds_nyctaxi_unrolling_gsp_protocol.py --exp_name unrolling_gsp_smoke_seed2024 --seed 2024 --device cpu --epochs 1 --batch_size 2 --test_batch_size 2 --max_train_batches 1 --max_eval_batches 1 --blocks 1 --layers 1 --cg_iters 1 --pgd_iters 1 --heads 1 --feature_channels 2 --neighbors 2 --interval 2 --resume false --num_workers 0",
  "args": {
    "dataset": "NYCTaxi_TDS",
    "data_dir": "data",
    "graph_file": "data/NYCTaxi_TDS/adj_mx.npz",
    "result_root": "experiments/NYCTaxi_TDS",
    "exp_name": "unrolling_gsp_smoke_seed2024",
    "seed": 2024,
    "device": "cpu",
    "epochs": 1,
    "batch_size": 2,
    "test_batch_size": 2,
    "lr": 0.0005,
    "weight_decay": 0.0,
    "optim": "adam",
    "patience": 20,
    "resume": false,
    "loss_scope": "full",
    "huber_delta": 1.0,
    "mask_threshold": 5.0,
    "yita": 0.5,
    "grad_clip": 5.0,
    "clamp": 1.2,
    "max_train_batches": 1,
    "max_eval_batches": 1,
    "num_workers": 0,
    "time_step_per_hour": 12,
    "neighbors": 2,
    "interval": 2,
    "blocks": 1,
    "layers": 1,
    "cg_iters": 1,
    "pgd_iters": 1,
    "heads": 1,
    "feature_channels": 2,
    "extrapolation_layers": 1,
    "use_one_channel": false,
    "le_emb": false,
    "sharedM": null,
    "sharedQ": null,
    "diff_interval": null,
    "ablation": "None"
  },
  "paper_dir": "/data/OuXiaoyu/STEVE_CODE/STEVE/baselines/unrolling_gsp_stforecast",
  "counts": {
    "train_total": 1912,
    "val_total": 274,
    "test_total": 546,
    "train_shuffle": true,
    "test_shuffle": false
  },
  "shape": {
    "t_in": 35,
    "t_out": 1,
    "n_nodes": 200,
    "channels": 2
  },
  "model": {
    "blocks": 1,
    "layers": 1,
    "cg_iters": 1,
    "pgd_iters": 1,
    "heads": 1,
    "feature_channels": 2,
    "neighbors": 2,
    "interval": 2,
    "use_one_channel": false,
    "sharedM": false,
    "sharedQ": true,
    "diff_interval": true,
    "ablation": "None"
  },
  "trainable_params": 286,
  "total_params": 286,
  "resume_start_epoch": 1
}
epoch=001 train_mae=77.184883 val_mae=60.127102 val_rmse=104.827545 val_mape=42.393375
[DONE] {"args": {"ablation": "None", "batch_size": 2, "blocks": 1, "cg_iters": 1, "clamp": 1.2, "data_dir": "data", "dataset": "NYCTaxi_TDS", "device": "cpu", "diff_interval": null, "epochs": 1, "exp_name": "unrolling_gsp_smoke_seed2024", "extrapolation_layers": 1, "feature_channels": 2, "grad_clip": 5.0, "graph_file": "data/NYCTaxi_TDS/adj_mx.npz", "heads": 1, "huber_delta": 1.0, "interval": 2, "layers": 1, "le_emb": false, "loss_scope": "full", "lr": 0.0005, "mask_threshold": 5.0, "max_eval_batches": 1, "max_train_batches": 1, "neighbors": 2, "num_workers": 0, "optim": "adam", "patience": 20, "pgd_iters": 1, "result_root": "experiments/NYCTaxi_TDS", "resume": false, "seed": 2024, "sharedM": null, "sharedQ": null, "test_batch_size": 2, "time_step_per_hour": 12, "use_one_channel": false, "weight_decay": 0.0, "yita": 0.5}, "best_epoch": 1, "best_val_loss": 60.12710189819336, "dataset": "NYCTaxi_TDS", "elapsed_seconds": 0.2621276378631592, "finished": true, "history_tail": [{"epoch": 1, "lr": 0.0005, "train": {"loss": 0.7766771912574768, "mae": 77.18488311767578, "mape": 40.35652160644531, "rmse": 132.8455810546875}, "val": {"loss": 0.7271894812583923, "mae": 60.12710189819336, "mape": 42.393375396728516, "rmse": 104.82754516601562}}], "mask_threshold": 5.0, "model": "unrolling_gsp_stforecast", "model_config": {"ablation": "None", "blocks": 1, "cg_iters": 1, "diff_interval": true, "feature_channels": 2, "heads": 1, "interval": 2, "layers": 1, "neighbors": 2, "pgd_iters": 1, "sharedM": false, "sharedQ": true, "t_in": 35, "t_out": 1, "use_one_channel": false}, "paper_copy": "/data/OuXiaoyu/STEVE_CODE/STEVE/baselines/unrolling_gsp_stforecast", "paper_source": "/data/OuXiaoyu/Unrolling-GSP-STForecast", "run_name": "unrolling_gsp_smoke_seed2024", "test_avg_mae": 38.176639556884766, "test_avg_mape": 30.107515335083008, "test_avg_rmse": 64.46611022949219, "test_mixed_mae": 38.176639556884766, "total_params": 286, "trainable_params": 286, "val_avg_mae": 60.12710189819336, "val_avg_mape": 42.393375396728516, "val_avg_rmse": 104.82754516601562, "yita": 0.5}
