[ATTEMPT] no_alpha_gate attempt=0 / 2
2026-07-02 20:11:04: Experiment log path in: /data/OuXiaoyu/mystg/baselines/STEVE_CODE/STEVE/experiments/NYCTaxi/fpem_hyper_ablation_no_alpha_gate_seed2024_20260702-201104
2026-07-02 20:11:04: Experiment configs are: Namespace(seed=2024, device='cuda:0', mode='train', best_path='/home/zhangwt/remote/StableST/experiments/NYCTaxi/20240510-014845/best_model.pth', debug=False, data_dir='/data/OuXiaoyu/mystg/baselines/STEVE_CODE/STEVE/data', dataset='NYCTaxi', input_length=35, batch_size=64, test_batch_size=64, graph_file='/data/OuXiaoyu/mystg/baselines/STEVE_CODE/STEVE/data/NYCTaxi/adj_mx.npz', num_nodes=200, len_closeness=8, len_period=27, len_trend=0, d_input=2, d_output=2, d_model=64, dropout=0.1, percent=0.1, shm_temp=0.5, nmb_prototype=4, yita=0.5, layers=3, K=64, bank_gamma=0.2, kw=1, mi_w=2, epochs=3, lr_init=0.001, early_stop=True, early_stop_patience=50, grad_norm=True, max_grad_norm=5, use_dwa=True, temp=2, MMI=False, lr_patience=20, lr_mode='only', use_RevIN=True, ablation='all', model='steve', resume=True, fpem_backbone='agcrn', agcrn_embed_dim=10, agcrn_num_layers=2, agcrn_cheb_k=2, fpem_use_env_mask=True, fpem_env_mask_hidden_dim=64, fpem_env_mask_temperature=1.0, fpem_env_mask_warmup_epochs=0, fpem_lambda_mask_sparse=0.0005, fpem_lambda_mask_entropy=0.0005, fpem_use_env_route=True, fpem_env_route_k=3, fpem_env_route_head_mode='hyper_inv_film', fpem_env_route_use_inv_fallback_expert=True, fpem_env_route_tau=1.0, fpem_env_route_oracle_tau=0.3, fpem_env_route_train_mode='soft_oracle', fpem_env_route_hidden_dim=64, fpem_env_route_warmup_epochs=0, fpem_env_route_lambda_final=1.0, fpem_env_route_lambda_global=0.0, fpem_env_route_lambda_route_soft=0.5, fpem_env_route_lambda_expert=0.2, fpem_env_route_lambda_router_oracle=1.0, fpem_env_route_lambda_balance=0.01, fpem_env_route_lambda_diverse=0.01, fpem_env_route_lambda_entropy=0.0, fpem_use_env_fusion=True, fpem_lambda_inv_pred=0.2, fpem_hyper_alpha_mode='fixed_one', fpem_lambda_hyper_delta_norm=0.0001, fpem_use_future_mi=True, fpem_lambda_future_mi=0.02, fpem_future_mi_warmup_epochs=0, fpem_future_mi_hidden_dim=64, fpem_future_mi_detach_target=True, fpem_use_swap=True, fpem_lambda_swap=0.01, fpem_swap_warmup_epochs=0, fpem_swap_margin=0.01, fpem_swap_gain_eta=0.0, fpem_swap_gain_tau=0.05, fpem_lambda_swap_diff=1.0, fpem_lambda_swap_same=0.05, fpem_swap_only_diff_route=True, fpem_swap_detach_inv=True, fpem_swap_detach_env=False, fpem_use_swap_fallback_router_loss=True, fpem_lambda_swap_fallback_router=0.005, fpem_swap_fallback_warmup_epochs=10, fpem_use_grad_consensus=True, fpem_gc_pred_loss_only=True, fpem_gc_inv_rho=0.3, fpem_gc_env_rho=0.3, fpem_gc_tau=0.5, fpem_gc_temp=0.1, fpem_gc_min_keep=0.2, fpem_gc_warmup_epochs=0, fpem_gc_route_min_samples=2, fpem_use_gradcompat_aux=False, fpem_lambda_gradcompat_aux=0.0, exp_name='fpem_hyper_ablation_no_alpha_gate_seed2024', log_dir='/data/OuXiaoyu/mystg/baselines/STEVE_CODE/STEVE/experiments/NYCTaxi/fpem_hyper_ablation_no_alpha_gate_seed2024_20260702-201104')
2026-07-02 20:11:04: loss weights: [1. 1. 1.]
2026-07-02 20:11:11: *******Train Epoch 1: averaged Loss : 325.787057
2026-07-02 20:11:11: *******Train Epoch 1: averaged lm : 0.000000
2026-07-02 20:11:11: *******Train Epoch 1: fpem logs {"fpem/mask_loss": 0.0006027979523360986, "fpem/mask_sparse_loss": 0.5856010975508854, "fpem/mask_entropy_loss": 0.6199947451723034, "fpem/mask_mean": 0.5856010975508854, "fpem/mask_entropy": 0.6199947451723034, "fpem/mask_active_ratio": 0.700080970237995, "fpem/fusion_alpha_mean": 0.0, "fpem/fusion_alpha_std": 0.0, "fpem/fusion_alpha_min": 0.0, "fpem/fusion_alpha_max": 0.0, "fpem/env_route_loss": 187.57338477825297, "fpem/env_route_L_final": 112.06769088218952, "fpem/env_route_L_global": 130.24673619763604, "fpem/env_route_L_route_soft": 118.63455673743938, "fpem/env_route_L_expert": 72.4750520114241, "fpem/env_route_L_router_oracle": 1.686185569598757, "fpem/env_route_L_balance": 0.02168313022060641, "fpem/env_route_L_diverse": 0.7003828975661047, "fpem/env_route_entropy": 0.967421254207348, "fpem/env_route_q_max_mean": 0.3921634503479662, "fpem/env_route_train_mode_gradient_compat": 0.0, "fpem/env_route_gradient_compat_aux": 0.0, "fpem/hyper_alpha_mean": 1.0, "fpem/hyper_delta_norm": 1.1552880139186466, "fpem/fallback_q_mean": 0.2194763766280536, "fpem/fallback_q_max": 0.3641514248889068, "fpem/env_q_sum_mean": 0.7805236228581133, "fpem/oracle_fallback_rate": 0.23976293103448276, "fpem/route_count_fallback": 5.0, "fpem/env_route_head_mode": 1.0, "fpem/env_route_count_head_0": 29.137931034482758, "fpem/env_route_oracle_count_head_0": 11.931034482758621, "fpem/route_count_env_head_0": 29.137931034482758, "fpem/env_route_count_head_1": 0.0, "fpem/env_route_oracle_count_head_1": 24.79310344827586, "fpem/route_count_env_head_1": 0.0, "fpem/env_route_count_head_2": 29.862068965517242, "fpem/env_route_oracle_count_head_2": 11.931034482758621, "fpem/route_count_env_head_2": 29.862068965517242, "fpem/future_mi_loss": 0.49161767342994955, "fpem/future_mi_valid": 1.0, "fpem/future_mi_logvar_mean": 0.49538973282123433, "fpem/swap_loss": 0.08607915377822416, "fpem/swap_diff_loss": 7.616451111333124, "fpem/swap_same_loss": 19.829287956500874, "fpem/swap_gain_mean": 10.412599488578994, "fpem/swap_s_gain_mean": 0.6022769690587603, "fpem/swap_fallback_router_loss": 0.0, "fpem/swap_fallback_q_mean": 0.0, "fpem/primary_loss": 112.06769088218952, "fpem/inv_pred_loss": 130.24673619763604, "fpem/primary_uses_route": 1.0, "fpem/primary_uses_env_fusion": 0.0, "fpem/backbone_agcrn": 1.0, "fpem/gc_pred_loss_only": 1.0, "fpem/gc_env_agree_mean": 0.4592541718277438, "fpem/gc_env_mask_mean": 0.545559496715151, "fpem/gc_env_valid_sample_ratio": 0.9983836206896551, "fpem/gc_inv_agree_mean": 0.41291225470345594, "fpem/gc_inv_mask_mean": 0.5057207253472559}
2026-07-02 20:11:11: *******Val Epoch 1: averaged Loss : 72.994219 sep loss : [ 72.99421883 124.10100174   1.        ]
2026-07-02 20:11:11: **************Current 1 model saved to /data/OuXiaoyu/mystg/baselines/STEVE_CODE/STEVE/experiments/NYCTaxi/fpem_hyper_ablation_no_alpha_gate_seed2024_20260702-201104/epoch1.pth
2026-07-02 20:11:11: **************Current best model saved to /data/OuXiaoyu/mystg/baselines/STEVE_CODE/STEVE/experiments/NYCTaxi/fpem_hyper_ablation_no_alpha_gate_seed2024_20260702-201104/best_model.pth
2026-07-02 20:11:11: loss weights: [1. 1. 1.]
[FAIL] no_alpha_gate exit_code=139
[MEMORY_ERROR] wait 180s, cleanup memory, then retry
[CLEANUP] date=2026年 07月 02日 星期四 20:14:13 CST
Thu Jul  2 20:14:13 2026       
+---------------------------------------------------------------------------------------+
| NVIDIA-SMI 535.129.03             Driver Version: 535.129.03   CUDA Version: 12.2     |
|-----------------------------------------+----------------------+----------------------+
| GPU  Name                 Persistence-M | Bus-Id        Disp.A | Volatile Uncorr. ECC |
| Fan  Temp   Perf          Pwr:Usage/Cap |         Memory-Usage | GPU-Util  Compute M. |
|                                         |                      |               MIG M. |
|=========================================+======================+======================|
|   0  NVIDIA GeForce RTX 4090        Off | 00000000:01:00.0 Off |                  Off |
|  0%   43C    P8              20W / 450W |     81MiB / 24564MiB |      0%      Default |
|                                         |                      |                  N/A |
+-----------------------------------------+----------------------+----------------------+
                                                                                         
+---------------------------------------------------------------------------------------+
| Processes:                                                                            |
|  GPU   GI   CI        PID   Type   Process name                            GPU Memory |
|        ID   ID                                                             Usage      |
|=======================================================================================|
|    0   N/A  N/A      1250      G   /usr/lib/xorg/Xorg                           56MiB |
|    0   N/A  N/A      1475      G   /usr/bin/gnome-shell                         12MiB |
+---------------------------------------------------------------------------------------+
Thu Jul  2 20:14:14 2026       
+---------------------------------------------------------------------------------------+
| NVIDIA-SMI 535.129.03             Driver Version: 535.129.03   CUDA Version: 12.2     |
|-----------------------------------------+----------------------+----------------------+
| GPU  Name                 Persistence-M | Bus-Id        Disp.A | Volatile Uncorr. ECC |
| Fan  Temp   Perf          Pwr:Usage/Cap |         Memory-Usage | GPU-Util  Compute M. |
|                                         |                      |               MIG M. |
|=========================================+======================+======================|
|   0  NVIDIA GeForce RTX 4090        Off | 00000000:01:00.0 Off |                  Off |
|  0%   43C    P8              20W / 450W |     81MiB / 24564MiB |      0%      Default |
|                                         |                      |                  N/A |
+-----------------------------------------+----------------------+----------------------+
                                                                                         
+---------------------------------------------------------------------------------------+
| Processes:                                                                            |
|  GPU   GI   CI        PID   Type   Process name                            GPU Memory |
|        ID   ID                                                             Usage      |
|=======================================================================================|
|    0   N/A  N/A      1250      G   /usr/lib/xorg/Xorg                           56MiB |
|    0   N/A  N/A      1475      G   /usr/bin/gnome-shell                         12MiB |
+---------------------------------------------------------------------------------------+
[ATTEMPT] no_alpha_gate attempt=1 / 2
2026-07-02 20:14:15: Experiment log path in: /data/OuXiaoyu/mystg/baselines/STEVE_CODE/STEVE/experiments/NYCTaxi/fpem_hyper_ablation_no_alpha_gate_seed2024_20260702-201415
2026-07-02 20:14:15: Experiment configs are: Namespace(seed=2024, device='cuda:0', mode='train', best_path='/home/zhangwt/remote/StableST/experiments/NYCTaxi/20240510-014845/best_model.pth', debug=False, data_dir='/data/OuXiaoyu/mystg/baselines/STEVE_CODE/STEVE/data', dataset='NYCTaxi', input_length=35, batch_size=64, test_batch_size=64, graph_file='/data/OuXiaoyu/mystg/baselines/STEVE_CODE/STEVE/data/NYCTaxi/adj_mx.npz', num_nodes=200, len_closeness=8, len_period=27, len_trend=0, d_input=2, d_output=2, d_model=64, dropout=0.1, percent=0.1, shm_temp=0.5, nmb_prototype=4, yita=0.5, layers=3, K=64, bank_gamma=0.2, kw=1, mi_w=2, epochs=3, lr_init=0.001, early_stop=True, early_stop_patience=50, grad_norm=True, max_grad_norm=5, use_dwa=True, temp=2, MMI=False, lr_patience=20, lr_mode='only', use_RevIN=True, ablation='all', model='steve', resume=True, fpem_backbone='agcrn', agcrn_embed_dim=10, agcrn_num_layers=2, agcrn_cheb_k=2, fpem_use_env_mask=True, fpem_env_mask_hidden_dim=64, fpem_env_mask_temperature=1.0, fpem_env_mask_warmup_epochs=0, fpem_lambda_mask_sparse=0.0005, fpem_lambda_mask_entropy=0.0005, fpem_use_env_route=True, fpem_env_route_k=3, fpem_env_route_head_mode='hyper_inv_film', fpem_env_route_use_inv_fallback_expert=True, fpem_env_route_tau=1.0, fpem_env_route_oracle_tau=0.3, fpem_env_route_train_mode='soft_oracle', fpem_env_route_hidden_dim=64, fpem_env_route_warmup_epochs=0, fpem_env_route_lambda_final=1.0, fpem_env_route_lambda_global=0.0, fpem_env_route_lambda_route_soft=0.5, fpem_env_route_lambda_expert=0.2, fpem_env_route_lambda_router_oracle=1.0, fpem_env_route_lambda_balance=0.01, fpem_env_route_lambda_diverse=0.01, fpem_env_route_lambda_entropy=0.0, fpem_use_env_fusion=True, fpem_lambda_inv_pred=0.2, fpem_hyper_alpha_mode='fixed_one', fpem_lambda_hyper_delta_norm=0.0001, fpem_use_future_mi=True, fpem_lambda_future_mi=0.02, fpem_future_mi_warmup_epochs=0, fpem_future_mi_hidden_dim=64, fpem_future_mi_detach_target=True, fpem_use_swap=True, fpem_lambda_swap=0.01, fpem_swap_warmup_epochs=0, fpem_swap_margin=0.01, fpem_swap_gain_eta=0.0, fpem_swap_gain_tau=0.05, fpem_lambda_swap_diff=1.0, fpem_lambda_swap_same=0.05, fpem_swap_only_diff_route=True, fpem_swap_detach_inv=True, fpem_swap_detach_env=False, fpem_use_swap_fallback_router_loss=True, fpem_lambda_swap_fallback_router=0.005, fpem_swap_fallback_warmup_epochs=10, fpem_use_grad_consensus=True, fpem_gc_pred_loss_only=True, fpem_gc_inv_rho=0.3, fpem_gc_env_rho=0.3, fpem_gc_tau=0.5, fpem_gc_temp=0.1, fpem_gc_min_keep=0.2, fpem_gc_warmup_epochs=0, fpem_gc_route_min_samples=2, fpem_use_gradcompat_aux=False, fpem_lambda_gradcompat_aux=0.0, exp_name='fpem_hyper_ablation_no_alpha_gate_seed2024', log_dir='/data/OuXiaoyu/mystg/baselines/STEVE_CODE/STEVE/experiments/NYCTaxi/fpem_hyper_ablation_no_alpha_gate_seed2024_20260702-201415')
2026-07-02 20:14:15: loss weights: [1. 1. 1.]
2026-07-02 20:14:22: *******Train Epoch 1: averaged Loss : 325.787057
2026-07-02 20:14:22: *******Train Epoch 1: averaged lm : 0.000000
2026-07-02 20:14:22: *******Train Epoch 1: fpem logs {"fpem/mask_loss": 0.0006027979523360986, "fpem/mask_sparse_loss": 0.5856010975508854, "fpem/mask_entropy_loss": 0.6199947451723034, "fpem/mask_mean": 0.5856010975508854, "fpem/mask_entropy": 0.6199947451723034, "fpem/mask_active_ratio": 0.700080970237995, "fpem/fusion_alpha_mean": 0.0, "fpem/fusion_alpha_std": 0.0, "fpem/fusion_alpha_min": 0.0, "fpem/fusion_alpha_max": 0.0, "fpem/env_route_loss": 187.57338477825297, "fpem/env_route_L_final": 112.06769088218952, "fpem/env_route_L_global": 130.24673619763604, "fpem/env_route_L_route_soft": 118.63455673743938, "fpem/env_route_L_expert": 72.4750520114241, "fpem/env_route_L_router_oracle": 1.686185569598757, "fpem/env_route_L_balance": 0.02168313022060641, "fpem/env_route_L_diverse": 0.7003828975661047, "fpem/env_route_entropy": 0.967421254207348, "fpem/env_route_q_max_mean": 0.3921634503479662, "fpem/env_route_train_mode_gradient_compat": 0.0, "fpem/env_route_gradient_compat_aux": 0.0, "fpem/hyper_alpha_mean": 1.0, "fpem/hyper_delta_norm": 1.1552880139186466, "fpem/fallback_q_mean": 0.2194763766280536, "fpem/fallback_q_max": 0.3641514248889068, "fpem/env_q_sum_mean": 0.7805236228581133, "fpem/oracle_fallback_rate": 0.23976293103448276, "fpem/route_count_fallback": 5.0, "fpem/env_route_head_mode": 1.0, "fpem/env_route_count_head_0": 29.137931034482758, "fpem/env_route_oracle_count_head_0": 11.931034482758621, "fpem/route_count_env_head_0": 29.137931034482758, "fpem/env_route_count_head_1": 0.0, "fpem/env_route_oracle_count_head_1": 24.79310344827586, "fpem/route_count_env_head_1": 0.0, "fpem/env_route_count_head_2": 29.862068965517242, "fpem/env_route_oracle_count_head_2": 11.931034482758621, "fpem/route_count_env_head_2": 29.862068965517242, "fpem/future_mi_loss": 0.49161767342994955, "fpem/future_mi_valid": 1.0, "fpem/future_mi_logvar_mean": 0.49538973282123433, "fpem/swap_loss": 0.08607915377822416, "fpem/swap_diff_loss": 7.616451111333124, "fpem/swap_same_loss": 19.829287956500874, "fpem/swap_gain_mean": 10.412599488578994, "fpem/swap_s_gain_mean": 0.6022769690587603, "fpem/swap_fallback_router_loss": 0.0, "fpem/swap_fallback_q_mean": 0.0, "fpem/primary_loss": 112.06769088218952, "fpem/inv_pred_loss": 130.24673619763604, "fpem/primary_uses_route": 1.0, "fpem/primary_uses_env_fusion": 0.0, "fpem/backbone_agcrn": 1.0, "fpem/gc_pred_loss_only": 1.0, "fpem/gc_env_agree_mean": 0.4592541718277438, "fpem/gc_env_mask_mean": 0.545559496715151, "fpem/gc_env_valid_sample_ratio": 0.9983836206896551, "fpem/gc_inv_agree_mean": 0.41291225470345594, "fpem/gc_inv_mask_mean": 0.5057207253472559}
2026-07-02 20:14:22: *******Val Epoch 1: averaged Loss : 72.994219 sep loss : [ 72.99421883 124.10100174   1.        ]
2026-07-02 20:14:22: **************Current 1 model saved to /data/OuXiaoyu/mystg/baselines/STEVE_CODE/STEVE/experiments/NYCTaxi/fpem_hyper_ablation_no_alpha_gate_seed2024_20260702-201415/epoch1.pth
2026-07-02 20:14:22: **************Current best model saved to /data/OuXiaoyu/mystg/baselines/STEVE_CODE/STEVE/experiments/NYCTaxi/fpem_hyper_ablation_no_alpha_gate_seed2024_20260702-201415/best_model.pth
2026-07-02 20:14:22: loss weights: [1. 1. 1.]
2026-07-02 20:14:28: *******Train Epoch 2: averaged Loss : 187.617188
2026-07-02 20:14:28: *******Train Epoch 2: averaged lm : 0.000000
2026-07-02 20:14:28: *******Train Epoch 2: fpem logs {"fpem/mask_loss": 0.00059317571817544, "fpem/mask_sparse_loss": 0.5654778809382998, "fpem/mask_entropy_loss": 0.6208734697309034, "fpem/mask_mean": 0.5654778809382998, "fpem/mask_entropy": 0.6208734697309034, "fpem/mask_active_ratio": 0.6489836840794004, "fpem/fusion_alpha_mean": 0.0, "fpem/fusion_alpha_std": 0.0, "fpem/fusion_alpha_min": 0.0, "fpem/fusion_alpha_max": 0.0, "fpem/env_route_loss": 108.60722298457705, "fpem/env_route_L_final": 62.70847281094255, "fpem/env_route_L_global": 81.06820889176994, "fpem/env_route_L_route_soft": 64.77126877883384, "fpem/env_route_L_expert": 60.718477446457435, "fpem/env_route_L_router_oracle": 1.3603962043236042, "fpem/env_route_L_balance": 0.012550741562555576, "fpem/env_route_L_diverse": 0.8899335552906168, "fpem/env_route_entropy": 1.0185328557573516, "fpem/env_route_q_max_mean": 0.36466275926294, "fpem/env_route_train_mode_gradient_compat": 0.0, "fpem/env_route_gradient_compat_aux": 0.0, "fpem/hyper_alpha_mean": 1.0, "fpem/hyper_delta_norm": 1.0505124988227055, "fpem/fallback_q_mean": 0.2334870315831283, "fpem/fallback_q_max": 0.39038375842160195, "fpem/env_q_sum_mean": 0.7665129673892054, "fpem/oracle_fallback_rate": 0.04525862068965517, "fpem/route_count_fallback": 6.172413793103448, "fpem/env_route_head_mode": 1.0, "fpem/env_route_count_head_0": 34.48275862068966, "fpem/env_route_oracle_count_head_0": 18.82758620689655, "fpem/route_count_env_head_0": 34.48275862068966, "fpem/env_route_count_head_1": 0.06896551724137931, "fpem/env_route_oracle_count_head_1": 16.482758620689655, "fpem/route_count_env_head_1": 0.06896551724137931, "fpem/env_route_count_head_2": 23.275862068965516, "fpem/env_route_oracle_count_head_2": 25.79310344827586, "fpem/route_count_env_head_2": 23.275862068965516, "fpem/future_mi_loss": 0.4399901782644206, "fpem/future_mi_valid": 1.0, "fpem/future_mi_logvar_mean": 0.4671988384477023, "fpem/swap_loss": 0.0783490055593951, "fpem/swap_diff_loss": 7.238902174193283, "fpem/swap_same_loss": 11.919974458628687, "fpem/swap_gain_mean": 14.967511637457486, "fpem/swap_s_gain_mean": 0.7277648202304182, "fpem/swap_fallback_router_loss": 0.0, "fpem/swap_fallback_q_mean": 0.0, "fpem/primary_loss": 62.70847281094255, "fpem/inv_pred_loss": 81.06820889176994, "fpem/primary_uses_route": 1.0, "fpem/primary_uses_env_fusion": 0.0, "fpem/backbone_agcrn": 1.0, "fpem/gc_pred_loss_only": 1.0, "fpem/gc_env_agree_mean": 0.2743294793983986, "fpem/gc_env_mask_mean": 0.3579837618202999, "fpem/gc_env_valid_sample_ratio": 0.9989224137931034, "fpem/gc_inv_agree_mean": 0.21146829143680376, "fpem/gc_inv_mask_mean": 0.2911217700818489}
2026-07-02 20:14:29: *******Val Epoch 2: averaged Loss : 35.439430 sep loss : [35.43943024 60.86044884  1.        ]
2026-07-02 20:14:29: **************Current best model saved to /data/OuXiaoyu/mystg/baselines/STEVE_CODE/STEVE/experiments/NYCTaxi/fpem_hyper_ablation_no_alpha_gate_seed2024_20260702-201415/best_model.pth
2026-07-02 20:14:29: loss weights: [0.93934584 0.9485269  1.1121272 ]
2026-07-02 20:14:35: *******Train Epoch 3: averaged Loss : 116.316207
2026-07-02 20:14:35: *******Train Epoch 3: averaged lm : 0.000000
2026-07-02 20:14:35: *******Train Epoch 3: fpem logs {"fpem/mask_loss": 0.0006083577333403559, "fpem/mask_sparse_loss": 0.641563107227457, "fpem/mask_entropy_loss": 0.575152288223135, "fpem/mask_mean": 0.641563107227457, "fpem/mask_entropy": 0.575152288223135, "fpem/mask_active_ratio": 0.7709447207122013, "fpem/fusion_alpha_mean": 0.0, "fpem/fusion_alpha_std": 0.0, "fpem/fusion_alpha_min": 0.0, "fpem/fusion_alpha_max": 0.0, "fpem/env_route_loss": 68.77319349091628, "fpem/env_route_L_final": 40.58650023361732, "fpem/env_route_L_global": 46.80440481777849, "fpem/env_route_L_route_soft": 41.243940945329335, "fpem/env_route_L_expert": 31.32722150868383, "fpem/env_route_L_router_oracle": 1.2898834491598195, "fpem/env_route_L_balance": 0.004366449532018782, "fpem/env_route_L_diverse": 0.9353995569821062, "fpem/env_route_entropy": 1.0573308920038158, "fpem/env_route_q_max_mean": 0.3417394089287725, "fpem/env_route_train_mode_gradient_compat": 0.0, "fpem/env_route_gradient_compat_aux": 0.0, "fpem/hyper_alpha_mean": 1.0, "fpem/hyper_delta_norm": 1.0775814919636166, "fpem/fallback_q_mean": 0.22679707253801412, "fpem/fallback_q_max": 0.37721291184425354, "fpem/env_q_sum_mean": 0.7732029269481527, "fpem/oracle_fallback_rate": 0.21713362068965517, "fpem/route_count_fallback": 7.103448275862069, "fpem/env_route_head_mode": 1.0, "fpem/env_route_count_head_0": 24.689655172413794, "fpem/env_route_oracle_count_head_0": 13.275862068965518, "fpem/route_count_env_head_0": 24.689655172413794, "fpem/env_route_count_head_1": 11.03448275862069, "fpem/env_route_oracle_count_head_1": 15.931034482758621, "fpem/route_count_env_head_1": 11.03448275862069, "fpem/env_route_count_head_2": 21.17241379310345, "fpem/env_route_oracle_count_head_2": 20.896551724137932, "fpem/route_count_env_head_2": 21.17241379310345, "fpem/future_mi_loss": 0.2941519384240282, "fpem/future_mi_valid": 1.0, "fpem/future_mi_logvar_mean": 0.29859887100435023, "fpem/swap_loss": 0.05077188307869023, "fpem/swap_diff_loss": 4.554229941861383, "fpem/swap_same_loss": 10.459170933427481, "fpem/swap_gain_mean": 5.605535688071416, "fpem/swap_s_gain_mean": 0.653205156326294, "fpem/swap_fallback_router_loss": 0.0, "fpem/swap_fallback_q_mean": 0.0, "fpem/primary_loss": 40.58650023361732, "fpem/inv_pred_loss": 46.80440481777849, "fpem/primary_uses_route": 1.0, "fpem/primary_uses_env_fusion": 0.0, "fpem/backbone_agcrn": 1.0, "fpem/gc_pred_loss_only": 1.0, "fpem/gc_env_agree_mean": 0.28550485341713344, "fpem/gc_env_mask_mean": 0.3664753848108752, "fpem/gc_env_valid_sample_ratio": 0.9978448275862069, "fpem/gc_inv_agree_mean": 0.17839481450360398, "fpem/gc_inv_mask_mean": 0.25847583341187447}
2026-07-02 20:14:35: *******Val Epoch 3: averaged Loss : 26.194354 sep loss : [26.19435406 45.54446793  1.        ]
2026-07-02 20:14:35: **************Current best model saved to /data/OuXiaoyu/mystg/baselines/STEVE_CODE/STEVE/experiments/NYCTaxi/fpem_hyper_ablation_no_alpha_gate_seed2024_20260702-201415/best_model.pth
2026-07-02 20:14:35: == Training finished.
Total training time: 0.33 min	best loss: 26.1944	best epoch: 3	
2026-07-02 20:14:35: load best model from /data/OuXiaoyu/mystg/baselines/STEVE_CODE/STEVE/experiments/NYCTaxi/fpem_hyper_ablation_no_alpha_gate_seed2024_20260702-201415/best_model.pth
2026-07-02 20:14:35: == Test results.
[FAIL] no_alpha_gate exit_code=139
[MEMORY_ERROR] wait 180s, cleanup memory, then retry
[CLEANUP] date=2026年 07月 02日 星期四 20:17:36 CST
Thu Jul  2 20:17:36 2026       
+---------------------------------------------------------------------------------------+
| NVIDIA-SMI 535.129.03             Driver Version: 535.129.03   CUDA Version: 12.2     |
|-----------------------------------------+----------------------+----------------------+
| GPU  Name                 Persistence-M | Bus-Id        Disp.A | Volatile Uncorr. ECC |
| Fan  Temp   Perf          Pwr:Usage/Cap |         Memory-Usage | GPU-Util  Compute M. |
|                                         |                      |               MIG M. |
|=========================================+======================+======================|
|   0  NVIDIA GeForce RTX 4090        Off | 00000000:01:00.0 Off |                  Off |
|  0%   43C    P8              19W / 450W |     81MiB / 24564MiB |      0%      Default |
|                                         |                      |                  N/A |
+-----------------------------------------+----------------------+----------------------+
                                                                                         
+---------------------------------------------------------------------------------------+
| Processes:                                                                            |
|  GPU   GI   CI        PID   Type   Process name                            GPU Memory |
|        ID   ID                                                             Usage      |
|=======================================================================================|
|    0   N/A  N/A      1250      G   /usr/lib/xorg/Xorg                           56MiB |
|    0   N/A  N/A      1475      G   /usr/bin/gnome-shell                         12MiB |
+---------------------------------------------------------------------------------------+
Thu Jul  2 20:17:36 2026       
+---------------------------------------------------------------------------------------+
| NVIDIA-SMI 535.129.03             Driver Version: 535.129.03   CUDA Version: 12.2     |
|-----------------------------------------+----------------------+----------------------+
| GPU  Name                 Persistence-M | Bus-Id        Disp.A | Volatile Uncorr. ECC |
| Fan  Temp   Perf          Pwr:Usage/Cap |         Memory-Usage | GPU-Util  Compute M. |
|                                         |                      |               MIG M. |
|=========================================+======================+======================|
|   0  NVIDIA GeForce RTX 4090        Off | 00000000:01:00.0 Off |                  Off |
|  0%   43C    P8              19W / 450W |     81MiB / 24564MiB |      0%      Default |
|                                         |                      |                  N/A |
+-----------------------------------------+----------------------+----------------------+
                                                                                         
+---------------------------------------------------------------------------------------+
| Processes:                                                                            |
|  GPU   GI   CI        PID   Type   Process name                            GPU Memory |
|        ID   ID                                                             Usage      |
|=======================================================================================|
|    0   N/A  N/A      1250      G   /usr/lib/xorg/Xorg                           56MiB |
|    0   N/A  N/A      1475      G   /usr/bin/gnome-shell                         12MiB |
+---------------------------------------------------------------------------------------+
[ATTEMPT] no_alpha_gate attempt=2 / 2
2026-07-02 20:17:38: Experiment log path in: /data/OuXiaoyu/mystg/baselines/STEVE_CODE/STEVE/experiments/NYCTaxi/fpem_hyper_ablation_no_alpha_gate_seed2024_20260702-201738
2026-07-02 20:17:38: Experiment configs are: Namespace(seed=2024, device='cuda:0', mode='train', best_path='/home/zhangwt/remote/StableST/experiments/NYCTaxi/20240510-014845/best_model.pth', debug=False, data_dir='/data/OuXiaoyu/mystg/baselines/STEVE_CODE/STEVE/data', dataset='NYCTaxi', input_length=35, batch_size=64, test_batch_size=64, graph_file='/data/OuXiaoyu/mystg/baselines/STEVE_CODE/STEVE/data/NYCTaxi/adj_mx.npz', num_nodes=200, len_closeness=8, len_period=27, len_trend=0, d_input=2, d_output=2, d_model=64, dropout=0.1, percent=0.1, shm_temp=0.5, nmb_prototype=4, yita=0.5, layers=3, K=64, bank_gamma=0.2, kw=1, mi_w=2, epochs=3, lr_init=0.001, early_stop=True, early_stop_patience=50, grad_norm=True, max_grad_norm=5, use_dwa=True, temp=2, MMI=False, lr_patience=20, lr_mode='only', use_RevIN=True, ablation='all', model='steve', resume=True, fpem_backbone='agcrn', agcrn_embed_dim=10, agcrn_num_layers=2, agcrn_cheb_k=2, fpem_use_env_mask=True, fpem_env_mask_hidden_dim=64, fpem_env_mask_temperature=1.0, fpem_env_mask_warmup_epochs=0, fpem_lambda_mask_sparse=0.0005, fpem_lambda_mask_entropy=0.0005, fpem_use_env_route=True, fpem_env_route_k=3, fpem_env_route_head_mode='hyper_inv_film', fpem_env_route_use_inv_fallback_expert=True, fpem_env_route_tau=1.0, fpem_env_route_oracle_tau=0.3, fpem_env_route_train_mode='soft_oracle', fpem_env_route_hidden_dim=64, fpem_env_route_warmup_epochs=0, fpem_env_route_lambda_final=1.0, fpem_env_route_lambda_global=0.0, fpem_env_route_lambda_route_soft=0.5, fpem_env_route_lambda_expert=0.2, fpem_env_route_lambda_router_oracle=1.0, fpem_env_route_lambda_balance=0.01, fpem_env_route_lambda_diverse=0.01, fpem_env_route_lambda_entropy=0.0, fpem_use_env_fusion=True, fpem_lambda_inv_pred=0.2, fpem_hyper_alpha_mode='fixed_one', fpem_lambda_hyper_delta_norm=0.0001, fpem_use_future_mi=True, fpem_lambda_future_mi=0.02, fpem_future_mi_warmup_epochs=0, fpem_future_mi_hidden_dim=64, fpem_future_mi_detach_target=True, fpem_use_swap=True, fpem_lambda_swap=0.01, fpem_swap_warmup_epochs=0, fpem_swap_margin=0.01, fpem_swap_gain_eta=0.0, fpem_swap_gain_tau=0.05, fpem_lambda_swap_diff=1.0, fpem_lambda_swap_same=0.05, fpem_swap_only_diff_route=True, fpem_swap_detach_inv=True, fpem_swap_detach_env=False, fpem_use_swap_fallback_router_loss=True, fpem_lambda_swap_fallback_router=0.005, fpem_swap_fallback_warmup_epochs=10, fpem_use_grad_consensus=True, fpem_gc_pred_loss_only=True, fpem_gc_inv_rho=0.3, fpem_gc_env_rho=0.3, fpem_gc_tau=0.5, fpem_gc_temp=0.1, fpem_gc_min_keep=0.2, fpem_gc_warmup_epochs=0, fpem_gc_route_min_samples=2, fpem_use_gradcompat_aux=False, fpem_lambda_gradcompat_aux=0.0, exp_name='fpem_hyper_ablation_no_alpha_gate_seed2024', log_dir='/data/OuXiaoyu/mystg/baselines/STEVE_CODE/STEVE/experiments/NYCTaxi/fpem_hyper_ablation_no_alpha_gate_seed2024_20260702-201738')
2026-07-02 20:17:38: loss weights: [1. 1. 1.]
2026-07-02 20:17:45: *******Train Epoch 1: averaged Loss : 325.787057
2026-07-02 20:17:45: *******Train Epoch 1: averaged lm : 0.000000
2026-07-02 20:17:45: *******Train Epoch 1: fpem logs {"fpem/mask_loss": 0.0006027979523360986, "fpem/mask_sparse_loss": 0.5856010975508854, "fpem/mask_entropy_loss": 0.6199947451723034, "fpem/mask_mean": 0.5856010975508854, "fpem/mask_entropy": 0.6199947451723034, "fpem/mask_active_ratio": 0.700080970237995, "fpem/fusion_alpha_mean": 0.0, "fpem/fusion_alpha_std": 0.0, "fpem/fusion_alpha_min": 0.0, "fpem/fusion_alpha_max": 0.0, "fpem/env_route_loss": 187.57338477825297, "fpem/env_route_L_final": 112.06769088218952, "fpem/env_route_L_global": 130.24673619763604, "fpem/env_route_L_route_soft": 118.63455673743938, "fpem/env_route_L_expert": 72.4750520114241, "fpem/env_route_L_router_oracle": 1.686185569598757, "fpem/env_route_L_balance": 0.02168313022060641, "fpem/env_route_L_diverse": 0.7003828975661047, "fpem/env_route_entropy": 0.967421254207348, "fpem/env_route_q_max_mean": 0.3921634503479662, "fpem/env_route_train_mode_gradient_compat": 0.0, "fpem/env_route_gradient_compat_aux": 0.0, "fpem/hyper_alpha_mean": 1.0, "fpem/hyper_delta_norm": 1.1552880139186466, "fpem/fallback_q_mean": 0.2194763766280536, "fpem/fallback_q_max": 0.3641514248889068, "fpem/env_q_sum_mean": 0.7805236228581133, "fpem/oracle_fallback_rate": 0.23976293103448276, "fpem/route_count_fallback": 5.0, "fpem/env_route_head_mode": 1.0, "fpem/env_route_count_head_0": 29.137931034482758, "fpem/env_route_oracle_count_head_0": 11.931034482758621, "fpem/route_count_env_head_0": 29.137931034482758, "fpem/env_route_count_head_1": 0.0, "fpem/env_route_oracle_count_head_1": 24.79310344827586, "fpem/route_count_env_head_1": 0.0, "fpem/env_route_count_head_2": 29.862068965517242, "fpem/env_route_oracle_count_head_2": 11.931034482758621, "fpem/route_count_env_head_2": 29.862068965517242, "fpem/future_mi_loss": 0.49161767342994955, "fpem/future_mi_valid": 1.0, "fpem/future_mi_logvar_mean": 0.49538973282123433, "fpem/swap_loss": 0.08607915377822416, "fpem/swap_diff_loss": 7.616451111333124, "fpem/swap_same_loss": 19.829287956500874, "fpem/swap_gain_mean": 10.412599488578994, "fpem/swap_s_gain_mean": 0.6022769690587603, "fpem/swap_fallback_router_loss": 0.0, "fpem/swap_fallback_q_mean": 0.0, "fpem/primary_loss": 112.06769088218952, "fpem/inv_pred_loss": 130.24673619763604, "fpem/primary_uses_route": 1.0, "fpem/primary_uses_env_fusion": 0.0, "fpem/backbone_agcrn": 1.0, "fpem/gc_pred_loss_only": 1.0, "fpem/gc_env_agree_mean": 0.4592541718277438, "fpem/gc_env_mask_mean": 0.545559496715151, "fpem/gc_env_valid_sample_ratio": 0.9983836206896551, "fpem/gc_inv_agree_mean": 0.41291225470345594, "fpem/gc_inv_mask_mean": 0.5057207253472559}
2026-07-02 20:17:45: *******Val Epoch 1: averaged Loss : 72.994219 sep loss : [ 72.99421883 124.10100174   1.        ]
2026-07-02 20:17:45: **************Current 1 model saved to /data/OuXiaoyu/mystg/baselines/STEVE_CODE/STEVE/experiments/NYCTaxi/fpem_hyper_ablation_no_alpha_gate_seed2024_20260702-201738/epoch1.pth
2026-07-02 20:17:45: **************Current best model saved to /data/OuXiaoyu/mystg/baselines/STEVE_CODE/STEVE/experiments/NYCTaxi/fpem_hyper_ablation_no_alpha_gate_seed2024_20260702-201738/best_model.pth
2026-07-02 20:17:45: loss weights: [1. 1. 1.]
2026-07-02 20:17:51: *******Train Epoch 2: averaged Loss : 187.617188
2026-07-02 20:17:51: *******Train Epoch 2: averaged lm : 0.000000
2026-07-02 20:17:51: *******Train Epoch 2: fpem logs {"fpem/mask_loss": 0.00059317571817544, "fpem/mask_sparse_loss": 0.5654778809382998, "fpem/mask_entropy_loss": 0.6208734697309034, "fpem/mask_mean": 0.5654778809382998, "fpem/mask_entropy": 0.6208734697309034, "fpem/mask_active_ratio": 0.6489836840794004, "fpem/fusion_alpha_mean": 0.0, "fpem/fusion_alpha_std": 0.0, "fpem/fusion_alpha_min": 0.0, "fpem/fusion_alpha_max": 0.0, "fpem/env_route_loss": 108.60722298457705, "fpem/env_route_L_final": 62.70847281094255, "fpem/env_route_L_global": 81.06820889176994, "fpem/env_route_L_route_soft": 64.77126877883384, "fpem/env_route_L_expert": 60.718477446457435, "fpem/env_route_L_router_oracle": 1.3603962043236042, "fpem/env_route_L_balance": 0.012550741562555576, "fpem/env_route_L_diverse": 0.8899335552906168, "fpem/env_route_entropy": 1.0185328557573516, "fpem/env_route_q_max_mean": 0.36466275926294, "fpem/env_route_train_mode_gradient_compat": 0.0, "fpem/env_route_gradient_compat_aux": 0.0, "fpem/hyper_alpha_mean": 1.0, "fpem/hyper_delta_norm": 1.0505124988227055, "fpem/fallback_q_mean": 0.2334870315831283, "fpem/fallback_q_max": 0.39038375842160195, "fpem/env_q_sum_mean": 0.7665129673892054, "fpem/oracle_fallback_rate": 0.04525862068965517, "fpem/route_count_fallback": 6.172413793103448, "fpem/env_route_head_mode": 1.0, "fpem/env_route_count_head_0": 34.48275862068966, "fpem/env_route_oracle_count_head_0": 18.82758620689655, "fpem/route_count_env_head_0": 34.48275862068966, "fpem/env_route_count_head_1": 0.06896551724137931, "fpem/env_route_oracle_count_head_1": 16.482758620689655, "fpem/route_count_env_head_1": 0.06896551724137931, "fpem/env_route_count_head_2": 23.275862068965516, "fpem/env_route_oracle_count_head_2": 25.79310344827586, "fpem/route_count_env_head_2": 23.275862068965516, "fpem/future_mi_loss": 0.4399901782644206, "fpem/future_mi_valid": 1.0, "fpem/future_mi_logvar_mean": 0.4671988384477023, "fpem/swap_loss": 0.0783490055593951, "fpem/swap_diff_loss": 7.238902174193283, "fpem/swap_same_loss": 11.919974458628687, "fpem/swap_gain_mean": 14.967511637457486, "fpem/swap_s_gain_mean": 0.7277648202304182, "fpem/swap_fallback_router_loss": 0.0, "fpem/swap_fallback_q_mean": 0.0, "fpem/primary_loss": 62.70847281094255, "fpem/inv_pred_loss": 81.06820889176994, "fpem/primary_uses_route": 1.0, "fpem/primary_uses_env_fusion": 0.0, "fpem/backbone_agcrn": 1.0, "fpem/gc_pred_loss_only": 1.0, "fpem/gc_env_agree_mean": 0.2743294793983986, "fpem/gc_env_mask_mean": 0.3579837618202999, "fpem/gc_env_valid_sample_ratio": 0.9989224137931034, "fpem/gc_inv_agree_mean": 0.21146829143680376, "fpem/gc_inv_mask_mean": 0.2911217700818489}
2026-07-02 20:17:51: *******Val Epoch 2: averaged Loss : 35.439430 sep loss : [35.43943024 60.86044884  1.        ]
2026-07-02 20:17:51: **************Current best model saved to /data/OuXiaoyu/mystg/baselines/STEVE_CODE/STEVE/experiments/NYCTaxi/fpem_hyper_ablation_no_alpha_gate_seed2024_20260702-201738/best_model.pth
2026-07-02 20:17:51: loss weights: [0.93934584 0.9485269  1.1121272 ]
2026-07-02 20:17:57: *******Train Epoch 3: averaged Loss : 116.316207
2026-07-02 20:17:57: *******Train Epoch 3: averaged lm : 0.000000
2026-07-02 20:17:57: *******Train Epoch 3: fpem logs {"fpem/mask_loss": 0.0006083577333403559, "fpem/mask_sparse_loss": 0.641563107227457, "fpem/mask_entropy_loss": 0.575152288223135, "fpem/mask_mean": 0.641563107227457, "fpem/mask_entropy": 0.575152288223135, "fpem/mask_active_ratio": 0.7709447207122013, "fpem/fusion_alpha_mean": 0.0, "fpem/fusion_alpha_std": 0.0, "fpem/fusion_alpha_min": 0.0, "fpem/fusion_alpha_max": 0.0, "fpem/env_route_loss": 68.77319349091628, "fpem/env_route_L_final": 40.58650023361732, "fpem/env_route_L_global": 46.80440481777849, "fpem/env_route_L_route_soft": 41.243940945329335, "fpem/env_route_L_expert": 31.32722150868383, "fpem/env_route_L_router_oracle": 1.2898834491598195, "fpem/env_route_L_balance": 0.004366449532018782, "fpem/env_route_L_diverse": 0.9353995569821062, "fpem/env_route_entropy": 1.0573308920038158, "fpem/env_route_q_max_mean": 0.3417394089287725, "fpem/env_route_train_mode_gradient_compat": 0.0, "fpem/env_route_gradient_compat_aux": 0.0, "fpem/hyper_alpha_mean": 1.0, "fpem/hyper_delta_norm": 1.0775814919636166, "fpem/fallback_q_mean": 0.22679707253801412, "fpem/fallback_q_max": 0.37721291184425354, "fpem/env_q_sum_mean": 0.7732029269481527, "fpem/oracle_fallback_rate": 0.21713362068965517, "fpem/route_count_fallback": 7.103448275862069, "fpem/env_route_head_mode": 1.0, "fpem/env_route_count_head_0": 24.689655172413794, "fpem/env_route_oracle_count_head_0": 13.275862068965518, "fpem/route_count_env_head_0": 24.689655172413794, "fpem/env_route_count_head_1": 11.03448275862069, "fpem/env_route_oracle_count_head_1": 15.931034482758621, "fpem/route_count_env_head_1": 11.03448275862069, "fpem/env_route_count_head_2": 21.17241379310345, "fpem/env_route_oracle_count_head_2": 20.896551724137932, "fpem/route_count_env_head_2": 21.17241379310345, "fpem/future_mi_loss": 0.2941519384240282, "fpem/future_mi_valid": 1.0, "fpem/future_mi_logvar_mean": 0.29859887100435023, "fpem/swap_loss": 0.05077188307869023, "fpem/swap_diff_loss": 4.554229941861383, "fpem/swap_same_loss": 10.459170933427481, "fpem/swap_gain_mean": 5.605535688071416, "fpem/swap_s_gain_mean": 0.653205156326294, "fpem/swap_fallback_router_loss": 0.0, "fpem/swap_fallback_q_mean": 0.0, "fpem/primary_loss": 40.58650023361732, "fpem/inv_pred_loss": 46.80440481777849, "fpem/primary_uses_route": 1.0, "fpem/primary_uses_env_fusion": 0.0, "fpem/backbone_agcrn": 1.0, "fpem/gc_pred_loss_only": 1.0, "fpem/gc_env_agree_mean": 0.28550485341713344, "fpem/gc_env_mask_mean": 0.3664753848108752, "fpem/gc_env_valid_sample_ratio": 0.9978448275862069, "fpem/gc_inv_agree_mean": 0.17839481450360398, "fpem/gc_inv_mask_mean": 0.25847583341187447}
2026-07-02 20:17:58: *******Val Epoch 3: averaged Loss : 26.194354 sep loss : [26.19435406 45.54446793  1.        ]
2026-07-02 20:17:58: **************Current best model saved to /data/OuXiaoyu/mystg/baselines/STEVE_CODE/STEVE/experiments/NYCTaxi/fpem_hyper_ablation_no_alpha_gate_seed2024_20260702-201738/best_model.pth
2026-07-02 20:17:58: == Training finished.
Total training time: 0.33 min	best loss: 26.1944	best epoch: 3	
2026-07-02 20:17:58: load best model from /data/OuXiaoyu/mystg/baselines/STEVE_CODE/STEVE/experiments/NYCTaxi/fpem_hyper_ablation_no_alpha_gate_seed2024_20260702-201738/best_model.pth
2026-07-02 20:17:58: == Test results.
2026-07-02 20:17:58: 0.43677759170532227
2026-07-02 20:17:58: FLOW, MAE: 28.58, MAPE: 52.4610%
2026-07-02 20:17:58: abulation is all
2026-07-02 20:17:58: bank gradient!
2026-07-02 20:17:58: gamma 0.2
2026-07-02 20:17:58: kw 1
Starting experiment with configurations in /data/OuXiaoyu/mystg/baselines/STEVE_CODE/STEVE/configs/NYCTaxi.yaml...
Creat Log File in:  /data/OuXiaoyu/mystg/baselines/STEVE_CODE/STEVE/experiments/NYCTaxi/fpem_hyper_ablation_no_alpha_gate_seed2024_20260702-201738/run.log
train_time:0:00:06.704990
train_time:0:00:06.229354
train_time:0:00:06.228760
1782994678.1653104
0.43677759170532227
[OK] no_alpha_gate
