{
  "args": {
    "seed": 2024,
    "device": "cuda:0",
    "mode": "train",
    "best_path": "/home/zhangwt/remote/StableST/experiments/NYCTaxi/20240510-014845/best_model.pth",
    "debug": false,
    "data_dir": "/data/OuXiaoyu/STEVE_CODE/STEVE/data",
    "dataset": "NYCTaxi_TDS",
    "input_length": 35,
    "batch_size": 16,
    "test_batch_size": 64,
    "graph_file": "/data/OuXiaoyu/STEVE_CODE/STEVE/data/NYCTaxi_TDS/adj_mx.npz",
    "num_nodes": 200,
    "len_closeness": 8,
    "len_period": 27,
    "len_trend": 0,
    "d_input": 2,
    "d_output": 2,
    "d_model": 64,
    "dropout": 0.1,
    "percent": 0.1,
    "shm_temp": 0.5,
    "nmb_prototype": 4,
    "yita": 0.5,
    "layers": 3,
    "K": 64,
    "bank_gamma": 0.2,
    "kw": 1,
    "mi_w": 2,
    "epochs": 100,
    "lr_init": 0.001,
    "early_stop": true,
    "early_stop_patience": 30,
    "grad_norm": true,
    "max_grad_norm": 5,
    "use_dwa": true,
    "temp": 2,
    "MMI": false,
    "lr_patience": 20,
    "lr_mode": "only",
    "use_RevIN": true,
    "ablation": "full",
    "config_filename": "/data/OuXiaoyu/STEVE_CODE/STEVE/configs/NYCTaxi.yaml",
    "model": "steve",
    "early_stop_test_avg_mae_epoch": 40,
    "early_stop_test_avg_mae_threshold": 12.0,
    "train_work_per_holiday": 2.5,
    "exp_name": "fpem_agcrn_aligned_k1_noinv_full_seed2024",
    "run_name": "fpem_agcrn_aligned_k1_noinv_full_seed2024",
    "result_root": "/data/OuXiaoyu/STEVE_CODE/STEVE/experiments/NYCTaxi_TDS",
    "resume": true,
    "resume_reset_patience": true,
    "max_train_batches": null,
    "max_eval_batches": null,
    "agcrn_lr": 0.003,
    "agcrn_embed_dim": 10,
    "agcrn_rnn_units": 64,
    "agcrn_num_layers": 2,
    "agcrn_cheb_k": 2,
    "fpem_backbone": "agcrn",
    "fpem_use_env_mask": true,
    "fpem_env_mask_hidden_dim": 64,
    "fpem_env_mask_temperature": 1.0,
    "fpem_env_mask_warmup_epochs": 5,
    "fpem_lambda_mask_sparse": 0.0005,
    "fpem_lambda_mask_entropy": 0.0005,
    "fpem_use_env_route": true,
    "fpem_env_route_k": 1,
    "fpem_env_route_head_mode": "concat_input",
    "fpem_env_route_mode": "confidence_mix",
    "fpem_env_route_use_inv_fallback_expert": false,
    "fpem_env_route_tau": 1.0,
    "fpem_env_route_oracle_tau": 0.3,
    "fpem_env_route_train_mode": "soft_oracle",
    "fpem_env_route_hidden_dim": 64,
    "fpem_env_route_warmup_epochs": 5,
    "fpem_env_route_lambda_final": 1.0,
    "fpem_env_route_lambda_global": 0.0,
    "fpem_env_route_lambda_route_soft": 0.5,
    "fpem_env_route_lambda_expert": 0.2,
    "fpem_env_route_lambda_router_oracle": 1.0,
    "fpem_env_route_lambda_balance": 0.0,
    "fpem_env_route_lambda_diverse": 0.0,
    "fpem_env_route_lambda_entropy": 0.0,
    "fpem_use_env_fusion": true,
    "fpem_lambda_inv_pred": 0.0,
    "fpem_hyper_alpha_mode": "sample_gate",
    "fpem_lambda_hyper_delta_norm": 0.0001,
    "fpem_use_future_mi": true,
    "fpem_lambda_future_mi": 0.02,
    "fpem_future_mi_target_mode": "env_encoder",
    "fpem_future_mi_warmup_epochs": 5,
    "fpem_future_mi_hidden_dim": 64,
    "fpem_future_mi_detach_target": true,
    "fpem_use_swap": true,
    "fpem_lambda_swap": 0.01,
    "fpem_swap_warmup_epochs": 30,
    "fpem_swap_margin": 0.01,
    "fpem_swap_gain_eta": 0.0,
    "fpem_swap_gain_tau": 0.05,
    "fpem_lambda_swap_diff": 1.0,
    "fpem_lambda_swap_same": 0.05,
    "fpem_swap_only_diff_route": true,
    "fpem_swap_detach_inv": true,
    "fpem_swap_detach_env": false,
    "fpem_use_swap_fallback_router_loss": true,
    "fpem_lambda_swap_fallback_router": 0.005,
    "fpem_swap_fallback_warmup_epochs": 30,
    "fpem_use_club_mi": true,
    "fpem_lambda_club_mi": 0.01,
    "fpem_use_confounder_extractor": true,
    "fpem_use_grad_consensus": false,
    "fpem_gc_pred_loss_only": true,
    "fpem_gc_inv_rho": 0.3,
    "fpem_gc_env_rho": 0.3,
    "fpem_gc_tau": 0.5,
    "fpem_gc_temp": 0.1,
    "fpem_gc_min_keep": 0.2,
    "fpem_gc_warmup_epochs": 10,
    "fpem_gc_route_min_samples": 2,
    "fpem_use_gradcompat_aux": false,
    "fpem_lambda_gradcompat_aux": 0.0,
    "git_commit": "1b38ed8",
    "log_dir": "/data/OuXiaoyu/STEVE_CODE/STEVE/experiments/NYCTaxi_TDS/fpem_agcrn_aligned_k1_noinv_full_seed2024"
  },
  "counts": {
    "train_total": 1680,
    "train_workday": 1200,
    "train_holiday": 480,
    "train_workday_holiday_ratio": 2.5,
    "val_total": 274,
    "val_workday": 178,
    "val_holiday": 96,
    "test_total": 546,
    "test_workday": 354,
    "test_holiday": 192
  },
  "resume_start_epoch": 1
}
{
  "args": {
    "seed": 2024,
    "device": "cuda:0",
    "mode": "train",
    "best_path": "/home/zhangwt/remote/StableST/experiments/NYCTaxi/20240510-014845/best_model.pth",
    "debug": false,
    "data_dir": "/data/OuXiaoyu/STEVE_CODE/STEVE/data",
    "dataset": "NYCTaxi_TDS",
    "input_length": 35,
    "batch_size": 16,
    "test_batch_size": 64,
    "graph_file": "/data/OuXiaoyu/STEVE_CODE/STEVE/data/NYCTaxi_TDS/adj_mx.npz",
    "num_nodes": 200,
    "len_closeness": 8,
    "len_period": 27,
    "len_trend": 0,
    "d_input": 2,
    "d_output": 2,
    "d_model": 64,
    "dropout": 0.1,
    "percent": 0.1,
    "shm_temp": 0.5,
    "nmb_prototype": 4,
    "yita": 0.5,
    "layers": 3,
    "K": 64,
    "bank_gamma": 0.2,
    "kw": 1,
    "mi_w": 2,
    "epochs": 100,
    "lr_init": 0.001,
    "early_stop": true,
    "early_stop_patience": 30,
    "grad_norm": true,
    "max_grad_norm": 5,
    "use_dwa": true,
    "temp": 2,
    "MMI": false,
    "lr_patience": 20,
    "lr_mode": "only",
    "use_RevIN": true,
    "ablation": "full",
    "config_filename": "/data/OuXiaoyu/STEVE_CODE/STEVE/configs/NYCTaxi.yaml",
    "model": "steve",
    "early_stop_test_avg_mae_epoch": 40,
    "early_stop_test_avg_mae_threshold": 12.0,
    "train_work_per_holiday": 2.5,
    "exp_name": "fpem_agcrn_aligned_k1_noinv_full_seed2024",
    "run_name": "fpem_agcrn_aligned_k1_noinv_full_seed2024",
    "result_root": "/data/OuXiaoyu/STEVE_CODE/STEVE/experiments/NYCTaxi_TDS",
    "resume": true,
    "resume_reset_patience": true,
    "max_train_batches": null,
    "max_eval_batches": null,
    "agcrn_lr": 0.003,
    "agcrn_embed_dim": 10,
    "agcrn_rnn_units": 64,
    "agcrn_num_layers": 2,
    "agcrn_cheb_k": 2,
    "fpem_backbone": "agcrn",
    "fpem_use_env_mask": true,
    "fpem_env_mask_hidden_dim": 64,
    "fpem_env_mask_temperature": 1.0,
    "fpem_env_mask_warmup_epochs": 5,
    "fpem_lambda_mask_sparse": 0.0005,
    "fpem_lambda_mask_entropy": 0.0005,
    "fpem_use_env_route": true,
    "fpem_env_route_k": 1,
    "fpem_env_route_head_mode": "concat_input",
    "fpem_env_route_mode": "confidence_mix",
    "fpem_env_route_use_inv_fallback_expert": false,
    "fpem_env_route_tau": 1.0,
    "fpem_env_route_oracle_tau": 0.3,
    "fpem_env_route_train_mode": "soft_oracle",
    "fpem_env_route_hidden_dim": 64,
    "fpem_env_route_warmup_epochs": 5,
    "fpem_env_route_lambda_final": 1.0,
    "fpem_env_route_lambda_global": 0.0,
    "fpem_env_route_lambda_route_soft": 0.5,
    "fpem_env_route_lambda_expert": 0.2,
    "fpem_env_route_lambda_router_oracle": 1.0,
    "fpem_env_route_lambda_balance": 0.0,
    "fpem_env_route_lambda_diverse": 0.0,
    "fpem_env_route_lambda_entropy": 0.0,
    "fpem_use_env_fusion": true,
    "fpem_lambda_inv_pred": 0.0,
    "fpem_hyper_alpha_mode": "sample_gate",
    "fpem_lambda_hyper_delta_norm": 0.0001,
    "fpem_use_future_mi": true,
    "fpem_lambda_future_mi": 0.02,
    "fpem_future_mi_target_mode": "env_encoder",
    "fpem_future_mi_warmup_epochs": 5,
    "fpem_future_mi_hidden_dim": 64,
    "fpem_future_mi_detach_target": true,
    "fpem_use_swap": true,
    "fpem_lambda_swap": 0.01,
    "fpem_swap_warmup_epochs": 30,
    "fpem_swap_margin": 0.01,
    "fpem_swap_gain_eta": 0.0,
    "fpem_swap_gain_tau": 0.05,
    "fpem_lambda_swap_diff": 1.0,
    "fpem_lambda_swap_same": 0.05,
    "fpem_swap_only_diff_route": true,
    "fpem_swap_detach_inv": true,
    "fpem_swap_detach_env": false,
    "fpem_use_swap_fallback_router_loss": true,
    "fpem_lambda_swap_fallback_router": 0.005,
    "fpem_swap_fallback_warmup_epochs": 30,
    "fpem_use_club_mi": true,
    "fpem_lambda_club_mi": 0.01,
    "fpem_use_confounder_extractor": true,
    "fpem_use_grad_consensus": false,
    "fpem_gc_pred_loss_only": true,
    "fpem_gc_inv_rho": 0.3,
    "fpem_gc_env_rho": 0.3,
    "fpem_gc_tau": 0.5,
    "fpem_gc_temp": 0.1,
    "fpem_gc_min_keep": 0.2,
    "fpem_gc_warmup_epochs": 10,
    "fpem_gc_route_min_samples": 2,
    "fpem_use_gradcompat_aux": false,
    "fpem_lambda_gradcompat_aux": 0.0,
    "git_commit": "1b38ed8",
    "log_dir": "/data/OuXiaoyu/STEVE_CODE/STEVE/experiments/NYCTaxi_TDS/fpem_agcrn_aligned_k1_noinv_full_seed2024"
  },
  "counts": {
    "train_total": 1680,
    "train_workday": 1200,
    "train_holiday": 480,
    "train_workday_holiday_ratio": 2.5,
    "val_total": 274,
    "val_workday": 178,
    "val_holiday": 96,
    "test_total": 546,
    "test_workday": 354,
    "test_holiday": 192
  },
  "resume_start_epoch": 1
}
EPOCH {"epoch": 1, "train_loss": 67.85152489798409, "val": {"loss": 55.24611968994141, "mae": 52.39533615112305, "mape": 1.0250048637390137}, "test_mixed": {"loss": 55.01651382446289, "mae": 54.84317398071289, "mape": 0.9879740476608276}, "test_workday": {"loss": 54.76060358683268, "mae": 54.96051788330078, "mape": 1.0182138681411743}, "test_holiday": {"loss": 55.422621409098305, "mae": 54.63969802856445, "mape": 0.9355347752571106}, "test_avg_mae": 54.80010795593262, "lr": 0.001, "fpem_logs": {"fpem/mask_loss": 0.0, "fpem/mask_sparse_loss": 0.0, "fpem/mask_entropy_loss": 0.0, "fpem/mask_entropy": 0.0, "fpem/mask_mean": 1.0, "fpem/mask_active_ratio": 1.0, "fpem/fusion_alpha_mean": 0.0, "fpem/fusion_alpha_std": 0.0, "fpem/fusion_alpha_min": 0.0, "fpem/fusion_alpha_max": 0.0, "fpem/env_route_loss": 0.0, "fpem/env_route_L_final": 0.0, "fpem/env_route_L_global": 0.0, "fpem/env_route_L_route_soft": 0.0, "fpem/env_route_L_expert": 0.0, "fpem/env_route_L_router_oracle": 0.0, "fpem/env_route_L_balance": 0.0, "fpem/env_route_L_diverse": 0.0, "fpem/env_route_entropy": 0.0, "fpem/env_route_q_max_mean": 0.0, "fpem/hyper_alpha_mean": 0.0, "fpem/hyper_delta_norm": 0.0, "fpem/fallback_q_mean": 0.0, "fpem/fallback_q_max": 0.0, "fpem/env_q_sum_mean": 0.0, "fpem/oracle_fallback_rate": 0.0, "fpem/route_count_fallback": 0.0, "fpem/env_route_head_mode": 0.0, "fpem/env_route_count_head_0": 0.0, "fpem/env_route_oracle_count_head_0": 0.0, "fpem/route_count_env_head_0": 0.0, "fpem/future_mi_loss": 0.0, "fpem/future_mi_valid": 0.0, "fpem/future_mi_logvar_mean": 0.0, "fpem/future_mi_target_mode_env_encoder": 0.0, "fpem/swap_loss": 0.0, "fpem/swap_diff_loss": 0.0, "fpem/swap_same_loss": 0.0, "fpem/swap_gain_mean": 0.0, "fpem/swap_s_gain_mean": 0.0, "fpem/swap_fallback_router_loss": 0.0, "fpem/swap_fallback_q_mean": 0.0, "fpem/club_fit_loss": -33.664915400459655, "fpem/club_upper": -4.2959466380519477e-05, "fpem/conf_basis_mean": 0.5171851334117707, "fpem/conf_basis_std": 0.6768415297780718, "fpem/conf_repr_mean": 0.45532366718564715, "fpem/conf_repr_std": 0.8227021387645177, "fpem/conf_temporal_attn_entropy": 3.555311918258667, "fpem/conf_basis_attn_entropy": 8.814611716497511, "fpem/conf_node_basis_attn_entropy": 2.0794374329703196, "fpem/primary_loss": 67.8515251886277, "fpem/inv_pred_loss": 67.8515251886277, "fpem/primary_uses_route": 0.0, "fpem/primary_uses_env_fusion": 0.0, "fpem/backbone_agcrn": 1.0, "fpem/gc_pred_loss_only": 1.0, "fpem/lambda_club_mi": 0.009999999776482582}}
EPOCH {"epoch": 2, "train_loss": 41.41171669732957, "val": {"loss": 116.94120635986329, "mae": 114.39464569091797, "mape": 3.790611743927002}, "test_mixed": {"loss": 115.28257581922743, "mae": 117.83283233642578, "mape": 3.718153476715088}, "test_workday": {"loss": 113.74611282348633, "mae": 116.76801300048828, "mape": 3.7071285247802734}, "test_holiday": {"loss": 118.28200785319011, "mae": 119.67938995361328, "mape": 3.7372725009918213}, "test_avg_mae": 118.22370147705078, "lr": 0.001, "fpem_logs": {"fpem/mask_loss": 0.0, "fpem/mask_sparse_loss": 0.0, "fpem/mask_entropy_loss": 0.0, "fpem/mask_entropy": 0.0, "fpem/mask_mean": 1.0, "fpem/mask_active_ratio": 1.0, "fpem/fusion_alpha_mean": 0.0, "fpem/fusion_alpha_std": 0.0, "fpem/fusion_alpha_min": 0.0, "fpem/fusion_alpha_max": 0.0, "fpem/env_route_loss": 0.0, "fpem/env_route_L_final": 0.0, "fpem/env_route_L_global": 0.0, "fpem/env_route_L_route_soft": 0.0, "fpem/env_route_L_expert": 0.0, "fpem/env_route_L_router_oracle": 0.0, "fpem/env_route_L_balance": 0.0, "fpem/env_route_L_diverse": 0.0, "fpem/env_route_entropy": 0.0, "fpem/env_route_q_max_mean": 0.0, "fpem/hyper_alpha_mean": 0.0, "fpem/hyper_delta_norm": 0.0, "fpem/fallback_q_mean": 0.0, "fpem/fallback_q_max": 0.0, "fpem/env_q_sum_mean": 0.0, "fpem/oracle_fallback_rate": 0.0, "fpem/route_count_fallback": 0.0, "fpem/env_route_head_mode": 0.0, "fpem/env_route_count_head_0": 0.0, "fpem/env_route_oracle_count_head_0": 0.0, "fpem/route_count_env_head_0": 0.0, "fpem/future_mi_loss": 0.0, "fpem/future_mi_valid": 0.0, "fpem/future_mi_logvar_mean": 0.0, "fpem/future_mi_target_mode_env_encoder": 0.0, "fpem/swap_loss": 0.0, "fpem/swap_diff_loss": 0.0, "fpem/swap_same_loss": 0.0, "fpem/swap_gain_mean": 0.0, "fpem/swap_s_gain_mean": 0.0, "fpem/swap_fallback_router_loss": 0.0, "fpem/swap_fallback_q_mean": 0.0, "fpem/club_fit_loss": 294.9691012064616, "fpem/club_upper": -0.2084295923112049, "fpem/conf_basis_mean": 0.5190781661442347, "fpem/conf_basis_std": 0.7279571135838826, "fpem/conf_repr_mean": 0.4011570578529721, "fpem/conf_repr_std": 1.8910199568385169, "fpem/conf_temporal_attn_entropy": 3.552746109735398, "fpem/conf_basis_attn_entropy": 8.56419787179856, "fpem/conf_node_basis_attn_entropy": 1.8862684783481416, "fpem/primary_loss": 41.413800884428476, "fpem/inv_pred_loss": 41.413800884428476, "fpem/primary_uses_route": 0.0, "fpem/primary_uses_env_fusion": 0.0, "fpem/backbone_agcrn": 1.0, "fpem/gc_pred_loss_only": 1.0, "fpem/lambda_club_mi": 0.009999999776482582}}
EPOCH {"epoch": 3, "train_loss": 33.16445561363584, "val": {"loss": 57.14359130859375, "mae": 52.89384078979492, "mape": 1.3760014772415161}, "test_mixed": {"loss": 56.295708126491974, "mae": 54.86541748046875, "mape": 1.346959114074707}, "test_workday": {"loss": 56.74870808919271, "mae": 55.56063461303711, "mape": 1.3541321754455566}, "test_holiday": {"loss": 55.3171501159668, "mae": 53.659847259521484, "mape": 1.3345202207565308}, "test_avg_mae": 54.6102409362793, "lr": 0.001, "fpem_logs": {"fpem/mask_loss": 0.0, "fpem/mask_sparse_loss": 0.0, "fpem/mask_entropy_loss": 0.0, "fpem/mask_entropy": 0.0, "fpem/mask_mean": 1.0, "fpem/mask_active_ratio": 1.0, "fpem/fusion_alpha_mean": 0.0, "fpem/fusion_alpha_std": 0.0, "fpem/fusion_alpha_min": 0.0, "fpem/fusion_alpha_max": 0.0, "fpem/env_route_loss": 0.0, "fpem/env_route_L_final": 0.0, "fpem/env_route_L_global": 0.0, "fpem/env_route_L_route_soft": 0.0, "fpem/env_route_L_expert": 0.0, "fpem/env_route_L_router_oracle": 0.0, "fpem/env_route_L_balance": 0.0, "fpem/env_route_L_diverse": 0.0, "fpem/env_route_entropy": 0.0, "fpem/env_route_q_max_mean": 0.0, "fpem/hyper_alpha_mean": 0.0, "fpem/hyper_delta_norm": 0.0, "fpem/fallback_q_mean": 0.0, "fpem/fallback_q_max": 0.0, "fpem/env_q_sum_mean": 0.0, "fpem/oracle_fallback_rate": 0.0, "fpem/route_count_fallback": 0.0, "fpem/env_route_head_mode": 0.0, "fpem/env_route_count_head_0": 0.0, "fpem/env_route_oracle_count_head_0": 0.0, "fpem/route_count_env_head_0": 0.0, "fpem/future_mi_loss": 0.0, "fpem/future_mi_valid": 0.0, "fpem/future_mi_logvar_mean": 0.0, "fpem/future_mi_target_mode_env_encoder": 0.0, "fpem/swap_loss": 0.0, "fpem/swap_diff_loss": 0.0, "fpem/swap_same_loss": 0.0, "fpem/swap_gain_mean": 0.0, "fpem/swap_s_gain_mean": 0.0, "fpem/swap_fallback_router_loss": 0.0, "fpem/swap_fallback_q_mean": 0.0, "fpem/club_fit_loss": 338.9832474481492, "fpem/club_upper": -0.6874048679357483, "fpem/conf_basis_mean": 0.4713136346567245, "fpem/conf_basis_std": 0.7773300511496407, "fpem/conf_repr_mean": 0.48949769196056186, "fpem/conf_repr_std": 3.8637437547956193, "fpem/conf_temporal_attn_entropy": 3.478897887184506, "fpem/conf_basis_attn_entropy": 7.435319796062651, "fpem/conf_node_basis_attn_entropy": 0.865112122467586, "fpem/primary_loss": 37.92793869745164, "fpem/inv_pred_loss": 37.92793869745164, "fpem/primary_uses_route": 0.0, "fpem/primary_uses_env_fusion": 0.0, "fpem/backbone_agcrn": 1.0, "fpem/gc_pred_loss_only": 1.0, "fpem/lambda_club_mi": 0.009999999776482582}}
EPOCH {"epoch": 4, "train_loss": 34.48641014099121, "val": {"loss": 47.51082763671875, "mae": 44.245338439941406, "mape": 1.0022547245025635}, "test_mixed": {"loss": 47.002735985649956, "mae": 46.41584014892578, "mape": 0.9926946759223938}, "test_workday": {"loss": 47.26533063252767, "mae": 46.80317306518555, "mape": 0.989488959312439}, "test_holiday": {"loss": 46.49283981323242, "mae": 45.744163513183594, "mape": 0.9982536435127258}, "test_avg_mae": 46.27366828918457, "lr": 0.001, "fpem_logs": {"fpem/mask_loss": 0.0, "fpem/mask_sparse_loss": 0.0, "fpem/mask_entropy_loss": 0.0, "fpem/mask_entropy": 0.0, "fpem/mask_mean": 1.0, "fpem/mask_active_ratio": 1.0, "fpem/fusion_alpha_mean": 0.0, "fpem/fusion_alpha_std": 0.0, "fpem/fusion_alpha_min": 0.0, "fpem/fusion_alpha_max": 0.0, "fpem/env_route_loss": 0.0, "fpem/env_route_L_final": 0.0, "fpem/env_route_L_global": 0.0, "fpem/env_route_L_route_soft": 0.0, "fpem/env_route_L_expert": 0.0, "fpem/env_route_L_router_oracle": 0.0, "fpem/env_route_L_balance": 0.0, "fpem/env_route_L_diverse": 0.0, "fpem/env_route_entropy": 0.0, "fpem/env_route_q_max_mean": 0.0, "fpem/hyper_alpha_mean": 0.0, "fpem/hyper_delta_norm": 0.0, "fpem/fallback_q_mean": 0.0, "fpem/fallback_q_max": 0.0, "fpem/env_q_sum_mean": 0.0, "fpem/oracle_fallback_rate": 0.0, "fpem/route_count_fallback": 0.0, "fpem/env_route_head_mode": 0.0, "fpem/env_route_count_head_0": 0.0, "fpem/env_route_oracle_count_head_0": 0.0, "fpem/route_count_env_head_0": 0.0, "fpem/future_mi_loss": 0.0, "fpem/future_mi_valid": 0.0, "fpem/future_mi_logvar_mean": 0.0, "fpem/future_mi_target_mode_env_encoder": 0.0, "fpem/swap_loss": 0.0, "fpem/swap_diff_loss": 0.0, "fpem/swap_same_loss": 0.0, "fpem/swap_gain_mean": 0.0, "fpem/swap_s_gain_mean": 0.0, "fpem/swap_fallback_router_loss": 0.0, "fpem/swap_fallback_q_mean": 0.0, "fpem/club_fit_loss": 459.40831415085563, "fpem/club_upper": -0.1716244806214014, "fpem/conf_basis_mean": 0.40368571707180567, "fpem/conf_basis_std": 0.7493148553939093, "fpem/conf_repr_mean": 0.5275336694149744, "fpem/conf_repr_std": 5.22297063327971, "fpem/conf_temporal_attn_entropy": 3.465186305273147, "fpem/conf_basis_attn_entropy": 7.2187771888006305, "fpem/conf_node_basis_attn_entropy": 0.9593720549628848, "fpem/primary_loss": 35.47641203744071, "fpem/inv_pred_loss": 35.47641203744071, "fpem/primary_uses_route": 0.0, "fpem/primary_uses_env_fusion": 0.0, "fpem/backbone_agcrn": 1.0, "fpem/gc_pred_loss_only": 1.0, "fpem/lambda_club_mi": 0.009999999776482582}}
EPOCH {"epoch": 5, "train_loss": 117.75631125313895, "val": {"loss": 29.913335418701173, "mae": 27.931882858276367, "mape": 0.43958574533462524}, "test_mixed": {"loss": 30.34294679429796, "mae": 29.42432975769043, "mape": 0.4339269697666168}, "test_workday": {"loss": 31.540117899576824, "mae": 30.486583709716797, "mape": 0.4484475553035736}, "test_holiday": {"loss": 27.950565973917644, "mae": 27.5822696685791, "mape": 0.40874651074409485}, "test_avg_mae": 29.03442668914795, "lr": 0.001, "fpem_logs": {"fpem/mask_loss": 0.0, "fpem/mask_sparse_loss": 0.0, "fpem/mask_entropy_loss": 0.0, "fpem/mask_entropy": 0.0, "fpem/mask_mean": 1.0, "fpem/mask_active_ratio": 1.0, "fpem/fusion_alpha_mean": 0.006997422988656798, "fpem/fusion_alpha_std": 0.006012545316843898, "fpem/fusion_alpha_min": 0.0015897930816880122, "fpem/fusion_alpha_max": 0.023935995601987954, "fpem/env_route_loss": 81.64539526076544, "fpem/env_route_L_final": 33.346833601452055, "fpem/env_route_L_global": 33.143311800275534, "fpem/env_route_L_route_soft": 68.48067023867652, "fpem/env_route_L_expert": 70.29113086518787, "fpem/env_route_L_router_oracle": 0.0, "fpem/env_route_L_balance": 0.0, "fpem/env_route_L_diverse": 0.0, "fpem/env_route_entropy": 0.0, "fpem/env_route_q_max_mean": 1.0, "fpem/env_route_train_mode_gradient_compat": 0.0, "fpem/env_route_gradient_compat_aux": 0.0, "fpem/hyper_alpha_mean": 0.0, "fpem/hyper_delta_norm": 0.0, "fpem/fallback_q_mean": 0.0, "fpem/fallback_q_max": 0.0, "fpem/env_q_sum_mean": 0.0, "fpem/oracle_fallback_rate": 0.0, "fpem/route_count_fallback": 0.0, "fpem/env_route_head_mode": 0.0, "fpem/env_route_count_head_0": 16.0, "fpem/env_route_oracle_count_head_0": 16.0, "fpem/route_count_env_head_0": 16.0, "fpem/future_mi_loss": 173.8262778267974, "fpem/future_mi_valid": 1.0, "fpem/future_mi_logvar_mean": 0.3359029450586864, "fpem/future_mi_target_mode_env_encoder": 1.0, "fpem/swap_loss": 0.0, "fpem/swap_diff_loss": 0.0, "fpem/swap_same_loss": 0.0, "fpem/swap_gain_mean": 0.0, "fpem/swap_s_gain_mean": 0.0, "fpem/swap_fallback_router_loss": 0.0, "fpem/swap_fallback_q_mean": 0.0, "fpem/club_fit_loss": 108.05776563371931, "fpem/club_upper": 0.21208157617421378, "fpem/conf_basis_mean": 0.4290533502896627, "fpem/conf_basis_std": 0.7971435541198367, "fpem/conf_repr_mean": -0.17578411084167392, "fpem/conf_repr_std": 1.6985273645037697, "fpem/conf_temporal_attn_entropy": 3.5285043852669853, "fpem/conf_basis_attn_entropy": 6.503020972297305, "fpem/conf_node_basis_attn_entropy": 0.8449970824377877, "fpem/primary_loss": 33.346833601452055, "fpem/inv_pred_loss": 33.143311800275534, "fpem/primary_uses_route": 1.0, "fpem/primary_uses_env_fusion": 1.0, "fpem/backbone_agcrn": 1.0, "fpem/gc_pred_loss_only": 1.0, "fpem/lambda_club_mi": 0.009999999776482582}}
EPOCH {"epoch": 6, "train_loss": 57.017094167073566, "val": {"loss": 28.361535263061523, "mae": 26.37797737121582, "mape": 0.4042324125766754}, "test_mixed": {"loss": 28.696275922987198, "mae": 27.8322696685791, "mape": 0.40558579564094543}, "test_workday": {"loss": 29.840895016988117, "mae": 28.872791290283203, "mape": 0.4137081205844879}, "test_holiday": {"loss": 26.406230926513672, "mae": 26.027891159057617, "mape": 0.3915007412433624}, "test_avg_mae": 27.45034122467041, "lr": 0.001, "fpem_logs": {"fpem/mask_loss": 0.0, "fpem/mask_sparse_loss": 0.0, "fpem/mask_entropy_loss": 0.0, "fpem/mask_entropy": 0.0, "fpem/mask_mean": 1.0, "fpem/mask_active_ratio": 1.0, "fpem/fusion_alpha_mean": 0.009094457438082567, "fpem/fusion_alpha_std": 0.0076326481138710815, "fpem/fusion_alpha_min": 0.001736522920518404, "fpem/fusion_alpha_max": 0.030399557160923168, "fpem/env_route_loss": 57.00138077508836, "fpem/env_route_L_final": 30.91198901221866, "fpem/env_route_L_global": 30.918819790794736, "fpem/env_route_L_route_soft": 36.73279186430432, "fpem/env_route_L_expert": 38.614978190830776, "fpem/env_route_L_router_oracle": 0.0, "fpem/env_route_L_balance": 0.0, "fpem/env_route_L_diverse": 0.0, "fpem/env_route_entropy": 0.0, "fpem/env_route_q_max_mean": 1.0, "fpem/env_route_train_mode_gradient_compat": 0.0, "fpem/env_route_gradient_compat_aux": 0.0, "fpem/hyper_alpha_mean": 0.0, "fpem/hyper_delta_norm": 0.0, "fpem/fallback_q_mean": 0.0, "fpem/fallback_q_max": 0.0, "fpem/env_q_sum_mean": 0.0, "fpem/oracle_fallback_rate": 0.0, "fpem/route_count_fallback": 0.0, "fpem/env_route_head_mode": 0.0, "fpem/env_route_count_head_0": 16.0, "fpem/env_route_oracle_count_head_0": 16.0, "fpem/route_count_env_head_0": 16.0, "fpem/future_mi_loss": 0.06825056448800577, "fpem/future_mi_valid": 1.0, "fpem/future_mi_logvar_mean": -0.7905964567547753, "fpem/future_mi_target_mode_env_encoder": 1.0, "fpem/swap_loss": 0.0, "fpem/swap_diff_loss": 0.0, "fpem/swap_same_loss": 0.0, "fpem/swap_gain_mean": 0.0, "fpem/swap_s_gain_mean": 0.0, "fpem/swap_fallback_router_loss": 0.0, "fpem/swap_fallback_q_mean": 0.0, "fpem/club_fit_loss": -42.93529011408488, "fpem/club_upper": 1.4348435197557723, "fpem/conf_basis_mean": 0.4219917558488392, "fpem/conf_basis_std": 0.7993967249279931, "fpem/conf_repr_mean": -0.2799198011557261, "fpem/conf_repr_std": 1.2331488484428041, "fpem/conf_temporal_attn_entropy": 3.54747249966576, "fpem/conf_basis_attn_entropy": 5.907018965766543, "fpem/conf_node_basis_attn_entropy": 0.9211492527098882, "fpem/primary_loss": 30.91198901221866, "fpem/inv_pred_loss": 30.918819790794736, "fpem/primary_uses_route": 1.0, "fpem/primary_uses_env_fusion": 1.0, "fpem/backbone_agcrn": 1.0, "fpem/gc_pred_loss_only": 1.0, "fpem/lambda_club_mi": 0.009999999776482582}}
EPOCH {"epoch": 7, "train_loss": 86.63486110142298, "val": {"loss": 26.593463897705078, "mae": 24.47232437133789, "mape": 0.39058470726013184}, "test_mixed": {"loss": 26.24980905320909, "mae": 25.529510498046875, "mape": 0.3804120719432831}, "test_workday": {"loss": 27.109631538391113, "mae": 26.298994064331055, "mape": 0.38344305753707886}, "test_holiday": {"loss": 24.568700154622395, "mae": 24.195138931274414, "mape": 0.3751560151576996}, "test_avg_mae": 25.247066497802734, "lr": 0.001, "fpem_logs": {"fpem/mask_loss": 0.0, "fpem/mask_sparse_loss": 0.0, "fpem/mask_entropy_loss": 0.0, "fpem/mask_entropy": 0.0, "fpem/mask_mean": 1.0, "fpem/mask_active_ratio": 1.0, "fpem/fusion_alpha_mean": 0.017066961908269496, "fpem/fusion_alpha_std": 0.013984259408676909, "fpem/fusion_alpha_min": 0.00342230546909074, "fpem/fusion_alpha_max": 0.05678465274561729, "fpem/env_route_loss": 52.35852552141462, "fpem/env_route_L_final": 28.807270685831707, "fpem/env_route_L_global": 28.805006608508883, "fpem/env_route_L_route_soft": 33.22972112383161, "fpem/env_route_L_expert": 34.681971050444105, "fpem/env_route_L_router_oracle": 0.0, "fpem/env_route_L_balance": 0.0, "fpem/env_route_L_diverse": 0.0, "fpem/env_route_entropy": 0.0, "fpem/env_route_q_max_mean": 1.0, "fpem/env_route_train_mode_gradient_compat": 0.0, "fpem/env_route_gradient_compat_aux": 0.0, "fpem/hyper_alpha_mean": 0.0, "fpem/hyper_delta_norm": 0.0, "fpem/fallback_q_mean": 0.0, "fpem/fallback_q_max": 0.0, "fpem/env_q_sum_mean": 0.0, "fpem/oracle_fallback_rate": 0.0, "fpem/route_count_fallback": 0.0, "fpem/env_route_head_mode": 0.0, "fpem/env_route_count_head_0": 16.0, "fpem/env_route_oracle_count_head_0": 16.0, "fpem/route_count_env_head_0": 16.0, "fpem/future_mi_loss": -0.45106470783551533, "fpem/future_mi_valid": 1.0, "fpem/future_mi_logvar_mean": -1.6646109569640386, "fpem/future_mi_target_mode_env_encoder": 1.0, "fpem/swap_loss": 0.0, "fpem/swap_diff_loss": 0.0, "fpem/swap_same_loss": 0.0, "fpem/swap_gain_mean": 0.0, "fpem/swap_s_gain_mean": 0.0, "fpem/swap_fallback_router_loss": 0.0, "fpem/swap_fallback_q_mean": 0.0, "fpem/club_fit_loss": -59.78496834891183, "fpem/club_upper": 1.8756346259798322, "fpem/conf_basis_mean": 0.41887685911996025, "fpem/conf_basis_std": 0.7993120221864609, "fpem/conf_repr_mean": -0.2933364328883943, "fpem/conf_repr_std": 1.1755693957919167, "fpem/conf_temporal_attn_entropy": 3.5462108929951985, "fpem/conf_basis_attn_entropy": 5.686146772475469, "fpem/conf_node_basis_attn_entropy": 0.9214178017207555, "fpem/primary_loss": 28.807270685831707, "fpem/inv_pred_loss": 28.805006608508883, "fpem/primary_uses_route": 1.0, "fpem/primary_uses_env_fusion": 1.0, "fpem/backbone_agcrn": 1.0, "fpem/gc_pred_loss_only": 1.0, "fpem/lambda_club_mi": 0.009999999776482582}}
EPOCH {"epoch": 8, "train_loss": 68.42457311721076, "val": {"loss": 22.912068939208986, "mae": 21.156330108642578, "mape": 0.3956295847892761}, "test_mixed": {"loss": 23.279122670491535, "mae": 22.577144622802734, "mape": 0.40709981322288513}, "test_workday": {"loss": 23.771601676940918, "mae": 22.973575592041016, "mape": 0.41286054253578186}, "test_holiday": {"loss": 22.316394170125324, "mae": 21.88968849182129, "mape": 0.39711007475852966}, "test_avg_mae": 22.431632041931152, "lr": 0.001, "fpem_logs": {"fpem/mask_loss": 0.0, "fpem/mask_sparse_loss": 0.0, "fpem/mask_entropy_loss": 0.0, "fpem/mask_entropy": 0.0, "fpem/mask_mean": 1.0, "fpem/mask_active_ratio": 1.0, "fpem/fusion_alpha_mean": 0.02664236788238798, "fpem/fusion_alpha_std": 0.018486513941925728, "fpem/fusion_alpha_min": 0.006522435138772597, "fpem/fusion_alpha_max": 0.07769084607162291, "fpem/env_route_loss": 46.412324632917134, "fpem/env_route_L_final": 25.358755783807663, "fpem/env_route_L_global": 25.36484253292992, "fpem/env_route_L_route_soft": 29.717154766264414, "fpem/env_route_L_expert": 30.974956566946847, "fpem/env_route_L_router_oracle": 0.0, "fpem/env_route_L_balance": 0.0, "fpem/env_route_L_diverse": 0.0, "fpem/env_route_entropy": 0.0, "fpem/env_route_q_max_mean": 1.0, "fpem/env_route_train_mode_gradient_compat": 0.0, "fpem/env_route_gradient_compat_aux": 0.0, "fpem/hyper_alpha_mean": 0.0, "fpem/hyper_delta_norm": 0.0, "fpem/fallback_q_mean": 0.0, "fpem/fallback_q_max": 0.0, "fpem/env_q_sum_mean": 0.0, "fpem/oracle_fallback_rate": 0.0, "fpem/route_count_fallback": 0.0, "fpem/env_route_head_mode": 0.0, "fpem/env_route_count_head_0": 16.0, "fpem/env_route_oracle_count_head_0": 16.0, "fpem/route_count_env_head_0": 16.0, "fpem/future_mi_loss": -0.6538319840317681, "fpem/future_mi_valid": 1.0, "fpem/future_mi_logvar_mean": -2.1190215984980267, "fpem/future_mi_target_mode_env_encoder": 1.0, "fpem/swap_loss": 0.0, "fpem/swap_diff_loss": 0.0, "fpem/swap_same_loss": 0.0, "fpem/swap_gain_mean": 0.0, "fpem/swap_s_gain_mean": 0.0, "fpem/swap_fallback_router_loss": 0.0, "fpem/swap_fallback_q_mean": 0.0, "fpem/club_fit_loss": -60.18052629743303, "fpem/club_upper": 1.326197708220709, "fpem/conf_basis_mean": 0.41818275990940273, "fpem/conf_basis_std": 0.8005274063064939, "fpem/conf_repr_mean": -0.28960476631209964, "fpem/conf_repr_std": 1.1214559759412492, "fpem/conf_temporal_attn_entropy": 3.538175930295672, "fpem/conf_basis_attn_entropy": 5.509237920670282, "fpem/conf_node_basis_attn_entropy": 0.9215236873853774, "fpem/primary_loss": 25.358755783807663, "fpem/inv_pred_loss": 25.36484253292992, "fpem/primary_uses_route": 1.0, "fpem/primary_uses_env_fusion": 1.0, "fpem/backbone_agcrn": 1.0, "fpem/gc_pred_loss_only": 1.0, "fpem/lambda_club_mi": 0.009999999776482582}}
EPOCH {"epoch": 9, "train_loss": 61.549184744698664, "val": {"loss": 20.120119857788087, "mae": 18.99457550048828, "mape": 0.28219252824783325}, "test_mixed": {"loss": 19.29334831237793, "mae": 19.096206665039062, "mape": 0.27323460578918457}, "test_workday": {"loss": 19.421451568603516, "mae": 19.209186553955078, "mape": 0.2774200439453125}, "test_holiday": {"loss": 19.146155675252277, "mae": 18.900287628173828, "mape": 0.2659766376018524}, "test_avg_mae": 19.054737091064453, "lr": 0.001, "fpem_logs": {"fpem/mask_loss": 0.0, "fpem/mask_sparse_loss": 0.0, "fpem/mask_entropy_loss": 0.0, "fpem/mask_entropy": 0.0, "fpem/mask_mean": 1.0, "fpem/mask_active_ratio": 1.0, "fpem/fusion_alpha_mean": 0.05709698185507607, "fpem/fusion_alpha_std": 0.05080553424500284, "fpem/fusion_alpha_min": 0.012244485032819543, "fpem/fusion_alpha_max": 0.2000459502783737, "fpem/env_route_loss": 40.37473929268973, "fpem/env_route_L_final": 21.639973195393882, "fpem/env_route_L_global": 21.688928531465077, "fpem/env_route_L_route_soft": 26.45572162809826, "fpem/env_route_L_expert": 27.53452653430757, "fpem/env_route_L_router_oracle": 0.0, "fpem/env_route_L_balance": 0.0, "fpem/env_route_L_diverse": 0.0, "fpem/env_route_entropy": 0.0, "fpem/env_route_q_max_mean": 1.0, "fpem/env_route_train_mode_gradient_compat": 0.0, "fpem/env_route_gradient_compat_aux": 0.0, "fpem/hyper_alpha_mean": 0.0, "fpem/hyper_delta_norm": 0.0, "fpem/fallback_q_mean": 0.0, "fpem/fallback_q_max": 0.0, "fpem/env_q_sum_mean": 0.0, "fpem/oracle_fallback_rate": 0.0, "fpem/route_count_fallback": 0.0, "fpem/env_route_head_mode": 0.0, "fpem/env_route_count_head_0": 16.0, "fpem/env_route_oracle_count_head_0": 16.0, "fpem/route_count_env_head_0": 16.0, "fpem/future_mi_loss": -0.7822564556485131, "fpem/future_mi_valid": 1.0, "fpem/future_mi_logvar_mean": -2.311200507481893, "fpem/future_mi_target_mode_env_encoder": 1.0, "fpem/swap_loss": 0.0, "fpem/swap_diff_loss": 0.0, "fpem/swap_same_loss": 0.0, "fpem/swap_gain_mean": 0.0, "fpem/swap_s_gain_mean": 0.0, "fpem/swap_fallback_router_loss": 0.0, "fpem/swap_fallback_q_mean": 0.0, "fpem/club_fit_loss": -60.470230066208615, "fpem/club_upper": 0.737315528449558, "fpem/conf_basis_mean": 0.41651910344759624, "fpem/conf_basis_std": 0.7995262316295079, "fpem/conf_repr_mean": -0.2841957146213168, "fpem/conf_repr_std": 1.06255065373012, "fpem/conf_temporal_attn_entropy": 3.519279822849092, "fpem/conf_basis_attn_entropy": 5.217079326084682, "fpem/conf_node_basis_attn_entropy": 0.9217962435313634, "fpem/primary_loss": 21.639973195393882, "fpem/inv_pred_loss": 21.688928531465077, "fpem/primary_uses_route": 1.0, "fpem/primary_uses_env_fusion": 1.0, "fpem/backbone_agcrn": 1.0, "fpem/gc_pred_loss_only": 1.0, "fpem/lambda_club_mi": 0.009999999776482582}}
EPOCH {"epoch": 10, "train_loss": 54.10592753092448, "val": {"loss": 17.41692199707031, "mae": 16.392980575561523, "mape": 0.27832111716270447}, "test_mixed": {"loss": 17.656986872355144, "mae": 17.328889846801758, "mape": 0.28056108951568604}, "test_workday": {"loss": 17.834280014038086, "mae": 17.443138122558594, "mape": 0.2846711575984955}, "test_holiday": {"loss": 17.329776763916016, "mae": 17.130769729614258, "mape": 0.27343374490737915}, "test_avg_mae": 17.286953926086426, "lr": 0.001, "fpem_logs": {"fpem/mask_loss": 0.0, "fpem/mask_sparse_loss": 0.0, "fpem/mask_entropy_loss": 0.0, "fpem/mask_entropy": 0.0, "fpem/mask_mean": 1.0, "fpem/mask_active_ratio": 1.0, "fpem/fusion_alpha_mean": 0.0002868788111733184, "fpem/fusion_alpha_std": 0.00032462530389672055, "fpem/fusion_alpha_min": 5.3985333267649235e-05, "fpem/fusion_alpha_max": 0.0013174111472575793, "fpem/env_route_loss": 35.57709508623395, "fpem/env_route_L_final": 19.06713795434861, "fpem/env_route_L_global": 19.067586199442545, "fpem/env_route_L_route_soft": 23.32763482956659, "fpem/env_route_L_expert": 24.23069950285412, "fpem/env_route_L_router_oracle": 0.0, "fpem/env_route_L_balance": 0.0, "fpem/env_route_L_diverse": 0.0, "fpem/env_route_entropy": 0.0, "fpem/env_route_q_max_mean": 1.0, "fpem/env_route_train_mode_gradient_compat": 0.0, "fpem/env_route_gradient_compat_aux": 0.0, "fpem/hyper_alpha_mean": 0.0, "fpem/hyper_delta_norm": 0.0, "fpem/fallback_q_mean": 0.0, "fpem/fallback_q_max": 0.0, "fpem/env_q_sum_mean": 0.0, "fpem/oracle_fallback_rate": 0.0, "fpem/route_count_fallback": 0.0, "fpem/env_route_head_mode": 0.0, "fpem/env_route_count_head_0": 16.0, "fpem/env_route_oracle_count_head_0": 16.0, "fpem/route_count_env_head_0": 16.0, "fpem/future_mi_loss": -1.0453716380255562, "fpem/future_mi_valid": 1.0, "fpem/future_mi_logvar_mean": -2.787300314222063, "fpem/future_mi_target_mode_env_encoder": 1.0, "fpem/swap_loss": 0.0, "fpem/swap_diff_loss": 0.0, "fpem/swap_same_loss": 0.0, "fpem/swap_gain_mean": 0.0, "fpem/swap_s_gain_mean": 0.0, "fpem/swap_fallback_router_loss": 0.0, "fpem/swap_fallback_q_mean": 0.0, "fpem/club_fit_loss": -61.786851901099794, "fpem/club_upper": 0.4307725673630124, "fpem/conf_basis_mean": 0.41485001160984947, "fpem/conf_basis_std": 0.7994212843122936, "fpem/conf_repr_mean": -0.28641331593195596, "fpem/conf_repr_std": 1.0098090347789583, "fpem/conf_temporal_attn_entropy": 3.5106969152178085, "fpem/conf_basis_attn_entropy": 5.164631053379604, "fpem/conf_node_basis_attn_entropy": 0.9188325161025638, "fpem/primary_loss": 19.06713795434861, "fpem/inv_pred_loss": 19.067586199442545, "fpem/primary_uses_route": 1.0, "fpem/primary_uses_env_fusion": 1.0, "fpem/backbone_agcrn": 1.0, "fpem/gc_pred_loss_only": 1.0, "fpem/lambda_club_mi": 0.009999999776482582}}
EPOCH {"epoch": 11, "train_loss": 49.70115886869885, "val": {"loss": 16.17003650665283, "mae": 15.409163475036621, "mape": 0.25728321075439453}, "test_mixed": {"loss": 16.107152197096084, "mae": 15.963085174560547, "mape": 0.2560116946697235}, "test_workday": {"loss": 16.047808170318604, "mae": 15.887492179870605, "mape": 0.25788143277168274}, "test_holiday": {"loss": 16.275053024291992, "mae": 16.09416961669922, "mape": 0.2527693808078766}, "test_avg_mae": 15.990830898284912, "lr": 0.001, "fpem_logs": {"fpem/mask_loss": 0.0, "fpem/mask_sparse_loss": 0.0, "fpem/mask_entropy_loss": 0.0, "fpem/mask_entropy": 0.0, "fpem/mask_mean": 1.0, "fpem/mask_active_ratio": 1.0, "fpem/fusion_alpha_mean": 0.00036011119442437556, "fpem/fusion_alpha_std": 0.0003787744110533302, "fpem/fusion_alpha_min": 7.116280037388649e-05, "fpem/fusion_alpha_max": 0.0015338605940563694, "fpem/env_route_loss": 32.6297426314581, "fpem/env_route_L_final": 17.440096691676548, "fpem/env_route_L_global": 17.440467080615814, "fpem/env_route_L_route_soft": 21.470889790852866, "fpem/env_route_L_expert": 22.271005140032088, "fpem/env_route_L_router_oracle": 0.0, "fpem/env_route_L_balance": 0.0, "fpem/env_route_L_diverse": 0.0, "fpem/env_route_entropy": 0.0, "fpem/env_route_q_max_mean": 1.0, "fpem/env_route_train_mode_gradient_compat": 0.0, "fpem/env_route_gradient_compat_aux": 0.0, "fpem/hyper_alpha_mean": 0.0, "fpem/hyper_delta_norm": 0.0, "fpem/fallback_q_mean": 0.0, "fpem/fallback_q_max": 0.0, "fpem/env_q_sum_mean": 0.0, "fpem/oracle_fallback_rate": 0.0, "fpem/route_count_fallback": 0.0, "fpem/env_route_head_mode": 0.0, "fpem/env_route_count_head_0": 16.0, "fpem/env_route_oracle_count_head_0": 16.0, "fpem/route_count_env_head_0": 16.0, "fpem/future_mi_loss": -1.1276602728026255, "fpem/future_mi_valid": 1.0, "fpem/future_mi_logvar_mean": -2.983512192680722, "fpem/future_mi_target_mode_env_encoder": 1.0, "fpem/swap_loss": 0.0, "fpem/swap_diff_loss": 0.0, "fpem/swap_same_loss": 0.0, "fpem/swap_gain_mean": 0.0, "fpem/swap_s_gain_mean": 0.0, "fpem/swap_fallback_router_loss": 0.0, "fpem/swap_fallback_q_mean": 0.0, "fpem/club_fit_loss": -62.26775607154483, "fpem/club_upper": 0.29924801318418415, "fpem/conf_basis_mean": 0.41500066462017243, "fpem/conf_basis_std": 0.7995914811179752, "fpem/conf_repr_mean": -0.2869609534740448, "fpem/conf_repr_std": 0.976154184909094, "fpem/conf_temporal_attn_entropy": 3.500647329148792, "fpem/conf_basis_attn_entropy": 5.141743196759905, "fpem/conf_node_basis_attn_entropy": 0.9171914429891677, "fpem/primary_loss": 17.440096691676548, "fpem/inv_pred_loss": 17.440467080615814, "fpem/primary_uses_route": 1.0, "fpem/primary_uses_env_fusion": 1.0, "fpem/backbone_agcrn": 1.0, "fpem/gc_pred_loss_only": 1.0, "fpem/lambda_club_mi": 0.009999999776482582}}
EPOCH {"epoch": 12, "train_loss": 47.29447867983863, "val": {"loss": 15.716317749023437, "mae": 15.0005464553833, "mape": 0.24455572664737701}, "test_mixed": {"loss": 15.732796563042534, "mae": 15.555789947509766, "mape": 0.24495571851730347}, "test_workday": {"loss": 15.697882652282715, "mae": 15.506779670715332, "mape": 0.24829664826393127}, "test_holiday": {"loss": 15.823668162027994, "mae": 15.64078140258789, "mape": 0.23916208744049072}, "test_avg_mae": 15.573780536651611, "lr": 0.001, "fpem_logs": {"fpem/mask_loss": 0.0, "fpem/mask_sparse_loss": 0.0, "fpem/mask_entropy_loss": 0.0, "fpem/mask_entropy": 0.0, "fpem/mask_mean": 1.0, "fpem/mask_active_ratio": 1.0, "fpem/fusion_alpha_mean": 0.0004889655323322153, "fpem/fusion_alpha_std": 0.00044056092218462646, "fpem/fusion_alpha_min": 0.00011485049250214139, "fpem/fusion_alpha_max": 0.0017891182165060725, "fpem/env_route_loss": 31.01056177048456, "fpem/env_route_L_final": 16.550407464163644, "fpem/env_route_L_global": 16.55096793401809, "fpem/env_route_L_route_soft": 20.436420604160855, "fpem/env_route_L_expert": 21.20971894037156, "fpem/env_route_L_router_oracle": 0.0, "fpem/env_route_L_balance": 0.0, "fpem/env_route_L_diverse": 0.0, "fpem/env_route_entropy": 0.0, "fpem/env_route_q_max_mean": 1.0, "fpem/env_route_train_mode_gradient_compat": 0.0, "fpem/env_route_gradient_compat_aux": 0.0, "fpem/hyper_alpha_mean": 0.0, "fpem/hyper_delta_norm": 0.0, "fpem/fallback_q_mean": 0.0, "fpem/fallback_q_max": 0.0, "fpem/env_q_sum_mean": 0.0, "fpem/oracle_fallback_rate": 0.0, "fpem/route_count_fallback": 0.0, "fpem/env_route_head_mode": 0.0, "fpem/env_route_count_head_0": 16.0, "fpem/env_route_oracle_count_head_0": 16.0, "fpem/route_count_env_head_0": 16.0, "fpem/future_mi_loss": -1.247035417102632, "fpem/future_mi_valid": 1.0, "fpem/future_mi_logvar_mean": -3.209675287065052, "fpem/future_mi_target_mode_env_encoder": 1.0, "fpem/swap_loss": 0.0, "fpem/swap_diff_loss": 0.0, "fpem/swap_same_loss": 0.0, "fpem/swap_gain_mean": 0.0, "fpem/swap_s_gain_mean": 0.0, "fpem/swap_fallback_router_loss": 0.0, "fpem/swap_fallback_q_mean": 0.0, "fpem/club_fit_loss": -62.54699231102353, "fpem/club_upper": 0.21493384199483054, "fpem/conf_basis_mean": 0.41621150573094684, "fpem/conf_basis_std": 0.7995585662978036, "fpem/conf_repr_mean": -0.2912748722803025, "fpem/conf_repr_std": 0.9475247962134224, "fpem/conf_temporal_attn_entropy": 3.4875890391213553, "fpem/conf_basis_attn_entropy": 5.044207908993676, "fpem/conf_node_basis_attn_entropy": 0.9131151891890026, "fpem/primary_loss": 16.550407464163644, "fpem/inv_pred_loss": 16.55096793401809, "fpem/primary_uses_route": 1.0, "fpem/primary_uses_env_fusion": 1.0, "fpem/backbone_agcrn": 1.0, "fpem/gc_pred_loss_only": 1.0, "fpem/lambda_club_mi": 0.009999999776482582}}
{
  "args": {
    "seed": 2024,
    "device": "cuda:0",
    "mode": "train",
    "best_path": "/home/zhangwt/remote/StableST/experiments/NYCTaxi/20240510-014845/best_model.pth",
    "debug": false,
    "data_dir": "/data/OuXiaoyu/STEVE_CODE/STEVE/data",
    "dataset": "NYCTaxi_TDS",
    "input_length": 35,
    "batch_size": 16,
    "test_batch_size": 64,
    "graph_file": "/data/OuXiaoyu/STEVE_CODE/STEVE/data/NYCTaxi_TDS/adj_mx.npz",
    "num_nodes": 200,
    "len_closeness": 8,
    "len_period": 27,
    "len_trend": 0,
    "d_input": 2,
    "d_output": 2,
    "d_model": 64,
    "dropout": 0.1,
    "percent": 0.1,
    "shm_temp": 0.5,
    "nmb_prototype": 4,
    "yita": 0.5,
    "layers": 3,
    "K": 64,
    "bank_gamma": 0.2,
    "kw": 1,
    "mi_w": 2,
    "epochs": 100,
    "lr_init": 0.001,
    "early_stop": true,
    "early_stop_patience": 30,
    "grad_norm": true,
    "max_grad_norm": 5,
    "use_dwa": true,
    "temp": 2,
    "MMI": false,
    "lr_patience": 20,
    "lr_mode": "only",
    "use_RevIN": true,
    "ablation": "full",
    "config_filename": "/data/OuXiaoyu/STEVE_CODE/STEVE/configs/NYCTaxi.yaml",
    "model": "steve",
    "early_stop_test_avg_mae_epoch": 40,
    "early_stop_test_avg_mae_threshold": 12.0,
    "train_work_per_holiday": 2.5,
    "exp_name": "fpem_agcrn_aligned_k1_noinv_full_seed2024",
    "run_name": "fpem_agcrn_aligned_k1_noinv_full_seed2024",
    "result_root": "/data/OuXiaoyu/STEVE_CODE/STEVE/experiments/NYCTaxi_TDS",
    "resume": true,
    "resume_reset_patience": true,
    "max_train_batches": null,
    "max_eval_batches": null,
    "agcrn_lr": 0.003,
    "agcrn_embed_dim": 10,
    "agcrn_rnn_units": 64,
    "agcrn_num_layers": 2,
    "agcrn_cheb_k": 2,
    "fpem_backbone": "agcrn",
    "fpem_use_env_mask": true,
    "fpem_env_mask_hidden_dim": 64,
    "fpem_env_mask_temperature": 1.0,
    "fpem_env_mask_warmup_epochs": 5,
    "fpem_lambda_mask_sparse": 0.0005,
    "fpem_lambda_mask_entropy": 0.0005,
    "fpem_use_env_route": true,
    "fpem_env_route_k": 1,
    "fpem_env_route_head_mode": "concat_input",
    "fpem_env_route_mode": "confidence_mix",
    "fpem_env_route_use_inv_fallback_expert": false,
    "fpem_env_route_tau": 1.0,
    "fpem_env_route_oracle_tau": 0.3,
    "fpem_env_route_train_mode": "soft_oracle",
    "fpem_env_route_hidden_dim": 64,
    "fpem_env_route_warmup_epochs": 5,
    "fpem_env_route_lambda_final": 1.0,
    "fpem_env_route_lambda_global": 0.0,
    "fpem_env_route_lambda_route_soft": 0.5,
    "fpem_env_route_lambda_expert": 0.2,
    "fpem_env_route_lambda_router_oracle": 1.0,
    "fpem_env_route_lambda_balance": 0.0,
    "fpem_env_route_lambda_diverse": 0.0,
    "fpem_env_route_lambda_entropy": 0.0,
    "fpem_use_env_fusion": true,
    "fpem_lambda_inv_pred": 0.0,
    "fpem_hyper_alpha_mode": "sample_gate",
    "fpem_lambda_hyper_delta_norm": 0.0001,
    "fpem_use_future_mi": true,
    "fpem_lambda_future_mi": 0.02,
    "fpem_future_mi_target_mode": "env_encoder",
    "fpem_future_mi_warmup_epochs": 5,
    "fpem_future_mi_hidden_dim": 64,
    "fpem_future_mi_detach_target": true,
    "fpem_use_swap": true,
    "fpem_lambda_swap": 0.01,
    "fpem_swap_warmup_epochs": 30,
    "fpem_swap_margin": 0.01,
    "fpem_swap_gain_eta": 0.0,
    "fpem_swap_gain_tau": 0.05,
    "fpem_lambda_swap_diff": 1.0,
    "fpem_lambda_swap_same": 0.05,
    "fpem_swap_only_diff_route": true,
    "fpem_swap_detach_inv": true,
    "fpem_swap_detach_env": false,
    "fpem_use_swap_fallback_router_loss": true,
    "fpem_lambda_swap_fallback_router": 0.005,
    "fpem_swap_fallback_warmup_epochs": 30,
    "fpem_use_club_mi": true,
    "fpem_lambda_club_mi": 0.01,
    "fpem_use_confounder_extractor": true,
    "fpem_use_grad_consensus": false,
    "fpem_gc_pred_loss_only": true,
    "fpem_gc_inv_rho": 0.3,
    "fpem_gc_env_rho": 0.3,
    "fpem_gc_tau": 0.5,
    "fpem_gc_temp": 0.1,
    "fpem_gc_min_keep": 0.2,
    "fpem_gc_warmup_epochs": 10,
    "fpem_gc_route_min_samples": 2,
    "fpem_use_gradcompat_aux": false,
    "fpem_lambda_gradcompat_aux": 0.0,
    "git_commit": "1b38ed8",
    "log_dir": "/data/OuXiaoyu/STEVE_CODE/STEVE/experiments/NYCTaxi_TDS/fpem_agcrn_aligned_k1_noinv_full_seed2024"
  },
  "counts": {
    "train_total": 1680,
    "train_workday": 1200,
    "train_holiday": 480,
    "train_workday_holiday_ratio": 2.5,
    "val_total": 274,
    "val_workday": 178,
    "val_holiday": 96,
    "test_total": 546,
    "test_workday": 354,
    "test_holiday": 192
  },
  "resume_start_epoch": 13
}
{
  "args": {
    "seed": 2024,
    "device": "cuda:0",
    "mode": "train",
    "best_path": "/home/zhangwt/remote/StableST/experiments/NYCTaxi/20240510-014845/best_model.pth",
    "debug": false,
    "data_dir": "/data/OuXiaoyu/STEVE_CODE/STEVE/data",
    "dataset": "NYCTaxi_TDS",
    "input_length": 35,
    "batch_size": 16,
    "test_batch_size": 64,
    "graph_file": "/data/OuXiaoyu/STEVE_CODE/STEVE/data/NYCTaxi_TDS/adj_mx.npz",
    "num_nodes": 200,
    "len_closeness": 8,
    "len_period": 27,
    "len_trend": 0,
    "d_input": 2,
    "d_output": 2,
    "d_model": 64,
    "dropout": 0.1,
    "percent": 0.1,
    "shm_temp": 0.5,
    "nmb_prototype": 4,
    "yita": 0.5,
    "layers": 3,
    "K": 64,
    "bank_gamma": 0.2,
    "kw": 1,
    "mi_w": 2,
    "epochs": 100,
    "lr_init": 0.001,
    "early_stop": true,
    "early_stop_patience": 30,
    "grad_norm": true,
    "max_grad_norm": 5,
    "use_dwa": true,
    "temp": 2,
    "MMI": false,
    "lr_patience": 20,
    "lr_mode": "only",
    "use_RevIN": true,
    "ablation": "full",
    "config_filename": "/data/OuXiaoyu/STEVE_CODE/STEVE/configs/NYCTaxi.yaml",
    "model": "steve",
    "early_stop_test_avg_mae_epoch": 40,
    "early_stop_test_avg_mae_threshold": 12.0,
    "train_work_per_holiday": 2.5,
    "exp_name": "fpem_agcrn_aligned_k1_noinv_full_seed2024",
    "run_name": "fpem_agcrn_aligned_k1_noinv_full_seed2024",
    "result_root": "/data/OuXiaoyu/STEVE_CODE/STEVE/experiments/NYCTaxi_TDS",
    "resume": true,
    "resume_reset_patience": true,
    "max_train_batches": null,
    "max_eval_batches": null,
    "agcrn_lr": 0.003,
    "agcrn_embed_dim": 10,
    "agcrn_rnn_units": 64,
    "agcrn_num_layers": 2,
    "agcrn_cheb_k": 2,
    "fpem_backbone": "agcrn",
    "fpem_use_env_mask": true,
    "fpem_env_mask_hidden_dim": 64,
    "fpem_env_mask_temperature": 1.0,
    "fpem_env_mask_warmup_epochs": 5,
    "fpem_lambda_mask_sparse": 0.0005,
    "fpem_lambda_mask_entropy": 0.0005,
    "fpem_use_env_route": true,
    "fpem_env_route_k": 1,
    "fpem_env_route_head_mode": "concat_input",
    "fpem_env_route_mode": "confidence_mix",
    "fpem_env_route_use_inv_fallback_expert": false,
    "fpem_env_route_tau": 1.0,
    "fpem_env_route_oracle_tau": 0.3,
    "fpem_env_route_train_mode": "soft_oracle",
    "fpem_env_route_hidden_dim": 64,
    "fpem_env_route_warmup_epochs": 5,
    "fpem_env_route_lambda_final": 1.0,
    "fpem_env_route_lambda_global": 0.0,
    "fpem_env_route_lambda_route_soft": 0.5,
    "fpem_env_route_lambda_expert": 0.2,
    "fpem_env_route_lambda_router_oracle": 1.0,
    "fpem_env_route_lambda_balance": 0.0,
    "fpem_env_route_lambda_diverse": 0.0,
    "fpem_env_route_lambda_entropy": 0.0,
    "fpem_use_env_fusion": true,
    "fpem_lambda_inv_pred": 0.0,
    "fpem_hyper_alpha_mode": "sample_gate",
    "fpem_lambda_hyper_delta_norm": 0.0001,
    "fpem_use_future_mi": true,
    "fpem_lambda_future_mi": 0.02,
    "fpem_future_mi_target_mode": "env_encoder",
    "fpem_future_mi_warmup_epochs": 5,
    "fpem_future_mi_hidden_dim": 64,
    "fpem_future_mi_detach_target": true,
    "fpem_use_swap": true,
    "fpem_lambda_swap": 0.01,
    "fpem_swap_warmup_epochs": 30,
    "fpem_swap_margin": 0.01,
    "fpem_swap_gain_eta": 0.0,
    "fpem_swap_gain_tau": 0.05,
    "fpem_lambda_swap_diff": 1.0,
    "fpem_lambda_swap_same": 0.05,
    "fpem_swap_only_diff_route": true,
    "fpem_swap_detach_inv": true,
    "fpem_swap_detach_env": false,
    "fpem_use_swap_fallback_router_loss": true,
    "fpem_lambda_swap_fallback_router": 0.005,
    "fpem_swap_fallback_warmup_epochs": 30,
    "fpem_use_club_mi": true,
    "fpem_lambda_club_mi": 0.01,
    "fpem_use_confounder_extractor": true,
    "fpem_use_grad_consensus": false,
    "fpem_gc_pred_loss_only": true,
    "fpem_gc_inv_rho": 0.3,
    "fpem_gc_env_rho": 0.3,
    "fpem_gc_tau": 0.5,
    "fpem_gc_temp": 0.1,
    "fpem_gc_min_keep": 0.2,
    "fpem_gc_warmup_epochs": 10,
    "fpem_gc_route_min_samples": 2,
    "fpem_use_gradcompat_aux": false,
    "fpem_lambda_gradcompat_aux": 0.0,
    "git_commit": "1b38ed8",
    "log_dir": "/data/OuXiaoyu/STEVE_CODE/STEVE/experiments/NYCTaxi_TDS/fpem_agcrn_aligned_k1_noinv_full_seed2024"
  },
  "counts": {
    "train_total": 1680,
    "train_workday": 1200,
    "train_holiday": 480,
    "train_workday_holiday_ratio": 2.5,
    "val_total": 274,
    "val_workday": 178,
    "val_holiday": 96,
    "test_total": 546,
    "test_workday": 354,
    "test_holiday": 192
  },
  "resume_start_epoch": 13
}
