============================================================
[RUN] full
[RUN_NAME] fpem_agcrn_aligned_k1_noinv_full_seed2025
[GPU] 0
[ATTEMPT] 0 / forever(memory errors)
[DATE] Tue Jul  7 07:39:26 UTC 2026
============================================================
============================================================
[RUN] full
[RUN_NAME] fpem_agcrn_aligned_k1_noinv_full_seed2025
[GPU] 0
[ATTEMPT] 0 / forever(memory errors)
[DATE] Tue Jul  7 07:40:15 UTC 2026
============================================================
============================================================
[RUN] full
[RUN_NAME] fpem_agcrn_aligned_k1_noinv_full_seed2025
[GPU] 0
[ATTEMPT] 0 / forever(memory errors)
[DATE] Tue Jul  7 07:44:53 UTC 2026
============================================================
============================================================
[RUN] full
[RUN_NAME] fpem_agcrn_aligned_k1_noinv_full_seed2025
[GPU] 3
[ATTEMPT] 0 / forever(memory errors)
[DATE] Tue Jul  7 08:10:50 UTC 2026
============================================================
============================================================
[RUN] full
[RUN_NAME] fpem_agcrn_aligned_k1_noinv_full_seed2025
[GPU] 0
[ATTEMPT] 0 / forever(memory errors)
[DATE] Tue Jul  7 08:11:10 UTC 2026
============================================================
============================================================
[RUN] full
[RUN_NAME] fpem_agcrn_aligned_k1_noinv_full_seed2025
[GPU] 0
[ATTEMPT] 0 / forever(memory errors)
[DATE] Tue Jul  7 08:15:28 UTC 2026
============================================================
