{
  "args": {
    "seed": 2024,
    "device": "cuda:0",
    "mode": "train",
    "best_path": "/home/zhangwt/remote/StableST/experiments/NYCTaxi/20240510-014845/best_model.pth",
    "debug": false,
    "data_dir": "/data/OuXiaoyu/STEVE_CODE/STEVE/data",
    "dataset": "NYCTaxi_TDS",
    "input_length": 35,
    "batch_size": 64,
    "test_batch_size": 64,
    "graph_file": "/data/OuXiaoyu/STEVE_CODE/STEVE/data/NYCTaxi_TDS/adj_mx.npz",
    "num_nodes": 200,
    "len_closeness": 8,
    "len_period": 27,
    "len_trend": 0,
    "d_input": 2,
    "d_output": 2,
    "d_model": 64,
    "dropout": 0.1,
    "percent": 0.1,
    "shm_temp": 0.5,
    "nmb_prototype": 4,
    "yita": 0.5,
    "layers": 3,
    "K": 64,
    "bank_gamma": 0.2,
    "kw": 1,
    "mi_w": 2,
    "epochs": 100,
    "lr_init": 0.001,
    "early_stop": false,
    "early_stop_patience": 30,
    "grad_norm": false,
    "max_grad_norm": 5,
    "use_dwa": false,
    "temp": 2,
    "MMI": false,
    "lr_patience": 20,
    "lr_mode": "only",
    "use_RevIN": true,
    "ablation": "full",
    "config_filename": "/data/OuXiaoyu/STEVE_CODE/STEVE/configs/NYCTaxi.yaml",
    "model": "agcrn",
    "early_stop_test_avg_mae_epoch": 0,
    "early_stop_test_avg_mae_threshold": 0.0,
    "train_work_per_holiday": 2.5,
    "exp_name": "pure_agcrn_seed2024",
    "run_name": "pure_agcrn_seed2024",
    "result_root": "/data/OuXiaoyu/STEVE_CODE/STEVE/experiments/NYCTaxi_TDS",
    "resume": true,
    "resume_reset_patience": true,
    "max_train_batches": null,
    "max_eval_batches": null,
    "agcrn_lr": 0.003,
    "agcrn_embed_dim": 10,
    "agcrn_rnn_units": 64,
    "agcrn_num_layers": 2,
    "agcrn_cheb_k": 2,
    "git_commit": "1b38ed8",
    "log_dir": "/data/OuXiaoyu/STEVE_CODE/STEVE/experiments/NYCTaxi_TDS/pure_agcrn_seed2024"
  },
  "counts": {
    "train_total": 1680,
    "train_workday": 1200,
    "train_holiday": 480,
    "train_workday_holiday_ratio": 2.5,
    "val_total": 274,
    "val_workday": 178,
    "val_holiday": 96,
    "test_total": 546,
    "test_workday": 354,
    "test_holiday": 192
  },
  "resume_start_epoch": 1
}
EPOCH {"epoch": 1, "train_loss": 83.11805475675143, "val": {"loss": 43.18333358764649, "mae": 42.71308898925781, "mape": 1.1166596412658691}, "test_mixed": {"loss": 44.95489078097873, "mae": 44.5982551574707, "mape": 1.0811636447906494}, "test_workday": {"loss": 45.51030413309733, "mae": 45.50328826904297, "mape": 1.1175501346588135}, "test_holiday": {"loss": 43.667336781819664, "mae": 43.02882385253906, "mape": 1.018065333366394}, "test_avg_mae": 44.266056060791016, "lr": 0.003}
EPOCH {"epoch": 2, "train_loss": 32.76536406003512, "val": {"loss": 24.036587142944335, "mae": 22.345008850097656, "mape": 0.4014240801334381}, "test_mixed": {"loss": 24.65395948621962, "mae": 24.441526412963867, "mape": 0.4043180048465729}, "test_workday": {"loss": 24.78012530008952, "mae": 24.769142150878906, "mape": 0.4050251841545105}, "test_holiday": {"loss": 24.347505569458008, "mae": 23.8734073638916, "mape": 0.40309154987335205}, "test_avg_mae": 24.321274757385254, "lr": 0.003}
EPOCH {"epoch": 3, "train_loss": 22.579819825979378, "val": {"loss": 20.395862197875978, "mae": 18.958118438720703, "mape": 0.3273807466030121}, "test_mixed": {"loss": 20.867908265855576, "mae": 20.72480010986328, "mape": 0.33301350474357605}, "test_workday": {"loss": 21.17025883992513, "mae": 21.205068588256836, "mape": 0.3370160162448883}, "test_holiday": {"loss": 20.226477940877277, "mae": 19.891965866088867, "mape": 0.32607269287109375}, "test_avg_mae": 20.54851722717285, "lr": 0.003}
EPOCH {"epoch": 4, "train_loss": 20.01015985929049, "val": {"loss": 17.87057762145996, "mae": 16.858850479125977, "mape": 0.2827768325805664}, "test_mixed": {"loss": 18.26288965013292, "mae": 18.17853546142578, "mape": 0.284898579120636}, "test_workday": {"loss": 18.409507115681965, "mae": 18.448619842529297, "mape": 0.2886386215686798}, "test_holiday": {"loss": 17.93182627360026, "mae": 17.71017837524414, "mape": 0.27841293811798096}, "test_avg_mae": 18.07939910888672, "lr": 0.003}
EPOCH {"epoch": 5, "train_loss": 17.218511838179367, "val": {"loss": 15.99005947113037, "mae": 15.159454345703125, "mape": 0.26613280177116394}, "test_mixed": {"loss": 16.349677827623154, "mae": 16.284067153930664, "mape": 0.2717599868774414}, "test_workday": {"loss": 16.369199911753338, "mae": 16.396516799926758, "mape": 0.27408307790756226}, "test_holiday": {"loss": 16.265675862630207, "mae": 16.089069366455078, "mape": 0.26773151755332947}, "test_avg_mae": 16.242793083190918, "lr": 0.003}
EPOCH {"epoch": 6, "train_loss": 15.953270325293907, "val": {"loss": 15.211375427246093, "mae": 14.444758415222168, "mape": 0.24715830385684967}, "test_mixed": {"loss": 15.564263025919596, "mae": 15.491250991821289, "mape": 0.2526979148387909}, "test_workday": {"loss": 15.595137596130371, "mae": 15.616171836853027, "mape": 0.2561876177787781}, "test_holiday": {"loss": 15.447409311930338, "mae": 15.274621963500977, "mape": 0.24664637446403503}, "test_avg_mae": 15.445396900177002, "lr": 0.003}
EPOCH {"epoch": 7, "train_loss": 15.319389966818003, "val": {"loss": 14.615346717834473, "mae": 13.907721519470215, "mape": 0.2336592823266983}, "test_mixed": {"loss": 14.963558620876736, "mae": 14.873289108276367, "mape": 0.23909902572631836}, "test_workday": {"loss": 14.999521573384603, "mae": 14.985373497009277, "mape": 0.2429444044828415}, "test_holiday": {"loss": 14.843276977539062, "mae": 14.678919792175293, "mape": 0.23243068158626556}, "test_avg_mae": 14.832146644592285, "lr": 0.003}
EPOCH {"epoch": 8, "train_loss": 14.849739368145283, "val": {"loss": 14.347289848327637, "mae": 13.67881965637207, "mape": 0.22916121780872345}, "test_mixed": {"loss": 14.627471605936686, "mae": 14.53171443939209, "mape": 0.23461422324180603}, "test_workday": {"loss": 14.65267817179362, "mae": 14.6227388381958, "mape": 0.23741909861564636}, "test_holiday": {"loss": 14.529793421427408, "mae": 14.373868942260742, "mape": 0.22975026071071625}, "test_avg_mae": 14.498303890228271, "lr": 0.003}
EPOCH {"epoch": 9, "train_loss": 14.700424964611347, "val": {"loss": 14.44315700531006, "mae": 13.804353713989258, "mape": 0.234223872423172}, "test_mixed": {"loss": 14.724595599704319, "mae": 14.61976146697998, "mape": 0.23802000284194946}, "test_workday": {"loss": 14.759948094685873, "mae": 14.716764450073242, "mape": 0.24206630885601044}, "test_holiday": {"loss": 14.612940788269043, "mae": 14.451542854309082, "mape": 0.23100320994853973}, "test_avg_mae": 14.584153652191162, "lr": 0.003}
EPOCH {"epoch": 10, "train_loss": 14.392540601583628, "val": {"loss": 14.081767272949218, "mae": 13.456212997436523, "mape": 0.21680901944637299}, "test_mixed": {"loss": 14.310397783915201, "mae": 14.205170631408691, "mape": 0.2208324670791626}, "test_workday": {"loss": 14.31022040049235, "mae": 14.25992202758789, "mape": 0.2235112488269806}, "test_holiday": {"loss": 14.270460764567057, "mae": 14.110225677490234, "mape": 0.21618717908859253}, "test_avg_mae": 14.185073852539062, "lr": 0.003}
EPOCH {"epoch": 11, "train_loss": 14.148164932544415, "val": {"loss": 14.023006248474122, "mae": 13.413033485412598, "mape": 0.2244349718093872}, "test_mixed": {"loss": 14.21094724867079, "mae": 14.104325294494629, "mape": 0.22828060388565063}, "test_workday": {"loss": 14.189238548278809, "mae": 14.133606910705566, "mape": 0.23216061294078827}, "test_holiday": {"loss": 14.211177190144857, "mae": 14.053547859191895, "mape": 0.22155219316482544}, "test_avg_mae": 14.09357738494873, "lr": 0.003}
EPOCH {"epoch": 12, "train_loss": 13.94897094139686, "val": {"loss": 13.617423248291015, "mae": 13.035526275634766, "mape": 0.21225565671920776}, "test_mixed": {"loss": 13.815862125820583, "mae": 13.709942817687988, "mape": 0.2171187400817871}, "test_workday": {"loss": 13.794058005015055, "mae": 13.732355117797852, "mape": 0.21867670118808746}, "test_holiday": {"loss": 13.822783788045248, "mae": 13.671077728271484, "mape": 0.21441711485385895}, "test_avg_mae": 13.701716423034668, "lr": 0.003}
EPOCH {"epoch": 13, "train_loss": 13.710407843956581, "val": {"loss": 13.492255973815919, "mae": 12.965401649475098, "mape": 0.21663887798786163}, "test_mixed": {"loss": 13.75954426659478, "mae": 13.651695251464844, "mape": 0.21908995509147644}, "test_workday": {"loss": 13.764740149180094, "mae": 13.69649887084961, "mape": 0.22171396017074585}, "test_holiday": {"loss": 13.71632194519043, "mae": 13.573997497558594, "mape": 0.21453967690467834}, "test_avg_mae": 13.635248184204102, "lr": 0.003}
EPOCH {"epoch": 14, "train_loss": 13.607207921835093, "val": {"loss": 13.548138046264649, "mae": 12.991836547851562, "mape": 0.2191179096698761}, "test_mixed": {"loss": 13.703798717922634, "mae": 13.599650382995605, "mape": 0.2223668098449707}, "test_workday": {"loss": 13.669187227884928, "mae": 13.601899147033691, "mape": 0.22343583405017853}, "test_holiday": {"loss": 13.737943649291992, "mae": 13.59575080871582, "mape": 0.2205130159854889}, "test_avg_mae": 13.598824977874756, "lr": 0.003}
EPOCH {"epoch": 15, "train_loss": 13.599786134866568, "val": {"loss": 13.371525001525878, "mae": 12.826791763305664, "mape": 0.21886812150478363}, "test_mixed": {"loss": 13.542279455396864, "mae": 13.434958457946777, "mape": 0.22171194851398468}, "test_workday": {"loss": 13.509134292602539, "mae": 13.437379837036133, "mape": 0.2235562950372696}, "test_holiday": {"loss": 13.575359344482422, "mae": 13.430760383605957, "mape": 0.21851356327533722}, "test_avg_mae": 13.434070110321045, "lr": 0.003}
EPOCH {"epoch": 16, "train_loss": 13.3440292431758, "val": {"loss": 13.3361083984375, "mae": 12.80519962310791, "mape": 0.2181902676820755}, "test_mixed": {"loss": 13.515398661295572, "mae": 13.40987491607666, "mape": 0.2210807204246521}, "test_workday": {"loss": 13.51430861155192, "mae": 13.448214530944824, "mape": 0.2220466583967209}, "test_holiday": {"loss": 13.48371442159017, "mae": 13.343387603759766, "mape": 0.2194056659936905}, "test_avg_mae": 13.395801067352295, "lr": 0.003}
EPOCH {"epoch": 17, "train_loss": 13.466154501988338, "val": {"loss": 13.953524589538574, "mae": 13.438175201416016, "mape": 0.2130373865365982}, "test_mixed": {"loss": 13.906714651319716, "mae": 13.830876350402832, "mape": 0.21347680687904358}, "test_workday": {"loss": 13.861228783925375, "mae": 13.828653335571289, "mape": 0.2174314260482788}, "test_holiday": {"loss": 13.96636168162028, "mae": 13.834733009338379, "mape": 0.2066190540790558}, "test_avg_mae": 13.831693172454834, "lr": 0.003}
EPOCH {"epoch": 18, "train_loss": 13.322045252873348, "val": {"loss": 13.165128135681153, "mae": 12.704427719116211, "mape": 0.21342450380325317}, "test_mixed": {"loss": 13.304183748033312, "mae": 13.182636260986328, "mape": 0.2153097242116928}, "test_workday": {"loss": 13.30453077952067, "mae": 13.20329475402832, "mape": 0.2169598937034607}, "test_holiday": {"loss": 13.282047589619955, "mae": 13.14681339263916, "mape": 0.2124481350183487}, "test_avg_mae": 13.17505407333374, "lr": 0.003}
EPOCH {"epoch": 19, "train_loss": 12.975883410527157, "val": {"loss": 13.117608833312989, "mae": 12.638906478881836, "mape": 0.2052539587020874}, "test_mixed": {"loss": 13.09770319196913, "mae": 12.984129905700684, "mape": 0.20476460456848145}, "test_workday": {"loss": 13.060551643371582, "mae": 12.967782020568848, "mape": 0.2061058133840561}, "test_holiday": {"loss": 13.150908470153809, "mae": 13.012478828430176, "mape": 0.20243880152702332}, "test_avg_mae": 12.990130424499512, "lr": 0.003}
EPOCH {"epoch": 20, "train_loss": 12.800582372225248, "val": {"loss": 12.945134162902832, "mae": 12.508902549743652, "mape": 0.21761217713356018}, "test_mixed": {"loss": 13.07414796617296, "mae": 12.956762313842773, "mape": 0.21862190961837769}, "test_workday": {"loss": 13.08059295018514, "mae": 12.979085922241211, "mape": 0.21983984112739563}, "test_holiday": {"loss": 13.040284156799316, "mae": 12.918050765991211, "mape": 0.21650995314121246}, "test_avg_mae": 12.948568344116211, "lr": 0.003}
EPOCH {"epoch": 21, "train_loss": 12.772183418273926, "val": {"loss": 13.10487632751465, "mae": 12.62437915802002, "mape": 0.20601950585842133}, "test_mixed": {"loss": 13.027589056226942, "mae": 12.914460182189941, "mape": 0.2057308405637741}, "test_workday": {"loss": 12.98376433054606, "mae": 12.891655921936035, "mape": 0.2076231986284256}, "test_holiday": {"loss": 13.09177017211914, "mae": 12.954000473022461, "mape": 0.20244930684566498}, "test_avg_mae": 12.922828197479248, "lr": 0.003}
EPOCH {"epoch": 22, "train_loss": 12.814247131347656, "val": {"loss": 12.813283920288086, "mae": 12.36539363861084, "mape": 0.20370183885097504}, "test_mixed": {"loss": 12.853483306037056, "mae": 12.723034858703613, "mape": 0.2040257602930069}, "test_workday": {"loss": 12.795606772104898, "mae": 12.677291870117188, "mape": 0.20632563531398773}, "test_holiday": {"loss": 12.94975757598877, "mae": 12.802356719970703, "mape": 0.20003750920295715}, "test_avg_mae": 12.739824295043945, "lr": 0.003}
EPOCH {"epoch": 23, "train_loss": 12.560092559227577, "val": {"loss": 12.958829498291015, "mae": 12.548912048339844, "mape": 0.23411338031291962}, "test_mixed": {"loss": 12.908755832248264, "mae": 12.79175090789795, "mape": 0.23366929590702057}, "test_workday": {"loss": 12.879714488983154, "mae": 12.769875526428223, "mape": 0.23361501097679138}, "test_holiday": {"loss": 12.951626459757486, "mae": 12.82968521118164, "mape": 0.2337634116411209}, "test_avg_mae": 12.799780368804932, "lr": 0.003}
EPOCH {"epoch": 24, "train_loss": 12.57839874120859, "val": {"loss": 13.26175136566162, "mae": 12.8346529006958, "mape": 0.20771628618240356}, "test_mixed": {"loss": 13.068700578477648, "mae": 13.00357437133789, "mape": 0.20850946009159088}, "test_workday": {"loss": 12.978796164194742, "mae": 12.932857513427734, "mape": 0.2089618593454361}, "test_holiday": {"loss": 13.239045143127441, "mae": 13.126205444335938, "mape": 0.20772497355937958}, "test_avg_mae": 13.029531478881836, "lr": 0.003}
EPOCH {"epoch": 25, "train_loss": 12.695243028494028, "val": {"loss": 12.81335906982422, "mae": 12.392829895019531, "mape": 0.23365095257759094}, "test_mixed": {"loss": 12.757734616597494, "mae": 12.634892463684082, "mape": 0.2326519936323166}, "test_workday": {"loss": 12.700074513753256, "mae": 12.580848693847656, "mape": 0.23254084587097168}, "test_holiday": {"loss": 12.862889607747396, "mae": 12.728610038757324, "mape": 0.23284468054771423}, "test_avg_mae": 12.65472936630249, "lr": 0.003}
EPOCH {"epoch": 26, "train_loss": 12.418017277350792, "val": {"loss": 12.674955558776855, "mae": 12.31214427947998, "mape": 0.1979467272758484}, "test_mixed": {"loss": 12.53242121802436, "mae": 12.42435073852539, "mape": 0.19690130650997162}, "test_workday": {"loss": 12.45279630025228, "mae": 12.353350639343262, "mape": 0.19776946306228638}, "test_holiday": {"loss": 12.683554331461588, "mae": 12.54747486114502, "mape": 0.195395827293396}, "test_avg_mae": 12.45041275024414, "lr": 0.003}
EPOCH {"epoch": 27, "train_loss": 12.32613178399893, "val": {"loss": 12.582712554931641, "mae": 12.211578369140625, "mape": 0.19847556948661804}, "test_mixed": {"loss": 12.500006675720215, "mae": 12.386137962341309, "mape": 0.19710645079612732}, "test_workday": {"loss": 12.442142009735107, "mae": 12.334002494812012, "mape": 0.19785268604755402}, "test_holiday": {"loss": 12.607669194539389, "mae": 12.476547241210938, "mape": 0.19581238925457}, "test_avg_mae": 12.405274868011475, "lr": 0.003}
EPOCH {"epoch": 28, "train_loss": 12.241313274090107, "val": {"loss": 12.64139289855957, "mae": 12.281882286071777, "mape": 0.20981021225452423}, "test_mixed": {"loss": 12.519318368699816, "mae": 12.41219425201416, "mape": 0.206795796751976}, "test_workday": {"loss": 12.437404950459799, "mae": 12.328181266784668, "mape": 0.20799480378627777}, "test_holiday": {"loss": 12.680503209431967, "mae": 12.557879447937012, "mape": 0.20471656322479248}, "test_avg_mae": 12.44303035736084, "lr": 0.003}
EPOCH {"epoch": 29, "train_loss": 12.142275956960825, "val": {"loss": 12.847162628173828, "mae": 12.488595008850098, "mape": 0.2091856300830841}, "test_mixed": {"loss": 12.553479300604927, "mae": 12.46926212310791, "mape": 0.2059444934129715}, "test_workday": {"loss": 12.475722630818685, "mae": 12.400097846984863, "mape": 0.20766519010066986}, "test_holiday": {"loss": 12.70052687327067, "mae": 12.589200019836426, "mape": 0.20296061038970947}, "test_avg_mae": 12.494648933410645, "lr": 0.003}
EPOCH {"epoch": 30, "train_loss": 12.108807527101957, "val": {"loss": 12.421835708618165, "mae": 12.090861320495605, "mape": 0.1952476054430008}, "test_mixed": {"loss": 12.322445763481987, "mae": 12.21889591217041, "mape": 0.1937844604253769}, "test_workday": {"loss": 12.24454402923584, "mae": 12.147259712219238, "mape": 0.19499628245830536}, "test_holiday": {"loss": 12.47329839070638, "mae": 12.343121528625488, "mape": 0.19168302416801453}, "test_avg_mae": 12.245190620422363, "lr": 0.003}
EPOCH {"epoch": 31, "train_loss": 12.001233834486742, "val": {"loss": 12.503829765319825, "mae": 12.155495643615723, "mape": 0.1940675526857376}, "test_mixed": {"loss": 12.144535276624891, "mae": 12.050299644470215, "mape": 0.1913960576057434}, "test_workday": {"loss": 12.0519331296285, "mae": 11.960535049438477, "mape": 0.19238317012786865}, "test_holiday": {"loss": 12.328326543172201, "mae": 12.205962181091309, "mape": 0.18968431651592255}, "test_avg_mae": 12.083248615264893, "lr": 0.003}
EPOCH {"epoch": 32, "train_loss": 11.8686994772691, "val": {"loss": 12.59593677520752, "mae": 12.232325553894043, "mape": 0.20118233561515808}, "test_mixed": {"loss": 12.191813680860731, "mae": 12.090741157531738, "mape": 0.19676104187965393}, "test_workday": {"loss": 12.121446450551352, "mae": 12.031427383422852, "mape": 0.1977100670337677}, "test_holiday": {"loss": 12.330366452534994, "mae": 12.193603515625, "mape": 0.1951153576374054}, "test_avg_mae": 12.112515449523926, "lr": 0.003}
EPOCH {"epoch": 33, "train_loss": 11.850485178140493, "val": {"loss": 12.440245628356934, "mae": 12.105231285095215, "mape": 0.19593369960784912}, "test_mixed": {"loss": 12.22048388587104, "mae": 12.112232208251953, "mape": 0.19225752353668213}, "test_workday": {"loss": 12.130861282348633, "mae": 12.019181251525879, "mape": 0.1934555470943451}, "test_holiday": {"loss": 12.400615056355795, "mae": 12.273591995239258, "mape": 0.1901799887418747}, "test_avg_mae": 12.146386623382568, "lr": 0.003}
EPOCH {"epoch": 34, "train_loss": 11.811767394726093, "val": {"loss": 12.43465576171875, "mae": 12.09036636352539, "mape": 0.20062220096588135}, "test_mixed": {"loss": 12.120785077412924, "mae": 12.00747013092041, "mape": 0.19633598625659943}, "test_workday": {"loss": 12.03537114461263, "mae": 11.918957710266113, "mape": 0.19757530093193054}, "test_holiday": {"loss": 12.29076067606608, "mae": 12.160961151123047, "mape": 0.19418691098690033}, "test_avg_mae": 12.03995943069458, "lr": 0.003}
EPOCH {"epoch": 35, "train_loss": 11.725963996006893, "val": {"loss": 12.446093559265137, "mae": 12.084894180297852, "mape": 0.20100951194763184}, "test_mixed": {"loss": 12.0459689034356, "mae": 11.935710906982422, "mape": 0.1966218650341034}, "test_workday": {"loss": 11.955508867899576, "mae": 11.841017723083496, "mape": 0.19635751843452454}, "test_holiday": {"loss": 12.227923393249512, "mae": 12.099918365478516, "mape": 0.19708028435707092}, "test_avg_mae": 11.970468044281006, "lr": 0.003}
EPOCH {"epoch": 36, "train_loss": 11.582895315610445, "val": {"loss": 12.318560791015624, "mae": 11.98531436920166, "mape": 0.19442115724086761}, "test_mixed": {"loss": 11.901479403177897, "mae": 11.789987564086914, "mape": 0.1894935816526413}, "test_workday": {"loss": 11.791055679321289, "mae": 11.668885231018066, "mape": 0.1892206221818924}, "test_holiday": {"loss": 12.124834696451822, "mae": 11.999991416931152, "mape": 0.18996688723564148}, "test_avg_mae": 11.83443832397461, "lr": 0.003}
EPOCH {"epoch": 37, "train_loss": 11.520739848797138, "val": {"loss": 12.416390228271485, "mae": 12.0961332321167, "mape": 0.19507743418216705}, "test_mixed": {"loss": 11.940652847290039, "mae": 11.846451759338379, "mape": 0.19010503590106964}, "test_workday": {"loss": 11.865955511728922, "mae": 11.767257690429688, "mape": 0.1905936598777771}, "test_holiday": {"loss": 12.093678792317709, "mae": 11.983782768249512, "mape": 0.1892576962709427}, "test_avg_mae": 11.8755202293396, "lr": 0.003}
EPOCH {"epoch": 38, "train_loss": 11.489516771756685, "val": {"loss": 12.296206283569337, "mae": 12.015460968017578, "mape": 0.20848815143108368}, "test_mixed": {"loss": 12.124543931749132, "mae": 12.01195240020752, "mape": 0.20478558540344238}, "test_workday": {"loss": 12.096778392791748, "mae": 11.979168891906738, "mape": 0.2064920961856842}, "test_holiday": {"loss": 12.184017817179361, "mae": 12.068802833557129, "mape": 0.2018262892961502}, "test_avg_mae": 12.023985862731934, "lr": 0.003}
EPOCH {"epoch": 39, "train_loss": 11.48689082952646, "val": {"loss": 12.277912521362305, "mae": 11.978699684143066, "mape": 0.19158461689949036}, "test_mixed": {"loss": 11.744036356608072, "mae": 11.636519432067871, "mape": 0.18628323078155518}, "test_workday": {"loss": 11.655737717946371, "mae": 11.537271499633789, "mape": 0.18611998856067657}, "test_holiday": {"loss": 11.926017761230469, "mae": 11.808625221252441, "mape": 0.1865663379430771}, "test_avg_mae": 11.672948360443115, "lr": 0.003}
EPOCH {"epoch": 40, "train_loss": 11.27304586997399, "val": {"loss": 12.301363945007324, "mae": 12.005484580993652, "mape": 0.19288624823093414}, "test_mixed": {"loss": 11.74059338039822, "mae": 11.633960723876953, "mape": 0.18662291765213013}, "test_workday": {"loss": 11.668205420176188, "mae": 11.554728507995605, "mape": 0.18730510771274567}, "test_holiday": {"loss": 11.890134493509928, "mae": 11.771356582641602, "mape": 0.18543986976146698}, "test_avg_mae": 11.663042545318604, "lr": 0.003}
EPOCH {"epoch": 41, "train_loss": 11.242764619680552, "val": {"loss": 12.25389404296875, "mae": 11.930070877075195, "mape": 0.1957407146692276}, "test_mixed": {"loss": 11.724574830796984, "mae": 11.62625503540039, "mape": 0.18991541862487793}, "test_workday": {"loss": 11.672669728597006, "mae": 11.575439453125, "mape": 0.19049149751663208}, "test_holiday": {"loss": 11.828689257303873, "mae": 11.714376449584961, "mape": 0.18891644477844238}, "test_avg_mae": 11.64490795135498, "lr": 0.003}
EPOCH {"epoch": 42, "train_loss": 11.235791353078989, "val": {"loss": 12.321574401855468, "mae": 12.024890899658203, "mape": 0.19268202781677246}, "test_mixed": {"loss": 11.784571859571669, "mae": 11.690563201904297, "mape": 0.18680928647518158}, "test_workday": {"loss": 11.710594177246094, "mae": 11.619441986083984, "mape": 0.1879844218492508}, "test_holiday": {"loss": 11.935064633687338, "mae": 11.813894271850586, "mape": 0.18477147817611694}, "test_avg_mae": 11.716668128967285, "lr": 0.003}
EPOCH {"epoch": 43, "train_loss": 11.124849869654728, "val": {"loss": 12.079882049560547, "mae": 11.81978988647461, "mape": 0.19149158895015717}, "test_mixed": {"loss": 11.595325681898329, "mae": 11.500097274780273, "mape": 0.18473798036575317}, "test_workday": {"loss": 11.534149964650473, "mae": 11.435171127319336, "mape": 0.18584050238132477}, "test_holiday": {"loss": 11.719755490620932, "mae": 11.612685203552246, "mape": 0.18282602727413177}, "test_avg_mae": 11.523928165435791, "lr": 0.003}
EPOCH {"epoch": 44, "train_loss": 11.048468222984901, "val": {"loss": 12.498516845703126, "mae": 12.227288246154785, "mape": 0.21414640545845032}, "test_mixed": {"loss": 11.771562152438694, "mae": 11.68490982055664, "mape": 0.20704619586467743}, "test_workday": {"loss": 11.689935048421225, "mae": 11.5930814743042, "mape": 0.20661550760269165}, "test_holiday": {"loss": 11.939127604166666, "mae": 11.844148635864258, "mape": 0.20779308676719666}, "test_avg_mae": 11.718615055084229, "lr": 0.003}
EPOCH {"epoch": 45, "train_loss": 11.168109857119047, "val": {"loss": 12.197141075134278, "mae": 11.96817398071289, "mape": 0.1934834122657776}, "test_mixed": {"loss": 11.59865591261122, "mae": 11.50435733795166, "mape": 0.18708238005638123}, "test_workday": {"loss": 11.54342238108317, "mae": 11.43797492980957, "mape": 0.188877671957016}, "test_holiday": {"loss": 11.712295532226562, "mae": 11.619470596313477, "mape": 0.18396909534931183}, "test_avg_mae": 11.528722763061523, "lr": 0.003}
EPOCH {"epoch": 46, "train_loss": 11.027118536142202, "val": {"loss": 12.058361434936524, "mae": 11.765836715698242, "mape": 0.19943584501743317}, "test_mixed": {"loss": 11.437789387173122, "mae": 11.345157623291016, "mape": 0.19302956759929657}, "test_workday": {"loss": 11.360084215799967, "mae": 11.26565933227539, "mape": 0.1932099461555481}, "test_holiday": {"loss": 11.597007115681967, "mae": 11.483015060424805, "mape": 0.19271673262119293}, "test_avg_mae": 11.374337196350098, "lr": 0.003}
EPOCH {"epoch": 47, "train_loss": 10.928028583526611, "val": {"loss": 12.182693481445312, "mae": 11.874107360839844, "mape": 0.20543524622917175}, "test_mixed": {"loss": 11.489926868014866, "mae": 11.382264137268066, "mape": 0.19714626669883728}, "test_workday": {"loss": 11.42948309580485, "mae": 11.307619094848633, "mape": 0.19783280789852142}, "test_holiday": {"loss": 11.613470077514648, "mae": 11.51170539855957, "mape": 0.19595567882061005}, "test_avg_mae": 11.409662246704102, "lr": 0.003}
EPOCH {"epoch": 48, "train_loss": 10.84797554749709, "val": {"loss": 12.045805549621582, "mae": 11.773785591125488, "mape": 0.18895307183265686}, "test_mixed": {"loss": 11.367993672688803, "mae": 11.273757934570312, "mape": 0.18093042075634003}, "test_workday": {"loss": 11.298068046569824, "mae": 11.196812629699707, "mape": 0.1818111538887024}, "test_holiday": {"loss": 11.511497815450033, "mae": 11.407188415527344, "mape": 0.1794031262397766}, "test_avg_mae": 11.302000522613525, "lr": 0.003}
EPOCH {"epoch": 49, "train_loss": 10.824395876664381, "val": {"loss": 12.12271327972412, "mae": 11.847402572631836, "mape": 0.20395724475383759}, "test_mixed": {"loss": 11.367490238613552, "mae": 11.279548645019531, "mape": 0.1947755515575409}, "test_workday": {"loss": 11.31806993484497, "mae": 11.221583366394043, "mape": 0.19495348632335663}, "test_holiday": {"loss": 11.475173950195312, "mae": 11.3800687789917, "mape": 0.1944669783115387}, "test_avg_mae": 11.300826072692871, "lr": 0.003}
EPOCH {"epoch": 50, "train_loss": 10.832159299116869, "val": {"loss": 11.956095123291016, "mae": 11.695341110229492, "mape": 0.19025923311710358}, "test_mixed": {"loss": 11.33587286207411, "mae": 11.247668266296387, "mape": 0.18164943158626556}, "test_workday": {"loss": 11.26900323232015, "mae": 11.174717903137207, "mape": 0.1824488490819931}, "test_holiday": {"loss": 11.476559321085611, "mae": 11.37417221069336, "mape": 0.1802631914615631}, "test_avg_mae": 11.274445056915283, "lr": 0.003}
EPOCH {"epoch": 51, "train_loss": 10.832585884974552, "val": {"loss": 12.095989799499511, "mae": 11.837808609008789, "mape": 0.1907123476266861}, "test_mixed": {"loss": 11.363561100429958, "mae": 11.262248992919922, "mape": 0.18137188255786896}, "test_workday": {"loss": 11.32242981592814, "mae": 11.21427059173584, "mape": 0.18184003233909607}, "test_holiday": {"loss": 11.44798469543457, "mae": 11.345447540283203, "mape": 0.18056009709835052}, "test_avg_mae": 11.279859066009521, "lr": 0.003}
EPOCH {"epoch": 52, "train_loss": 10.729038642002987, "val": {"loss": 12.044782066345215, "mae": 11.76927375793457, "mape": 0.1974034160375595}, "test_mixed": {"loss": 11.44043403201633, "mae": 11.34383773803711, "mape": 0.1880694478750229}, "test_workday": {"loss": 11.349703152974447, "mae": 11.24329948425293, "mape": 0.18876349925994873}, "test_holiday": {"loss": 11.629769961039225, "mae": 11.518178939819336, "mape": 0.18686586618423462}, "test_avg_mae": 11.380739212036133, "lr": 0.003}
EPOCH {"epoch": 53, "train_loss": 10.637864186213566, "val": {"loss": 11.999593925476074, "mae": 11.744568824768066, "mape": 0.18987803161144257}, "test_mixed": {"loss": 11.294160948859322, "mae": 11.205805778503418, "mape": 0.1817438006401062}, "test_workday": {"loss": 11.185792764027914, "mae": 11.087350845336914, "mape": 0.1821892410516739}, "test_holiday": {"loss": 11.519225438435873, "mae": 11.411218643188477, "mape": 0.18097136914730072}, "test_avg_mae": 11.249284744262695, "lr": 0.003}
EPOCH {"epoch": 54, "train_loss": 10.576957519237812, "val": {"loss": 12.129553985595702, "mae": 11.875953674316406, "mape": 0.18842992186546326}, "test_mixed": {"loss": 11.364608658684624, "mae": 11.258208274841309, "mape": 0.17935054004192352}, "test_workday": {"loss": 11.331672191619873, "mae": 11.220537185668945, "mape": 0.18039631843566895}, "test_holiday": {"loss": 11.434716860453287, "mae": 11.323533058166504, "mape": 0.17753706872463226}, "test_avg_mae": 11.272035121917725, "lr": 0.003}
EPOCH {"epoch": 55, "train_loss": 10.54093228853666, "val": {"loss": 12.010669136047364, "mae": 11.750722885131836, "mape": 0.18819139897823334}, "test_mixed": {"loss": 11.233919037712944, "mae": 11.124171257019043, "mape": 0.17956800758838654}, "test_workday": {"loss": 11.177632013956705, "mae": 11.054548263549805, "mape": 0.18038979172706604}, "test_holiday": {"loss": 11.354749043782553, "mae": 11.244904518127441, "mape": 0.1781429499387741}, "test_avg_mae": 11.149726390838623, "lr": 0.003}
EPOCH {"epoch": 56, "train_loss": 10.543811944814829, "val": {"loss": 12.104294204711914, "mae": 11.859749794006348, "mape": 0.19274590909481049}, "test_mixed": {"loss": 11.28196907043457, "mae": 11.189745903015137, "mape": 0.18232066929340363}, "test_workday": {"loss": 11.191457271575928, "mae": 11.089082717895508, "mape": 0.18326421082019806}, "test_holiday": {"loss": 11.466342290242514, "mae": 11.36430835723877, "mape": 0.18068449199199677}, "test_avg_mae": 11.226695537567139, "lr": 0.003}
EPOCH {"epoch": 57, "train_loss": 10.453313167278584, "val": {"loss": 12.085664749145508, "mae": 11.842297554016113, "mape": 0.1900693029165268}, "test_mixed": {"loss": 11.217717170715332, "mae": 11.127245903015137, "mape": 0.18064731359481812}, "test_workday": {"loss": 11.157584031422934, "mae": 11.057422637939453, "mape": 0.18102571368217468}, "test_holiday": {"loss": 11.342911720275879, "mae": 11.24832820892334, "mape": 0.17999111115932465}, "test_avg_mae": 11.152875423431396, "lr": 0.003}
EPOCH {"epoch": 58, "train_loss": 10.433401327866774, "val": {"loss": 12.056628036499024, "mae": 11.802419662475586, "mape": 0.19218206405639648}, "test_mixed": {"loss": 11.183470831976997, "mae": 11.093526840209961, "mape": 0.18404418230056763}, "test_workday": {"loss": 11.138597011566162, "mae": 11.03846549987793, "mape": 0.18517394363880157}, "test_holiday": {"loss": 11.28317387898763, "mae": 11.189011573791504, "mape": 0.18208502233028412}, "test_avg_mae": 11.113738536834717, "lr": 0.003}
EPOCH {"epoch": 59, "train_loss": 10.382255297440748, "val": {"loss": 12.016370010375976, "mae": 11.808218002319336, "mape": 0.19266639649868011}, "test_mixed": {"loss": 11.183901151021322, "mae": 11.078728675842285, "mape": 0.18188607692718506}, "test_workday": {"loss": 11.14200528462728, "mae": 11.021159172058105, "mape": 0.18296316266059875}, "test_holiday": {"loss": 11.27176602681478, "mae": 11.178564071655273, "mape": 0.18001829087734222}, "test_avg_mae": 11.09986162185669, "lr": 0.003}
EPOCH {"epoch": 60, "train_loss": 10.376949603740986, "val": {"loss": 11.956574821472168, "mae": 11.70887565612793, "mape": 0.19109131395816803}, "test_mixed": {"loss": 11.08676274617513, "mae": 10.986441612243652, "mape": 0.18041759729385376}, "test_workday": {"loss": 11.018975575764975, "mae": 10.907952308654785, "mape": 0.18069680035114288}, "test_holiday": {"loss": 11.226907094319662, "mae": 11.122550010681152, "mape": 0.17993342876434326}, "test_avg_mae": 11.015251159667969, "lr": 0.003}
EPOCH {"epoch": 61, "train_loss": 10.31681332221398, "val": {"loss": 12.06659984588623, "mae": 11.808013916015625, "mape": 0.19023844599723816}, "test_mixed": {"loss": 11.322906176249186, "mae": 11.232908248901367, "mape": 0.1798492968082428}, "test_workday": {"loss": 11.261029243469238, "mae": 11.161104202270508, "mape": 0.18094100058078766}, "test_holiday": {"loss": 11.463448524475098, "mae": 11.357426643371582, "mape": 0.17795619368553162}, "test_avg_mae": 11.259265422821045, "lr": 0.003}
EPOCH {"epoch": 62, "train_loss": 10.271795456226055, "val": {"loss": 11.998514938354493, "mae": 11.753872871398926, "mape": 0.1882946938276291}, "test_mixed": {"loss": 11.107182290818956, "mae": 11.005998611450195, "mape": 0.17839226126670837}, "test_workday": {"loss": 11.022257010142008, "mae": 10.907259941101074, "mape": 0.17877230048179626}, "test_holiday": {"loss": 11.289427757263184, "mae": 11.177225112915039, "mape": 0.17773321270942688}, "test_avg_mae": 11.042242527008057, "lr": 0.003}
EPOCH {"epoch": 63, "train_loss": 10.21977266898522, "val": {"loss": 12.01862907409668, "mae": 11.766242980957031, "mape": 0.1917727291584015}, "test_mixed": {"loss": 11.058350457085503, "mae": 10.958367347717285, "mape": 0.18060532212257385}, "test_workday": {"loss": 11.03537384668986, "mae": 10.92655086517334, "mape": 0.1828748732805252}, "test_holiday": {"loss": 11.111503918965658, "mae": 11.013538360595703, "mape": 0.1766696721315384}, "test_avg_mae": 10.970044612884521, "lr": 0.003}
EPOCH {"epoch": 64, "train_loss": 10.179478535285362, "val": {"loss": 12.009964752197266, "mae": 11.792627334594727, "mape": 0.19012556970119476}, "test_mixed": {"loss": 11.097244686550564, "mae": 10.999953269958496, "mape": 0.17716056108474731}, "test_workday": {"loss": 11.017629464467367, "mae": 10.898761749267578, "mape": 0.17781895399093628}, "test_holiday": {"loss": 11.267837206522623, "mae": 11.175429344177246, "mape": 0.1760188192129135}, "test_avg_mae": 11.037095546722412, "lr": 0.003}
EPOCH {"epoch": 65, "train_loss": 10.11281549013578, "val": {"loss": 12.026777458190917, "mae": 11.783536911010742, "mape": 0.19408683478832245}, "test_mixed": {"loss": 11.04855982462565, "mae": 10.951889038085938, "mape": 0.18168580532073975}, "test_workday": {"loss": 11.008082707722982, "mae": 10.904088020324707, "mape": 0.18210750818252563}, "test_holiday": {"loss": 11.137245178222656, "mae": 11.034780502319336, "mape": 0.18095453083515167}, "test_avg_mae": 10.969434261322021, "lr": 0.003}
EPOCH {"epoch": 66, "train_loss": 10.130908415867733, "val": {"loss": 11.98963279724121, "mae": 11.732242584228516, "mape": 0.18863949179649353}, "test_mixed": {"loss": 11.029824256896973, "mae": 10.933642387390137, "mape": 0.17859798669815063}, "test_workday": {"loss": 10.93471352259318, "mae": 10.818668365478516, "mape": 0.17915774881839752}, "test_holiday": {"loss": 11.234695116678873, "mae": 11.133021354675293, "mape": 0.17762728035449982}, "test_avg_mae": 10.975844860076904, "lr": 0.003}
EPOCH {"epoch": 67, "train_loss": 10.049822367154635, "val": {"loss": 12.028543853759766, "mae": 11.764411926269531, "mape": 0.18826808035373688}, "test_mixed": {"loss": 11.095450189378527, "mae": 10.996370315551758, "mape": 0.17707304656505585}, "test_workday": {"loss": 11.009658495585123, "mae": 10.895404815673828, "mape": 0.177371084690094}, "test_holiday": {"loss": 11.27385139465332, "mae": 11.171454429626465, "mape": 0.17655619978904724}, "test_avg_mae": 11.033429622650146, "lr": 0.003}
EPOCH {"epoch": 68, "train_loss": 9.974012961754433, "val": {"loss": 11.9045166015625, "mae": 11.68673324584961, "mape": 0.18672211468219757}, "test_mixed": {"loss": 10.947434955173069, "mae": 10.856827735900879, "mape": 0.17571480572223663}, "test_workday": {"loss": 10.865651766459147, "mae": 10.764506340026855, "mape": 0.17602750658988953}, "test_holiday": {"loss": 11.124837239583334, "mae": 11.016919136047363, "mape": 0.17517250776290894}, "test_avg_mae": 10.89071273803711, "lr": 0.003}
EPOCH {"epoch": 69, "train_loss": 9.975338715773363, "val": {"loss": 12.083995819091797, "mae": 11.801544189453125, "mape": 0.1967531144618988}, "test_mixed": {"loss": 11.007328987121582, "mae": 10.915650367736816, "mape": 0.1854640692472458}, "test_workday": {"loss": 10.937970797220865, "mae": 10.835824012756348, "mape": 0.18624822795391083}, "test_holiday": {"loss": 11.151131312052408, "mae": 11.054078102111816, "mape": 0.18410420417785645}, "test_avg_mae": 10.944951057434082, "lr": 0.003}
EPOCH {"epoch": 70, "train_loss": 10.00121234013484, "val": {"loss": 12.208093070983887, "mae": 11.974380493164062, "mape": 0.19232900440692902}, "test_mixed": {"loss": 11.13430733150906, "mae": 11.035391807556152, "mape": 0.18019185960292816}, "test_workday": {"loss": 11.074283440907797, "mae": 10.965851783752441, "mape": 0.18129169940948486}, "test_holiday": {"loss": 11.260257720947266, "mae": 11.15598201751709, "mape": 0.1782846301794052}, "test_avg_mae": 11.060916900634766, "lr": 0.003}
EPOCH {"epoch": 71, "train_loss": 9.89352769118089, "val": {"loss": 11.952412414550782, "mae": 11.742362976074219, "mape": 0.19136272370815277}, "test_mixed": {"loss": 10.98927730984158, "mae": 10.885603904724121, "mape": 0.17832966148853302}, "test_workday": {"loss": 10.927212397257486, "mae": 10.811837196350098, "mape": 0.17942111194133759}, "test_holiday": {"loss": 11.122693061828613, "mae": 11.013524055480957, "mape": 0.17643699049949646}, "test_avg_mae": 10.912680625915527, "lr": 0.003}
EPOCH {"epoch": 72, "train_loss": 9.922246346106895, "val": {"loss": 12.015108489990235, "mae": 11.807271003723145, "mape": 0.1880783587694168}, "test_mixed": {"loss": 11.001592530144585, "mae": 10.886493682861328, "mape": 0.17683257162570953}, "test_workday": {"loss": 10.9392728805542, "mae": 10.812053680419922, "mape": 0.17757348716259003}, "test_holiday": {"loss": 11.132768313090006, "mae": 11.015582084655762, "mape": 0.1755477339029312}, "test_avg_mae": 10.913817882537842, "lr": 0.003}
EPOCH {"epoch": 73, "train_loss": 9.899854366595928, "val": {"loss": 12.047604942321778, "mae": 11.780029296875, "mape": 0.21164444088935852}, "test_mixed": {"loss": 11.143393834431967, "mae": 11.042778968811035, "mape": 0.19776234030723572}, "test_workday": {"loss": 11.04067325592041, "mae": 10.92982006072998, "mape": 0.1977771520614624}, "test_holiday": {"loss": 11.357882499694824, "mae": 11.238663673400879, "mape": 0.19773666560649872}, "test_avg_mae": 11.08424186706543, "lr": 0.003}
EPOCH {"epoch": 74, "train_loss": 9.852456606351412, "val": {"loss": 12.11028823852539, "mae": 11.847990989685059, "mape": 0.18988853693008423}, "test_mixed": {"loss": 10.998705122205946, "mae": 10.887094497680664, "mape": 0.1771300733089447}, "test_workday": {"loss": 10.932106494903564, "mae": 10.806422233581543, "mape": 0.17783264815807343}, "test_holiday": {"loss": 11.141722997029623, "mae": 11.026988983154297, "mape": 0.17591175436973572}, "test_avg_mae": 10.91670560836792, "lr": 0.003}
EPOCH {"epoch": 75, "train_loss": 9.801984713627743, "val": {"loss": 12.022912979125977, "mae": 11.802029609680176, "mape": 0.1863972544670105}, "test_mixed": {"loss": 11.073254267374674, "mae": 10.967008590698242, "mape": 0.17436599731445312}, "test_workday": {"loss": 10.995742638905844, "mae": 10.879941940307617, "mape": 0.17444828152656555}, "test_holiday": {"loss": 11.236169815063477, "mae": 11.117992401123047, "mape": 0.17422330379486084}, "test_avg_mae": 10.998967170715332, "lr": 0.003}
EPOCH {"epoch": 76, "train_loss": 9.725191336411696, "val": {"loss": 11.948863792419434, "mae": 11.751029968261719, "mape": 0.18641024827957153}, "test_mixed": {"loss": 10.946552382575142, "mae": 10.84708023071289, "mape": 0.17556042969226837}, "test_workday": {"loss": 10.874958038330078, "mae": 10.75993537902832, "mape": 0.1761544644832611}, "test_holiday": {"loss": 11.098348617553711, "mae": 10.998198509216309, "mape": 0.1745302975177765}, "test_avg_mae": 10.879066944122314, "lr": 0.003}
EPOCH {"epoch": 77, "train_loss": 9.78521809211144, "val": {"loss": 12.065871047973634, "mae": 11.874478340148926, "mape": 0.1907253861427307}, "test_mixed": {"loss": 10.994344817267525, "mae": 10.892998695373535, "mape": 0.17594413459300995}, "test_workday": {"loss": 10.92592716217041, "mae": 10.807768821716309, "mape": 0.17641574144363403}, "test_holiday": {"loss": 11.142293612162272, "mae": 11.04079818725586, "mape": 0.17512626945972443}, "test_avg_mae": 10.924283504486084, "lr": 0.003}
EPOCH {"epoch": 78, "train_loss": 9.710460589482235, "val": {"loss": 11.992035865783691, "mae": 11.71957015991211, "mape": 0.18553991615772247}, "test_mixed": {"loss": 10.973947948879665, "mae": 10.86682415008545, "mape": 0.1738498955965042}, "test_workday": {"loss": 10.90007988611857, "mae": 10.784961700439453, "mape": 0.1743064671754837}, "test_holiday": {"loss": 11.131663958231607, "mae": 11.008783340454102, "mape": 0.1730581820011139}, "test_avg_mae": 10.896872520446777, "lr": 0.003}
EPOCH {"epoch": 79, "train_loss": 9.667151120992807, "val": {"loss": 12.10815658569336, "mae": 11.891692161560059, "mape": 0.1988442987203598}, "test_mixed": {"loss": 10.950355211893717, "mae": 10.858051300048828, "mape": 0.18366383016109467}, "test_workday": {"loss": 10.853934605916342, "mae": 10.752950668334961, "mape": 0.18451540172100067}, "test_holiday": {"loss": 11.152460098266602, "mae": 11.040306091308594, "mape": 0.18218712508678436}, "test_avg_mae": 10.896628379821777, "lr": 0.003}
EPOCH {"epoch": 80, "train_loss": 9.612676767202524, "val": {"loss": 12.07029914855957, "mae": 11.825221061706543, "mape": 0.18705424666404724}, "test_mixed": {"loss": 10.986804750230577, "mae": 10.876860618591309, "mape": 0.17481663823127747}, "test_workday": {"loss": 10.89423688252767, "mae": 10.770313262939453, "mape": 0.1754993498325348}, "test_holiday": {"loss": 11.182119369506836, "mae": 11.061625480651855, "mape": 0.17363275587558746}, "test_avg_mae": 10.915969371795654, "lr": 0.003}
EPOCH {"epoch": 81, "train_loss": 9.61758877680852, "val": {"loss": 12.009937477111816, "mae": 11.743088722229004, "mape": 0.18757076561450958}, "test_mixed": {"loss": 10.893098407321506, "mae": 10.78361988067627, "mape": 0.17457997798919678}, "test_workday": {"loss": 10.786701361338297, "mae": 10.659445762634277, "mape": 0.17486807703971863}, "test_holiday": {"loss": 11.120138804117838, "mae": 10.998952865600586, "mape": 0.17408037185668945}, "test_avg_mae": 10.829199314117432, "lr": 0.003}
EPOCH {"epoch": 82, "train_loss": 9.624388254605806, "val": {"loss": 12.061409950256348, "mae": 11.827509880065918, "mape": 0.19398891925811768}, "test_mixed": {"loss": 10.937370512220594, "mae": 10.830965042114258, "mape": 0.18085826933383942}, "test_workday": {"loss": 10.863635063171387, "mae": 10.74188232421875, "mape": 0.18084649741649628}, "test_holiday": {"loss": 11.094849904378256, "mae": 10.985445976257324, "mape": 0.180878683924675}, "test_avg_mae": 10.863664150238037, "lr": 0.003}
EPOCH {"epoch": 83, "train_loss": 9.515456419724684, "val": {"loss": 11.958027648925782, "mae": 11.709514617919922, "mape": 0.18558326363563538}, "test_mixed": {"loss": 10.854113896687826, "mae": 10.752694129943848, "mape": 0.17169655859470367}, "test_workday": {"loss": 10.749853134155273, "mae": 10.635247230529785, "mape": 0.1724204123020172}, "test_holiday": {"loss": 11.073407808939615, "mae": 10.956360816955566, "mape": 0.17044129967689514}, "test_avg_mae": 10.795804023742676, "lr": 0.003}
EPOCH {"epoch": 84, "train_loss": 9.42738727422861, "val": {"loss": 12.05521755218506, "mae": 11.838844299316406, "mape": 0.18873362243175507}, "test_mixed": {"loss": 11.007892184787327, "mae": 10.910845756530762, "mape": 0.17606140673160553}, "test_workday": {"loss": 10.916325410207113, "mae": 10.80390739440918, "mape": 0.17653872072696686}, "test_holiday": {"loss": 11.204418818155924, "mae": 11.09628677368164, "mape": 0.17523370683193207}, "test_avg_mae": 10.95009708404541, "lr": 0.003}
EPOCH {"epoch": 85, "train_loss": 9.437491416931152, "val": {"loss": 12.058670043945312, "mae": 11.830810546875, "mape": 0.18688081204891205}, "test_mixed": {"loss": 10.858281241522896, "mae": 10.754401206970215, "mape": 0.17266586422920227}, "test_workday": {"loss": 10.787665208180746, "mae": 10.669178009033203, "mape": 0.17309850454330444}, "test_holiday": {"loss": 11.013105710347494, "mae": 10.902186393737793, "mape": 0.17191562056541443}, "test_avg_mae": 10.785682201385498, "lr": 0.003}
EPOCH {"epoch": 86, "train_loss": 9.40659449650691, "val": {"loss": 12.008338737487794, "mae": 11.834589004516602, "mape": 0.1848190575838089}, "test_mixed": {"loss": 10.873935169643826, "mae": 10.77041244506836, "mape": 0.17125707864761353}, "test_workday": {"loss": 10.785602728525797, "mae": 10.66715145111084, "mape": 0.1719886064529419}, "test_holiday": {"loss": 11.061309814453125, "mae": 10.949477195739746, "mape": 0.1699884980916977}, "test_avg_mae": 10.808314323425293, "lr": 0.003}
EPOCH {"epoch": 87, "train_loss": 9.341165139124943, "val": {"loss": 11.887380218505859, "mae": 11.673948287963867, "mape": 0.18977294862270355}, "test_mixed": {"loss": 10.853128433227539, "mae": 10.742055892944336, "mape": 0.17484037578105927}, "test_workday": {"loss": 10.764035860697428, "mae": 10.633964538574219, "mape": 0.1748131811618805}, "test_holiday": {"loss": 11.04198169708252, "mae": 10.929496765136719, "mape": 0.1748875379562378}, "test_avg_mae": 10.781730651855469, "lr": 0.003}
EPOCH {"epoch": 88, "train_loss": 9.345326093526987, "val": {"loss": 12.089727973937988, "mae": 11.8252592086792, "mape": 0.18925787508487701}, "test_mixed": {"loss": 10.916501257154676, "mae": 10.794020652770996, "mape": 0.1747325211763382}, "test_workday": {"loss": 10.830718994140625, "mae": 10.69106674194336, "mape": 0.1753603219985962}, "test_holiday": {"loss": 11.097240765889486, "mae": 10.972556114196777, "mape": 0.1736438274383545}, "test_avg_mae": 10.831811428070068, "lr": 0.003}
EPOCH {"epoch": 89, "train_loss": 9.348851167238676, "val": {"loss": 12.14159927368164, "mae": 11.93008804321289, "mape": 0.1894364207983017}, "test_mixed": {"loss": 10.942305246988932, "mae": 10.827498435974121, "mape": 0.17454718053340912}, "test_workday": {"loss": 10.87094751993815, "mae": 10.74144458770752, "mape": 0.17490890622138977}, "test_holiday": {"loss": 11.094051678975424, "mae": 10.976726531982422, "mape": 0.17391985654830933}, "test_avg_mae": 10.85908555984497, "lr": 0.003}
EPOCH {"epoch": 90, "train_loss": 9.320063297565166, "val": {"loss": 12.13067169189453, "mae": 11.91054630279541, "mape": 0.1922813057899475}, "test_mixed": {"loss": 10.903371493021647, "mae": 10.787984848022461, "mape": 0.17681238055229187}, "test_workday": {"loss": 10.803762276967367, "mae": 10.672131538391113, "mape": 0.17780089378356934}, "test_holiday": {"loss": 11.111474990844727, "mae": 10.988892555236816, "mape": 0.17509819567203522}, "test_avg_mae": 10.830512046813965, "lr": 0.003}
EPOCH {"epoch": 91, "train_loss": 9.24376102594229, "val": {"loss": 11.993315505981446, "mae": 11.79714584350586, "mape": 0.18544086813926697}, "test_mixed": {"loss": 10.852509710523817, "mae": 10.7453031539917, "mape": 0.17275062203407288}, "test_workday": {"loss": 10.753474553426107, "mae": 10.63160228729248, "mape": 0.17273351550102234}, "test_holiday": {"loss": 11.062801678975424, "mae": 10.942472457885742, "mape": 0.17278027534484863}, "test_avg_mae": 10.787037372589111, "lr": 0.003}
EPOCH {"epoch": 92, "train_loss": 9.18995424417349, "val": {"loss": 11.96199722290039, "mae": 11.733287811279297, "mape": 0.18477150797843933}, "test_mixed": {"loss": 10.788251982794868, "mae": 10.68769359588623, "mape": 0.17028376460075378}, "test_workday": {"loss": 10.67726469039917, "mae": 10.564342498779297, "mape": 0.17059172689914703}, "test_holiday": {"loss": 11.025088946024576, "mae": 10.901596069335938, "mape": 0.16974970698356628}, "test_avg_mae": 10.732969284057617, "lr": 0.003}
EPOCH {"epoch": 93, "train_loss": 9.115636825561523, "val": {"loss": 12.121032333374023, "mae": 11.936232566833496, "mape": 0.19032453000545502}, "test_mixed": {"loss": 10.861273871527779, "mae": 10.753212928771973, "mape": 0.17448416352272034}, "test_workday": {"loss": 10.793236573537191, "mae": 10.671414375305176, "mape": 0.1754642277956009}, "test_holiday": {"loss": 11.008473714192709, "mae": 10.895060539245605, "mape": 0.17278459668159485}, "test_avg_mae": 10.78323745727539, "lr": 0.003}
EPOCH {"epoch": 94, "train_loss": 9.10841182562021, "val": {"loss": 12.030672645568847, "mae": 11.765929222106934, "mape": 0.18930567800998688}, "test_mixed": {"loss": 10.819841596815321, "mae": 10.712645530700684, "mape": 0.17339476943016052}, "test_workday": {"loss": 10.72770388921102, "mae": 10.608626365661621, "mape": 0.17387576401233673}, "test_holiday": {"loss": 11.015717506408691, "mae": 10.89302921295166, "mape": 0.1725606769323349}, "test_avg_mae": 10.75082778930664, "lr": 0.003}
EPOCH {"epoch": 95, "train_loss": 9.108463764190674, "val": {"loss": 12.11131591796875, "mae": 11.895915031433105, "mape": 0.1873026341199875}, "test_mixed": {"loss": 10.846435440911186, "mae": 10.729726791381836, "mape": 0.17256727814674377}, "test_workday": {"loss": 10.789991537729898, "mae": 10.66208553314209, "mape": 0.17369301617145538}, "test_holiday": {"loss": 10.96845817565918, "mae": 10.84702205657959, "mape": 0.17061515152454376}, "test_avg_mae": 10.75455379486084, "lr": 0.003}
EPOCH {"epoch": 96, "train_loss": 9.153698921203613, "val": {"loss": 12.021205139160156, "mae": 11.808266639709473, "mape": 0.1885749250650406}, "test_mixed": {"loss": 10.808525721232096, "mae": 10.702411651611328, "mape": 0.17278459668159485}, "test_workday": {"loss": 10.714025338490805, "mae": 10.591070175170898, "mape": 0.17301324009895325}, "test_holiday": {"loss": 11.006569862365723, "mae": 10.895488739013672, "mape": 0.17238809168338776}, "test_avg_mae": 10.743279457092285, "lr": 0.003}
EPOCH {"epoch": 97, "train_loss": 9.080414258516752, "val": {"loss": 12.008943939208985, "mae": 11.803289413452148, "mape": 0.1888405829668045}, "test_mixed": {"loss": 10.839267624749077, "mae": 10.73106575012207, "mape": 0.17285285890102386}, "test_workday": {"loss": 10.773996671040853, "mae": 10.650522232055664, "mape": 0.1729244589805603}, "test_holiday": {"loss": 10.981867154439291, "mae": 10.870733261108398, "mape": 0.17272871732711792}, "test_avg_mae": 10.760627746582031, "lr": 0.003}
EPOCH {"epoch": 98, "train_loss": 8.978936488811787, "val": {"loss": 12.065555191040039, "mae": 11.837488174438477, "mape": 0.18532083928585052}, "test_mixed": {"loss": 10.850571314493815, "mae": 10.734614372253418, "mape": 0.17051194608211517}, "test_workday": {"loss": 10.763627052307129, "mae": 10.636312484741211, "mape": 0.17080338299274445}, "test_holiday": {"loss": 11.032416025797525, "mae": 10.90507984161377, "mape": 0.17000657320022583}, "test_avg_mae": 10.77069616317749, "lr": 0.003}
EPOCH {"epoch": 99, "train_loss": 9.005112134493315, "val": {"loss": 12.28879623413086, "mae": 12.05007266998291, "mape": 0.19829143583774567}, "test_mixed": {"loss": 10.923993004692925, "mae": 10.821698188781738, "mape": 0.18220868706703186}, "test_workday": {"loss": 10.826615810394287, "mae": 10.715423583984375, "mape": 0.181620255112648}, "test_holiday": {"loss": 11.12710189819336, "mae": 11.005990982055664, "mape": 0.18322911858558655}, "test_avg_mae": 10.86070728302002, "lr": 0.003}
EPOCH {"epoch": 100, "train_loss": 8.96209401350755, "val": {"loss": 12.14393653869629, "mae": 11.91966724395752, "mape": 0.18842428922653198}, "test_mixed": {"loss": 10.852276378207737, "mae": 10.74125862121582, "mape": 0.17139336466789246}, "test_workday": {"loss": 10.755521456400553, "mae": 10.632349014282227, "mape": 0.1713431179523468}, "test_holiday": {"loss": 11.056056022644043, "mae": 10.930119514465332, "mape": 0.17148049175739288}, "test_avg_mae": 10.78123426437378, "lr": 0.003}
SUMMARY {"exp_name": "pure_agcrn_seed2024", "model": "agcrn", "ablation": "full", "best_epoch": 87, "best_val_loss": 11.887380218505859, "test_mixed_mae": 10.742055892944336, "test_workday_mae": 10.633964538574219, "test_holiday_mae": 10.929496765136719, "test_avg_mae": 10.781730651855469, "finished": true}
