============================================================
[START] 2026-07-08T12:49:10+00:00
[ATTEMPT] 1
[COMMAND] CUDA_VISIBLE_DEVICES=1 python run_tds_nyctaxi.py --config_filename configs/NYCTaxi.yaml --dataset NYCTaxi_TDS --data_dir data --graph_file data/NYCTaxi_TDS/adj_mx.npz --model steve --epochs 100 --batch_size 16 --test_batch_size 16 --device cuda:0 --train_work_per_holiday 2.5 --result_root experiments/NYCTaxi_TDS --resume true --resume_reset_patience true --early_stop_test_avg_mae_epoch 40 --early_stop_test_avg_mae_threshold 12 --fpem_backbone agcrn --agcrn_embed_dim 10 --agcrn_num_layers 2 --agcrn_cheb_k 2 --fpem_use_env_mask true --fpem_confounder_use_mask false --fpem_env_mask_hidden_dim 64 --fpem_env_mask_temperature 1.0 --fpem_env_mask_warmup_epochs 5 --fpem_lambda_mask_sparse 0.0005 --fpem_lambda_mask_entropy 0.0005 --fpem_use_env_route true --fpem_use_env_fusion true --fpem_env_route_k 1 --fpem_env_route_head_mode concat_input --fpem_env_route_mode confidence_mix --fpem_env_route_use_inv_fallback_expert false --fpem_env_route_tau 1.0 --fpem_env_route_oracle_tau 0.3 --fpem_env_route_train_mode soft_oracle --fpem_env_route_hidden_dim 64 --fpem_env_route_warmup_epochs 5 --fpem_env_route_lambda_final 1.0 --fpem_env_route_lambda_global 0.0 --fpem_env_route_lambda_route_soft 0.5 --fpem_env_route_lambda_expert 0.2 --fpem_env_route_lambda_router_oracle 1.0 --fpem_env_route_lambda_balance 0.0 --fpem_env_route_lambda_diverse 0.0 --fpem_env_route_lambda_entropy 0.0 --fpem_lambda_inv_pred 0.0 --fpem_hyper_alpha_mode sample_gate --fpem_lambda_hyper_delta_norm 0.0001 --fpem_use_confounder_extractor true --fpem_use_club_mi true --fpem_lambda_club_mi 0.01 --fpem_use_future_mi true --fpem_lambda_future_mi 0.02 --fpem_future_mi_target_mode env_encoder --fpem_future_mi_warmup_epochs 5 --fpem_future_mi_hidden_dim 64 --fpem_future_mi_detach_target true --fpem_use_swap true --fpem_lambda_swap 0.01 --fpem_swap_warmup_epochs 30 --fpem_swap_margin 0.01 --fpem_swap_gain_eta 0.0 --fpem_swap_gain_tau 0.05 --fpem_lambda_swap_diff 1.0 --fpem_lambda_swap_same 0.05 --fpem_swap_only_diff_route true --fpem_swap_detach_inv true --fpem_swap_detach_env false --fpem_use_swap_fallback_router_loss false --fpem_lambda_swap_fallback_router 0.0 --fpem_swap_fallback_warmup_epochs 30 --fpem_use_grad_consensus false --fpem_gc_pred_loss_only true --fpem_gc_inv_rho 0.3 --fpem_gc_env_rho 0.3 --fpem_gc_tau 0.5 --fpem_gc_temp 0.1 --fpem_gc_min_keep 0.2 --fpem_gc_warmup_epochs 10 --fpem_gc_route_min_samples 2 --fpem_use_gradcompat_aux false --fpem_lambda_gradcompat_aux 0.0 --seed 2024 --exp_name fpem_agcrn_aligned_module_build_bu_swap_only_seed2024 --ablation bu_swap_only --fpem_use_env_route true --fpem_use_env_fusion true --fpem_use_env_mask false --fpem_env_route_k 1 --fpem_env_route_lambda_balance 0.0 --fpem_env_route_lambda_diverse 0.0 --fpem_use_confounder_extractor false --fpem_use_future_mi false --fpem_lambda_future_mi 0.0 --fpem_use_swap false --fpem_lambda_swap 0.0 --fpem_use_club_mi false --fpem_lambda_club_mi 0.0 --fpem_lambda_inv_pred 0.0 --fpem_use_confounder_extractor true --fpem_use_swap true --fpem_lambda_swap 0.01 
============================================================
/data/OuXiaoyu/miniconda3/envs/basicts/lib/python3.11/site-packages/torch/optim/lr_scheduler.py:62: UserWarning: The verbose parameter is deprecated. Please use get_last_lr() to access the learning rate.
  warnings.warn(
{
  "args": {
    "seed": 2024,
    "device": "cuda:0",
    "mode": "train",
    "best_path": "/home/zhangwt/remote/StableST/experiments/NYCTaxi/20240510-014845/best_model.pth",
    "debug": false,
    "data_dir": "/data/OuXiaoyu/STEVE_CODE/STEVE/data",
    "dataset": "NYCTaxi_TDS",
    "input_length": 35,
    "batch_size": 16,
    "test_batch_size": 16,
    "graph_file": "/data/OuXiaoyu/STEVE_CODE/STEVE/data/NYCTaxi_TDS/adj_mx.npz",
    "num_nodes": 200,
    "len_closeness": 8,
    "len_period": 27,
    "len_trend": 0,
    "d_input": 2,
    "d_output": 2,
    "d_model": 64,
    "dropout": 0.1,
    "percent": 0.1,
    "shm_temp": 0.5,
    "nmb_prototype": 4,
    "yita": 0.5,
    "layers": 3,
    "K": 64,
    "bank_gamma": 0.2,
    "kw": 1,
    "mi_w": 2,
    "epochs": 100,
    "lr_init": 0.001,
    "early_stop": true,
    "early_stop_patience": 30,
    "grad_norm": true,
    "max_grad_norm": 5,
    "use_dwa": true,
    "temp": 2,
    "MMI": false,
    "lr_patience": 20,
    "lr_mode": "only",
    "use_RevIN": true,
    "ablation": "bu_swap_only",
    "config_filename": "/data/OuXiaoyu/STEVE_CODE/STEVE/configs/NYCTaxi.yaml",
    "model": "steve",
    "early_stop_test_avg_mae_epoch": 40,
    "early_stop_test_avg_mae_threshold": 12.0,
    "train_work_per_holiday": 2.5,
    "exp_name": "fpem_agcrn_aligned_module_build_bu_swap_only_seed2024",
    "run_name": "fpem_agcrn_aligned_module_build_bu_swap_only_seed2024",
    "result_root": "/data/OuXiaoyu/STEVE_CODE/STEVE/experiments/NYCTaxi_TDS",
    "resume": true,
    "resume_reset_patience": true,
    "max_train_batches": null,
    "max_eval_batches": null,
    "agcrn_lr": 0.003,
    "agcrn_embed_dim": 10,
    "agcrn_rnn_units": 64,
    "agcrn_num_layers": 2,
    "agcrn_cheb_k": 2,
    "fpem_backbone": "agcrn",
    "fpem_use_env_mask": false,
    "fpem_confounder_use_mask": false,
    "fpem_env_mask_hidden_dim": 64,
    "fpem_env_mask_temperature": 1.0,
    "fpem_env_mask_warmup_epochs": 5,
    "fpem_lambda_mask_sparse": 0.0005,
    "fpem_lambda_mask_entropy": 0.0005,
    "fpem_use_env_route": true,
    "fpem_use_env_fusion": true,
    "fpem_env_route_k": 1,
    "fpem_env_route_head_mode": "concat_input",
    "fpem_env_route_mode": "confidence_mix",
    "fpem_env_route_use_inv_fallback_expert": false,
    "fpem_env_route_tau": 1.0,
    "fpem_env_route_oracle_tau": 0.3,
    "fpem_env_route_train_mode": "soft_oracle",
    "fpem_env_route_hidden_dim": 64,
    "fpem_env_route_warmup_epochs": 5,
    "fpem_env_route_lambda_final": 1.0,
    "fpem_env_route_lambda_global": 0.0,
    "fpem_env_route_lambda_route_soft": 0.5,
    "fpem_env_route_lambda_expert": 0.2,
    "fpem_env_route_lambda_router_oracle": 1.0,
    "fpem_env_route_lambda_balance": 0.0,
    "fpem_env_route_lambda_diverse": 0.0,
    "fpem_env_route_lambda_entropy": 0.0,
    "fpem_lambda_inv_pred": 0.0,
    "fpem_hyper_alpha_mode": "sample_gate",
    "fpem_lambda_hyper_delta_norm": 0.0001,
    "fpem_use_confounder_extractor": true,
    "fpem_use_club_mi": false,
    "fpem_lambda_club_mi": 0.0,
    "fpem_use_future_mi": false,
    "fpem_lambda_future_mi": 0.0,
    "fpem_future_mi_target_mode": "env_encoder",
    "fpem_future_mi_warmup_epochs": 5,
    "fpem_future_mi_hidden_dim": 64,
    "fpem_future_mi_detach_target": true,
    "fpem_use_swap": true,
    "fpem_lambda_swap": 0.01,
    "fpem_swap_warmup_epochs": 30,
    "fpem_swap_margin": 0.01,
    "fpem_swap_gain_eta": 0.0,
    "fpem_swap_gain_tau": 0.05,
    "fpem_lambda_swap_diff": 1.0,
    "fpem_lambda_swap_same": 0.05,
    "fpem_swap_only_diff_route": true,
    "fpem_swap_detach_inv": true,
    "fpem_swap_detach_env": false,
    "fpem_use_swap_fallback_router_loss": false,
    "fpem_lambda_swap_fallback_router": 0.0,
    "fpem_swap_fallback_warmup_epochs": 30,
    "fpem_use_grad_consensus": false,
    "fpem_gc_pred_loss_only": true,
    "fpem_gc_inv_rho": 0.3,
    "fpem_gc_env_rho": 0.3,
    "fpem_gc_tau": 0.5,
    "fpem_gc_temp": 0.1,
    "fpem_gc_min_keep": 0.2,
    "fpem_gc_warmup_epochs": 10,
    "fpem_gc_route_min_samples": 2,
    "fpem_use_gradcompat_aux": false,
    "fpem_lambda_gradcompat_aux": 0.0,
    "git_commit": "1b38ed8",
    "log_dir": "/data/OuXiaoyu/STEVE_CODE/STEVE/experiments/NYCTaxi_TDS/fpem_agcrn_aligned_module_build_bu_swap_only_seed2024"
  },
  "counts": {
    "train_total": 1680,
    "train_workday": 1200,
    "train_holiday": 480,
    "train_workday_holiday_ratio": 2.5,
    "val_total": 274,
    "val_workday": 178,
    "val_holiday": 96,
    "test_total": 546,
    "test_workday": 354,
    "test_holiday": 192
  },
  "resume_start_epoch": 1
}
Traceback (most recent call last):
  File "/data/OuXiaoyu/STEVE_CODE/STEVE/run_tds_nyctaxi.py", line 695, in <module>
    train_one(parse_args())
  File "/data/OuXiaoyu/STEVE_CODE/STEVE/run_tds_nyctaxi.py", line 493, in train_one
    loss, sep_loss = steve_loss(model, batch, scaler, args, loss_weights, epoch)
                     ^^^^^^^^^^^^^^^^^^^^^^^^^^^^^^^^^^^^^^^^^^^^^^^^^^^^^^^^^^^
  File "/data/OuXiaoyu/STEVE_CODE/STEVE/run_tds_nyctaxi.py", line 286, in steve_loss
    z, h = model(data)
           ^^^^^^^^^^^
  File "/data/OuXiaoyu/miniconda3/envs/basicts/lib/python3.11/site-packages/torch/nn/modules/module.py", line 1736, in _wrapped_call_impl
    return self._call_impl(*args, **kwargs)
           ^^^^^^^^^^^^^^^^^^^^^^^^^^^^^^^^
  File "/data/OuXiaoyu/miniconda3/envs/basicts/lib/python3.11/site-packages/torch/nn/modules/module.py", line 1747, in _call_impl
    return forward_call(*args, **kwargs)
           ^^^^^^^^^^^^^^^^^^^^^^^^^^^^^
  File "/data/OuXiaoyu/STEVE_CODE/STEVE/models/our_model.py", line 215, in forward
    z_inv_seq, z_env_seq = self.forward_features(x)
                           ^^^^^^^^^^^^^^^^^^^^^^^^
  File "/data/OuXiaoyu/STEVE_CODE/STEVE/models/our_model.py", line 197, in forward_features
    z_env_seq = self.encoder_env(x)
                ^^^^^^^^^^^^^^^^^^^
  File "/data/OuXiaoyu/miniconda3/envs/basicts/lib/python3.11/site-packages/torch/nn/modules/module.py", line 1736, in _wrapped_call_impl
    return self._call_impl(*args, **kwargs)
           ^^^^^^^^^^^^^^^^^^^^^^^^^^^^^^^^
  File "/data/OuXiaoyu/miniconda3/envs/basicts/lib/python3.11/site-packages/torch/nn/modules/module.py", line 1747, in _call_impl
    return forward_call(*args, **kwargs)
           ^^^^^^^^^^^^^^^^^^^^^^^^^^^^^
  File "/data/OuXiaoyu/STEVE_CODE/STEVE/models/fpem/agcrn_adapter.py", line 70, in forward
    state = cell(current_inputs[:, t, :, :], state, self.node_embeddings)
            ^^^^^^^^^^^^^^^^^^^^^^^^^^^^^^^^^^^^^^^^^^^^^^^^^^^^^^^^^^^^^
  File "/data/OuXiaoyu/miniconda3/envs/basicts/lib/python3.11/site-packages/torch/nn/modules/module.py", line 1736, in _wrapped_call_impl
    return self._call_impl(*args, **kwargs)
           ^^^^^^^^^^^^^^^^^^^^^^^^^^^^^^^^
  File "/data/OuXiaoyu/miniconda3/envs/basicts/lib/python3.11/site-packages/torch/nn/modules/module.py", line 1747, in _call_impl
    return forward_call(*args, **kwargs)
           ^^^^^^^^^^^^^^^^^^^^^^^^^^^^^
  File "/data/OuXiaoyu/STEVE_CODE/STEVE/models/fpem/agcrn_adapter.py", line 37, in forward
    z_r = torch.sigmoid(self.gate(input_and_state, node_embeddings))
                        ^^^^^^^^^^^^^^^^^^^^^^^^^^^^^^^^^^^^^^^^^^^
  File "/data/OuXiaoyu/miniconda3/envs/basicts/lib/python3.11/site-packages/torch/nn/modules/module.py", line 1736, in _wrapped_call_impl
    return self._call_impl(*args, **kwargs)
           ^^^^^^^^^^^^^^^^^^^^^^^^^^^^^^^^
  File "/data/OuXiaoyu/miniconda3/envs/basicts/lib/python3.11/site-packages/torch/nn/modules/module.py", line 1747, in _call_impl
    return forward_call(*args, **kwargs)
           ^^^^^^^^^^^^^^^^^^^^^^^^^^^^^
  File "/data/OuXiaoyu/STEVE_CODE/STEVE/models/fpem/agcrn_adapter.py", line 20, in forward
    weights = torch.einsum("nd,dkio->nkio", node_embeddings, self.weights_pool)
              ^^^^^^^^^^^^^^^^^^^^^^^^^^^^^^^^^^^^^^^^^^^^^^^^^^^^^^^^^^^^^^^^^
  File "/data/OuXiaoyu/miniconda3/envs/basicts/lib/python3.11/site-packages/torch/functional.py", line 402, in einsum
    return _VF.einsum(equation, operands)  # type: ignore[attr-defined]
           ^^^^^^^^^^^^^^^^^^^^^^^^^^^^^^
torch.OutOfMemoryError: CUDA out of memory. Tried to allocate 26.00 MiB. GPU 0 has a total capacity of 7.79 GiB of which 7.31 MiB is free. Including non-PyTorch memory, this process has 7.78 GiB memory in use. Of the allocated memory 7.55 GiB is allocated by PyTorch, and 85.58 MiB is reserved by PyTorch but unallocated. If reserved but unallocated memory is large try setting PYTORCH_CUDA_ALLOC_CONF=expandable_segments:True to avoid fragmentation.  See documentation for Memory Management  (https://pytorch.org/docs/stable/notes/cuda.html#environment-variables)
[END] 2026-07-08T12:49:17+00:00 exit_code=1
