2026-07-02 20:05:01: Experiment log path in: /data/OuXiaoyu/mystg/baselines/STEVE_CODE/STEVE/experiments/NYCTaxi/fpem_hyper_ablation_full_seed2024_20260702-200501
2026-07-02 20:05:01: Experiment configs are: Namespace(seed=2024, device='cuda:0', mode='train', best_path='/home/zhangwt/remote/StableST/experiments/NYCTaxi/20240510-014845/best_model.pth', debug=False, data_dir='/data/OuXiaoyu/mystg/baselines/STEVE_CODE/STEVE/data', dataset='NYCTaxi', input_length=35, batch_size=64, test_batch_size=64, graph_file='/data/OuXiaoyu/mystg/baselines/STEVE_CODE/STEVE/data/NYCTaxi/adj_mx.npz', num_nodes=200, len_closeness=8, len_period=27, len_trend=0, d_input=2, d_output=2, d_model=64, dropout=0.1, percent=0.1, shm_temp=0.5, nmb_prototype=4, yita=0.5, layers=3, K=64, bank_gamma=0.2, kw=1, mi_w=2, epochs=3, lr_init=0.001, early_stop=True, early_stop_patience=50, grad_norm=True, max_grad_norm=5, use_dwa=True, temp=2, MMI=False, lr_patience=20, lr_mode='only', use_RevIN=True, ablation='all', model='steve', resume=False, fpem_backbone='agcrn', agcrn_embed_dim=10, agcrn_num_layers=2, agcrn_cheb_k=2, fpem_use_env_mask=True, fpem_env_mask_hidden_dim=64, fpem_env_mask_temperature=1.0, fpem_env_mask_warmup_epochs=0, fpem_lambda_mask_sparse=0.0005, fpem_lambda_mask_entropy=0.0005, fpem_use_env_route=True, fpem_env_route_k=3, fpem_env_route_head_mode='hyper_inv_film', fpem_env_route_use_inv_fallback_expert=True, fpem_env_route_tau=1.0, fpem_env_route_oracle_tau=0.3, fpem_env_route_train_mode='soft_oracle', fpem_env_route_hidden_dim=64, fpem_env_route_warmup_epochs=0, fpem_env_route_lambda_final=1.0, fpem_env_route_lambda_global=0.0, fpem_env_route_lambda_route_soft=0.5, fpem_env_route_lambda_expert=0.2, fpem_env_route_lambda_router_oracle=1.0, fpem_env_route_lambda_balance=0.01, fpem_env_route_lambda_diverse=0.01, fpem_env_route_lambda_entropy=0.0, fpem_use_env_fusion=True, fpem_lambda_inv_pred=0.2, fpem_hyper_alpha_mode='sample_gate', fpem_lambda_hyper_delta_norm=0.0001, fpem_use_future_mi=True, fpem_lambda_future_mi=0.02, fpem_future_mi_warmup_epochs=0, fpem_future_mi_hidden_dim=64, fpem_future_mi_detach_target=True, fpem_use_swap=True, fpem_lambda_swap=0.01, fpem_swap_warmup_epochs=0, fpem_swap_margin=0.01, fpem_swap_gain_eta=0.0, fpem_swap_gain_tau=0.05, fpem_lambda_swap_diff=1.0, fpem_lambda_swap_same=0.05, fpem_swap_only_diff_route=True, fpem_swap_detach_inv=True, fpem_swap_detach_env=False, fpem_use_swap_fallback_router_loss=True, fpem_lambda_swap_fallback_router=0.005, fpem_swap_fallback_warmup_epochs=10, fpem_use_grad_consensus=True, fpem_gc_pred_loss_only=True, fpem_gc_inv_rho=0.3, fpem_gc_env_rho=0.3, fpem_gc_tau=0.5, fpem_gc_temp=0.1, fpem_gc_min_keep=0.2, fpem_gc_warmup_epochs=0, fpem_gc_route_min_samples=2, fpem_use_gradcompat_aux=False, fpem_lambda_gradcompat_aux=0.0, exp_name='fpem_hyper_ablation_full_seed2024', log_dir='/data/OuXiaoyu/mystg/baselines/STEVE_CODE/STEVE/experiments/NYCTaxi/fpem_hyper_ablation_full_seed2024_20260702-200501')
2026-07-02 20:05:01: loss weights: [1. 1. 1.]
2026-07-02 20:05:03: Traceback (most recent call last):
  File "/data/OuXiaoyu/mystg/baselines/STEVE_CODE/STEVE/train.py", line 364, in main
    results = trainer.train() # best_eval_loss, best_epoch
              ^^^^^^^^^^^^^^^
  File "/data/OuXiaoyu/mystg/baselines/STEVE_CODE/STEVE/train.py", line 182, in train
    train_epoch_loss, loss_t = self.train_epoch(epoch, loss_weights)
                               ^^^^^^^^^^^^^^^^^^^^^^^^^^^^^^^^^^^^^
  File "/data/OuXiaoyu/mystg/baselines/STEVE_CODE/STEVE/train.py", line 102, in train_epoch
    loss.backward()
  File "/data/OuXiaoyu/miniconda3/envs/basicts/lib/python3.11/site-packages/torch/_tensor.py", line 581, in backward
    torch.autograd.backward(
  File "/data/OuXiaoyu/miniconda3/envs/basicts/lib/python3.11/site-packages/torch/autograd/__init__.py", line 347, in backward
    _engine_run_backward(
  File "/data/OuXiaoyu/miniconda3/envs/basicts/lib/python3.11/site-packages/torch/autograd/graph.py", line 825, in _engine_run_backward
    return Variable._execution_engine.run_backward(  # Calls into the C++ engine to run the backward pass
           ^^^^^^^^^^^^^^^^^^^^^^^^^^^^^^^^^^^^^^^^^^^^^^^^^^^^^^^^^^^^^^^^^^^^^^^^^^^^^^^^^^^^^^^^^^^^^^
KeyboardInterrupt

2026-07-02 20:05:03: abulation is all
2026-07-02 20:05:03: bank gradient!
2026-07-02 20:05:03: gamma 0.2
2026-07-02 20:05:03: kw 1
