============================================================
[START] 2026-07-16T00:53:07+08:00
[ATTEMPT] 1
[COMMAND] CUDA_VISIBLE_DEVICES=3 python run_tds_nyctaxi.py --config_filename configs/NYCTaxi.yaml --dataset NYCTaxi_TDS --data_dir data --graph_file data/NYCTaxi_TDS/adj_mx.npz --model steve --epochs 100 --batch_size 16 --test_batch_size 16 --device cuda:0 --train_work_per_holiday 2.5 --result_root experiments/NYCTaxi_TDS --resume true --resume_reset_patience true --early_stop_test_avg_mae_epoch 40 --early_stop_test_avg_mae_threshold 12 --fpem_backbone agcrn --fpem_use_pretrained_inv_agcrn true --fpem_pretrained_inv_agcrn_path /data/OuXiaoyu/STEVE_CODE/STEVE/experiments/NYCTaxi_TDS/pure_agcrn_seed2024/best_val_model.pth --agcrn_embed_dim 10 --agcrn_num_layers 2 --agcrn_cheb_k 2 --fpem_use_confounder_extractor false --fpem_use_env_mask false --fpem_confounder_use_mask false --fpem_lambda_mask_sparse 0.0 --fpem_lambda_mask_entropy 0.0 --fpem_lambda_inv_pred 0.0 --fpem_use_env_route true --fpem_env_route_k 3 --fpem_env_route_warmup_epochs 0 --fpem_env_route_tau 1.0 --fpem_env_route_oracle_tau 0.3 --fpem_env_route_train_mode soft_oracle --fpem_env_route_hidden_dim 64 --fpem_env_route_lambda_final 1.0 --fpem_env_route_lambda_global 0.0 --fpem_env_route_lambda_route_soft 0.5 --fpem_env_route_lambda_expert 0.2 --fpem_env_route_lambda_router_oracle 1.0 --fpem_env_route_lambda_balance 0.1 --fpem_env_route_lambda_diverse 0.02 --fpem_env_route_lambda_proto_align 0.01 --fpem_env_route_lambda_entropy 0.0 --fpem_hyper_alpha_mode sample_gate --fpem_lambda_hyper_delta_norm 0.0001 --fpem_use_env_prototype_router true --fpem_env_route_target_mode env_prototype --fpem_env_prototype_temperature 1.0 --fpem_use_sinkhorn_route true --fpem_sinkhorn_iters 3 --fpem_sinkhorn_epsilon 0.05 --fpem_expert_uniform_warmup_epochs 5 --fpem_env_route_balance_warmup_epochs 10 --fpem_env_route_initial_temperature 1.0 --fpem_env_route_final_temperature 0.3 --fpem_env_use_exogenous true --fpem_use_env_supervision false --fpem_lambda_env_day_cls 0.0 --fpem_lambda_env_hour_cls 0.0 --fpem_lambda_env_rush_cls 0.0 --fpem_use_env_supcon false --fpem_lambda_env_supcon 0.0 --fpem_use_inv_projector false --fpem_use_inv_env_adversarial false --fpem_use_cross_cov_sep false --fpem_use_club_mi false --fpem_lambda_club_mi 0.0 --fpem_use_env_fusion false --fpem_env_route_use_inv_fallback_expert false --fpem_use_future_mi false --fpem_lambda_future_mi 0.0 --fpem_future_mi_target_mode env_encoder --fpem_future_mi_warmup_epochs 5 --fpem_future_mi_hidden_dim 64 --fpem_future_mi_detach_target true --fpem_use_swap false --fpem_lambda_swap 0.0 --fpem_swap_warmup_epochs 30 --fpem_swap_margin 0.01 --fpem_swap_gain_eta 0.0 --fpem_swap_gain_tau 0.05 --fpem_lambda_swap_diff 1.0 --fpem_lambda_swap_same 0.05 --fpem_swap_only_diff_route true --fpem_swap_detach_inv true --fpem_swap_detach_env false --fpem_use_swap_fallback_router_loss false --fpem_lambda_swap_fallback_router 0.0 --fpem_use_grad_consensus false --fpem_gc_pred_loss_only true --seed 2026 --exp_name fpem_agcrn_aligned_pretrained_inv_hyper_proto_hyper_full_k4_seed2026 --ablation hyper_full_k4 --fpem_env_route_head_mode hyper_inv_film_proto --fpem_env_route_k 4 --fpem_use_sinkhorn_route true --fpem_use_future_mi true --fpem_lambda_future_mi 0.02 --fpem_use_swap true --fpem_lambda_swap 0.01 
============================================================
[StableST] loaded pretrained invariant AGCRN encoder from /data/OuXiaoyu/STEVE_CODE/STEVE/experiments/NYCTaxi_TDS/pure_agcrn_seed2024/best_val_model.pth; missing=[] unexpected=[]
{
  "args": {
    "seed": 2026,
    "device": "cuda:0",
    "mode": "train",
    "best_path": "/home/zhangwt/remote/StableST/experiments/NYCTaxi/20240510-014845/best_model.pth",
    "debug": false,
    "data_dir": "/data/OuXiaoyu/STEVE_CODE/STEVE/data",
    "dataset": "NYCTaxi_TDS",
    "input_length": 35,
    "batch_size": 16,
    "test_batch_size": 16,
    "graph_file": "/data/OuXiaoyu/STEVE_CODE/STEVE/data/NYCTaxi_TDS/adj_mx.npz",
    "num_nodes": 200,
    "len_closeness": 8,
    "len_period": 27,
    "len_trend": 0,
    "d_input": 2,
    "d_output": 2,
    "d_model": 64,
    "dropout": 0.1,
    "percent": 0.1,
    "shm_temp": 0.5,
    "nmb_prototype": 4,
    "yita": 0.5,
    "layers": 3,
    "K": 64,
    "bank_gamma": 0.2,
    "kw": 1,
    "mi_w": 2,
    "epochs": 100,
    "lr_init": 0.001,
    "early_stop": true,
    "early_stop_patience": 30,
    "grad_norm": true,
    "max_grad_norm": 5,
    "use_dwa": true,
    "temp": 2,
    "MMI": false,
    "lr_patience": 20,
    "lr_mode": "only",
    "use_RevIN": true,
    "ablation": "hyper_full_k4",
    "config_filename": "/data/OuXiaoyu/STEVE_CODE/STEVE/configs/NYCTaxi.yaml",
    "model": "steve",
    "early_stop_test_avg_mae_epoch": 40,
    "early_stop_test_avg_mae_threshold": 12.0,
    "train_work_per_holiday": 2.5,
    "exp_name": "fpem_agcrn_aligned_pretrained_inv_hyper_proto_hyper_full_k4_seed2026",
    "run_name": "fpem_agcrn_aligned_pretrained_inv_hyper_proto_hyper_full_k4_seed2026",
    "result_root": "/data/OuXiaoyu/STEVE_CODE/STEVE/experiments/NYCTaxi_TDS",
    "resume": true,
    "resume_reset_patience": true,
    "max_train_batches": null,
    "max_eval_batches": null,
    "agcrn_lr": 0.003,
    "agcrn_embed_dim": 10,
    "agcrn_rnn_units": 64,
    "agcrn_num_layers": 2,
    "agcrn_cheb_k": 2,
    "fpem_use_pretrained_inv_agcrn": true,
    "fpem_pretrained_inv_agcrn_path": "/data/OuXiaoyu/STEVE_CODE/STEVE/experiments/NYCTaxi_TDS/pure_agcrn_seed2024/best_val_model.pth",
    "fpem_use_env_supervision": false,
    "fpem_lambda_env_day_cls": 0.0,
    "fpem_lambda_env_hour_cls": 0.0,
    "fpem_lambda_env_rush_cls": 0.0,
    "fpem_env_use_exogenous": true,
    "fpem_env_exogenous_hour_dim": 8,
    "fpem_env_exogenous_day_dim": 4,
    "fpem_env_exogenous_rush_dim": 4,
    "fpem_env_exogenous_load_dim": 8,
    "fpem_env_exogenous_load_num_embeddings": 6,
    "fpem_env_exogenous_scale": 0.1,
    "fpem_use_env_supcon": false,
    "fpem_lambda_env_supcon": 0.0,
    "fpem_env_supcon_temperature": 0.1,
    "fpem_use_inv_projector": false,
    "fpem_use_inv_env_adversarial": false,
    "fpem_lambda_inv_env_adv": 0.0,
    "fpem_grl_alpha": 1.0,
    "fpem_env_route_head_mode": "hyper_inv_film_proto",
    "fpem_use_env_prototype_router": true,
    "fpem_env_route_target_mode": "env_prototype",
    "fpem_env_prototype_temperature": 1.0,
    "fpem_env_route_hybrid_alpha": 1.0,
    "fpem_env_route_hybrid_alpha_start": 1.0,
    "fpem_env_route_hybrid_alpha_end": 0.5,
    "fpem_env_route_hybrid_alpha_decay_epochs": 30,
    "fpem_use_sinkhorn_route": true,
    "fpem_sinkhorn_iters": 3,
    "fpem_sinkhorn_epsilon": 0.05,
    "fpem_expert_uniform_warmup_epochs": 5,
    "fpem_env_route_balance_warmup_epochs": 10,
    "fpem_env_route_initial_temperature": 1.0,
    "fpem_env_route_final_temperature": 0.3,
    "fpem_use_cross_cov_sep": false,
    "fpem_lambda_cross_cov_sep": 0.0,
    "fpem_backbone": "agcrn",
    "fpem_use_confounder_extractor": false,
    "fpem_use_env_mask": false,
    "fpem_confounder_use_mask": false,
    "fpem_lambda_mask_sparse": 0.0,
    "fpem_lambda_mask_entropy": 0.0,
    "fpem_lambda_inv_pred": 0.0,
    "fpem_use_env_route": true,
    "fpem_env_route_k": 4,
    "fpem_env_route_warmup_epochs": 0,
    "fpem_env_route_tau": 1.0,
    "fpem_env_route_oracle_tau": 0.3,
    "fpem_env_route_train_mode": "soft_oracle",
    "fpem_env_route_hidden_dim": 64,
    "fpem_env_route_lambda_final": 1.0,
    "fpem_env_route_lambda_global": 0.0,
    "fpem_env_route_lambda_route_soft": 0.5,
    "fpem_env_route_lambda_expert": 0.2,
    "fpem_env_route_lambda_router_oracle": 1.0,
    "fpem_env_route_lambda_balance": 0.1,
    "fpem_env_route_lambda_diverse": 0.02,
    "fpem_env_route_lambda_proto_align": 0.01,
    "fpem_env_route_lambda_entropy": 0.0,
    "fpem_hyper_alpha_mode": "sample_gate",
    "fpem_lambda_hyper_delta_norm": 0.0001,
    "fpem_use_club_mi": false,
    "fpem_lambda_club_mi": 0.0,
    "fpem_use_env_fusion": false,
    "fpem_env_route_use_inv_fallback_expert": false,
    "fpem_use_future_mi": true,
    "fpem_lambda_future_mi": 0.02,
    "fpem_future_mi_target_mode": "env_encoder",
    "fpem_future_mi_warmup_epochs": 5,
    "fpem_future_mi_hidden_dim": 64,
    "fpem_future_mi_detach_target": true,
    "fpem_use_swap": true,
    "fpem_lambda_swap": 0.01,
    "fpem_swap_warmup_epochs": 30,
    "fpem_swap_margin": 0.01,
    "fpem_swap_gain_eta": 0.0,
    "fpem_swap_gain_tau": 0.05,
    "fpem_lambda_swap_diff": 1.0,
    "fpem_lambda_swap_same": 0.05,
    "fpem_swap_only_diff_route": true,
    "fpem_swap_detach_inv": true,
    "fpem_swap_detach_env": false,
    "fpem_use_swap_fallback_router_loss": false,
    "fpem_lambda_swap_fallback_router": 0.0,
    "fpem_use_grad_consensus": false,
    "fpem_gc_pred_loss_only": true,
    "git_commit": "1b38ed8",
    "log_dir": "/data/OuXiaoyu/STEVE_CODE/STEVE/experiments/NYCTaxi_TDS/fpem_agcrn_aligned_pretrained_inv_hyper_proto_hyper_full_k4_seed2026"
  },
  "counts": {
    "train_total": 1680,
    "train_workday": 1200,
    "train_holiday": 480,
    "train_workday_holiday_ratio": 2.5,
    "val_total": 274,
    "val_workday": 178,
    "val_holiday": 96,
    "test_total": 546,
    "test_workday": 354,
    "test_holiday": 192
  },
  "trainable_params": 914981,
  "frozen_params": 824049,
  "optimizer_params": 914981,
  "resume_start_epoch": 1
}
EXPERT_COLLAPSE_WARNING epoch=1 zero_assignment_streak=3
EXPERT_COLLAPSE_WARNING epoch=1 zero_assignment_streak=4
EXPERT_COLLAPSE_WARNING epoch=1 zero_assignment_streak=5
EXPERT_COLLAPSE_WARNING epoch=1 zero_assignment_streak=6
EXPERT_COLLAPSE_WARNING epoch=1 zero_assignment_streak=7
EXPERT_COLLAPSE_WARNING epoch=1 zero_assignment_streak=8
EXPERT_COLLAPSE_WARNING epoch=1 zero_assignment_streak=9
EXPERT_COLLAPSE_WARNING epoch=1 zero_assignment_streak=10
EXPERT_COLLAPSE_WARNING epoch=1 zero_assignment_streak=11
EXPERT_COLLAPSE_WARNING epoch=1 zero_assignment_streak=12
EXPERT_COLLAPSE_WARNING epoch=1 zero_assignment_streak=13
EXPERT_COLLAPSE_WARNING epoch=1 zero_assignment_streak=14
EXPERT_COLLAPSE_WARNING epoch=1 zero_assignment_streak=15
EXPERT_COLLAPSE_WARNING epoch=1 zero_assignment_streak=16
EXPERT_COLLAPSE_WARNING epoch=1 zero_assignment_streak=17
EXPERT_COLLAPSE_WARNING epoch=1 zero_assignment_streak=18
EXPERT_COLLAPSE_WARNING epoch=1 zero_assignment_streak=19
EXPERT_COLLAPSE_WARNING epoch=1 zero_assignment_streak=20
EXPERT_COLLAPSE_WARNING epoch=1 zero_assignment_streak=21
EXPERT_COLLAPSE_WARNING epoch=1 zero_assignment_streak=22
EXPERT_COLLAPSE_WARNING epoch=1 zero_assignment_streak=23
EXPERT_COLLAPSE_WARNING epoch=1 zero_assignment_streak=24
EXPERT_COLLAPSE_WARNING epoch=1 zero_assignment_streak=25
EXPERT_COLLAPSE_WARNING epoch=1 zero_assignment_streak=26
EXPERT_COLLAPSE_WARNING epoch=1 zero_assignment_streak=27
EXPERT_COLLAPSE_WARNING epoch=1 zero_assignment_streak=28
EXPERT_COLLAPSE_WARNING epoch=1 zero_assignment_streak=29
EXPERT_COLLAPSE_WARNING epoch=1 zero_assignment_streak=30
EXPERT_COLLAPSE_WARNING epoch=1 zero_assignment_streak=31
EXPERT_COLLAPSE_WARNING epoch=1 zero_assignment_streak=32
EXPERT_COLLAPSE_WARNING epoch=1 zero_assignment_streak=33
EXPERT_COLLAPSE_WARNING epoch=1 zero_assignment_streak=34
EXPERT_COLLAPSE_WARNING epoch=1 zero_assignment_streak=35
EXPERT_COLLAPSE_WARNING epoch=1 zero_assignment_streak=36
EXPERT_COLLAPSE_WARNING epoch=1 zero_assignment_streak=37
EXPERT_COLLAPSE_WARNING epoch=1 zero_assignment_streak=38
EXPERT_COLLAPSE_WARNING epoch=1 zero_assignment_streak=39
EXPERT_COLLAPSE_WARNING epoch=1 zero_assignment_streak=40
EXPERT_COLLAPSE_WARNING epoch=1 zero_assignment_streak=41
EXPERT_COLLAPSE_WARNING epoch=1 zero_assignment_streak=42
EXPERT_COLLAPSE_WARNING epoch=1 zero_assignment_streak=43
EXPERT_COLLAPSE_WARNING epoch=1 zero_assignment_streak=44
EXPERT_COLLAPSE_WARNING epoch=1 zero_assignment_streak=45
EXPERT_COLLAPSE_WARNING epoch=1 zero_assignment_streak=46
EXPERT_COLLAPSE_WARNING epoch=1 zero_assignment_streak=47
EXPERT_COLLAPSE_WARNING epoch=1 zero_assignment_streak=48
EXPERT_COLLAPSE_WARNING epoch=1 zero_assignment_streak=49
EXPERT_COLLAPSE_WARNING epoch=1 zero_assignment_streak=50
EXPERT_COLLAPSE_WARNING epoch=1 zero_assignment_streak=51
EXPERT_COLLAPSE_WARNING epoch=1 zero_assignment_streak=52
EXPERT_COLLAPSE_WARNING epoch=1 zero_assignment_streak=53
EXPERT_COLLAPSE_WARNING epoch=1 zero_assignment_streak=54
EXPERT_COLLAPSE_WARNING epoch=1 zero_assignment_streak=55
EXPERT_COLLAPSE_WARNING epoch=1 zero_assignment_streak=56
EXPERT_COLLAPSE_WARNING epoch=1 zero_assignment_streak=57
EXPERT_COLLAPSE_WARNING epoch=1 zero_assignment_streak=58
EXPERT_COLLAPSE_WARNING epoch=1 zero_assignment_streak=59
EXPERT_COLLAPSE_WARNING epoch=1 zero_assignment_streak=60
EXPERT_COLLAPSE_WARNING epoch=1 zero_assignment_streak=61
EXPERT_COLLAPSE_WARNING epoch=1 zero_assignment_streak=62
EXPERT_COLLAPSE_WARNING epoch=1 zero_assignment_streak=63
EXPERT_COLLAPSE_WARNING epoch=1 zero_assignment_streak=64
EXPERT_COLLAPSE_WARNING epoch=1 zero_assignment_streak=65
EXPERT_COLLAPSE_WARNING epoch=1 zero_assignment_streak=66
EXPERT_COLLAPSE_WARNING epoch=1 zero_assignment_streak=67
EXPERT_COLLAPSE_WARNING epoch=1 zero_assignment_streak=68
EXPERT_COLLAPSE_WARNING epoch=1 zero_assignment_streak=69
EXPERT_COLLAPSE_WARNING epoch=1 zero_assignment_streak=70
EXPERT_COLLAPSE_WARNING epoch=1 zero_assignment_streak=71
EXPERT_COLLAPSE_WARNING epoch=1 zero_assignment_streak=72
EXPERT_COLLAPSE_WARNING epoch=1 zero_assignment_streak=73
EXPERT_COLLAPSE_WARNING epoch=1 zero_assignment_streak=74
EXPERT_COLLAPSE_WARNING epoch=1 zero_assignment_streak=75
EXPERT_COLLAPSE_WARNING epoch=1 zero_assignment_streak=76
EXPERT_COLLAPSE_WARNING epoch=1 zero_assignment_streak=77
EXPERT_COLLAPSE_WARNING epoch=1 zero_assignment_streak=78
EXPERT_COLLAPSE_WARNING epoch=1 zero_assignment_streak=79
EXPERT_COLLAPSE_WARNING epoch=1 zero_assignment_streak=80
EXPERT_COLLAPSE_WARNING epoch=1 zero_assignment_streak=81
EXPERT_COLLAPSE_WARNING epoch=1 zero_assignment_streak=82
EXPERT_COLLAPSE_WARNING epoch=1 zero_assignment_streak=83
EXPERT_COLLAPSE_WARNING epoch=1 zero_assignment_streak=84
EXPERT_COLLAPSE_WARNING epoch=1 zero_assignment_streak=85
EXPERT_COLLAPSE_WARNING epoch=1 zero_assignment_streak=86
EXPERT_COLLAPSE_WARNING epoch=1 zero_assignment_streak=87
EXPERT_COLLAPSE_WARNING epoch=1 zero_assignment_streak=88
EXPERT_COLLAPSE_WARNING epoch=1 zero_assignment_streak=89
EXPERT_COLLAPSE_WARNING epoch=1 zero_assignment_streak=90
EXPERT_COLLAPSE_WARNING epoch=1 zero_assignment_streak=91
EXPERT_COLLAPSE_WARNING epoch=1 zero_assignment_streak=92
EXPERT_COLLAPSE_WARNING epoch=1 zero_assignment_streak=93
EXPERT_COLLAPSE_WARNING epoch=1 zero_assignment_streak=94
EXPERT_COLLAPSE_WARNING epoch=1 zero_assignment_streak=95
EXPERT_COLLAPSE_WARNING epoch=1 zero_assignment_streak=96
EXPERT_COLLAPSE_WARNING epoch=1 zero_assignment_streak=97
EXPERT_COLLAPSE_WARNING epoch=1 zero_assignment_streak=98
EXPERT_COLLAPSE_WARNING epoch=1 zero_assignment_streak=99
EXPERT_COLLAPSE_WARNING epoch=1 zero_assignment_streak=100
EXPERT_COLLAPSE_WARNING epoch=1 zero_assignment_streak=101
EXPERT_COLLAPSE_WARNING epoch=1 zero_assignment_streak=102
EXPERT_COLLAPSE_WARNING epoch=1 zero_assignment_streak=103
EXPERT_COLLAPSE_WARNING epoch=1 zero_assignment_streak=104
EXPERT_COLLAPSE_WARNING epoch=1 zero_assignment_streak=105
EPOCH {"epoch": 1, "train_loss": 152.19949202764602, "val": {"loss": 32.00847127702501, "mae": 31.50943374633789, "mape": 0.5312355160713196}, "test_mixed": {"loss": 35.34115655081613, "mae": 34.68423843383789, "mape": 0.5357882380485535}, "test_workday": {"loss": 36.56656953562861, "mae": 35.8984260559082, "mape": 0.5465613007545471}, "test_holiday": {"loss": 32.936373233795166, "mae": 32.578704833984375, "mape": 0.5171064734458923}, "test_avg_mae": 34.23856544494629, "lr": 0.001, "fpem_logs": {"fpem/fpem_env_use_exogenous": 1.0, "fpem/env_exogenous_available": 1.0, "fpem/env_exogenous_time_available": 1.0, "fpem/env_exogenous_load_available": 1.0, "fpem/env_exogenous_feature_dim": 32.0, "fpem/env_exogenous_embedding_norm": 2.1501701468513126, "fpem/env_exogenous_load_embedding_norm": 1.2115835314705259, "fpem/mask_loss": 0.0, "fpem/mask_sparse_loss": 0.0, "fpem/mask_entropy_loss": 0.0, "fpem/mask_mean": 1.0, "fpem/mask_entropy": 0.0, "fpem/mask_active_ratio": 1.0, "fpem/fusion_alpha_mean": 0.0, "fpem/fusion_alpha_std": 0.0, "fpem/fusion_alpha_min": 0.0, "fpem/fusion_alpha_max": 0.0, "fpem/env_route_loss": 96.34899222964333, "fpem/env_route_L_final": 55.85044621058873, "fpem/env_route_L_global": 92.44498814174108, "fpem/env_route_L_route_soft": 55.85044621058873, "fpem/env_route_L_expert": 62.78556772867839, "fpem/env_route_L_router_oracle": 0.0, "fpem/env_route_L_balance": 0.0, "fpem/env_route_L_diverse": 0.9399823046865917, "fpem/env_route_L_proto_align": -0.25906500638950436, "fpem/env_route_entropy": 1.3862943649291992, "fpem/env_route_q_max_mean": 0.25, "fpem/env_route_train_mode_gradient_compat": 0.0, "fpem/env_route_gradient_compat_aux": 0.0, "fpem/hyper_alpha_mean": 0.7955044173059009, "fpem/hyper_delta_norm": 0.5322973160312018, "fpem/hyper_route_proto_mode_uniform_warmup": 1.0, "fpem/hyper_route_proto_mode_sinkhorn": 0.0, "fpem/hyper_route_proto_mode_softmax": 0.0, "fpem/fallback_q_mean": 0.0, "fpem/fallback_q_max": 0.0, "fpem/env_q_sum_mean": 0.0, "fpem/oracle_fallback_rate": 0.0, "fpem/route_count_fallback": 0.0, "fpem/env_route_head_mode": 1.0, "fpem/route_entropy_mean": 1.3862943649291992, "fpem/route_mean_distribution_entropy": 1.3862943649291992, "fpem/effective_expert_number": 4.0, "fpem/max_expert_usage_ratio": 1.0, "fpem/min_expert_usage_ratio": 0.0, "fpem/prototype_pairwise_cosine": 0.04668315039515229, "fpem/expert_prediction_pairwise_cosine": 0.9399823046865917, "fpem/expert_collapse_warning": 0.9809523809523809, "fpem/env_route_target_mode_env_prototype": 1.0, "fpem/env_route_target_mode_hybrid": 0.0, "fpem/env_route_hybrid_alpha": 1.0, "fpem/env_route_count_head_0": 16.0, "fpem/env_route_oracle_count_head_0": 16.0, "fpem/route_count_env_head_0": 16.0, "fpem/route_soft_mean_expert_0": 0.25, "fpem/route_hard_count_expert_0": 16.0, "fpem/hyper_alpha_head_0": 0.8016713906966505, "fpem/hyper_gamma_norm_head_0": 5.347879388346337, "fpem/hyper_beta_norm_head_0": 0.6532071768827293, "fpem/env_route_count_head_1": 0.0, "fpem/env_route_oracle_count_head_1": 0.0, "fpem/route_count_env_head_1": 0.0, "fpem/route_soft_mean_expert_1": 0.25, "fpem/route_hard_count_expert_1": 0.0, "fpem/hyper_alpha_head_1": 0.9694140576180957, "fpem/hyper_gamma_norm_head_1": 5.437073999649978, "fpem/hyper_beta_norm_head_1": 0.5422158156560424, "fpem/env_route_count_head_2": 0.0, "fpem/env_route_oracle_count_head_2": 0.0, "fpem/route_count_env_head_2": 0.0, "fpem/route_soft_mean_expert_2": 0.25, "fpem/route_hard_count_expert_2": 0.0, "fpem/hyper_alpha_head_2": 0.824512998333999, "fpem/hyper_gamma_norm_head_2": 5.08266882349105, "fpem/hyper_beta_norm_head_2": 0.5388539408206097, "fpem/env_route_count_head_3": 0.0, "fpem/env_route_oracle_count_head_3": 0.0, "fpem/route_count_env_head_3": 0.0, "fpem/route_soft_mean_expert_3": 0.25, "fpem/route_hard_count_expert_3": 0.0, "fpem/hyper_alpha_head_3": 0.5864191891182037, "fpem/hyper_gamma_norm_head_3": 5.659202850487505, "fpem/hyper_beta_norm_head_3": 1.0372757599777764, "fpem/future_mi_loss": 0.0, "fpem/future_mi_valid": 0.0, "fpem/future_mi_logvar_mean": 0.0, "fpem/future_mi_target_mode_env_encoder": 0.0, "fpem/swap_loss": 0.0, "fpem/swap_diff_loss": 0.0, "fpem/swap_same_loss": 0.0, "fpem/swap_gain_mean": 0.0, "fpem/swap_s_gain_mean": 0.0, "fpem/swap_fallback_router_loss": 0.0, "fpem/swap_fallback_q_mean": 0.0, "fpem/swap_prediction_delta": 0.0, "fpem/swap_route_delta": 0.0, "fpem/swap_hyper_alpha_delta": 0.0, "fpem/swap_hyper_delta_norm": 0.0, "fpem/loss_env_day": 0.0, "fpem/loss_env_hour": 0.0, "fpem/loss_env_rush": 0.0, "fpem/env_day_acc": 0.0, "fpem/env_hour_acc": 0.0, "fpem/env_rush_acc": 0.0, "fpem/loss_env_supcon": 0.0, "fpem/env_supcon_valid_pairs": 0.0, "fpem/loss_inv_env_adv": 0.0, "fpem/inv_day_acc": 0.0, "fpem/inv_hour_acc": 0.0, "fpem/inv_rush_acc": 0.0, "fpem/loss_cross_cov_sep": 0.0, "fpem/primary_loss": 55.85044621058873, "fpem/inv_pred_loss": 92.44498814174108, "fpem/primary_uses_route": 1.0, "fpem/primary_uses_env_fusion": 0.0, "fpem/backbone_agcrn": 1.0, "fpem/gc_pred_loss_only": 1.0, "fpem/env_route_head_mode_hyper_proto": 1.0, "fpem/lambda_club_mi": 0.0}}
Traceback (most recent call last):
  File "/data/OuXiaoyu/miniconda3/envs/tslib/lib/python3.8/site-packages/torch/serialization.py", line 372, in save
    _save(obj, opened_zipfile, pickle_module, pickle_protocol)
  File "/data/OuXiaoyu/miniconda3/envs/tslib/lib/python3.8/site-packages/torch/serialization.py", line 491, in _save
    zip_file.write_record(name, storage.data_ptr(), num_bytes)
OSError: [Errno 28] No space left on device

During handling of the above exception, another exception occurred:

Traceback (most recent call last):
  File "run_tds_nyctaxi.py", line 861, in <module>
    train_one(parse_args())
  File "run_tds_nyctaxi.py", line 671, in train_one
    save_checkpoint(best_paths["workday"], model, optimizer, epoch, row, args)
  File "run_tds_nyctaxi.py", line 328, in save_checkpoint
    torch.save(
  File "/data/OuXiaoyu/miniconda3/envs/tslib/lib/python3.8/site-packages/torch/serialization.py", line 373, in save
    return
  File "/data/OuXiaoyu/miniconda3/envs/tslib/lib/python3.8/site-packages/torch/serialization.py", line 259, in __exit__
    self.file_like.write_end_of_file()
RuntimeError: [enforce fail at inline_container.cc:274] . unexpected pos 2800512 vs 2800400
terminate called after throwing an instance of 'c10::Error'
  what():  [enforce fail at inline_container.cc:274] . unexpected pos 2800512 vs 2800400
frame #0: c10::ThrowEnforceNotMet(char const*, int, char const*, std::string const&, void const*) + 0x47 (0x7f09015490e7 in /data/OuXiaoyu/miniconda3/envs/tslib/lib/python3.8/site-packages/torch/lib/libc10.so)
frame #1: <unknown function> + 0x20699b0 (0x7f086847e9b0 in /data/OuXiaoyu/miniconda3/envs/tslib/lib/python3.8/site-packages/torch/lib/libtorch_cpu.so)
frame #2: <unknown function> + 0x2065b83 (0x7f086847ab83 in /data/OuXiaoyu/miniconda3/envs/tslib/lib/python3.8/site-packages/torch/lib/libtorch_cpu.so)
frame #3: caffe2::serialize::PyTorchStreamWriter::writeRecord(std::string const&, void const*, unsigned long, bool) + 0xa9 (0x7f086847f329 in /data/OuXiaoyu/miniconda3/envs/tslib/lib/python3.8/site-packages/torch/lib/libtorch_cpu.so)
frame #4: caffe2::serialize::PyTorchStreamWriter::writeEndOfFile() + 0xe1 (0x7f086847fe61 in /data/OuXiaoyu/miniconda3/envs/tslib/lib/python3.8/site-packages/torch/lib/libtorch_cpu.so)
frame #5: caffe2::serialize::PyTorchStreamWriter::~PyTorchStreamWriter() + 0x115 (0x7f0868480655 in /data/OuXiaoyu/miniconda3/envs/tslib/lib/python3.8/site-packages/torch/lib/libtorch_cpu.so)
frame #6: <unknown function> + 0x737783 (0x7f08fa50d783 in /data/OuXiaoyu/miniconda3/envs/tslib/lib/python3.8/site-packages/torch/lib/libtorch_python.so)
frame #7: <unknown function> + 0x369a10 (0x7f08fa13fa10 in /data/OuXiaoyu/miniconda3/envs/tslib/lib/python3.8/site-packages/torch/lib/libtorch_python.so)
frame #8: <unknown function> + 0x36ac7e (0x7f08fa140c7e in /data/OuXiaoyu/miniconda3/envs/tslib/lib/python3.8/site-packages/torch/lib/libtorch_python.so)
<omitting python frames>
frame #20: __libc_start_main + 0xe7 (0x7f09062d5c87 in /lib/x86_64-linux-gnu/libc.so.6)

[END] 2026-07-16T00:55:26+08:00 exit_code=134
